[0.043s] Invoking command in '/home/killian/Bureau/Projet_Voiture/TrailerMate/raspberryPI3/ros2_ws/build/interfaces': CMAKE_PREFIX_PATH=${CMAKE_PREFIX_PATH}:/home/killian/Bureau/Projet_Voiture/TrailerMate/raspberryPI3/ros2_ws/install/obs_detect:/home/killian/Bureau/Projet_Voiture/TrailerMate/raspberryPI3/ros2_ws/src/install/trailer_angle_package:/home/killian/Bureau/Projet_Voiture/TrailerMate/raspberryPI3/ros2_ws/install/trailer_angle_package:/opt/ros/humble /usr/bin/cmake /home/killian/Bureau/Projet_Voiture/TrailerMate/raspberryPI3/ros2_ws/src/interfaces -DCMAKE_INSTALL_PREFIX=/home/killian/Bureau/Projet_Voiture/TrailerMate/raspberryPI3/ros2_ws/install/interfaces
[0.095s] -- The C compiler identification is GNU 11.4.0
[0.149s] -- The CXX compiler identification is GNU 11.4.0
[0.154s] -- Detecting C compiler ABI info
[0.211s] -- Detecting C compiler ABI info - done
[0.222s] -- Check for working C compiler: /usr/bin/cc - skipped
[0.222s] -- Detecting C compile features
[0.223s] -- Detecting C compile features - done
[0.227s] -- Detecting CXX compiler ABI info
[0.306s] -- Detecting CXX compiler ABI info - done
[0.314s] -- Check for working CXX compiler: /usr/bin/c++ - skipped
[0.314s] -- Detecting CXX compile features
[0.315s] -- Detecting CXX compile features - done
[0.317s] -- Found ament_cmake: 1.3.5 (/opt/ros/humble/share/ament_cmake/cmake)
[0.440s] -- Found Python3: /usr/bin/python3.10 (found version "3.10.12") found components: Interpreter 
[0.501s] -- Found rclcpp: 16.0.6 (/opt/ros/humble/share/rclcpp/cmake)
[0.534s] -- Found rosidl_generator_c: 3.1.5 (/opt/ros/humble/share/rosidl_generator_c/cmake)
[0.537s] -- Found rosidl_adapter: 3.1.5 (/opt/ros/humble/share/rosidl_adapter/cmake)
[0.543s] -- Found rosidl_generator_cpp: 3.1.5 (/opt/ros/humble/share/rosidl_generator_cpp/cmake)
[0.553s] -- Using all available rosidl_typesupport_c: rosidl_typesupport_fastrtps_c;rosidl_typesupport_introspection_c
[0.567s] -- Using all available rosidl_typesupport_cpp: rosidl_typesupport_fastrtps_cpp;rosidl_typesupport_introspection_cpp
[0.616s] -- Found rmw_implementation_cmake: 6.1.1 (/opt/ros/humble/share/rmw_implementation_cmake/cmake)
[0.619s] -- Found rmw_fastrtps_cpp: 6.2.4 (/opt/ros/humble/share/rmw_fastrtps_cpp/cmake)
[0.681s] -- Found OpenSSL: /usr/lib/x86_64-linux-gnu/libcrypto.so (found version "3.0.2")  
[0.700s] -- Found FastRTPS: /opt/ros/humble/include  
[0.733s] -- Using RMW implementation 'rmw_fastrtps_cpp' as default
[0.740s] -- Looking for pthread.h
[0.788s] -- Looking for pthread.h - found
[0.788s] -- Performing Test CMAKE_HAVE_LIBC_PTHREAD
[0.837s] -- Performing Test CMAKE_HAVE_LIBC_PTHREAD - Success
[0.838s] -- Found Threads: TRUE  
[0.950s] -- Found rosidl_default_generators: 1.2.0 (/opt/ros/humble/share/rosidl_default_generators/cmake)
[1.150s] -- Found ament_cmake_ros: 0.10.0 (/opt/ros/humble/share/ament_cmake_ros/cmake)
[1.362s] -- Using all available rosidl_typesupport_c: rosidl_typesupport_fastrtps_c;rosidl_typesupport_introspection_c
[1.445s] -- Using all available rosidl_typesupport_cpp: rosidl_typesupport_fastrtps_cpp;rosidl_typesupport_introspection_cpp
[1.461s] -- Found PythonInterp: /usr/bin/python3 (found suitable version "3.10.12", minimum required is "3.6") 
[1.463s] -- Found python_cmake_module: 0.10.0 (/opt/ros/humble/share/python_cmake_module/cmake)
[1.481s] -- Found PythonLibs: /usr/lib/x86_64-linux-gnu/libpython3.10.so (found suitable version "3.10.12", minimum required is "3.5") 
[1.481s] -- Using PYTHON_EXECUTABLE: /usr/bin/python3
[1.481s] -- Using PYTHON_INCLUDE_DIRS: /usr/include/python3.10
[1.481s] -- Using PYTHON_LIBRARIES: /usr/lib/x86_64-linux-gnu/libpython3.10.so
[1.496s] -- Found PythonExtra: .so  
[1.522s] -- Found ament_lint_auto: 0.12.8 (/opt/ros/humble/share/ament_lint_auto/cmake)
[1.535s] -- Added test 'lint_cmake' to check CMake code style
[1.536s] -- Added test 'xmllint' to check XML markup files
[1.538s] -- Configuring done
[1.564s] -- Generating done
[1.566s] -- Build files have been written to: /home/killian/Bureau/Projet_Voiture/TrailerMate/raspberryPI3/ros2_ws/build/interfaces
[1.574s] Invoked command in '/home/killian/Bureau/Projet_Voiture/TrailerMate/raspberryPI3/ros2_ws/build/interfaces' returned '0': CMAKE_PREFIX_PATH=${CMAKE_PREFIX_PATH}:/home/killian/Bureau/Projet_Voiture/TrailerMate/raspberryPI3/ros2_ws/install/obs_detect:/home/killian/Bureau/Projet_Voiture/TrailerMate/raspberryPI3/ros2_ws/src/install/trailer_angle_package:/home/killian/Bureau/Projet_Voiture/TrailerMate/raspberryPI3/ros2_ws/install/trailer_angle_package:/opt/ros/humble /usr/bin/cmake /home/killian/Bureau/Projet_Voiture/TrailerMate/raspberryPI3/ros2_ws/src/interfaces -DCMAKE_INSTALL_PREFIX=/home/killian/Bureau/Projet_Voiture/TrailerMate/raspberryPI3/ros2_ws/install/interfaces
[1.577s] Invoking command in '/home/killian/Bureau/Projet_Voiture/TrailerMate/raspberryPI3/ros2_ws/build/interfaces': CMAKE_PREFIX_PATH=${CMAKE_PREFIX_PATH}:/home/killian/Bureau/Projet_Voiture/TrailerMate/raspberryPI3/ros2_ws/install/obs_detect:/home/killian/Bureau/Projet_Voiture/TrailerMate/raspberryPI3/ros2_ws/src/install/trailer_angle_package:/home/killian/Bureau/Projet_Voiture/TrailerMate/raspberryPI3/ros2_ws/install/trailer_angle_package:/opt/ros/humble /usr/bin/cmake --build /home/killian/Bureau/Projet_Voiture/TrailerMate/raspberryPI3/ros2_ws/build/interfaces -- -j16 -l16
[1.604s] [  1%] [34m[1mGenerating C code for ROS interfaces[0m
[1.611s] [  1%] [34m[1mGenerating C++ code for ROS interfaces[0m
[1.616s] [  1%] Built target ament_cmake_python_copy_interfaces
[1.798s] running egg_info
[1.799s] creating interfaces.egg-info
[1.799s] writing interfaces.egg-info/PKG-INFO
[1.799s] writing dependency_links to interfaces.egg-info/dependency_links.txt
[1.799s] writing top-level names to interfaces.egg-info/top_level.txt
[1.800s] writing manifest file 'interfaces.egg-info/SOURCES.txt'
[1.801s] reading manifest file 'interfaces.egg-info/SOURCES.txt'
[1.801s] writing manifest file 'interfaces.egg-info/SOURCES.txt'
[1.823s] [  1%] Built target ament_cmake_python_build_interfaces_egg
[2.448s] [  1%] Built target interfaces__cpp
[2.460s] [  2%] [34m[1mGenerating C++ type support dispatch for ROS interfaces[0m
[2.471s] [  3%] [34m[1mGenerating C++ type support for eProsima Fast-RTPS[0m
[2.471s] [  4%] [34m[1mGenerating C++ introspection for ROS interfaces[0m
[2.493s] [  5%] [32mBuilding C object CMakeFiles/interfaces__rosidl_generator_c.dir/rosidl_generator_c/interfaces/msg/detail/motors_order__functions.c.o[0m
[2.494s] [  6%] [32mBuilding C object CMakeFiles/interfaces__rosidl_generator_c.dir/rosidl_generator_c/interfaces/msg/detail/joystick_order__functions.c.o[0m
[2.495s] [  9%] [32mBuilding C object CMakeFiles/interfaces__rosidl_generator_c.dir/rosidl_generator_c/interfaces/msg/detail/general_data__functions.c.o[0m
[2.495s] [  9%] [32mBuilding C object CMakeFiles/interfaces__rosidl_generator_c.dir/rosidl_generator_c/interfaces/msg/detail/motors_feedback__functions.c.o[0m
[2.496s] [  9%] [32mBuilding C object CMakeFiles/interfaces__rosidl_generator_c.dir/rosidl_generator_c/interfaces/msg/detail/ultrasonic__functions.c.o[0m
[2.496s] [ 10%] [32mBuilding C object CMakeFiles/interfaces__rosidl_generator_c.dir/rosidl_generator_c/interfaces/msg/detail/steering_calibration__functions.c.o[0m
[2.496s] [ 11%] [32mBuilding C object CMakeFiles/interfaces__rosidl_generator_c.dir/rosidl_generator_c/interfaces/msg/detail/gnss__functions.c.o[0m
[2.497s] [ 13%] [32mBuilding C object CMakeFiles/interfaces__rosidl_generator_c.dir/rosidl_generator_c/interfaces/msg/detail/system_check__functions.c.o[0m
[2.497s] [ 13%] [32mBuilding C object CMakeFiles/interfaces__rosidl_generator_c.dir/rosidl_generator_c/interfaces/msg/detail/stop_car__functions.c.o[0m
[2.497s] [ 14%] [32mBuilding C object CMakeFiles/interfaces__rosidl_generator_c.dir/rosidl_generator_c/interfaces/msg/detail/trailer_angle__functions.c.o[0m
[2.562s] [ 15%] [32m[1mLinking C shared library libinterfaces__rosidl_generator_c.so[0m
[2.592s] [ 15%] Built target interfaces__rosidl_generator_c
[2.601s] [ 16%] [34m[1mGenerating C type support for eProsima Fast-RTPS[0m
[2.604s] [ 18%] [34m[1mGenerating C introspection for ROS interfaces[0m
[2.604s] [ 18%] [34m[1mGenerating C type support dispatch for ROS interfaces[0m
[3.342s] [ 19%] [32mBuilding CXX object CMakeFiles/interfaces__rosidl_typesupport_introspection_cpp.dir/rosidl_typesupport_introspection_cpp/interfaces/msg/detail/joystick_order__type_support.cpp.o[0m
[3.345s] [ 21%] [32mBuilding CXX object CMakeFiles/interfaces__rosidl_typesupport_introspection_cpp.dir/rosidl_typesupport_introspection_cpp/interfaces/msg/detail/motors_order__type_support.cpp.o[0m
[3.345s] [ 21%] [32mBuilding CXX object CMakeFiles/interfaces__rosidl_typesupport_introspection_cpp.dir/rosidl_typesupport_introspection_cpp/interfaces/msg/detail/general_data__type_support.cpp.o[0m
[3.345s] [ 24%] [32mBuilding CXX object CMakeFiles/interfaces__rosidl_typesupport_introspection_cpp.dir/rosidl_typesupport_introspection_cpp/interfaces/msg/detail/ultrasonic__type_support.cpp.o[0m
[3.346s] [ 24%] [32mBuilding CXX object CMakeFiles/interfaces__rosidl_typesupport_introspection_cpp.dir/rosidl_typesupport_introspection_cpp/interfaces/msg/detail/steering_calibration__type_support.cpp.o[0m
[3.346s] [ 24%] [32mBuilding CXX object CMakeFiles/interfaces__rosidl_typesupport_introspection_cpp.dir/rosidl_typesupport_introspection_cpp/interfaces/msg/detail/motors_feedback__type_support.cpp.o[0m
[3.346s] [ 25%] [32mBuilding CXX object CMakeFiles/interfaces__rosidl_typesupport_introspection_cpp.dir/rosidl_typesupport_introspection_cpp/interfaces/msg/detail/gnss__type_support.cpp.o[0m
[3.347s] [ 26%] [32mBuilding CXX object CMakeFiles/interfaces__rosidl_typesupport_introspection_cpp.dir/rosidl_typesupport_introspection_cpp/interfaces/msg/detail/trailer_angle__type_support.cpp.o[0m
[3.349s] [ 27%] [32mBuilding CXX object CMakeFiles/interfaces__rosidl_typesupport_introspection_cpp.dir/rosidl_typesupport_introspection_cpp/interfaces/msg/detail/stop_car__type_support.cpp.o[0m
[3.355s] [ 28%] [32mBuilding CXX object CMakeFiles/interfaces__rosidl_typesupport_introspection_cpp.dir/rosidl_typesupport_introspection_cpp/interfaces/msg/detail/system_check__type_support.cpp.o[0m
[3.620s] [ 29%] [32mBuilding CXX object CMakeFiles/interfaces__rosidl_typesupport_fastrtps_cpp.dir/rosidl_typesupport_fastrtps_cpp/interfaces/msg/detail/dds_fastrtps/motors_order__type_support.cpp.o[0m
[3.644s] [ 30%] [32mBuilding CXX object CMakeFiles/interfaces__rosidl_typesupport_fastrtps_cpp.dir/rosidl_typesupport_fastrtps_cpp/interfaces/msg/detail/dds_fastrtps/joystick_order__type_support.cpp.o[0m
[3.862s] [ 30%] [32mBuilding CXX object CMakeFiles/interfaces__rosidl_typesupport_fastrtps_cpp.dir/rosidl_typesupport_fastrtps_cpp/interfaces/msg/detail/dds_fastrtps/motors_feedback__type_support.cpp.o[0m
[3.903s] [ 31%] [32mBuilding CXX object CMakeFiles/interfaces__rosidl_typesupport_fastrtps_cpp.dir/rosidl_typesupport_fastrtps_cpp/interfaces/msg/detail/dds_fastrtps/general_data__type_support.cpp.o[0m
[3.904s] [ 32%] [32mBuilding CXX object CMakeFiles/interfaces__rosidl_typesupport_fastrtps_cpp.dir/rosidl_typesupport_fastrtps_cpp/interfaces/msg/detail/dds_fastrtps/steering_calibration__type_support.cpp.o[0m
[3.920s] [ 33%] [32mBuilding CXX object CMakeFiles/interfaces__rosidl_typesupport_fastrtps_c.dir/rosidl_typesupport_fastrtps_c/interfaces/msg/detail/joystick_order__type_support_c.cpp.o[0m
[3.928s] [ 34%] [32mBuilding CXX object CMakeFiles/interfaces__rosidl_typesupport_fastrtps_cpp.dir/rosidl_typesupport_fastrtps_cpp/interfaces/msg/detail/dds_fastrtps/ultrasonic__type_support.cpp.o[0m
[3.953s] [ 35%] [32mBuilding CXX object CMakeFiles/interfaces__rosidl_typesupport_fastrtps_c.dir/rosidl_typesupport_fastrtps_c/interfaces/msg/detail/motors_order__type_support_c.cpp.o[0m
[3.987s] [ 36%] [32mBuilding CXX object CMakeFiles/interfaces__rosidl_typesupport_cpp.dir/rosidl_typesupport_cpp/interfaces/msg/joystick_order__type_support.cpp.o[0m
[3.992s] [ 37%] [32mBuilding CXX object CMakeFiles/interfaces__rosidl_typesupport_fastrtps_c.dir/rosidl_typesupport_fastrtps_c/interfaces/msg/detail/motors_feedback__type_support_c.cpp.o[0m
[3.998s] [ 38%] [32mBuilding CXX object CMakeFiles/interfaces__rosidl_typesupport_fastrtps_c.dir/rosidl_typesupport_fastrtps_c/interfaces/msg/detail/general_data__type_support_c.cpp.o[0m
[4.012s] [ 39%] [32mBuilding CXX object CMakeFiles/interfaces__rosidl_typesupport_fastrtps_c.dir/rosidl_typesupport_fastrtps_c/interfaces/msg/detail/steering_calibration__type_support_c.cpp.o[0m
[4.077s] [ 40%] [32mBuilding CXX object CMakeFiles/interfaces__rosidl_typesupport_fastrtps_c.dir/rosidl_typesupport_fastrtps_c/interfaces/msg/detail/ultrasonic__type_support_c.cpp.o[0m
[4.096s] [ 41%] [32mBuilding CXX object CMakeFiles/interfaces__rosidl_typesupport_c.dir/rosidl_typesupport_c/interfaces/msg/joystick_order__type_support.cpp.o[0m
[4.096s] [ 42%] [32m[1mLinking CXX shared library libinterfaces__rosidl_typesupport_introspection_cpp.so[0m
[4.192s] [ 43%] [32mBuilding CXX object CMakeFiles/interfaces__rosidl_typesupport_c.dir/rosidl_typesupport_c/interfaces/msg/motors_order__type_support.cpp.o[0m
[4.203s] [ 44%] [32mBuilding CXX object CMakeFiles/interfaces__rosidl_typesupport_fastrtps_cpp.dir/rosidl_typesupport_fastrtps_cpp/interfaces/msg/detail/dds_fastrtps/gnss__type_support.cpp.o[0m
[4.225s] [ 44%] Built target interfaces__rosidl_typesupport_introspection_cpp
[4.238s] [ 45%] [32mBuilding CXX object CMakeFiles/interfaces__rosidl_typesupport_fastrtps_cpp.dir/rosidl_typesupport_fastrtps_cpp/interfaces/msg/detail/dds_fastrtps/system_check__type_support.cpp.o[0m
[4.291s] [ 46%] [32mBuilding CXX object CMakeFiles/interfaces__rosidl_typesupport_c.dir/rosidl_typesupport_c/interfaces/msg/motors_feedback__type_support.cpp.o[0m
[4.310s] [ 47%] [32mBuilding CXX object CMakeFiles/interfaces__rosidl_typesupport_fastrtps_cpp.dir/rosidl_typesupport_fastrtps_cpp/interfaces/msg/detail/dds_fastrtps/stop_car__type_support.cpp.o[0m
[4.410s] [ 48%] [32mBuilding CXX object CMakeFiles/interfaces__rosidl_typesupport_fastrtps_c.dir/rosidl_typesupport_fastrtps_c/interfaces/msg/detail/gnss__type_support_c.cpp.o[0m
[4.411s] [ 49%] [32mBuilding CXX object CMakeFiles/interfaces__rosidl_typesupport_c.dir/rosidl_typesupport_c/interfaces/msg/general_data__type_support.cpp.o[0m
[4.468s] [ 51%] [32mBuilding CXX object CMakeFiles/interfaces__rosidl_typesupport_cpp.dir/rosidl_typesupport_cpp/interfaces/msg/motors_order__type_support.cpp.o[0m
[4.473s] [ 51%] [32mBuilding C object CMakeFiles/interfaces__rosidl_typesupport_introspection_c.dir/rosidl_typesupport_introspection_c/interfaces/msg/detail/joystick_order__type_support.c.o[0m
[4.473s] [ 52%] [32mBuilding CXX object CMakeFiles/interfaces__rosidl_typesupport_fastrtps_c.dir/rosidl_typesupport_fastrtps_c/interfaces/msg/detail/system_check__type_support_c.cpp.o[0m
[4.509s] [ 53%] [32mBuilding CXX object CMakeFiles/interfaces__rosidl_typesupport_fastrtps_cpp.dir/rosidl_typesupport_fastrtps_cpp/interfaces/msg/detail/dds_fastrtps/trailer_angle__type_support.cpp.o[0m
[4.510s] [ 54%] [32mBuilding CXX object CMakeFiles/interfaces__rosidl_typesupport_c.dir/rosidl_typesupport_c/interfaces/msg/steering_calibration__type_support.cpp.o[0m
[4.514s] [ 55%] [32mBuilding CXX object CMakeFiles/interfaces__rosidl_typesupport_c.dir/rosidl_typesupport_c/interfaces/msg/ultrasonic__type_support.cpp.o[0m
[4.521s] [ 56%] [32mBuilding CXX object CMakeFiles/interfaces__rosidl_typesupport_fastrtps_c.dir/rosidl_typesupport_fastrtps_c/interfaces/msg/detail/stop_car__type_support_c.cpp.o[0m
[4.524s] [ 57%] [32mBuilding C object CMakeFiles/interfaces__rosidl_typesupport_introspection_c.dir/rosidl_typesupport_introspection_c/interfaces/msg/detail/motors_order__type_support.c.o[0m
[4.575s] [ 58%] [32mBuilding CXX object CMakeFiles/interfaces__rosidl_typesupport_fastrtps_c.dir/rosidl_typesupport_fastrtps_c/interfaces/msg/detail/trailer_angle__type_support_c.cpp.o[0m
[4.583s] [ 59%] [32mBuilding CXX object CMakeFiles/interfaces__rosidl_typesupport_c.dir/rosidl_typesupport_c/interfaces/msg/gnss__type_support.cpp.o[0m
[4.585s] [ 60%] [32mBuilding C object CMakeFiles/interfaces__rosidl_typesupport_introspection_c.dir/rosidl_typesupport_introspection_c/interfaces/msg/detail/motors_feedback__type_support.c.o[0m
[4.597s] [ 61%] [32mBuilding CXX object CMakeFiles/interfaces__rosidl_typesupport_cpp.dir/rosidl_typesupport_cpp/interfaces/msg/motors_feedback__type_support.cpp.o[0m
[4.617s] [ 62%] [32mBuilding C object CMakeFiles/interfaces__rosidl_typesupport_introspection_c.dir/rosidl_typesupport_introspection_c/interfaces/msg/detail/general_data__type_support.c.o[0m
[4.620s] [ 63%] [32mBuilding CXX object CMakeFiles/interfaces__rosidl_typesupport_c.dir/rosidl_typesupport_c/interfaces/msg/system_check__type_support.cpp.o[0m
[4.652s] [ 63%] [32mBuilding CXX object CMakeFiles/interfaces__rosidl_typesupport_c.dir/rosidl_typesupport_c/interfaces/msg/stop_car__type_support.cpp.o[0m
[4.663s] [ 64%] [32mBuilding C object CMakeFiles/interfaces__rosidl_typesupport_introspection_c.dir/rosidl_typesupport_introspection_c/interfaces/msg/detail/steering_calibration__type_support.c.o[0m
[4.664s] [ 65%] [32mBuilding C object CMakeFiles/interfaces__rosidl_typesupport_introspection_c.dir/rosidl_typesupport_introspection_c/interfaces/msg/detail/ultrasonic__type_support.c.o[0m
[4.668s] [ 66%] [32mBuilding CXX object CMakeFiles/interfaces__rosidl_typesupport_cpp.dir/rosidl_typesupport_cpp/interfaces/msg/general_data__type_support.cpp.o[0m
[4.678s] [ 67%] [32mBuilding CXX object CMakeFiles/interfaces__rosidl_typesupport_c.dir/rosidl_typesupport_c/interfaces/msg/trailer_angle__type_support.cpp.o[0m
[4.685s] [ 68%] [32mBuilding C object CMakeFiles/interfaces__rosidl_typesupport_introspection_c.dir/rosidl_typesupport_introspection_c/interfaces/msg/detail/gnss__type_support.c.o[0m
[4.706s] [ 69%] [32mBuilding C object CMakeFiles/interfaces__rosidl_typesupport_introspection_c.dir/rosidl_typesupport_introspection_c/interfaces/msg/detail/system_check__type_support.c.o[0m
[4.712s] [ 70%] [32mBuilding C object CMakeFiles/interfaces__rosidl_typesupport_introspection_c.dir/rosidl_typesupport_introspection_c/interfaces/msg/detail/stop_car__type_support.c.o[0m
[4.726s] [ 71%] [32mBuilding C object CMakeFiles/interfaces__rosidl_typesupport_introspection_c.dir/rosidl_typesupport_introspection_c/interfaces/msg/detail/trailer_angle__type_support.c.o[0m
[4.731s] [ 72%] [32m[1mLinking CXX shared library libinterfaces__rosidl_typesupport_c.so[0m
[4.760s] [ 73%] [32mBuilding CXX object CMakeFiles/interfaces__rosidl_typesupport_cpp.dir/rosidl_typesupport_cpp/interfaces/msg/steering_calibration__type_support.cpp.o[0m
[4.763s] [ 74%] [32mBuilding CXX object CMakeFiles/interfaces__rosidl_typesupport_cpp.dir/rosidl_typesupport_cpp/interfaces/msg/ultrasonic__type_support.cpp.o[0m
[4.775s] [ 75%] [32mBuilding CXX object CMakeFiles/interfaces__rosidl_typesupport_cpp.dir/rosidl_typesupport_cpp/interfaces/msg/gnss__type_support.cpp.o[0m
[4.789s] [ 76%] [32m[1mLinking C shared library libinterfaces__rosidl_typesupport_introspection_c.so[0m
[4.795s] [ 76%] Built target interfaces__rosidl_typesupport_c
[4.808s] [ 77%] [32mBuilding CXX object CMakeFiles/interfaces__rosidl_typesupport_cpp.dir/rosidl_typesupport_cpp/interfaces/msg/system_check__type_support.cpp.o[0m
[4.849s] [ 78%] [32mBuilding CXX object CMakeFiles/interfaces__rosidl_typesupport_cpp.dir/rosidl_typesupport_cpp/interfaces/msg/stop_car__type_support.cpp.o[0m
[4.886s] [ 79%] [32mBuilding CXX object CMakeFiles/interfaces__rosidl_typesupport_cpp.dir/rosidl_typesupport_cpp/interfaces/msg/trailer_angle__type_support.cpp.o[0m
[4.909s] [ 79%] Built target interfaces__rosidl_typesupport_introspection_c
[5.091s] [ 80%] [32m[1mLinking CXX shared library libinterfaces__rosidl_typesupport_fastrtps_cpp.so[0m
[5.161s] [ 80%] Built target interfaces__rosidl_typesupport_fastrtps_cpp
[5.165s] [ 81%] [32m[1mLinking CXX shared library libinterfaces__rosidl_typesupport_fastrtps_c.so[0m
[5.221s] [ 81%] Built target interfaces__rosidl_typesupport_fastrtps_c
[5.237s] [ 82%] [32m[1mLinking CXX shared library libinterfaces__rosidl_typesupport_cpp.so[0m
[5.263s] [ 82%] Built target interfaces__rosidl_typesupport_cpp
[5.276s] [ 82%] Built target interfaces
[5.289s] [ 83%] [34m[1mGenerating Python code for ROS interfaces[0m
[6.644s] [ 83%] Built target interfaces__py
[6.659s] [ 84%] [32mBuilding C object CMakeFiles/interfaces__rosidl_generator_py.dir/rosidl_generator_py/interfaces/msg/_motors_feedback_s.c.o[0m
[6.660s] [ 86%] [32mBuilding C object CMakeFiles/interfaces__rosidl_generator_py.dir/rosidl_generator_py/interfaces/msg/_ultrasonic_s.c.o[0m
[6.660s] [ 86%] [32mBuilding C object CMakeFiles/interfaces__rosidl_generator_py.dir/rosidl_generator_py/interfaces/msg/_motors_order_s.c.o[0m
[6.661s] [ 87%] [32mBuilding C object CMakeFiles/interfaces__rosidl_generator_py.dir/rosidl_generator_py/interfaces/msg/_joystick_order_s.c.o[0m
[6.662s] [ 88%] [32mBuilding C object CMakeFiles/interfaces__rosidl_generator_py.dir/rosidl_generator_py/interfaces/msg/_general_data_s.c.o[0m
[6.662s] [ 89%] [32mBuilding C object CMakeFiles/interfaces__rosidl_generator_py.dir/rosidl_generator_py/interfaces/msg/_steering_calibration_s.c.o[0m
[6.663s] [ 90%] [32mBuilding C object CMakeFiles/interfaces__rosidl_generator_py.dir/rosidl_generator_py/interfaces/msg/_gnss_s.c.o[0m
[6.664s] [ 91%] [32mBuilding C object CMakeFiles/interfaces__rosidl_generator_py.dir/rosidl_generator_py/interfaces/msg/_system_check_s.c.o[0m
[6.664s] [ 92%] [32mBuilding C object CMakeFiles/interfaces__rosidl_generator_py.dir/rosidl_generator_py/interfaces/msg/_stop_car_s.c.o[0m
[6.665s] [ 93%] [32mBuilding C object CMakeFiles/interfaces__rosidl_generator_py.dir/rosidl_generator_py/interfaces/msg/_trailer_angle_s.c.o[0m
[6.797s] [ 94%] [32m[1mLinking C shared library rosidl_generator_py/interfaces/libinterfaces__rosidl_generator_py.so[0m
[6.825s] [ 94%] Built target interfaces__rosidl_generator_py
[6.840s] [ 97%] [32mBuilding C object CMakeFiles/interfaces__rosidl_typesupport_fastrtps_c__pyext.dir/rosidl_generator_py/interfaces/_interfaces_s.ep.rosidl_typesupport_fastrtps_c.c.o[0m
[6.840s] [ 97%] [32mBuilding C object CMakeFiles/interfaces__rosidl_typesupport_c__pyext.dir/rosidl_generator_py/interfaces/_interfaces_s.ep.rosidl_typesupport_c.c.o[0m
[6.840s] [ 97%] [32mBuilding C object CMakeFiles/interfaces__rosidl_typesupport_introspection_c__pyext.dir/rosidl_generator_py/interfaces/_interfaces_s.ep.rosidl_typesupport_introspection_c.c.o[0m
[6.926s] [ 98%] [32m[1mLinking C shared library rosidl_generator_py/interfaces/interfaces_s__rosidl_typesupport_c.cpython-310-x86_64-linux-gnu.so[0m
[6.926s] [ 99%] [32m[1mLinking C shared library rosidl_generator_py/interfaces/interfaces_s__rosidl_typesupport_fastrtps_c.cpython-310-x86_64-linux-gnu.so[0m
[6.926s] [100%] [32m[1mLinking C shared library rosidl_generator_py/interfaces/interfaces_s__rosidl_typesupport_introspection_c.cpython-310-x86_64-linux-gnu.so[0m
[6.951s] [100%] Built target interfaces__rosidl_typesupport_c__pyext
[6.951s] [100%] Built target interfaces__rosidl_typesupport_introspection_c__pyext
[6.951s] [100%] Built target interfaces__rosidl_typesupport_fastrtps_c__pyext
[6.960s] Invoked command in '/home/killian/Bureau/Projet_Voiture/TrailerMate/raspberryPI3/ros2_ws/build/interfaces' returned '0': CMAKE_PREFIX_PATH=${CMAKE_PREFIX_PATH}:/home/killian/Bureau/Projet_Voiture/TrailerMate/raspberryPI3/ros2_ws/install/obs_detect:/home/killian/Bureau/Projet_Voiture/TrailerMate/raspberryPI3/ros2_ws/src/install/trailer_angle_package:/home/killian/Bureau/Projet_Voiture/TrailerMate/raspberryPI3/ros2_ws/install/trailer_angle_package:/opt/ros/humble /usr/bin/cmake --build /home/killian/Bureau/Projet_Voiture/TrailerMate/raspberryPI3/ros2_ws/build/interfaces -- -j16 -l16
[7.117s] Invoking command in '/home/killian/Bureau/Projet_Voiture/TrailerMate/raspberryPI3/ros2_ws/build/interfaces': CMAKE_PREFIX_PATH=${CMAKE_PREFIX_PATH}:/home/killian/Bureau/Projet_Voiture/TrailerMate/raspberryPI3/ros2_ws/install/obs_detect:/home/killian/Bureau/Projet_Voiture/TrailerMate/raspberryPI3/ros2_ws/src/install/trailer_angle_package:/home/killian/Bureau/Projet_Voiture/TrailerMate/raspberryPI3/ros2_ws/install/trailer_angle_package:/opt/ros/humble /usr/bin/cmake --install /home/killian/Bureau/Projet_Voiture/TrailerMate/raspberryPI3/ros2_ws/build/interfaces
[7.122s] -- Install configuration: ""
[7.122s] -- Installing: /home/killian/Bureau/Projet_Voiture/TrailerMate/raspberryPI3/ros2_ws/install/interfaces/share/ament_index/resource_index/rosidl_interfaces/interfaces
[7.122s] -- Installing: /home/killian/Bureau/Projet_Voiture/TrailerMate/raspberryPI3/ros2_ws/install/interfaces/include/interfaces/interfaces
[7.123s] -- Installing: /home/killian/Bureau/Projet_Voiture/TrailerMate/raspberryPI3/ros2_ws/install/interfaces/include/interfaces/interfaces/msg
[7.123s] -- Installing: /home/killian/Bureau/Projet_Voiture/TrailerMate/raspberryPI3/ros2_ws/install/interfaces/include/interfaces/interfaces/msg/detail
[7.123s] -- Installing: /home/killian/Bureau/Projet_Voiture/TrailerMate/raspberryPI3/ros2_ws/install/interfaces/include/interfaces/interfaces/msg/detail/ultrasonic__struct.h
[7.123s] -- Installing: /home/killian/Bureau/Projet_Voiture/TrailerMate/raspberryPI3/ros2_ws/install/interfaces/include/interfaces/interfaces/msg/detail/gnss__functions.c
[7.123s] -- Installing: /home/killian/Bureau/Projet_Voiture/TrailerMate/raspberryPI3/ros2_ws/install/interfaces/include/interfaces/interfaces/msg/detail/steering_calibration__functions.h
[7.123s] -- Installing: /home/killian/Bureau/Projet_Voiture/TrailerMate/raspberryPI3/ros2_ws/install/interfaces/include/interfaces/interfaces/msg/detail/general_data__functions.h
[7.123s] -- Installing: /home/killian/Bureau/Projet_Voiture/TrailerMate/raspberryPI3/ros2_ws/install/interfaces/include/interfaces/interfaces/msg/detail/motors_feedback__functions.c
[7.123s] -- Installing: /home/killian/Bureau/Projet_Voiture/TrailerMate/raspberryPI3/ros2_ws/install/interfaces/include/interfaces/interfaces/msg/detail/motors_order__functions.c
[7.123s] -- Installing: /home/killian/Bureau/Projet_Voiture/TrailerMate/raspberryPI3/ros2_ws/install/interfaces/include/interfaces/interfaces/msg/detail/general_data__type_support.h
[7.123s] -- Installing: /home/killian/Bureau/Projet_Voiture/TrailerMate/raspberryPI3/ros2_ws/install/interfaces/include/interfaces/interfaces/msg/detail/stop_car__functions.c
[7.123s] -- Installing: /home/killian/Bureau/Projet_Voiture/TrailerMate/raspberryPI3/ros2_ws/install/interfaces/include/interfaces/interfaces/msg/detail/steering_calibration__functions.c
[7.123s] -- Installing: /home/killian/Bureau/Projet_Voiture/TrailerMate/raspberryPI3/ros2_ws/install/interfaces/include/interfaces/interfaces/msg/detail/motors_feedback__functions.h
[7.124s] -- Installing: /home/killian/Bureau/Projet_Voiture/TrailerMate/raspberryPI3/ros2_ws/install/interfaces/include/interfaces/interfaces/msg/detail/steering_calibration__type_support.h
[7.124s] -- Installing: /home/killian/Bureau/Projet_Voiture/TrailerMate/raspberryPI3/ros2_ws/install/interfaces/include/interfaces/interfaces/msg/detail/motors_feedback__type_support.h
[7.124s] -- Installing: /home/killian/Bureau/Projet_Voiture/TrailerMate/raspberryPI3/ros2_ws/install/interfaces/include/interfaces/interfaces/msg/detail/joystick_order__functions.c
[7.124s] -- Installing: /home/killian/Bureau/Projet_Voiture/TrailerMate/raspberryPI3/ros2_ws/install/interfaces/include/interfaces/interfaces/msg/detail/trailer_angle__functions.c
[7.124s] -- Installing: /home/killian/Bureau/Projet_Voiture/TrailerMate/raspberryPI3/ros2_ws/install/interfaces/include/interfaces/interfaces/msg/detail/stop_car__functions.h
[7.124s] -- Installing: /home/killian/Bureau/Projet_Voiture/TrailerMate/raspberryPI3/ros2_ws/install/interfaces/include/interfaces/interfaces/msg/detail/system_check__functions.h
[7.124s] -- Installing: /home/killian/Bureau/Projet_Voiture/TrailerMate/raspberryPI3/ros2_ws/install/interfaces/include/interfaces/interfaces/msg/detail/motors_order__functions.h
[7.124s] -- Installing: /home/killian/Bureau/Projet_Voiture/TrailerMate/raspberryPI3/ros2_ws/install/interfaces/include/interfaces/interfaces/msg/detail/general_data__functions.c
[7.124s] -- Installing: /home/killian/Bureau/Projet_Voiture/TrailerMate/raspberryPI3/ros2_ws/install/interfaces/include/interfaces/interfaces/msg/detail/stop_car__type_support.h
[7.124s] -- Installing: /home/killian/Bureau/Projet_Voiture/TrailerMate/raspberryPI3/ros2_ws/install/interfaces/include/interfaces/interfaces/msg/detail/system_check__functions.c
[7.124s] -- Installing: /home/killian/Bureau/Projet_Voiture/TrailerMate/raspberryPI3/ros2_ws/install/interfaces/include/interfaces/interfaces/msg/detail/motors_order__struct.h
[7.124s] -- Installing: /home/killian/Bureau/Projet_Voiture/TrailerMate/raspberryPI3/ros2_ws/install/interfaces/include/interfaces/interfaces/msg/detail/ultrasonic__functions.h
[7.124s] -- Installing: /home/killian/Bureau/Projet_Voiture/TrailerMate/raspberryPI3/ros2_ws/install/interfaces/include/interfaces/interfaces/msg/detail/stop_car__struct.h
[7.124s] -- Installing: /home/killian/Bureau/Projet_Voiture/TrailerMate/raspberryPI3/ros2_ws/install/interfaces/include/interfaces/interfaces/msg/detail/system_check__struct.h
[7.124s] -- Installing: /home/killian/Bureau/Projet_Voiture/TrailerMate/raspberryPI3/ros2_ws/install/interfaces/include/interfaces/interfaces/msg/detail/joystick_order__struct.h
[7.124s] -- Installing: /home/killian/Bureau/Projet_Voiture/TrailerMate/raspberryPI3/ros2_ws/install/interfaces/include/interfaces/interfaces/msg/detail/joystick_order__type_support.h
[7.124s] -- Installing: /home/killian/Bureau/Projet_Voiture/TrailerMate/raspberryPI3/ros2_ws/install/interfaces/include/interfaces/interfaces/msg/detail/motors_feedback__struct.h
[7.124s] -- Installing: /home/killian/Bureau/Projet_Voiture/TrailerMate/raspberryPI3/ros2_ws/install/interfaces/include/interfaces/interfaces/msg/detail/ultrasonic__type_support.h
[7.124s] -- Installing: /home/killian/Bureau/Projet_Voiture/TrailerMate/raspberryPI3/ros2_ws/install/interfaces/include/interfaces/interfaces/msg/detail/gnss__struct.h
[7.124s] -- Installing: /home/killian/Bureau/Projet_Voiture/TrailerMate/raspberryPI3/ros2_ws/install/interfaces/include/interfaces/interfaces/msg/detail/motors_order__type_support.h
[7.124s] -- Installing: /home/killian/Bureau/Projet_Voiture/TrailerMate/raspberryPI3/ros2_ws/install/interfaces/include/interfaces/interfaces/msg/detail/gnss__type_support.h
[7.124s] -- Installing: /home/killian/Bureau/Projet_Voiture/TrailerMate/raspberryPI3/ros2_ws/install/interfaces/include/interfaces/interfaces/msg/detail/trailer_angle__type_support.h
[7.124s] -- Installing: /home/killian/Bureau/Projet_Voiture/TrailerMate/raspberryPI3/ros2_ws/install/interfaces/include/interfaces/interfaces/msg/detail/joystick_order__functions.h
[7.124s] -- Installing: /home/killian/Bureau/Projet_Voiture/TrailerMate/raspberryPI3/ros2_ws/install/interfaces/include/interfaces/interfaces/msg/detail/ultrasonic__functions.c
[7.124s] -- Installing: /home/killian/Bureau/Projet_Voiture/TrailerMate/raspberryPI3/ros2_ws/install/interfaces/include/interfaces/interfaces/msg/detail/steering_calibration__struct.h
[7.124s] -- Installing: /home/killian/Bureau/Projet_Voiture/TrailerMate/raspberryPI3/ros2_ws/install/interfaces/include/interfaces/interfaces/msg/detail/system_check__type_support.h
[7.125s] -- Installing: /home/killian/Bureau/Projet_Voiture/TrailerMate/raspberryPI3/ros2_ws/install/interfaces/include/interfaces/interfaces/msg/detail/trailer_angle__struct.h
[7.125s] -- Installing: /home/killian/Bureau/Projet_Voiture/TrailerMate/raspberryPI3/ros2_ws/install/interfaces/include/interfaces/interfaces/msg/detail/general_data__struct.h
[7.125s] -- Installing: /home/killian/Bureau/Projet_Voiture/TrailerMate/raspberryPI3/ros2_ws/install/interfaces/include/interfaces/interfaces/msg/detail/trailer_angle__functions.h
[7.125s] -- Installing: /home/killian/Bureau/Projet_Voiture/TrailerMate/raspberryPI3/ros2_ws/install/interfaces/include/interfaces/interfaces/msg/detail/gnss__functions.h
[7.125s] -- Installing: /home/killian/Bureau/Projet_Voiture/TrailerMate/raspberryPI3/ros2_ws/install/interfaces/include/interfaces/interfaces/msg/trailer_angle.h
[7.125s] -- Installing: /home/killian/Bureau/Projet_Voiture/TrailerMate/raspberryPI3/ros2_ws/install/interfaces/include/interfaces/interfaces/msg/ultrasonic.h
[7.125s] -- Installing: /home/killian/Bureau/Projet_Voiture/TrailerMate/raspberryPI3/ros2_ws/install/interfaces/include/interfaces/interfaces/msg/motors_order.h
[7.125s] -- Installing: /home/killian/Bureau/Projet_Voiture/TrailerMate/raspberryPI3/ros2_ws/install/interfaces/include/interfaces/interfaces/msg/general_data.h
[7.125s] -- Installing: /home/killian/Bureau/Projet_Voiture/TrailerMate/raspberryPI3/ros2_ws/install/interfaces/include/interfaces/interfaces/msg/motors_feedback.h
[7.125s] -- Installing: /home/killian/Bureau/Projet_Voiture/TrailerMate/raspberryPI3/ros2_ws/install/interfaces/include/interfaces/interfaces/msg/system_check.h
[7.125s] -- Installing: /home/killian/Bureau/Projet_Voiture/TrailerMate/raspberryPI3/ros2_ws/install/interfaces/include/interfaces/interfaces/msg/steering_calibration.h
[7.125s] -- Installing: /home/killian/Bureau/Projet_Voiture/TrailerMate/raspberryPI3/ros2_ws/install/interfaces/include/interfaces/interfaces/msg/stop_car.h
[7.125s] -- Installing: /home/killian/Bureau/Projet_Voiture/TrailerMate/raspberryPI3/ros2_ws/install/interfaces/include/interfaces/interfaces/msg/rosidl_generator_c__visibility_control.h
[7.125s] -- Installing: /home/killian/Bureau/Projet_Voiture/TrailerMate/raspberryPI3/ros2_ws/install/interfaces/include/interfaces/interfaces/msg/gnss.h
[7.125s] -- Installing: /home/killian/Bureau/Projet_Voiture/TrailerMate/raspberryPI3/ros2_ws/install/interfaces/include/interfaces/interfaces/msg/joystick_order.h
[7.125s] -- Installing: /home/killian/Bureau/Projet_Voiture/TrailerMate/raspberryPI3/ros2_ws/install/interfaces/share/interfaces/environment/library_path.sh
[7.125s] -- Installing: /home/killian/Bureau/Projet_Voiture/TrailerMate/raspberryPI3/ros2_ws/install/interfaces/share/interfaces/environment/library_path.dsv
[7.125s] -- Installing: /home/killian/Bureau/Projet_Voiture/TrailerMate/raspberryPI3/ros2_ws/install/interfaces/lib/libinterfaces__rosidl_generator_c.so
[7.126s] -- Set runtime path of "/home/killian/Bureau/Projet_Voiture/TrailerMate/raspberryPI3/ros2_ws/install/interfaces/lib/libinterfaces__rosidl_generator_c.so" to ""
[7.126s] -- Up-to-date: /home/killian/Bureau/Projet_Voiture/TrailerMate/raspberryPI3/ros2_ws/install/interfaces/include/interfaces/interfaces
[7.126s] -- Up-to-date: /home/killian/Bureau/Projet_Voiture/TrailerMate/raspberryPI3/ros2_ws/install/interfaces/include/interfaces/interfaces/msg
[7.126s] -- Installing: /home/killian/Bureau/Projet_Voiture/TrailerMate/raspberryPI3/ros2_ws/install/interfaces/include/interfaces/interfaces/msg/rosidl_typesupport_fastrtps_c__visibility_control.h
[7.126s] -- Up-to-date: /home/killian/Bureau/Projet_Voiture/TrailerMate/raspberryPI3/ros2_ws/install/interfaces/include/interfaces/interfaces/msg/detail
[7.126s] -- Installing: /home/killian/Bureau/Projet_Voiture/TrailerMate/raspberryPI3/ros2_ws/install/interfaces/include/interfaces/interfaces/msg/detail/motors_feedback__rosidl_typesupport_fastrtps_c.h
[7.126s] -- Installing: /home/killian/Bureau/Projet_Voiture/TrailerMate/raspberryPI3/ros2_ws/install/interfaces/include/interfaces/interfaces/msg/detail/steering_calibration__rosidl_typesupport_fastrtps_c.h
[7.126s] -- Installing: /home/killian/Bureau/Projet_Voiture/TrailerMate/raspberryPI3/ros2_ws/install/interfaces/include/interfaces/interfaces/msg/detail/general_data__rosidl_typesupport_fastrtps_c.h
[7.126s] -- Installing: /home/killian/Bureau/Projet_Voiture/TrailerMate/raspberryPI3/ros2_ws/install/interfaces/include/interfaces/interfaces/msg/detail/gnss__rosidl_typesupport_fastrtps_c.h
[7.126s] -- Installing: /home/killian/Bureau/Projet_Voiture/TrailerMate/raspberryPI3/ros2_ws/install/interfaces/include/interfaces/interfaces/msg/detail/trailer_angle__rosidl_typesupport_fastrtps_c.h
[7.126s] -- Installing: /home/killian/Bureau/Projet_Voiture/TrailerMate/raspberryPI3/ros2_ws/install/interfaces/include/interfaces/interfaces/msg/detail/system_check__rosidl_typesupport_fastrtps_c.h
[7.126s] -- Installing: /home/killian/Bureau/Projet_Voiture/TrailerMate/raspberryPI3/ros2_ws/install/interfaces/include/interfaces/interfaces/msg/detail/joystick_order__rosidl_typesupport_fastrtps_c.h
[7.126s] -- Installing: /home/killian/Bureau/Projet_Voiture/TrailerMate/raspberryPI3/ros2_ws/install/interfaces/include/interfaces/interfaces/msg/detail/motors_order__rosidl_typesupport_fastrtps_c.h
[7.126s] -- Installing: /home/killian/Bureau/Projet_Voiture/TrailerMate/raspberryPI3/ros2_ws/install/interfaces/include/interfaces/interfaces/msg/detail/ultrasonic__rosidl_typesupport_fastrtps_c.h
[7.126s] -- Installing: /home/killian/Bureau/Projet_Voiture/TrailerMate/raspberryPI3/ros2_ws/install/interfaces/include/interfaces/interfaces/msg/detail/stop_car__rosidl_typesupport_fastrtps_c.h
[7.126s] -- Installing: /home/killian/Bureau/Projet_Voiture/TrailerMate/raspberryPI3/ros2_ws/install/interfaces/lib/libinterfaces__rosidl_typesupport_fastrtps_c.so
[7.126s] -- Set runtime path of "/home/killian/Bureau/Projet_Voiture/TrailerMate/raspberryPI3/ros2_ws/install/interfaces/lib/libinterfaces__rosidl_typesupport_fastrtps_c.so" to ""
[7.127s] -- Up-to-date: /home/killian/Bureau/Projet_Voiture/TrailerMate/raspberryPI3/ros2_ws/install/interfaces/include/interfaces/interfaces
[7.127s] -- Up-to-date: /home/killian/Bureau/Projet_Voiture/TrailerMate/raspberryPI3/ros2_ws/install/interfaces/include/interfaces/interfaces/msg
[7.127s] -- Installing: /home/killian/Bureau/Projet_Voiture/TrailerMate/raspberryPI3/ros2_ws/install/interfaces/include/interfaces/interfaces/msg/steering_calibration.hpp
[7.127s] -- Installing: /home/killian/Bureau/Projet_Voiture/TrailerMate/raspberryPI3/ros2_ws/install/interfaces/include/interfaces/interfaces/msg/motors_order.hpp
[7.127s] -- Up-to-date: /home/killian/Bureau/Projet_Voiture/TrailerMate/raspberryPI3/ros2_ws/install/interfaces/include/interfaces/interfaces/msg/detail
[7.127s] -- Installing: /home/killian/Bureau/Projet_Voiture/TrailerMate/raspberryPI3/ros2_ws/install/interfaces/include/interfaces/interfaces/msg/detail/gnss__struct.hpp
[7.127s] -- Installing: /home/killian/Bureau/Projet_Voiture/TrailerMate/raspberryPI3/ros2_ws/install/interfaces/include/interfaces/interfaces/msg/detail/motors_feedback__traits.hpp
[7.127s] -- Installing: /home/killian/Bureau/Projet_Voiture/TrailerMate/raspberryPI3/ros2_ws/install/interfaces/include/interfaces/interfaces/msg/detail/ultrasonic__struct.hpp
[7.127s] -- Installing: /home/killian/Bureau/Projet_Voiture/TrailerMate/raspberryPI3/ros2_ws/install/interfaces/include/interfaces/interfaces/msg/detail/motors_feedback__struct.hpp
[7.127s] -- Installing: /home/killian/Bureau/Projet_Voiture/TrailerMate/raspberryPI3/ros2_ws/install/interfaces/include/interfaces/interfaces/msg/detail/joystick_order__builder.hpp
[7.127s] -- Installing: /home/killian/Bureau/Projet_Voiture/TrailerMate/raspberryPI3/ros2_ws/install/interfaces/include/interfaces/interfaces/msg/detail/joystick_order__struct.hpp
[7.127s] -- Installing: /home/killian/Bureau/Projet_Voiture/TrailerMate/raspberryPI3/ros2_ws/install/interfaces/include/interfaces/interfaces/msg/detail/trailer_angle__builder.hpp
[7.127s] -- Installing: /home/killian/Bureau/Projet_Voiture/TrailerMate/raspberryPI3/ros2_ws/install/interfaces/include/interfaces/interfaces/msg/detail/stop_car__builder.hpp
[7.127s] -- Installing: /home/killian/Bureau/Projet_Voiture/TrailerMate/raspberryPI3/ros2_ws/install/interfaces/include/interfaces/interfaces/msg/detail/steering_calibration__traits.hpp
[7.127s] -- Installing: /home/killian/Bureau/Projet_Voiture/TrailerMate/raspberryPI3/ros2_ws/install/interfaces/include/interfaces/interfaces/msg/detail/steering_calibration__builder.hpp
[7.127s] -- Installing: /home/killian/Bureau/Projet_Voiture/TrailerMate/raspberryPI3/ros2_ws/install/interfaces/include/interfaces/interfaces/msg/detail/motors_order__builder.hpp
[7.127s] -- Installing: /home/killian/Bureau/Projet_Voiture/TrailerMate/raspberryPI3/ros2_ws/install/interfaces/include/interfaces/interfaces/msg/detail/ultrasonic__traits.hpp
[7.127s] -- Installing: /home/killian/Bureau/Projet_Voiture/TrailerMate/raspberryPI3/ros2_ws/install/interfaces/include/interfaces/interfaces/msg/detail/motors_order__traits.hpp
[7.127s] -- Installing: /home/killian/Bureau/Projet_Voiture/TrailerMate/raspberryPI3/ros2_ws/install/interfaces/include/interfaces/interfaces/msg/detail/gnss__builder.hpp
[7.127s] -- Installing: /home/killian/Bureau/Projet_Voiture/TrailerMate/raspberryPI3/ros2_ws/install/interfaces/include/interfaces/interfaces/msg/detail/motors_order__struct.hpp
[7.127s] -- Installing: /home/killian/Bureau/Projet_Voiture/TrailerMate/raspberryPI3/ros2_ws/install/interfaces/include/interfaces/interfaces/msg/detail/trailer_angle__traits.hpp
[7.127s] -- Installing: /home/killian/Bureau/Projet_Voiture/TrailerMate/raspberryPI3/ros2_ws/install/interfaces/include/interfaces/interfaces/msg/detail/system_check__traits.hpp
[7.127s] -- Installing: /home/killian/Bureau/Projet_Voiture/TrailerMate/raspberryPI3/ros2_ws/install/interfaces/include/interfaces/interfaces/msg/detail/trailer_angle__struct.hpp
[7.127s] -- Installing: /home/killian/Bureau/Projet_Voiture/TrailerMate/raspberryPI3/ros2_ws/install/interfaces/include/interfaces/interfaces/msg/detail/general_data__traits.hpp
[7.127s] -- Installing: /home/killian/Bureau/Projet_Voiture/TrailerMate/raspberryPI3/ros2_ws/install/interfaces/include/interfaces/interfaces/msg/detail/ultrasonic__builder.hpp
[7.128s] -- Installing: /home/killian/Bureau/Projet_Voiture/TrailerMate/raspberryPI3/ros2_ws/install/interfaces/include/interfaces/interfaces/msg/detail/system_check__builder.hpp
[7.128s] -- Installing: /home/killian/Bureau/Projet_Voiture/TrailerMate/raspberryPI3/ros2_ws/install/interfaces/include/interfaces/interfaces/msg/detail/stop_car__struct.hpp
[7.128s] -- Installing: /home/killian/Bureau/Projet_Voiture/TrailerMate/raspberryPI3/ros2_ws/install/interfaces/include/interfaces/interfaces/msg/detail/general_data__struct.hpp
[7.128s] -- Installing: /home/killian/Bureau/Projet_Voiture/TrailerMate/raspberryPI3/ros2_ws/install/interfaces/include/interfaces/interfaces/msg/detail/system_check__struct.hpp
[7.128s] -- Installing: /home/killian/Bureau/Projet_Voiture/TrailerMate/raspberryPI3/ros2_ws/install/interfaces/include/interfaces/interfaces/msg/detail/steering_calibration__struct.hpp
[7.128s] -- Installing: /home/killian/Bureau/Projet_Voiture/TrailerMate/raspberryPI3/ros2_ws/install/interfaces/include/interfaces/interfaces/msg/detail/motors_feedback__builder.hpp
[7.128s] -- Installing: /home/killian/Bureau/Projet_Voiture/TrailerMate/raspberryPI3/ros2_ws/install/interfaces/include/interfaces/interfaces/msg/detail/gnss__traits.hpp
[7.128s] -- Installing: /home/killian/Bureau/Projet_Voiture/TrailerMate/raspberryPI3/ros2_ws/install/interfaces/include/interfaces/interfaces/msg/detail/joystick_order__traits.hpp
[7.128s] -- Installing: /home/killian/Bureau/Projet_Voiture/TrailerMate/raspberryPI3/ros2_ws/install/interfaces/include/interfaces/interfaces/msg/detail/stop_car__traits.hpp
[7.128s] -- Installing: /home/killian/Bureau/Projet_Voiture/TrailerMate/raspberryPI3/ros2_ws/install/interfaces/include/interfaces/interfaces/msg/detail/general_data__builder.hpp
[7.128s] -- Installing: /home/killian/Bureau/Projet_Voiture/TrailerMate/raspberryPI3/ros2_ws/install/interfaces/include/interfaces/interfaces/msg/stop_car.hpp
[7.128s] -- Installing: /home/killian/Bureau/Projet_Voiture/TrailerMate/raspberryPI3/ros2_ws/install/interfaces/include/interfaces/interfaces/msg/trailer_angle.hpp
[7.128s] -- Installing: /home/killian/Bureau/Projet_Voiture/TrailerMate/raspberryPI3/ros2_ws/install/interfaces/include/interfaces/interfaces/msg/gnss.hpp
[7.128s] -- Installing: /home/killian/Bureau/Projet_Voiture/TrailerMate/raspberryPI3/ros2_ws/install/interfaces/include/interfaces/interfaces/msg/joystick_order.hpp
[7.128s] -- Installing: /home/killian/Bureau/Projet_Voiture/TrailerMate/raspberryPI3/ros2_ws/install/interfaces/include/interfaces/interfaces/msg/general_data.hpp
[7.128s] -- Installing: /home/killian/Bureau/Projet_Voiture/TrailerMate/raspberryPI3/ros2_ws/install/interfaces/include/interfaces/interfaces/msg/motors_feedback.hpp
[7.128s] -- Installing: /home/killian/Bureau/Projet_Voiture/TrailerMate/raspberryPI3/ros2_ws/install/interfaces/include/interfaces/interfaces/msg/system_check.hpp
[7.128s] -- Installing: /home/killian/Bureau/Projet_Voiture/TrailerMate/raspberryPI3/ros2_ws/install/interfaces/include/interfaces/interfaces/msg/ultrasonic.hpp
[7.128s] -- Up-to-date: /home/killian/Bureau/Projet_Voiture/TrailerMate/raspberryPI3/ros2_ws/install/interfaces/include/interfaces/interfaces
[7.128s] -- Up-to-date: /home/killian/Bureau/Projet_Voiture/TrailerMate/raspberryPI3/ros2_ws/install/interfaces/include/interfaces/interfaces/msg
[7.128s] -- Up-to-date: /home/killian/Bureau/Projet_Voiture/TrailerMate/raspberryPI3/ros2_ws/install/interfaces/include/interfaces/interfaces/msg/detail
[7.128s] -- Installing: /home/killian/Bureau/Projet_Voiture/TrailerMate/raspberryPI3/ros2_ws/install/interfaces/include/interfaces/interfaces/msg/detail/stop_car__rosidl_typesupport_fastrtps_cpp.hpp
[7.128s] -- Installing: /home/killian/Bureau/Projet_Voiture/TrailerMate/raspberryPI3/ros2_ws/install/interfaces/include/interfaces/interfaces/msg/detail/steering_calibration__rosidl_typesupport_fastrtps_cpp.hpp
[7.129s] -- Installing: /home/killian/Bureau/Projet_Voiture/TrailerMate/raspberryPI3/ros2_ws/install/interfaces/include/interfaces/interfaces/msg/detail/system_check__rosidl_typesupport_fastrtps_cpp.hpp
[7.129s] -- Installing: /home/killian/Bureau/Projet_Voiture/TrailerMate/raspberryPI3/ros2_ws/install/interfaces/include/interfaces/interfaces/msg/detail/dds_fastrtps
[7.129s] -- Installing: /home/killian/Bureau/Projet_Voiture/TrailerMate/raspberryPI3/ros2_ws/install/interfaces/include/interfaces/interfaces/msg/detail/general_data__rosidl_typesupport_fastrtps_cpp.hpp
[7.129s] -- Installing: /home/killian/Bureau/Projet_Voiture/TrailerMate/raspberryPI3/ros2_ws/install/interfaces/include/interfaces/interfaces/msg/detail/motors_order__rosidl_typesupport_fastrtps_cpp.hpp
[7.129s] -- Installing: /home/killian/Bureau/Projet_Voiture/TrailerMate/raspberryPI3/ros2_ws/install/interfaces/include/interfaces/interfaces/msg/detail/gnss__rosidl_typesupport_fastrtps_cpp.hpp
[7.129s] -- Installing: /home/killian/Bureau/Projet_Voiture/TrailerMate/raspberryPI3/ros2_ws/install/interfaces/include/interfaces/interfaces/msg/detail/trailer_angle__rosidl_typesupport_fastrtps_cpp.hpp
[7.129s] -- Installing: /home/killian/Bureau/Projet_Voiture/TrailerMate/raspberryPI3/ros2_ws/install/interfaces/include/interfaces/interfaces/msg/detail/joystick_order__rosidl_typesupport_fastrtps_cpp.hpp
[7.129s] -- Installing: /home/killian/Bureau/Projet_Voiture/TrailerMate/raspberryPI3/ros2_ws/install/interfaces/include/interfaces/interfaces/msg/detail/ultrasonic__rosidl_typesupport_fastrtps_cpp.hpp
[7.129s] -- Installing: /home/killian/Bureau/Projet_Voiture/TrailerMate/raspberryPI3/ros2_ws/install/interfaces/include/interfaces/interfaces/msg/detail/motors_feedback__rosidl_typesupport_fastrtps_cpp.hpp
[7.129s] -- Installing: /home/killian/Bureau/Projet_Voiture/TrailerMate/raspberryPI3/ros2_ws/install/interfaces/include/interfaces/interfaces/msg/rosidl_typesupport_fastrtps_cpp__visibility_control.h
[7.129s] -- Installing: /home/killian/Bureau/Projet_Voiture/TrailerMate/raspberryPI3/ros2_ws/install/interfaces/lib/libinterfaces__rosidl_typesupport_fastrtps_cpp.so
[7.129s] -- Set runtime path of "/home/killian/Bureau/Projet_Voiture/TrailerMate/raspberryPI3/ros2_ws/install/interfaces/lib/libinterfaces__rosidl_typesupport_fastrtps_cpp.so" to ""
[7.129s] -- Up-to-date: /home/killian/Bureau/Projet_Voiture/TrailerMate/raspberryPI3/ros2_ws/install/interfaces/include/interfaces/interfaces
[7.129s] -- Up-to-date: /home/killian/Bureau/Projet_Voiture/TrailerMate/raspberryPI3/ros2_ws/install/interfaces/include/interfaces/interfaces/msg
[7.129s] -- Up-to-date: /home/killian/Bureau/Projet_Voiture/TrailerMate/raspberryPI3/ros2_ws/install/interfaces/include/interfaces/interfaces/msg/detail
[7.129s] -- Installing: /home/killian/Bureau/Projet_Voiture/TrailerMate/raspberryPI3/ros2_ws/install/interfaces/include/interfaces/interfaces/msg/detail/motors_feedback__type_support.c
[7.129s] -- Installing: /home/killian/Bureau/Projet_Voiture/TrailerMate/raspberryPI3/ros2_ws/install/interfaces/include/interfaces/interfaces/msg/detail/system_check__rosidl_typesupport_introspection_c.h
[7.129s] -- Installing: /home/killian/Bureau/Projet_Voiture/TrailerMate/raspberryPI3/ros2_ws/install/interfaces/include/interfaces/interfaces/msg/detail/motors_feedback__rosidl_typesupport_introspection_c.h
[7.129s] -- Installing: /home/killian/Bureau/Projet_Voiture/TrailerMate/raspberryPI3/ros2_ws/install/interfaces/include/interfaces/interfaces/msg/detail/motors_order__rosidl_typesupport_introspection_c.h
[7.130s] -- Installing: /home/killian/Bureau/Projet_Voiture/TrailerMate/raspberryPI3/ros2_ws/install/interfaces/include/interfaces/interfaces/msg/detail/steering_calibration__rosidl_typesupport_introspection_c.h
[7.130s] -- Installing: /home/killian/Bureau/Projet_Voiture/TrailerMate/raspberryPI3/ros2_ws/install/interfaces/include/interfaces/interfaces/msg/detail/steering_calibration__type_support.c
[7.130s] -- Installing: /home/killian/Bureau/Projet_Voiture/TrailerMate/raspberryPI3/ros2_ws/install/interfaces/include/interfaces/interfaces/msg/detail/trailer_angle__type_support.c
[7.130s] -- Installing: /home/killian/Bureau/Projet_Voiture/TrailerMate/raspberryPI3/ros2_ws/install/interfaces/include/interfaces/interfaces/msg/detail/trailer_angle__rosidl_typesupport_introspection_c.h
[7.130s] -- Installing: /home/killian/Bureau/Projet_Voiture/TrailerMate/raspberryPI3/ros2_ws/install/interfaces/include/interfaces/interfaces/msg/detail/gnss__type_support.c
[7.130s] -- Installing: /home/killian/Bureau/Projet_Voiture/TrailerMate/raspberryPI3/ros2_ws/install/interfaces/include/interfaces/interfaces/msg/detail/stop_car__rosidl_typesupport_introspection_c.h
[7.130s] -- Installing: /home/killian/Bureau/Projet_Voiture/TrailerMate/raspberryPI3/ros2_ws/install/interfaces/include/interfaces/interfaces/msg/detail/joystick_order__type_support.c
[7.130s] -- Installing: /home/killian/Bureau/Projet_Voiture/TrailerMate/raspberryPI3/ros2_ws/install/interfaces/include/interfaces/interfaces/msg/detail/general_data__type_support.c
[7.130s] -- Installing: /home/killian/Bureau/Projet_Voiture/TrailerMate/raspberryPI3/ros2_ws/install/interfaces/include/interfaces/interfaces/msg/detail/motors_order__type_support.c
[7.130s] -- Installing: /home/killian/Bureau/Projet_Voiture/TrailerMate/raspberryPI3/ros2_ws/install/interfaces/include/interfaces/interfaces/msg/detail/general_data__rosidl_typesupport_introspection_c.h
[7.130s] -- Installing: /home/killian/Bureau/Projet_Voiture/TrailerMate/raspberryPI3/ros2_ws/install/interfaces/include/interfaces/interfaces/msg/detail/system_check__type_support.c
[7.130s] -- Installing: /home/killian/Bureau/Projet_Voiture/TrailerMate/raspberryPI3/ros2_ws/install/interfaces/include/interfaces/interfaces/msg/detail/ultrasonic__type_support.c
[7.130s] -- Installing: /home/killian/Bureau/Projet_Voiture/TrailerMate/raspberryPI3/ros2_ws/install/interfaces/include/interfaces/interfaces/msg/detail/ultrasonic__rosidl_typesupport_introspection_c.h
[7.130s] -- Installing: /home/killian/Bureau/Projet_Voiture/TrailerMate/raspberryPI3/ros2_ws/install/interfaces/include/interfaces/interfaces/msg/detail/joystick_order__rosidl_typesupport_introspection_c.h
[7.130s] -- Installing: /home/killian/Bureau/Projet_Voiture/TrailerMate/raspberryPI3/ros2_ws/install/interfaces/include/interfaces/interfaces/msg/detail/stop_car__type_support.c
[7.130s] -- Installing: /home/killian/Bureau/Projet_Voiture/TrailerMate/raspberryPI3/ros2_ws/install/interfaces/include/interfaces/interfaces/msg/detail/gnss__rosidl_typesupport_introspection_c.h
[7.130s] -- Installing: /home/killian/Bureau/Projet_Voiture/TrailerMate/raspberryPI3/ros2_ws/install/interfaces/include/interfaces/interfaces/msg/rosidl_typesupport_introspection_c__visibility_control.h
[7.130s] -- Installing: /home/killian/Bureau/Projet_Voiture/TrailerMate/raspberryPI3/ros2_ws/install/interfaces/lib/libinterfaces__rosidl_typesupport_introspection_c.so
[7.130s] -- Set runtime path of "/home/killian/Bureau/Projet_Voiture/TrailerMate/raspberryPI3/ros2_ws/install/interfaces/lib/libinterfaces__rosidl_typesupport_introspection_c.so" to ""
[7.130s] -- Installing: /home/killian/Bureau/Projet_Voiture/TrailerMate/raspberryPI3/ros2_ws/install/interfaces/lib/libinterfaces__rosidl_typesupport_c.so
[7.131s] -- Set runtime path of "/home/killian/Bureau/Projet_Voiture/TrailerMate/raspberryPI3/ros2_ws/install/interfaces/lib/libinterfaces__rosidl_typesupport_c.so" to ""
[7.131s] -- Up-to-date: /home/killian/Bureau/Projet_Voiture/TrailerMate/raspberryPI3/ros2_ws/install/interfaces/include/interfaces/interfaces
[7.131s] -- Up-to-date: /home/killian/Bureau/Projet_Voiture/TrailerMate/raspberryPI3/ros2_ws/install/interfaces/include/interfaces/interfaces/msg
[7.131s] -- Up-to-date: /home/killian/Bureau/Projet_Voiture/TrailerMate/raspberryPI3/ros2_ws/install/interfaces/include/interfaces/interfaces/msg/detail
[7.131s] -- Installing: /home/killian/Bureau/Projet_Voiture/TrailerMate/raspberryPI3/ros2_ws/install/interfaces/include/interfaces/interfaces/msg/detail/general_data__type_support.cpp
[7.131s] -- Installing: /home/killian/Bureau/Projet_Voiture/TrailerMate/raspberryPI3/ros2_ws/install/interfaces/include/interfaces/interfaces/msg/detail/joystick_order__type_support.cpp
[7.131s] -- Installing: /home/killian/Bureau/Projet_Voiture/TrailerMate/raspberryPI3/ros2_ws/install/interfaces/include/interfaces/interfaces/msg/detail/general_data__rosidl_typesupport_introspection_cpp.hpp
[7.131s] -- Installing: /home/killian/Bureau/Projet_Voiture/TrailerMate/raspberryPI3/ros2_ws/install/interfaces/include/interfaces/interfaces/msg/detail/motors_order__type_support.cpp
[7.131s] -- Installing: /home/killian/Bureau/Projet_Voiture/TrailerMate/raspberryPI3/ros2_ws/install/interfaces/include/interfaces/interfaces/msg/detail/trailer_angle__rosidl_typesupport_introspection_cpp.hpp
[7.131s] -- Installing: /home/killian/Bureau/Projet_Voiture/TrailerMate/raspberryPI3/ros2_ws/install/interfaces/include/interfaces/interfaces/msg/detail/steering_calibration__rosidl_typesupport_introspection_cpp.hpp
[7.131s] -- Installing: /home/killian/Bureau/Projet_Voiture/TrailerMate/raspberryPI3/ros2_ws/install/interfaces/include/interfaces/interfaces/msg/detail/gnss__type_support.cpp
[7.131s] -- Installing: /home/killian/Bureau/Projet_Voiture/TrailerMate/raspberryPI3/ros2_ws/install/interfaces/include/interfaces/interfaces/msg/detail/motors_order__rosidl_typesupport_introspection_cpp.hpp
[7.131s] -- Installing: /home/killian/Bureau/Projet_Voiture/TrailerMate/raspberryPI3/ros2_ws/install/interfaces/include/interfaces/interfaces/msg/detail/ultrasonic__rosidl_typesupport_introspection_cpp.hpp
[7.131s] -- Installing: /home/killian/Bureau/Projet_Voiture/TrailerMate/raspberryPI3/ros2_ws/install/interfaces/include/interfaces/interfaces/msg/detail/joystick_order__rosidl_typesupport_introspection_cpp.hpp
[7.131s] -- Installing: /home/killian/Bureau/Projet_Voiture/TrailerMate/raspberryPI3/ros2_ws/install/interfaces/include/interfaces/interfaces/msg/detail/ultrasonic__type_support.cpp
[7.131s] -- Installing: /home/killian/Bureau/Projet_Voiture/TrailerMate/raspberryPI3/ros2_ws/install/interfaces/include/interfaces/interfaces/msg/detail/system_check__type_support.cpp
[7.131s] -- Installing: /home/killian/Bureau/Projet_Voiture/TrailerMate/raspberryPI3/ros2_ws/install/interfaces/include/interfaces/interfaces/msg/detail/trailer_angle__type_support.cpp
[7.131s] -- Installing: /home/killian/Bureau/Projet_Voiture/TrailerMate/raspberryPI3/ros2_ws/install/interfaces/include/interfaces/interfaces/msg/detail/gnss__rosidl_typesupport_introspection_cpp.hpp
[7.131s] -- Installing: /home/killian/Bureau/Projet_Voiture/TrailerMate/raspberryPI3/ros2_ws/install/interfaces/include/interfaces/interfaces/msg/detail/stop_car__type_support.cpp
[7.131s] -- Installing: /home/killian/Bureau/Projet_Voiture/TrailerMate/raspberryPI3/ros2_ws/install/interfaces/include/interfaces/interfaces/msg/detail/steering_calibration__type_support.cpp
[7.131s] -- Installing: /home/killian/Bureau/Projet_Voiture/TrailerMate/raspberryPI3/ros2_ws/install/interfaces/include/interfaces/interfaces/msg/detail/system_check__rosidl_typesupport_introspection_cpp.hpp
[7.131s] -- Installing: /home/killian/Bureau/Projet_Voiture/TrailerMate/raspberryPI3/ros2_ws/install/interfaces/include/interfaces/interfaces/msg/detail/motors_feedback__rosidl_typesupport_introspection_cpp.hpp
[7.132s] -- Installing: /home/killian/Bureau/Projet_Voiture/TrailerMate/raspberryPI3/ros2_ws/install/interfaces/include/interfaces/interfaces/msg/detail/motors_feedback__type_support.cpp
[7.132s] -- Installing: /home/killian/Bureau/Projet_Voiture/TrailerMate/raspberryPI3/ros2_ws/install/interfaces/include/interfaces/interfaces/msg/detail/stop_car__rosidl_typesupport_introspection_cpp.hpp
[7.132s] -- Installing: /home/killian/Bureau/Projet_Voiture/TrailerMate/raspberryPI3/ros2_ws/install/interfaces/lib/libinterfaces__rosidl_typesupport_introspection_cpp.so
[7.132s] -- Set runtime path of "/home/killian/Bureau/Projet_Voiture/TrailerMate/raspberryPI3/ros2_ws/install/interfaces/lib/libinterfaces__rosidl_typesupport_introspection_cpp.so" to ""
[7.132s] -- Installing: /home/killian/Bureau/Projet_Voiture/TrailerMate/raspberryPI3/ros2_ws/install/interfaces/lib/libinterfaces__rosidl_typesupport_cpp.so
[7.132s] -- Set runtime path of "/home/killian/Bureau/Projet_Voiture/TrailerMate/raspberryPI3/ros2_ws/install/interfaces/lib/libinterfaces__rosidl_typesupport_cpp.so" to ""
[7.132s] -- Installing: /home/killian/Bureau/Projet_Voiture/TrailerMate/raspberryPI3/ros2_ws/install/interfaces/share/interfaces/environment/pythonpath.sh
[7.132s] -- Installing: /home/killian/Bureau/Projet_Voiture/TrailerMate/raspberryPI3/ros2_ws/install/interfaces/share/interfaces/environment/pythonpath.dsv
[7.132s] -- Installing: /home/killian/Bureau/Projet_Voiture/TrailerMate/raspberryPI3/ros2_ws/install/interfaces/local/lib/python3.10/dist-packages/interfaces-0.0.0-py3.10.egg-info
[7.132s] -- Installing: /home/killian/Bureau/Projet_Voiture/TrailerMate/raspberryPI3/ros2_ws/install/interfaces/local/lib/python3.10/dist-packages/interfaces-0.0.0-py3.10.egg-info/PKG-INFO
[7.132s] -- Installing: /home/killian/Bureau/Projet_Voiture/TrailerMate/raspberryPI3/ros2_ws/install/interfaces/local/lib/python3.10/dist-packages/interfaces-0.0.0-py3.10.egg-info/top_level.txt
[7.132s] -- Installing: /home/killian/Bureau/Projet_Voiture/TrailerMate/raspberryPI3/ros2_ws/install/interfaces/local/lib/python3.10/dist-packages/interfaces-0.0.0-py3.10.egg-info/SOURCES.txt
[7.132s] -- Installing: /home/killian/Bureau/Projet_Voiture/TrailerMate/raspberryPI3/ros2_ws/install/interfaces/local/lib/python3.10/dist-packages/interfaces-0.0.0-py3.10.egg-info/dependency_links.txt
[7.132s] -- Installing: /home/killian/Bureau/Projet_Voiture/TrailerMate/raspberryPI3/ros2_ws/install/interfaces/local/lib/python3.10/dist-packages/interfaces
[7.132s] -- Installing: /home/killian/Bureau/Projet_Voiture/TrailerMate/raspberryPI3/ros2_ws/install/interfaces/local/lib/python3.10/dist-packages/interfaces/__init__.py
[7.132s] -- Installing: /home/killian/Bureau/Projet_Voiture/TrailerMate/raspberryPI3/ros2_ws/install/interfaces/local/lib/python3.10/dist-packages/interfaces/msg
[7.132s] -- Installing: /home/killian/Bureau/Projet_Voiture/TrailerMate/raspberryPI3/ros2_ws/install/interfaces/local/lib/python3.10/dist-packages/interfaces/msg/_gnss_s.c
[7.133s] -- Installing: /home/killian/Bureau/Projet_Voiture/TrailerMate/raspberryPI3/ros2_ws/install/interfaces/local/lib/python3.10/dist-packages/interfaces/msg/_trailer_angle.py
[7.133s] -- Installing: /home/killian/Bureau/Projet_Voiture/TrailerMate/raspberryPI3/ros2_ws/install/interfaces/local/lib/python3.10/dist-packages/interfaces/msg/_general_data_s.c
[7.133s] -- Installing: /home/killian/Bureau/Projet_Voiture/TrailerMate/raspberryPI3/ros2_ws/install/interfaces/local/lib/python3.10/dist-packages/interfaces/msg/_system_check_s.c
[7.133s] -- Installing: /home/killian/Bureau/Projet_Voiture/TrailerMate/raspberryPI3/ros2_ws/install/interfaces/local/lib/python3.10/dist-packages/interfaces/msg/__init__.py
[7.133s] -- Installing: /home/killian/Bureau/Projet_Voiture/TrailerMate/raspberryPI3/ros2_ws/install/interfaces/local/lib/python3.10/dist-packages/interfaces/msg/_motors_feedback_s.c
[7.133s] -- Installing: /home/killian/Bureau/Projet_Voiture/TrailerMate/raspberryPI3/ros2_ws/install/interfaces/local/lib/python3.10/dist-packages/interfaces/msg/_stop_car_s.c
[7.133s] -- Installing: /home/killian/Bureau/Projet_Voiture/TrailerMate/raspberryPI3/ros2_ws/install/interfaces/local/lib/python3.10/dist-packages/interfaces/msg/_trailer_angle_s.c
[7.133s] -- Installing: /home/killian/Bureau/Projet_Voiture/TrailerMate/raspberryPI3/ros2_ws/install/interfaces/local/lib/python3.10/dist-packages/interfaces/msg/_joystick_order_s.c
[7.133s] -- Installing: /home/killian/Bureau/Projet_Voiture/TrailerMate/raspberryPI3/ros2_ws/install/interfaces/local/lib/python3.10/dist-packages/interfaces/msg/_motors_order_s.c
[7.133s] -- Installing: /home/killian/Bureau/Projet_Voiture/TrailerMate/raspberryPI3/ros2_ws/install/interfaces/local/lib/python3.10/dist-packages/interfaces/msg/_gnss.py
[7.133s] -- Installing: /home/killian/Bureau/Projet_Voiture/TrailerMate/raspberryPI3/ros2_ws/install/interfaces/local/lib/python3.10/dist-packages/interfaces/msg/_ultrasonic_s.c
[7.133s] -- Installing: /home/killian/Bureau/Projet_Voiture/TrailerMate/raspberryPI3/ros2_ws/install/interfaces/local/lib/python3.10/dist-packages/interfaces/msg/_ultrasonic.py
[7.133s] -- Installing: /home/killian/Bureau/Projet_Voiture/TrailerMate/raspberryPI3/ros2_ws/install/interfaces/local/lib/python3.10/dist-packages/interfaces/msg/_stop_car.py
[7.133s] -- Installing: /home/killian/Bureau/Projet_Voiture/TrailerMate/raspberryPI3/ros2_ws/install/interfaces/local/lib/python3.10/dist-packages/interfaces/msg/_steering_calibration.py
[7.133s] -- Installing: /home/killian/Bureau/Projet_Voiture/TrailerMate/raspberryPI3/ros2_ws/install/interfaces/local/lib/python3.10/dist-packages/interfaces/msg/_steering_calibration_s.c
[7.133s] -- Installing: /home/killian/Bureau/Projet_Voiture/TrailerMate/raspberryPI3/ros2_ws/install/interfaces/local/lib/python3.10/dist-packages/interfaces/msg/_motors_feedback.py
[7.133s] -- Installing: /home/killian/Bureau/Projet_Voiture/TrailerMate/raspberryPI3/ros2_ws/install/interfaces/local/lib/python3.10/dist-packages/interfaces/msg/_general_data.py
[7.133s] -- Installing: /home/killian/Bureau/Projet_Voiture/TrailerMate/raspberryPI3/ros2_ws/install/interfaces/local/lib/python3.10/dist-packages/interfaces/msg/_joystick_order.py
[7.133s] -- Installing: /home/killian/Bureau/Projet_Voiture/TrailerMate/raspberryPI3/ros2_ws/install/interfaces/local/lib/python3.10/dist-packages/interfaces/msg/_motors_order.py
[7.134s] -- Installing: /home/killian/Bureau/Projet_Voiture/TrailerMate/raspberryPI3/ros2_ws/install/interfaces/local/lib/python3.10/dist-packages/interfaces/msg/_system_check.py
[7.134s] -- Installing: /home/killian/Bureau/Projet_Voiture/TrailerMate/raspberryPI3/ros2_ws/install/interfaces/local/lib/python3.10/dist-packages/interfaces/_interfaces_s.ep.rosidl_typesupport_c.c
[7.134s] -- Installing: /home/killian/Bureau/Projet_Voiture/TrailerMate/raspberryPI3/ros2_ws/install/interfaces/local/lib/python3.10/dist-packages/interfaces/interfaces_s__rosidl_typesupport_introspection_c.cpython-310-x86_64-linux-gnu.so
[7.134s] -- Installing: /home/killian/Bureau/Projet_Voiture/TrailerMate/raspberryPI3/ros2_ws/install/interfaces/local/lib/python3.10/dist-packages/interfaces/libinterfaces__rosidl_generator_py.so
[7.134s] -- Installing: /home/killian/Bureau/Projet_Voiture/TrailerMate/raspberryPI3/ros2_ws/install/interfaces/local/lib/python3.10/dist-packages/interfaces/_interfaces_s.ep.rosidl_typesupport_introspection_c.c
[7.134s] -- Installing: /home/killian/Bureau/Projet_Voiture/TrailerMate/raspberryPI3/ros2_ws/install/interfaces/local/lib/python3.10/dist-packages/interfaces/interfaces_s__rosidl_typesupport_fastrtps_c.cpython-310-x86_64-linux-gnu.so
[7.134s] -- Installing: /home/killian/Bureau/Projet_Voiture/TrailerMate/raspberryPI3/ros2_ws/install/interfaces/local/lib/python3.10/dist-packages/interfaces/_interfaces_s.ep.rosidl_typesupport_fastrtps_c.c
[7.134s] -- Installing: /home/killian/Bureau/Projet_Voiture/TrailerMate/raspberryPI3/ros2_ws/install/interfaces/local/lib/python3.10/dist-packages/interfaces/interfaces_s__rosidl_typesupport_c.cpython-310-x86_64-linux-gnu.so
[7.165s] Listing '/home/killian/Bureau/Projet_Voiture/TrailerMate/raspberryPI3/ros2_ws/install/interfaces/local/lib/python3.10/dist-packages/interfaces'...
[7.165s] Compiling '/home/killian/Bureau/Projet_Voiture/TrailerMate/raspberryPI3/ros2_ws/install/interfaces/local/lib/python3.10/dist-packages/interfaces/__init__.py'...
[7.165s] Listing '/home/killian/Bureau/Projet_Voiture/TrailerMate/raspberryPI3/ros2_ws/install/interfaces/local/lib/python3.10/dist-packages/interfaces/msg'...
[7.165s] Compiling '/home/killian/Bureau/Projet_Voiture/TrailerMate/raspberryPI3/ros2_ws/install/interfaces/local/lib/python3.10/dist-packages/interfaces/msg/__init__.py'...
[7.165s] Compiling '/home/killian/Bureau/Projet_Voiture/TrailerMate/raspberryPI3/ros2_ws/install/interfaces/local/lib/python3.10/dist-packages/interfaces/msg/_general_data.py'...
[7.165s] Compiling '/home/killian/Bureau/Projet_Voiture/TrailerMate/raspberryPI3/ros2_ws/install/interfaces/local/lib/python3.10/dist-packages/interfaces/msg/_gnss.py'...
[7.165s] Compiling '/home/killian/Bureau/Projet_Voiture/TrailerMate/raspberryPI3/ros2_ws/install/interfaces/local/lib/python3.10/dist-packages/interfaces/msg/_joystick_order.py'...
[7.165s] Compiling '/home/killian/Bureau/Projet_Voiture/TrailerMate/raspberryPI3/ros2_ws/install/interfaces/local/lib/python3.10/dist-packages/interfaces/msg/_motors_feedback.py'...
[7.165s] Compiling '/home/killian/Bureau/Projet_Voiture/TrailerMate/raspberryPI3/ros2_ws/install/interfaces/local/lib/python3.10/dist-packages/interfaces/msg/_motors_order.py'...
[7.165s] Compiling '/home/killian/Bureau/Projet_Voiture/TrailerMate/raspberryPI3/ros2_ws/install/interfaces/local/lib/python3.10/dist-packages/interfaces/msg/_steering_calibration.py'...
[7.165s] Compiling '/home/killian/Bureau/Projet_Voiture/TrailerMate/raspberryPI3/ros2_ws/install/interfaces/local/lib/python3.10/dist-packages/interfaces/msg/_stop_car.py'...
[7.165s] Compiling '/home/killian/Bureau/Projet_Voiture/TrailerMate/raspberryPI3/ros2_ws/install/interfaces/local/lib/python3.10/dist-packages/interfaces/msg/_system_check.py'...
[7.165s] Compiling '/home/killian/Bureau/Projet_Voiture/TrailerMate/raspberryPI3/ros2_ws/install/interfaces/local/lib/python3.10/dist-packages/interfaces/msg/_trailer_angle.py'...
[7.165s] Compiling '/home/killian/Bureau/Projet_Voiture/TrailerMate/raspberryPI3/ros2_ws/install/interfaces/local/lib/python3.10/dist-packages/interfaces/msg/_ultrasonic.py'...
[7.168s] -- Installing: /home/killian/Bureau/Projet_Voiture/TrailerMate/raspberryPI3/ros2_ws/install/interfaces/local/lib/python3.10/dist-packages/interfaces/interfaces_s__rosidl_typesupport_fastrtps_c.cpython-310-x86_64-linux-gnu.so
[7.168s] -- Set runtime path of "/home/killian/Bureau/Projet_Voiture/TrailerMate/raspberryPI3/ros2_ws/install/interfaces/local/lib/python3.10/dist-packages/interfaces/interfaces_s__rosidl_typesupport_fastrtps_c.cpython-310-x86_64-linux-gnu.so" to ""
[7.168s] -- Installing: /home/killian/Bureau/Projet_Voiture/TrailerMate/raspberryPI3/ros2_ws/install/interfaces/local/lib/python3.10/dist-packages/interfaces/interfaces_s__rosidl_typesupport_introspection_c.cpython-310-x86_64-linux-gnu.so
[7.168s] -- Set runtime path of "/home/killian/Bureau/Projet_Voiture/TrailerMate/raspberryPI3/ros2_ws/install/interfaces/local/lib/python3.10/dist-packages/interfaces/interfaces_s__rosidl_typesupport_introspection_c.cpython-310-x86_64-linux-gnu.so" to ""
[7.169s] -- Installing: /home/killian/Bureau/Projet_Voiture/TrailerMate/raspberryPI3/ros2_ws/install/interfaces/local/lib/python3.10/dist-packages/interfaces/interfaces_s__rosidl_typesupport_c.cpython-310-x86_64-linux-gnu.so
[7.169s] -- Set runtime path of "/home/killian/Bureau/Projet_Voiture/TrailerMate/raspberryPI3/ros2_ws/install/interfaces/local/lib/python3.10/dist-packages/interfaces/interfaces_s__rosidl_typesupport_c.cpython-310-x86_64-linux-gnu.so" to ""
[7.169s] -- Installing: /home/killian/Bureau/Projet_Voiture/TrailerMate/raspberryPI3/ros2_ws/install/interfaces/lib/libinterfaces__rosidl_generator_py.so
[7.169s] -- Set runtime path of "/home/killian/Bureau/Projet_Voiture/TrailerMate/raspberryPI3/ros2_ws/install/interfaces/lib/libinterfaces__rosidl_generator_py.so" to ""
[7.169s] -- Installing: /home/killian/Bureau/Projet_Voiture/TrailerMate/raspberryPI3/ros2_ws/install/interfaces/share/interfaces/msg/JoystickOrder.idl
[7.169s] -- Installing: /home/killian/Bureau/Projet_Voiture/TrailerMate/raspberryPI3/ros2_ws/install/interfaces/share/interfaces/msg/MotorsOrder.idl
[7.169s] -- Installing: /home/killian/Bureau/Projet_Voiture/TrailerMate/raspberryPI3/ros2_ws/install/interfaces/share/interfaces/msg/MotorsFeedback.idl
[7.169s] -- Installing: /home/killian/Bureau/Projet_Voiture/TrailerMate/raspberryPI3/ros2_ws/install/interfaces/share/interfaces/msg/GeneralData.idl
[7.169s] -- Installing: /home/killian/Bureau/Projet_Voiture/TrailerMate/raspberryPI3/ros2_ws/install/interfaces/share/interfaces/msg/SteeringCalibration.idl
[7.169s] -- Installing: /home/killian/Bureau/Projet_Voiture/TrailerMate/raspberryPI3/ros2_ws/install/interfaces/share/interfaces/msg/Ultrasonic.idl
[7.169s] -- Installing: /home/killian/Bureau/Projet_Voiture/TrailerMate/raspberryPI3/ros2_ws/install/interfaces/share/interfaces/msg/Gnss.idl
[7.169s] -- Installing: /home/killian/Bureau/Projet_Voiture/TrailerMate/raspberryPI3/ros2_ws/install/interfaces/share/interfaces/msg/SystemCheck.idl
[7.169s] -- Installing: /home/killian/Bureau/Projet_Voiture/TrailerMate/raspberryPI3/ros2_ws/install/interfaces/share/interfaces/msg/StopCar.idl
[7.169s] -- Installing: /home/killian/Bureau/Projet_Voiture/TrailerMate/raspberryPI3/ros2_ws/install/interfaces/share/interfaces/msg/TrailerAngle.idl
[7.169s] -- Installing: /home/killian/Bureau/Projet_Voiture/TrailerMate/raspberryPI3/ros2_ws/install/interfaces/share/interfaces/msg/JoystickOrder.msg
[7.169s] -- Installing: /home/killian/Bureau/Projet_Voiture/TrailerMate/raspberryPI3/ros2_ws/install/interfaces/share/interfaces/msg/MotorsOrder.msg
[7.169s] -- Installing: /home/killian/Bureau/Projet_Voiture/TrailerMate/raspberryPI3/ros2_ws/install/interfaces/share/interfaces/msg/MotorsFeedback.msg
[7.169s] -- Installing: /home/killian/Bureau/Projet_Voiture/TrailerMate/raspberryPI3/ros2_ws/install/interfaces/share/interfaces/msg/GeneralData.msg
[7.170s] -- Installing: /home/killian/Bureau/Projet_Voiture/TrailerMate/raspberryPI3/ros2_ws/install/interfaces/share/interfaces/msg/SteeringCalibration.msg
[7.170s] -- Installing: /home/killian/Bureau/Projet_Voiture/TrailerMate/raspberryPI3/ros2_ws/install/interfaces/share/interfaces/msg/Ultrasonic.msg
[7.170s] -- Installing: /home/killian/Bureau/Projet_Voiture/TrailerMate/raspberryPI3/ros2_ws/install/interfaces/share/interfaces/msg/Gnss.msg
[7.170s] -- Installing: /home/killian/Bureau/Projet_Voiture/TrailerMate/raspberryPI3/ros2_ws/install/interfaces/share/interfaces/msg/SystemCheck.msg
[7.170s] -- Installing: /home/killian/Bureau/Projet_Voiture/TrailerMate/raspberryPI3/ros2_ws/install/interfaces/share/interfaces/msg/StopCar.msg
[7.170s] -- Installing: /home/killian/Bureau/Projet_Voiture/TrailerMate/raspberryPI3/ros2_ws/install/interfaces/share/interfaces/msg/TrailerAngle.msg
[7.170s] -- Installing: /home/killian/Bureau/Projet_Voiture/TrailerMate/raspberryPI3/ros2_ws/install/interfaces/share/ament_index/resource_index/package_run_dependencies/interfaces
[7.170s] -- Installing: /home/killian/Bureau/Projet_Voiture/TrailerMate/raspberryPI3/ros2_ws/install/interfaces/share/ament_index/resource_index/parent_prefix_path/interfaces
[7.170s] -- Installing: /home/killian/Bureau/Projet_Voiture/TrailerMate/raspberryPI3/ros2_ws/install/interfaces/share/interfaces/environment/ament_prefix_path.sh
[7.170s] -- Installing: /home/killian/Bureau/Projet_Voiture/TrailerMate/raspberryPI3/ros2_ws/install/interfaces/share/interfaces/environment/ament_prefix_path.dsv
[7.170s] -- Installing: /home/killian/Bureau/Projet_Voiture/TrailerMate/raspberryPI3/ros2_ws/install/interfaces/share/interfaces/environment/path.sh
[7.170s] -- Installing: /home/killian/Bureau/Projet_Voiture/TrailerMate/raspberryPI3/ros2_ws/install/interfaces/share/interfaces/environment/path.dsv
[7.170s] -- Installing: /home/killian/Bureau/Projet_Voiture/TrailerMate/raspberryPI3/ros2_ws/install/interfaces/share/interfaces/local_setup.bash
[7.170s] -- Installing: /home/killian/Bureau/Projet_Voiture/TrailerMate/raspberryPI3/ros2_ws/install/interfaces/share/interfaces/local_setup.sh
[7.170s] -- Installing: /home/killian/Bureau/Projet_Voiture/TrailerMate/raspberryPI3/ros2_ws/install/interfaces/share/interfaces/local_setup.zsh
[7.170s] -- Installing: /home/killian/Bureau/Projet_Voiture/TrailerMate/raspberryPI3/ros2_ws/install/interfaces/share/interfaces/local_setup.dsv
[7.170s] -- Installing: /home/killian/Bureau/Projet_Voiture/TrailerMate/raspberryPI3/ros2_ws/install/interfaces/share/interfaces/package.dsv
[7.171s] -- Installing: /home/killian/Bureau/Projet_Voiture/TrailerMate/raspberryPI3/ros2_ws/install/interfaces/share/ament_index/resource_index/packages/interfaces
[7.171s] -- Installing: /home/killian/Bureau/Projet_Voiture/TrailerMate/raspberryPI3/ros2_ws/install/interfaces/share/interfaces/cmake/export_interfaces__rosidl_generator_cExport.cmake
[7.171s] -- Installing: /home/killian/Bureau/Projet_Voiture/TrailerMate/raspberryPI3/ros2_ws/install/interfaces/share/interfaces/cmake/export_interfaces__rosidl_generator_cExport-noconfig.cmake
[7.171s] -- Installing: /home/killian/Bureau/Projet_Voiture/TrailerMate/raspberryPI3/ros2_ws/install/interfaces/share/interfaces/cmake/export_interfaces__rosidl_typesupport_fastrtps_cExport.cmake
[7.171s] -- Installing: /home/killian/Bureau/Projet_Voiture/TrailerMate/raspberryPI3/ros2_ws/install/interfaces/share/interfaces/cmake/export_interfaces__rosidl_typesupport_fastrtps_cExport-noconfig.cmake
[7.171s] -- Installing: /home/killian/Bureau/Projet_Voiture/TrailerMate/raspberryPI3/ros2_ws/install/interfaces/share/interfaces/cmake/export_interfaces__rosidl_generator_cppExport.cmake
[7.171s] -- Installing: /home/killian/Bureau/Projet_Voiture/TrailerMate/raspberryPI3/ros2_ws/install/interfaces/share/interfaces/cmake/export_interfaces__rosidl_typesupport_fastrtps_cppExport.cmake
[7.171s] -- Installing: /home/killian/Bureau/Projet_Voiture/TrailerMate/raspberryPI3/ros2_ws/install/interfaces/share/interfaces/cmake/export_interfaces__rosidl_typesupport_fastrtps_cppExport-noconfig.cmake
[7.171s] -- Installing: /home/killian/Bureau/Projet_Voiture/TrailerMate/raspberryPI3/ros2_ws/install/interfaces/share/interfaces/cmake/interfaces__rosidl_typesupport_introspection_cExport.cmake
[7.171s] -- Installing: /home/killian/Bureau/Projet_Voiture/TrailerMate/raspberryPI3/ros2_ws/install/interfaces/share/interfaces/cmake/interfaces__rosidl_typesupport_introspection_cExport-noconfig.cmake
[7.172s] -- Installing: /home/killian/Bureau/Projet_Voiture/TrailerMate/raspberryPI3/ros2_ws/install/interfaces/share/interfaces/cmake/interfaces__rosidl_typesupport_cExport.cmake
[7.172s] -- Installing: /home/killian/Bureau/Projet_Voiture/TrailerMate/raspberryPI3/ros2_ws/install/interfaces/share/interfaces/cmake/interfaces__rosidl_typesupport_cExport-noconfig.cmake
[7.172s] -- Installing: /home/killian/Bureau/Projet_Voiture/TrailerMate/raspberryPI3/ros2_ws/install/interfaces/share/interfaces/cmake/interfaces__rosidl_typesupport_introspection_cppExport.cmake
[7.172s] -- Installing: /home/killian/Bureau/Projet_Voiture/TrailerMate/raspberryPI3/ros2_ws/install/interfaces/share/interfaces/cmake/interfaces__rosidl_typesupport_introspection_cppExport-noconfig.cmake
[7.172s] -- Installing: /home/killian/Bureau/Projet_Voiture/TrailerMate/raspberryPI3/ros2_ws/install/interfaces/share/interfaces/cmake/interfaces__rosidl_typesupport_cppExport.cmake
[7.172s] -- Installing: /home/killian/Bureau/Projet_Voiture/TrailerMate/raspberryPI3/ros2_ws/install/interfaces/share/interfaces/cmake/interfaces__rosidl_typesupport_cppExport-noconfig.cmake
[7.172s] -- Installing: /home/killian/Bureau/Projet_Voiture/TrailerMate/raspberryPI3/ros2_ws/install/interfaces/share/interfaces/cmake/export_interfaces__rosidl_generator_pyExport.cmake
[7.172s] -- Installing: /home/killian/Bureau/Projet_Voiture/TrailerMate/raspberryPI3/ros2_ws/install/interfaces/share/interfaces/cmake/export_interfaces__rosidl_generator_pyExport-noconfig.cmake
[7.172s] -- Installing: /home/killian/Bureau/Projet_Voiture/TrailerMate/raspberryPI3/ros2_ws/install/interfaces/share/interfaces/cmake/rosidl_cmake-extras.cmake
[7.172s] -- Installing: /home/killian/Bureau/Projet_Voiture/TrailerMate/raspberryPI3/ros2_ws/install/interfaces/share/interfaces/cmake/ament_cmake_export_include_directories-extras.cmake
[7.172s] -- Installing: /home/killian/Bureau/Projet_Voiture/TrailerMate/raspberryPI3/ros2_ws/install/interfaces/share/interfaces/cmake/ament_cmake_export_libraries-extras.cmake
[7.172s] -- Installing: /home/killian/Bureau/Projet_Voiture/TrailerMate/raspberryPI3/ros2_ws/install/interfaces/share/interfaces/cmake/ament_cmake_export_targets-extras.cmake
[7.172s] -- Installing: /home/killian/Bureau/Projet_Voiture/TrailerMate/raspberryPI3/ros2_ws/install/interfaces/share/interfaces/cmake/rosidl_cmake_export_typesupport_targets-extras.cmake
[7.172s] -- Installing: /home/killian/Bureau/Projet_Voiture/TrailerMate/raspberryPI3/ros2_ws/install/interfaces/share/interfaces/cmake/ament_cmake_export_dependencies-extras.cmake
[7.172s] -- Installing: /home/killian/Bureau/Projet_Voiture/TrailerMate/raspberryPI3/ros2_ws/install/interfaces/share/interfaces/cmake/rosidl_cmake_export_typesupport_libraries-extras.cmake
[7.173s] -- Installing: /home/killian/Bureau/Projet_Voiture/TrailerMate/raspberryPI3/ros2_ws/install/interfaces/share/interfaces/cmake/interfacesConfig.cmake
[7.173s] -- Installing: /home/killian/Bureau/Projet_Voiture/TrailerMate/raspberryPI3/ros2_ws/install/interfaces/share/interfaces/cmake/interfacesConfig-version.cmake
[7.173s] -- Installing: /home/killian/Bureau/Projet_Voiture/TrailerMate/raspberryPI3/ros2_ws/install/interfaces/share/interfaces/package.xml
[7.175s] Invoked command in '/home/killian/Bureau/Projet_Voiture/TrailerMate/raspberryPI3/ros2_ws/build/interfaces' returned '0': CMAKE_PREFIX_PATH=${CMAKE_PREFIX_PATH}:/home/killian/Bureau/Projet_Voiture/TrailerMate/raspberryPI3/ros2_ws/install/obs_detect:/home/killian/Bureau/Projet_Voiture/TrailerMate/raspberryPI3/ros2_ws/src/install/trailer_angle_package:/home/killian/Bureau/Projet_Voiture/TrailerMate/raspberryPI3/ros2_ws/install/trailer_angle_package:/opt/ros/humble /usr/bin/cmake --install /home/killian/Bureau/Projet_Voiture/TrailerMate/raspberryPI3/ros2_ws/build/interfaces
