[0.515s] DEBUG:colcon:Command line arguments: ['/usr/bin/colcon', 'build', '--packages-select', 'interfaces']
[0.515s] DEBUG:colcon:Parsed command line arguments: Namespace(log_base=None, log_level=None, verb_name='build', build_base='build', install_base='install', merge_install=False, symlink_install=False, test_result_base=None, continue_on_error=False, executor='parallel', parallel_workers=16, event_handlers=None, ignore_user_meta=False, metas=['./colcon.meta'], base_paths=['.'], packages_ignore=None, packages_ignore_regex=None, paths=None, packages_up_to=None, packages_up_to_regex=None, packages_above=None, packages_above_and_dependencies=None, packages_above_depth=None, packages_select_by_dep=None, packages_skip_by_dep=None, packages_skip_up_to=None, packages_select_build_failed=False, packages_skip_build_finished=False, packages_select_test_failures=False, packages_skip_test_passed=False, packages_select=['interfaces'], packages_skip=None, packages_select_regex=None, packages_skip_regex=None, packages_start=None, packages_end=None, allow_overriding=[], cmake_args=None, cmake_target=None, cmake_target_skip_unavailable=False, cmake_clean_cache=False, cmake_clean_first=False, cmake_force_configure=False, ament_cmake_args=None, catkin_cmake_args=None, catkin_skip_building_tests=False, verb_parser=<colcon_defaults.argument_parser.defaults.DefaultArgumentsDecorator object at 0x7fc76c810820>, verb_extension=<colcon_core.verb.build.BuildVerb object at 0x7fc76c812c20>, main=<bound method BuildVerb.main of <colcon_core.verb.build.BuildVerb object at 0x7fc76c812c20>>)
[0.540s] Level 1:colcon.colcon_core.package_discovery:discover_packages(colcon_meta) check parameters
[0.541s] Level 1:colcon.colcon_core.package_discovery:discover_packages(recursive) check parameters
[0.541s] Level 1:colcon.colcon_core.package_discovery:discover_packages(ignore) check parameters
[0.541s] Level 1:colcon.colcon_core.package_discovery:discover_packages(path) check parameters
[0.541s] Level 1:colcon.colcon_core.package_discovery:discover_packages(colcon_meta) discover
[0.541s] Level 1:colcon.colcon_core.package_discovery:discover_packages(recursive) discover
[0.541s] INFO:colcon.colcon_core.package_discovery:Crawling recursively for packages in '/home/killian/Bureau/Projet_Voiture/TrailerMate/raspberryPI3/ros2_ws/src'
[0.541s] Level 1:colcon.colcon_core.package_identification:_identify(.) by extensions ['ignore', 'ignore_ament_install']
[0.541s] Level 1:colcon.colcon_core.package_identification:_identify(.) by extension 'ignore'
[0.541s] Level 1:colcon.colcon_core.package_identification:_identify(.) by extension 'ignore_ament_install'
[0.541s] Level 1:colcon.colcon_core.package_identification:_identify(.) by extensions ['colcon_pkg']
[0.541s] Level 1:colcon.colcon_core.package_identification:_identify(.) by extension 'colcon_pkg'
[0.541s] Level 1:colcon.colcon_core.package_identification:_identify(.) by extensions ['colcon_meta']
[0.541s] Level 1:colcon.colcon_core.package_identification:_identify(.) by extension 'colcon_meta'
[0.541s] Level 1:colcon.colcon_core.package_identification:_identify(.) by extensions ['ros']
[0.541s] Level 1:colcon.colcon_core.package_identification:_identify(.) by extension 'ros'
[0.549s] Level 1:colcon.colcon_core.package_identification:_identify(.) by extensions ['cmake', 'python']
[0.549s] Level 1:colcon.colcon_core.package_identification:_identify(.) by extension 'cmake'
[0.549s] Level 1:colcon.colcon_core.package_identification:_identify(.) by extension 'python'
[0.549s] Level 1:colcon.colcon_core.package_identification:_identify(.) by extensions ['python_setup_py']
[0.549s] Level 1:colcon.colcon_core.package_identification:_identify(.) by extension 'python_setup_py'
[0.549s] Level 1:colcon.colcon_core.package_identification:_identify(build) by extensions ['ignore', 'ignore_ament_install']
[0.549s] Level 1:colcon.colcon_core.package_identification:_identify(build) by extension 'ignore'
[0.549s] Level 1:colcon.colcon_core.package_identification:_identify(build) ignored
[0.549s] Level 1:colcon.colcon_core.package_identification:_identify(can) by extensions ['ignore', 'ignore_ament_install']
[0.549s] Level 1:colcon.colcon_core.package_identification:_identify(can) by extension 'ignore'
[0.549s] Level 1:colcon.colcon_core.package_identification:_identify(can) by extension 'ignore_ament_install'
[0.549s] Level 1:colcon.colcon_core.package_identification:_identify(can) by extensions ['colcon_pkg']
[0.549s] Level 1:colcon.colcon_core.package_identification:_identify(can) by extension 'colcon_pkg'
[0.549s] Level 1:colcon.colcon_core.package_identification:_identify(can) by extensions ['colcon_meta']
[0.549s] Level 1:colcon.colcon_core.package_identification:_identify(can) by extension 'colcon_meta'
[0.550s] Level 1:colcon.colcon_core.package_identification:_identify(can) by extensions ['ros']
[0.550s] Level 1:colcon.colcon_core.package_identification:_identify(can) by extension 'ros'
[0.551s] DEBUG:colcon.colcon_core.package_identification:Package 'can' with type 'ros.ament_cmake' and name 'can'
[0.551s] Level 1:colcon.colcon_core.package_identification:_identify(car_control) by extensions ['ignore', 'ignore_ament_install']
[0.551s] Level 1:colcon.colcon_core.package_identification:_identify(car_control) by extension 'ignore'
[0.551s] Level 1:colcon.colcon_core.package_identification:_identify(car_control) by extension 'ignore_ament_install'
[0.552s] Level 1:colcon.colcon_core.package_identification:_identify(car_control) by extensions ['colcon_pkg']
[0.552s] Level 1:colcon.colcon_core.package_identification:_identify(car_control) by extension 'colcon_pkg'
[0.552s] Level 1:colcon.colcon_core.package_identification:_identify(car_control) by extensions ['colcon_meta']
[0.552s] Level 1:colcon.colcon_core.package_identification:_identify(car_control) by extension 'colcon_meta'
[0.552s] Level 1:colcon.colcon_core.package_identification:_identify(car_control) by extensions ['ros']
[0.552s] Level 1:colcon.colcon_core.package_identification:_identify(car_control) by extension 'ros'
[0.552s] DEBUG:colcon.colcon_core.package_identification:Package 'car_control' with type 'ros.ament_cmake' and name 'car_control'
[0.552s] Level 1:colcon.colcon_core.package_identification:_identify(carla_msgs) by extensions ['ignore', 'ignore_ament_install']
[0.552s] Level 1:colcon.colcon_core.package_identification:_identify(carla_msgs) by extension 'ignore'
[0.552s] Level 1:colcon.colcon_core.package_identification:_identify(carla_msgs) by extension 'ignore_ament_install'
[0.552s] Level 1:colcon.colcon_core.package_identification:_identify(carla_msgs) by extensions ['colcon_pkg']
[0.552s] Level 1:colcon.colcon_core.package_identification:_identify(carla_msgs) by extension 'colcon_pkg'
[0.552s] Level 1:colcon.colcon_core.package_identification:_identify(carla_msgs) by extensions ['colcon_meta']
[0.552s] Level 1:colcon.colcon_core.package_identification:_identify(carla_msgs) by extension 'colcon_meta'
[0.552s] Level 1:colcon.colcon_core.package_identification:_identify(carla_msgs) by extensions ['ros']
[0.552s] Level 1:colcon.colcon_core.package_identification:_identify(carla_msgs) by extension 'ros'
[0.553s] DEBUG:colcon.colcon_core.package_identification:Package 'carla_msgs' with type 'ros.ament_cmake' and name 'carla_msgs'
[0.553s] Level 1:colcon.colcon_core.package_identification:_identify(geicar_start) by extensions ['ignore', 'ignore_ament_install']
[0.553s] Level 1:colcon.colcon_core.package_identification:_identify(geicar_start) by extension 'ignore'
[0.553s] Level 1:colcon.colcon_core.package_identification:_identify(geicar_start) by extension 'ignore_ament_install'
[0.553s] Level 1:colcon.colcon_core.package_identification:_identify(geicar_start) by extensions ['colcon_pkg']
[0.553s] Level 1:colcon.colcon_core.package_identification:_identify(geicar_start) by extension 'colcon_pkg'
[0.553s] Level 1:colcon.colcon_core.package_identification:_identify(geicar_start) by extensions ['colcon_meta']
[0.553s] Level 1:colcon.colcon_core.package_identification:_identify(geicar_start) by extension 'colcon_meta'
[0.553s] Level 1:colcon.colcon_core.package_identification:_identify(geicar_start) by extensions ['ros']
[0.553s] Level 1:colcon.colcon_core.package_identification:_identify(geicar_start) by extension 'ros'
[0.553s] DEBUG:colcon.colcon_core.package_identification:Package 'geicar_start' with type 'ros.ament_cmake' and name 'geicar_start'
[0.554s] Level 1:colcon.colcon_core.package_identification:_identify(imu_tools) by extensions ['ignore', 'ignore_ament_install']
[0.554s] Level 1:colcon.colcon_core.package_identification:_identify(imu_tools) by extension 'ignore'
[0.554s] Level 1:colcon.colcon_core.package_identification:_identify(imu_tools) by extension 'ignore_ament_install'
[0.554s] Level 1:colcon.colcon_core.package_identification:_identify(imu_tools) by extensions ['colcon_pkg']
[0.554s] Level 1:colcon.colcon_core.package_identification:_identify(imu_tools) by extension 'colcon_pkg'
[0.554s] Level 1:colcon.colcon_core.package_identification:_identify(imu_tools) by extensions ['colcon_meta']
[0.554s] Level 1:colcon.colcon_core.package_identification:_identify(imu_tools) by extension 'colcon_meta'
[0.554s] Level 1:colcon.colcon_core.package_identification:_identify(imu_tools) by extensions ['ros']
[0.554s] Level 1:colcon.colcon_core.package_identification:_identify(imu_tools) by extension 'ros'
[0.554s] Level 1:colcon.colcon_core.package_identification:_identify(imu_tools) by extensions ['cmake', 'python']
[0.554s] Level 1:colcon.colcon_core.package_identification:_identify(imu_tools) by extension 'cmake'
[0.554s] Level 1:colcon.colcon_core.package_identification:_identify(imu_tools) by extension 'python'
[0.554s] Level 1:colcon.colcon_core.package_identification:_identify(imu_tools) by extensions ['python_setup_py']
[0.554s] Level 1:colcon.colcon_core.package_identification:_identify(imu_tools) by extension 'python_setup_py'
[0.554s] Level 1:colcon.colcon_core.package_identification:_identify(imu_tools/imu_complementary_filter) by extensions ['ignore', 'ignore_ament_install']
[0.554s] Level 1:colcon.colcon_core.package_identification:_identify(imu_tools/imu_complementary_filter) by extension 'ignore'
[0.554s] Level 1:colcon.colcon_core.package_identification:_identify(imu_tools/imu_complementary_filter) by extension 'ignore_ament_install'
[0.554s] Level 1:colcon.colcon_core.package_identification:_identify(imu_tools/imu_complementary_filter) by extensions ['colcon_pkg']
[0.554s] Level 1:colcon.colcon_core.package_identification:_identify(imu_tools/imu_complementary_filter) by extension 'colcon_pkg'
[0.554s] Level 1:colcon.colcon_core.package_identification:_identify(imu_tools/imu_complementary_filter) by extensions ['colcon_meta']
[0.554s] Level 1:colcon.colcon_core.package_identification:_identify(imu_tools/imu_complementary_filter) by extension 'colcon_meta'
[0.554s] Level 1:colcon.colcon_core.package_identification:_identify(imu_tools/imu_complementary_filter) by extensions ['ros']
[0.554s] Level 1:colcon.colcon_core.package_identification:_identify(imu_tools/imu_complementary_filter) by extension 'ros'
[0.555s] DEBUG:colcon.colcon_core.package_identification:Package 'imu_tools/imu_complementary_filter' with type 'ros.ament_cmake' and name 'imu_complementary_filter'
[0.555s] Level 1:colcon.colcon_core.package_identification:_identify(imu_tools/imu_filter_madgwick) by extensions ['ignore', 'ignore_ament_install']
[0.555s] Level 1:colcon.colcon_core.package_identification:_identify(imu_tools/imu_filter_madgwick) by extension 'ignore'
[0.555s] Level 1:colcon.colcon_core.package_identification:_identify(imu_tools/imu_filter_madgwick) by extension 'ignore_ament_install'
[0.555s] Level 1:colcon.colcon_core.package_identification:_identify(imu_tools/imu_filter_madgwick) by extensions ['colcon_pkg']
[0.555s] Level 1:colcon.colcon_core.package_identification:_identify(imu_tools/imu_filter_madgwick) by extension 'colcon_pkg'
[0.555s] Level 1:colcon.colcon_core.package_identification:_identify(imu_tools/imu_filter_madgwick) by extensions ['colcon_meta']
[0.555s] Level 1:colcon.colcon_core.package_identification:_identify(imu_tools/imu_filter_madgwick) by extension 'colcon_meta'
[0.555s] Level 1:colcon.colcon_core.package_identification:_identify(imu_tools/imu_filter_madgwick) by extensions ['ros']
[0.555s] Level 1:colcon.colcon_core.package_identification:_identify(imu_tools/imu_filter_madgwick) by extension 'ros'
[0.556s] DEBUG:colcon.colcon_core.package_identification:Package 'imu_tools/imu_filter_madgwick' with type 'ros.ament_cmake' and name 'imu_filter_madgwick'
[0.556s] Level 1:colcon.colcon_core.package_identification:_identify(imu_tools/imu_tools) by extensions ['ignore', 'ignore_ament_install']
[0.556s] Level 1:colcon.colcon_core.package_identification:_identify(imu_tools/imu_tools) by extension 'ignore'
[0.556s] Level 1:colcon.colcon_core.package_identification:_identify(imu_tools/imu_tools) by extension 'ignore_ament_install'
[0.556s] Level 1:colcon.colcon_core.package_identification:_identify(imu_tools/imu_tools) by extensions ['colcon_pkg']
[0.556s] Level 1:colcon.colcon_core.package_identification:_identify(imu_tools/imu_tools) by extension 'colcon_pkg'
[0.556s] Level 1:colcon.colcon_core.package_identification:_identify(imu_tools/imu_tools) by extensions ['colcon_meta']
[0.556s] Level 1:colcon.colcon_core.package_identification:_identify(imu_tools/imu_tools) by extension 'colcon_meta'
[0.556s] Level 1:colcon.colcon_core.package_identification:_identify(imu_tools/imu_tools) by extensions ['ros']
[0.556s] Level 1:colcon.colcon_core.package_identification:_identify(imu_tools/imu_tools) by extension 'ros'
[0.556s] DEBUG:colcon.colcon_core.package_identification:Package 'imu_tools/imu_tools' with type 'ros.ament_cmake' and name 'imu_tools'
[0.556s] Level 1:colcon.colcon_core.package_identification:_identify(imu_tools/rviz_imu_plugin) by extensions ['ignore', 'ignore_ament_install']
[0.556s] Level 1:colcon.colcon_core.package_identification:_identify(imu_tools/rviz_imu_plugin) by extension 'ignore'
[0.556s] Level 1:colcon.colcon_core.package_identification:_identify(imu_tools/rviz_imu_plugin) by extension 'ignore_ament_install'
[0.556s] Level 1:colcon.colcon_core.package_identification:_identify(imu_tools/rviz_imu_plugin) by extensions ['colcon_pkg']
[0.556s] Level 1:colcon.colcon_core.package_identification:_identify(imu_tools/rviz_imu_plugin) by extension 'colcon_pkg'
[0.556s] Level 1:colcon.colcon_core.package_identification:_identify(imu_tools/rviz_imu_plugin) by extensions ['colcon_meta']
[0.556s] Level 1:colcon.colcon_core.package_identification:_identify(imu_tools/rviz_imu_plugin) by extension 'colcon_meta'
[0.556s] Level 1:colcon.colcon_core.package_identification:_identify(imu_tools/rviz_imu_plugin) by extensions ['ros']
[0.556s] Level 1:colcon.colcon_core.package_identification:_identify(imu_tools/rviz_imu_plugin) by extension 'ros'
[0.557s] DEBUG:colcon.colcon_core.package_identification:Package 'imu_tools/rviz_imu_plugin' with type 'ros.ament_cmake' and name 'rviz_imu_plugin'
[0.557s] Level 1:colcon.colcon_core.package_identification:_identify(install) by extensions ['ignore', 'ignore_ament_install']
[0.557s] Level 1:colcon.colcon_core.package_identification:_identify(install) by extension 'ignore'
[0.557s] Level 1:colcon.colcon_core.package_identification:_identify(install) ignored
[0.557s] Level 1:colcon.colcon_core.package_identification:_identify(interfaces) by extensions ['ignore', 'ignore_ament_install']
[0.557s] Level 1:colcon.colcon_core.package_identification:_identify(interfaces) by extension 'ignore'
[0.557s] Level 1:colcon.colcon_core.package_identification:_identify(interfaces) by extension 'ignore_ament_install'
[0.558s] Level 1:colcon.colcon_core.package_identification:_identify(interfaces) by extensions ['colcon_pkg']
[0.558s] Level 1:colcon.colcon_core.package_identification:_identify(interfaces) by extension 'colcon_pkg'
[0.558s] Level 1:colcon.colcon_core.package_identification:_identify(interfaces) by extensions ['colcon_meta']
[0.558s] Level 1:colcon.colcon_core.package_identification:_identify(interfaces) by extension 'colcon_meta'
[0.558s] Level 1:colcon.colcon_core.package_identification:_identify(interfaces) by extensions ['ros']
[0.558s] Level 1:colcon.colcon_core.package_identification:_identify(interfaces) by extension 'ros'
[0.558s] DEBUG:colcon.colcon_core.package_identification:Package 'interfaces' with type 'ros.ament_cmake' and name 'interfaces'
[0.558s] Level 1:colcon.colcon_core.package_identification:_identify(joystick) by extensions ['ignore', 'ignore_ament_install']
[0.558s] Level 1:colcon.colcon_core.package_identification:_identify(joystick) by extension 'ignore'
[0.558s] Level 1:colcon.colcon_core.package_identification:_identify(joystick) by extension 'ignore_ament_install'
[0.558s] Level 1:colcon.colcon_core.package_identification:_identify(joystick) by extensions ['colcon_pkg']
[0.558s] Level 1:colcon.colcon_core.package_identification:_identify(joystick) by extension 'colcon_pkg'
[0.558s] Level 1:colcon.colcon_core.package_identification:_identify(joystick) by extensions ['colcon_meta']
[0.558s] Level 1:colcon.colcon_core.package_identification:_identify(joystick) by extension 'colcon_meta'
[0.558s] Level 1:colcon.colcon_core.package_identification:_identify(joystick) by extensions ['ros']
[0.558s] Level 1:colcon.colcon_core.package_identification:_identify(joystick) by extension 'ros'
[0.559s] DEBUG:colcon.colcon_core.package_identification:Package 'joystick' with type 'ros.ament_cmake' and name 'joystick'
[0.559s] Level 1:colcon.colcon_core.package_identification:_identify(log) by extensions ['ignore', 'ignore_ament_install']
[0.559s] Level 1:colcon.colcon_core.package_identification:_identify(log) by extension 'ignore'
[0.559s] Level 1:colcon.colcon_core.package_identification:_identify(log) ignored
[0.559s] Level 1:colcon.colcon_core.package_identification:_identify(obs_detect) by extensions ['ignore', 'ignore_ament_install']
[0.559s] Level 1:colcon.colcon_core.package_identification:_identify(obs_detect) by extension 'ignore'
[0.559s] Level 1:colcon.colcon_core.package_identification:_identify(obs_detect) by extension 'ignore_ament_install'
[0.559s] Level 1:colcon.colcon_core.package_identification:_identify(obs_detect) by extensions ['colcon_pkg']
[0.559s] Level 1:colcon.colcon_core.package_identification:_identify(obs_detect) by extension 'colcon_pkg'
[0.559s] Level 1:colcon.colcon_core.package_identification:_identify(obs_detect) by extensions ['colcon_meta']
[0.559s] Level 1:colcon.colcon_core.package_identification:_identify(obs_detect) by extension 'colcon_meta'
[0.559s] Level 1:colcon.colcon_core.package_identification:_identify(obs_detect) by extensions ['ros']
[0.559s] Level 1:colcon.colcon_core.package_identification:_identify(obs_detect) by extension 'ros'
[0.559s] DEBUG:colcon.colcon_core.package_identification:Package 'obs_detect' with type 'ros.ament_python' and name 'obs_detect'
[0.560s] Level 1:colcon.colcon_core.package_identification:_identify(simulation) by extensions ['ignore', 'ignore_ament_install']
[0.560s] Level 1:colcon.colcon_core.package_identification:_identify(simulation) by extension 'ignore'
[0.560s] Level 1:colcon.colcon_core.package_identification:_identify(simulation) by extension 'ignore_ament_install'
[0.560s] Level 1:colcon.colcon_core.package_identification:_identify(simulation) by extensions ['colcon_pkg']
[0.560s] Level 1:colcon.colcon_core.package_identification:_identify(simulation) by extension 'colcon_pkg'
[0.560s] Level 1:colcon.colcon_core.package_identification:_identify(simulation) by extensions ['colcon_meta']
[0.560s] Level 1:colcon.colcon_core.package_identification:_identify(simulation) by extension 'colcon_meta'
[0.560s] Level 1:colcon.colcon_core.package_identification:_identify(simulation) by extensions ['ros']
[0.560s] Level 1:colcon.colcon_core.package_identification:_identify(simulation) by extension 'ros'
[0.560s] DEBUG:colcon.colcon_core.package_identification:Package 'simulation' with type 'ros.ament_cmake' and name 'simulation'
[0.560s] Level 1:colcon.colcon_core.package_identification:_identify(system_check) by extensions ['ignore', 'ignore_ament_install']
[0.560s] Level 1:colcon.colcon_core.package_identification:_identify(system_check) by extension 'ignore'
[0.560s] Level 1:colcon.colcon_core.package_identification:_identify(system_check) by extension 'ignore_ament_install'
[0.560s] Level 1:colcon.colcon_core.package_identification:_identify(system_check) by extensions ['colcon_pkg']
[0.560s] Level 1:colcon.colcon_core.package_identification:_identify(system_check) by extension 'colcon_pkg'
[0.560s] Level 1:colcon.colcon_core.package_identification:_identify(system_check) by extensions ['colcon_meta']
[0.560s] Level 1:colcon.colcon_core.package_identification:_identify(system_check) by extension 'colcon_meta'
[0.560s] Level 1:colcon.colcon_core.package_identification:_identify(system_check) by extensions ['ros']
[0.560s] Level 1:colcon.colcon_core.package_identification:_identify(system_check) by extension 'ros'
[0.561s] DEBUG:colcon.colcon_core.package_identification:Package 'system_check' with type 'ros.ament_cmake' and name 'system_check'
[0.561s] Level 1:colcon.colcon_core.package_identification:_identify(trailer_angle_package) by extensions ['ignore', 'ignore_ament_install']
[0.561s] Level 1:colcon.colcon_core.package_identification:_identify(trailer_angle_package) by extension 'ignore'
[0.561s] Level 1:colcon.colcon_core.package_identification:_identify(trailer_angle_package) by extension 'ignore_ament_install'
[0.561s] Level 1:colcon.colcon_core.package_identification:_identify(trailer_angle_package) by extensions ['colcon_pkg']
[0.561s] Level 1:colcon.colcon_core.package_identification:_identify(trailer_angle_package) by extension 'colcon_pkg'
[0.561s] Level 1:colcon.colcon_core.package_identification:_identify(trailer_angle_package) by extensions ['colcon_meta']
[0.561s] Level 1:colcon.colcon_core.package_identification:_identify(trailer_angle_package) by extension 'colcon_meta'
[0.561s] Level 1:colcon.colcon_core.package_identification:_identify(trailer_angle_package) by extensions ['ros']
[0.561s] Level 1:colcon.colcon_core.package_identification:_identify(trailer_angle_package) by extension 'ros'
[0.561s] DEBUG:colcon.colcon_core.package_identification:Package 'trailer_angle_package' with type 'ros.ament_python' and name 'trailer_angle_package'
[0.561s] Level 1:colcon.colcon_core.package_discovery:discover_packages(recursive) using defaults
[0.561s] Level 1:colcon.colcon_core.package_discovery:discover_packages(ignore) discover
[0.561s] Level 1:colcon.colcon_core.package_discovery:discover_packages(ignore) using defaults
[0.561s] Level 1:colcon.colcon_core.package_discovery:discover_packages(path) discover
[0.561s] Level 1:colcon.colcon_core.package_discovery:discover_packages(path) using defaults
[0.597s] INFO:colcon.colcon_core.package_selection:Skipping not selected package 'carla_msgs' in 'carla_msgs'
[0.597s] INFO:colcon.colcon_core.package_selection:Skipping not selected package 'imu_complementary_filter' in 'imu_tools/imu_complementary_filter'
[0.597s] INFO:colcon.colcon_core.package_selection:Skipping not selected package 'imu_filter_madgwick' in 'imu_tools/imu_filter_madgwick'
[0.597s] INFO:colcon.colcon_core.package_selection:Skipping not selected package 'obs_detect' in 'obs_detect'
[0.597s] INFO:colcon.colcon_core.package_selection:Skipping not selected package 'rviz_imu_plugin' in 'imu_tools/rviz_imu_plugin'
[0.597s] INFO:colcon.colcon_core.package_selection:Skipping not selected package 'trailer_angle_package' in 'trailer_angle_package'
[0.597s] INFO:colcon.colcon_core.package_selection:Skipping not selected package 'can' in 'can'
[0.597s] INFO:colcon.colcon_core.package_selection:Skipping not selected package 'car_control' in 'car_control'
[0.597s] INFO:colcon.colcon_core.package_selection:Skipping not selected package 'imu_tools' in 'imu_tools/imu_tools'
[0.598s] INFO:colcon.colcon_core.package_selection:Skipping not selected package 'joystick' in 'joystick'
[0.598s] INFO:colcon.colcon_core.package_selection:Skipping not selected package 'simulation' in 'simulation'
[0.598s] INFO:colcon.colcon_core.package_selection:Skipping not selected package 'system_check' in 'system_check'
[0.598s] INFO:colcon.colcon_core.package_selection:Skipping not selected package 'geicar_start' in 'geicar_start'
[0.612s] Level 1:colcon.colcon_core.package_discovery:discover_packages(prefix_path) check parameters
[0.612s] Level 1:colcon.colcon_core.package_discovery:discover_packages(prefix_path) discover
[0.627s] DEBUG:colcon.colcon_installed_package_information.package_discovery:Found 14 installed packages in /home/killian/Bureau/Projet_Voiture/TrailerMate/raspberryPI3/ros2_ws/install
[0.635s] DEBUG:colcon.colcon_installed_package_information.package_discovery:Found 270 installed packages in /opt/ros/humble
[0.636s] Level 1:colcon.colcon_core.package_discovery:discover_packages(prefix_path) using defaults
[0.678s] WARNING:colcon.colcon_core.package_selection:Some selected packages are already built in one or more underlay workspaces:
	'interfaces' is in: /home/killian/Bureau/Projet_Voiture/TrailerMate/raspberryPI3/ros2_ws/install/interfaces
If a package in a merged underlay workspace is overridden and it installs headers, then all packages in the overlay must sort their include directories by workspace order. Failure to do so may result in build failures or undefined behavior at run time.
If the overridden package is used by another package in any underlay, then the overriding package in the overlay must be API and ABI compatible or undefined behavior at run time may occur.

If you understand the risks and want to override a package anyways, add the following to the command line:
	--allow-overriding interfaces

This may be promoted to an error in a future release of colcon-override-check.
[0.687s] Level 5:colcon.colcon_core.verb:set package 'interfaces' build argument 'cmake_args' from command line to 'None'
[0.687s] Level 5:colcon.colcon_core.verb:set package 'interfaces' build argument 'cmake_target' from command line to 'None'
[0.687s] Level 5:colcon.colcon_core.verb:set package 'interfaces' build argument 'cmake_target_skip_unavailable' from command line to 'False'
[0.687s] Level 5:colcon.colcon_core.verb:set package 'interfaces' build argument 'cmake_clean_cache' from command line to 'False'
[0.687s] Level 5:colcon.colcon_core.verb:set package 'interfaces' build argument 'cmake_clean_first' from command line to 'False'
[0.687s] Level 5:colcon.colcon_core.verb:set package 'interfaces' build argument 'cmake_force_configure' from command line to 'False'
[0.687s] Level 5:colcon.colcon_core.verb:set package 'interfaces' build argument 'ament_cmake_args' from command line to 'None'
[0.687s] Level 5:colcon.colcon_core.verb:set package 'interfaces' build argument 'catkin_cmake_args' from command line to 'None'
[0.687s] Level 5:colcon.colcon_core.verb:set package 'interfaces' build argument 'catkin_skip_building_tests' from command line to 'False'
[0.687s] DEBUG:colcon.colcon_core.verb:Building package 'interfaces' with the following arguments: {'ament_cmake_args': None, 'build_base': '/home/killian/Bureau/Projet_Voiture/TrailerMate/raspberryPI3/ros2_ws/src/build/interfaces', 'catkin_cmake_args': None, 'catkin_skip_building_tests': False, 'cmake_args': None, 'cmake_clean_cache': False, 'cmake_clean_first': False, 'cmake_force_configure': False, 'cmake_target': None, 'cmake_target_skip_unavailable': False, 'install_base': '/home/killian/Bureau/Projet_Voiture/TrailerMate/raspberryPI3/ros2_ws/src/install/interfaces', 'merge_install': False, 'path': '/home/killian/Bureau/Projet_Voiture/TrailerMate/raspberryPI3/ros2_ws/src/interfaces', 'symlink_install': False, 'test_result_base': None}
[0.696s] INFO:colcon.colcon_core.executor:Executing jobs using 'parallel' executor
[0.705s] DEBUG:colcon.colcon_parallel_executor.executor.parallel:run_until_complete
[0.706s] INFO:colcon.colcon_ros.task.ament_cmake.build:Building ROS package in '/home/killian/Bureau/Projet_Voiture/TrailerMate/raspberryPI3/ros2_ws/src/interfaces' with build type 'ament_cmake'
[0.706s] INFO:colcon.colcon_cmake.task.cmake.build:Building CMake package in '/home/killian/Bureau/Projet_Voiture/TrailerMate/raspberryPI3/ros2_ws/src/interfaces'
[0.717s] INFO:colcon.colcon_core.plugin_system:Skipping extension 'colcon_core.shell.bat': Not used on non-Windows systems
[0.717s] INFO:colcon.colcon_core.shell:Skip shell extension 'powershell' for command environment: Not usable outside of PowerShell
[0.717s] DEBUG:colcon.colcon_core.shell:Skip shell extension 'dsv' for command environment
[0.751s] DEBUG:colcon.colcon_core.event_handler.log_command:Invoking command in '/home/killian/Bureau/Projet_Voiture/TrailerMate/raspberryPI3/ros2_ws/src/build/interfaces': CMAKE_PREFIX_PATH=${CMAKE_PREFIX_PATH}:/home/killian/Bureau/Projet_Voiture/TrailerMate/raspberryPI3/ros2_ws/install/trailer_angle_package:/opt/ros/humble /usr/bin/cmake /home/killian/Bureau/Projet_Voiture/TrailerMate/raspberryPI3/ros2_ws/src/interfaces -DCMAKE_INSTALL_PREFIX=/home/killian/Bureau/Projet_Voiture/TrailerMate/raspberryPI3/ros2_ws/src/install/interfaces
[2.296s] DEBUG:colcon.colcon_core.event_handler.log_command:Invoked command in '/home/killian/Bureau/Projet_Voiture/TrailerMate/raspberryPI3/ros2_ws/src/build/interfaces' returned '0': CMAKE_PREFIX_PATH=${CMAKE_PREFIX_PATH}:/home/killian/Bureau/Projet_Voiture/TrailerMate/raspberryPI3/ros2_ws/install/trailer_angle_package:/opt/ros/humble /usr/bin/cmake /home/killian/Bureau/Projet_Voiture/TrailerMate/raspberryPI3/ros2_ws/src/interfaces -DCMAKE_INSTALL_PREFIX=/home/killian/Bureau/Projet_Voiture/TrailerMate/raspberryPI3/ros2_ws/src/install/interfaces
[2.298s] DEBUG:colcon.colcon_core.event_handler.log_command:Invoking command in '/home/killian/Bureau/Projet_Voiture/TrailerMate/raspberryPI3/ros2_ws/src/build/interfaces': CMAKE_PREFIX_PATH=${CMAKE_PREFIX_PATH}:/home/killian/Bureau/Projet_Voiture/TrailerMate/raspberryPI3/ros2_ws/install/trailer_angle_package:/opt/ros/humble /usr/bin/cmake --build /home/killian/Bureau/Projet_Voiture/TrailerMate/raspberryPI3/ros2_ws/src/build/interfaces -- -j16 -l16
[7.694s] DEBUG:colcon.colcon_core.event_handler.log_command:Invoked command in '/home/killian/Bureau/Projet_Voiture/TrailerMate/raspberryPI3/ros2_ws/src/build/interfaces' returned '0': CMAKE_PREFIX_PATH=${CMAKE_PREFIX_PATH}:/home/killian/Bureau/Projet_Voiture/TrailerMate/raspberryPI3/ros2_ws/install/trailer_angle_package:/opt/ros/humble /usr/bin/cmake --build /home/killian/Bureau/Projet_Voiture/TrailerMate/raspberryPI3/ros2_ws/src/build/interfaces -- -j16 -l16
[7.841s] DEBUG:colcon.colcon_core.event_handler.log_command:Invoking command in '/home/killian/Bureau/Projet_Voiture/TrailerMate/raspberryPI3/ros2_ws/src/build/interfaces': CMAKE_PREFIX_PATH=${CMAKE_PREFIX_PATH}:/home/killian/Bureau/Projet_Voiture/TrailerMate/raspberryPI3/ros2_ws/install/trailer_angle_package:/opt/ros/humble /usr/bin/cmake --install /home/killian/Bureau/Projet_Voiture/TrailerMate/raspberryPI3/ros2_ws/src/build/interfaces
[7.905s] Level 1:colcon.colcon_core.environment:create_environment_scripts_only(interfaces)
[7.906s] DEBUG:colcon.colcon_core.event_handler.log_command:Invoked command in '/home/killian/Bureau/Projet_Voiture/TrailerMate/raspberryPI3/ros2_ws/src/build/interfaces' returned '0': CMAKE_PREFIX_PATH=${CMAKE_PREFIX_PATH}:/home/killian/Bureau/Projet_Voiture/TrailerMate/raspberryPI3/ros2_ws/install/trailer_angle_package:/opt/ros/humble /usr/bin/cmake --install /home/killian/Bureau/Projet_Voiture/TrailerMate/raspberryPI3/ros2_ws/src/build/interfaces
[7.915s] Level 1:colcon.colcon_core.environment:checking '/home/killian/Bureau/Projet_Voiture/TrailerMate/raspberryPI3/ros2_ws/src/install/interfaces' for CMake module files
[7.916s] Level 1:colcon.colcon_core.environment:checking '/home/killian/Bureau/Projet_Voiture/TrailerMate/raspberryPI3/ros2_ws/src/install/interfaces' for CMake config files
[7.916s] Level 1:colcon.colcon_core.shell:create_environment_hook('interfaces', 'cmake_prefix_path')
[7.923s] INFO:colcon.colcon_core.shell:Creating environment hook '/home/killian/Bureau/Projet_Voiture/TrailerMate/raspberryPI3/ros2_ws/src/install/interfaces/share/interfaces/hook/cmake_prefix_path.ps1'
[7.924s] INFO:colcon.colcon_core.shell:Creating environment descriptor '/home/killian/Bureau/Projet_Voiture/TrailerMate/raspberryPI3/ros2_ws/src/install/interfaces/share/interfaces/hook/cmake_prefix_path.dsv'
[7.924s] INFO:colcon.colcon_core.shell:Creating environment hook '/home/killian/Bureau/Projet_Voiture/TrailerMate/raspberryPI3/ros2_ws/src/install/interfaces/share/interfaces/hook/cmake_prefix_path.sh'
[7.925s] Level 1:colcon.colcon_core.environment:checking '/home/killian/Bureau/Projet_Voiture/TrailerMate/raspberryPI3/ros2_ws/src/install/interfaces/lib'
[7.925s] Level 1:colcon.colcon_core.shell:create_environment_hook('interfaces', 'ld_library_path_lib')
[7.933s] INFO:colcon.colcon_core.shell:Creating environment hook '/home/killian/Bureau/Projet_Voiture/TrailerMate/raspberryPI3/ros2_ws/src/install/interfaces/share/interfaces/hook/ld_library_path_lib.ps1'
[7.933s] INFO:colcon.colcon_core.shell:Creating environment descriptor '/home/killian/Bureau/Projet_Voiture/TrailerMate/raspberryPI3/ros2_ws/src/install/interfaces/share/interfaces/hook/ld_library_path_lib.dsv'
[7.933s] INFO:colcon.colcon_core.shell:Creating environment hook '/home/killian/Bureau/Projet_Voiture/TrailerMate/raspberryPI3/ros2_ws/src/install/interfaces/share/interfaces/hook/ld_library_path_lib.sh'
[7.933s] Level 1:colcon.colcon_core.environment:checking '/home/killian/Bureau/Projet_Voiture/TrailerMate/raspberryPI3/ros2_ws/src/install/interfaces/bin'
[7.933s] Level 1:colcon.colcon_core.environment:checking '/home/killian/Bureau/Projet_Voiture/TrailerMate/raspberryPI3/ros2_ws/src/install/interfaces/lib/pkgconfig/interfaces.pc'
[7.934s] Level 1:colcon.colcon_core.environment:checking '/home/killian/Bureau/Projet_Voiture/TrailerMate/raspberryPI3/ros2_ws/src/install/interfaces/lib/python3.10/site-packages'
[7.934s] Level 1:colcon.colcon_core.environment:checking '/home/killian/Bureau/Projet_Voiture/TrailerMate/raspberryPI3/ros2_ws/src/install/interfaces/bin'
[7.941s] INFO:colcon.colcon_core.shell:Creating package script '/home/killian/Bureau/Projet_Voiture/TrailerMate/raspberryPI3/ros2_ws/src/install/interfaces/share/interfaces/package.ps1'
[7.942s] INFO:colcon.colcon_core.shell:Creating package descriptor '/home/killian/Bureau/Projet_Voiture/TrailerMate/raspberryPI3/ros2_ws/src/install/interfaces/share/interfaces/package.dsv'
[7.942s] INFO:colcon.colcon_core.shell:Creating package script '/home/killian/Bureau/Projet_Voiture/TrailerMate/raspberryPI3/ros2_ws/src/install/interfaces/share/interfaces/package.sh'
[7.943s] INFO:colcon.colcon_core.shell:Creating package script '/home/killian/Bureau/Projet_Voiture/TrailerMate/raspberryPI3/ros2_ws/src/install/interfaces/share/interfaces/package.bash'
[7.943s] INFO:colcon.colcon_core.shell:Creating package script '/home/killian/Bureau/Projet_Voiture/TrailerMate/raspberryPI3/ros2_ws/src/install/interfaces/share/interfaces/package.zsh'
[7.943s] Level 1:colcon.colcon_core.environment:create_file_with_runtime_dependencies(/home/killian/Bureau/Projet_Voiture/TrailerMate/raspberryPI3/ros2_ws/src/install/interfaces/share/colcon-core/packages/interfaces)
[8.136s] Level 1:colcon.colcon_core.environment:create_environment_scripts_only(interfaces)
[8.153s] Level 1:colcon.colcon_core.environment:checking '/home/killian/Bureau/Projet_Voiture/TrailerMate/raspberryPI3/ros2_ws/src/install/interfaces' for CMake module files
[8.154s] Level 1:colcon.colcon_core.environment:checking '/home/killian/Bureau/Projet_Voiture/TrailerMate/raspberryPI3/ros2_ws/src/install/interfaces' for CMake config files
[8.154s] Level 1:colcon.colcon_core.shell:create_environment_hook('interfaces', 'cmake_prefix_path')
[8.170s] INFO:colcon.colcon_core.shell:Creating environment hook '/home/killian/Bureau/Projet_Voiture/TrailerMate/raspberryPI3/ros2_ws/src/install/interfaces/share/interfaces/hook/cmake_prefix_path.ps1'
[8.171s] INFO:colcon.colcon_core.shell:Creating environment descriptor '/home/killian/Bureau/Projet_Voiture/TrailerMate/raspberryPI3/ros2_ws/src/install/interfaces/share/interfaces/hook/cmake_prefix_path.dsv'
[8.171s] INFO:colcon.colcon_core.shell:Creating environment hook '/home/killian/Bureau/Projet_Voiture/TrailerMate/raspberryPI3/ros2_ws/src/install/interfaces/share/interfaces/hook/cmake_prefix_path.sh'
[8.172s] Level 1:colcon.colcon_core.environment:checking '/home/killian/Bureau/Projet_Voiture/TrailerMate/raspberryPI3/ros2_ws/src/install/interfaces/lib'
[8.172s] Level 1:colcon.colcon_core.shell:create_environment_hook('interfaces', 'ld_library_path_lib')
[8.188s] INFO:colcon.colcon_core.shell:Creating environment hook '/home/killian/Bureau/Projet_Voiture/TrailerMate/raspberryPI3/ros2_ws/src/install/interfaces/share/interfaces/hook/ld_library_path_lib.ps1'
[8.188s] INFO:colcon.colcon_core.shell:Creating environment descriptor '/home/killian/Bureau/Projet_Voiture/TrailerMate/raspberryPI3/ros2_ws/src/install/interfaces/share/interfaces/hook/ld_library_path_lib.dsv'
[8.189s] INFO:colcon.colcon_core.shell:Creating environment hook '/home/killian/Bureau/Projet_Voiture/TrailerMate/raspberryPI3/ros2_ws/src/install/interfaces/share/interfaces/hook/ld_library_path_lib.sh'
[8.189s] Level 1:colcon.colcon_core.environment:checking '/home/killian/Bureau/Projet_Voiture/TrailerMate/raspberryPI3/ros2_ws/src/install/interfaces/bin'
[8.189s] Level 1:colcon.colcon_core.environment:checking '/home/killian/Bureau/Projet_Voiture/TrailerMate/raspberryPI3/ros2_ws/src/install/interfaces/lib/pkgconfig/interfaces.pc'
[8.189s] Level 1:colcon.colcon_core.environment:checking '/home/killian/Bureau/Projet_Voiture/TrailerMate/raspberryPI3/ros2_ws/src/install/interfaces/lib/python3.10/site-packages'
[8.190s] Level 1:colcon.colcon_core.environment:checking '/home/killian/Bureau/Projet_Voiture/TrailerMate/raspberryPI3/ros2_ws/src/install/interfaces/bin'
[8.203s] INFO:colcon.colcon_core.shell:Creating package script '/home/killian/Bureau/Projet_Voiture/TrailerMate/raspberryPI3/ros2_ws/src/install/interfaces/share/interfaces/package.ps1'
[8.203s] INFO:colcon.colcon_core.shell:Creating package descriptor '/home/killian/Bureau/Projet_Voiture/TrailerMate/raspberryPI3/ros2_ws/src/install/interfaces/share/interfaces/package.dsv'
[8.204s] INFO:colcon.colcon_core.shell:Creating package script '/home/killian/Bureau/Projet_Voiture/TrailerMate/raspberryPI3/ros2_ws/src/install/interfaces/share/interfaces/package.sh'
[8.204s] INFO:colcon.colcon_core.shell:Creating package script '/home/killian/Bureau/Projet_Voiture/TrailerMate/raspberryPI3/ros2_ws/src/install/interfaces/share/interfaces/package.bash'
[8.204s] INFO:colcon.colcon_core.shell:Creating package script '/home/killian/Bureau/Projet_Voiture/TrailerMate/raspberryPI3/ros2_ws/src/install/interfaces/share/interfaces/package.zsh'
[8.205s] Level 1:colcon.colcon_core.environment:create_file_with_runtime_dependencies(/home/killian/Bureau/Projet_Voiture/TrailerMate/raspberryPI3/ros2_ws/src/install/interfaces/share/colcon-core/packages/interfaces)
[8.205s] DEBUG:colcon.colcon_parallel_executor.executor.parallel:closing loop
[8.205s] DEBUG:colcon.colcon_parallel_executor.executor.parallel:loop closed
[8.205s] DEBUG:colcon.colcon_parallel_executor.executor.parallel:run_until_complete finished with '0'
[8.205s] DEBUG:colcon.colcon_core.event_reactor:joining thread
[8.231s] INFO:colcon.colcon_core.plugin_system:Skipping extension 'colcon_notification.desktop_notification.notify_send': Could not find 'notify-send'
[8.232s] INFO:colcon.colcon_core.plugin_system:Skipping extension 'colcon_notification.desktop_notification.terminal_notifier': Not used on non-Darwin systems
[8.232s] INFO:colcon.colcon_core.plugin_system:Skipping extension 'colcon_notification.desktop_notification.win32': Not used on non-Windows systems
[8.232s] INFO:colcon.colcon_notification.desktop_notification:Sending desktop notification using 'notify2'
[8.258s] DEBUG:colcon.colcon_core.event_reactor:joined thread
[8.281s] INFO:colcon.colcon_core.shell:Creating prefix script '/home/killian/Bureau/Projet_Voiture/TrailerMate/raspberryPI3/ros2_ws/src/install/local_setup.ps1'
[8.282s] INFO:colcon.colcon_core.shell:Creating prefix util module '/home/killian/Bureau/Projet_Voiture/TrailerMate/raspberryPI3/ros2_ws/src/install/_local_setup_util_ps1.py'
[8.284s] INFO:colcon.colcon_core.shell:Creating prefix chain script '/home/killian/Bureau/Projet_Voiture/TrailerMate/raspberryPI3/ros2_ws/src/install/setup.ps1'
[8.304s] INFO:colcon.colcon_core.shell:Creating prefix script '/home/killian/Bureau/Projet_Voiture/TrailerMate/raspberryPI3/ros2_ws/src/install/local_setup.sh'
[8.304s] INFO:colcon.colcon_core.shell:Creating prefix util module '/home/killian/Bureau/Projet_Voiture/TrailerMate/raspberryPI3/ros2_ws/src/install/_local_setup_util_sh.py'
[8.305s] INFO:colcon.colcon_core.shell:Creating prefix chain script '/home/killian/Bureau/Projet_Voiture/TrailerMate/raspberryPI3/ros2_ws/src/install/setup.sh'
[8.318s] INFO:colcon.colcon_core.shell:Creating prefix script '/home/killian/Bureau/Projet_Voiture/TrailerMate/raspberryPI3/ros2_ws/src/install/local_setup.bash'
[8.319s] INFO:colcon.colcon_core.shell:Creating prefix chain script '/home/killian/Bureau/Projet_Voiture/TrailerMate/raspberryPI3/ros2_ws/src/install/setup.bash'
[8.329s] INFO:colcon.colcon_core.shell:Creating prefix script '/home/killian/Bureau/Projet_Voiture/TrailerMate/raspberryPI3/ros2_ws/src/install/local_setup.zsh'
[8.329s] INFO:colcon.colcon_core.shell:Creating prefix chain script '/home/killian/Bureau/Projet_Voiture/TrailerMate/raspberryPI3/ros2_ws/src/install/setup.zsh'
