[0.039s] Invoking command in '/home/killian/Bureau/Projet_Voiture/TrailerMate/raspberryPI3/ros2_ws/build/interfaces': CMAKE_PREFIX_PATH=${CMAKE_PREFIX_PATH}:/home/killian/Bureau/Projet_Voiture/TrailerMate/raspberryPI3/ros2_ws/install/trailer_angle_package:/opt/ros/humble /usr/bin/cmake --build /home/killian/Bureau/Projet_Voiture/TrailerMate/raspberryPI3/ros2_ws/build/interfaces -- -j16 -l16
[0.061s] -- Found ament_cmake: 1.3.5 (/opt/ros/humble/share/ament_cmake/cmake)
[0.219s] -- Found rclcpp: 16.0.6 (/opt/ros/humble/share/rclcpp/cmake)
[0.253s] -- Found rosidl_generator_c: 3.1.5 (/opt/ros/humble/share/rosidl_generator_c/cmake)
[0.255s] -- Found rosidl_adapter: 3.1.5 (/opt/ros/humble/share/rosidl_adapter/cmake)
[0.262s] -- Found rosidl_generator_cpp: 3.1.5 (/opt/ros/humble/share/rosidl_generator_cpp/cmake)
[0.274s] -- Using all available rosidl_typesupport_c: rosidl_typesupport_fastrtps_c;rosidl_typesupport_introspection_c
[0.291s] -- Using all available rosidl_typesupport_cpp: rosidl_typesupport_fastrtps_cpp;rosidl_typesupport_introspection_cpp
[0.353s] -- Found rmw_implementation_cmake: 6.1.1 (/opt/ros/humble/share/rmw_implementation_cmake/cmake)
[0.354s] -- Found rmw_fastrtps_cpp: 6.2.4 (/opt/ros/humble/share/rmw_fastrtps_cpp/cmake)
[0.444s] -- Using RMW implementation 'rmw_fastrtps_cpp' as default
[0.529s] -- Found rosidl_default_generators: 1.2.0 (/opt/ros/humble/share/rosidl_default_generators/cmake)
[0.831s] -- Found ament_cmake_ros: 0.10.0 (/opt/ros/humble/share/ament_cmake_ros/cmake)
[1.168s] -- Using all available rosidl_typesupport_c: rosidl_typesupport_fastrtps_c;rosidl_typesupport_introspection_c
[1.302s] -- Using all available rosidl_typesupport_cpp: rosidl_typesupport_fastrtps_cpp;rosidl_typesupport_introspection_cpp
[1.327s] -- Found python_cmake_module: 0.10.0 (/opt/ros/humble/share/python_cmake_module/cmake)
[1.352s] -- Using PYTHON_EXECUTABLE: /usr/bin/python3
[1.352s] -- Using PYTHON_INCLUDE_DIRS: /usr/include/python3.10
[1.352s] -- Using PYTHON_LIBRARIES: /usr/lib/x86_64-linux-gnu/libpython3.10.so
[1.366s] -- Found ament_lint_auto: 0.12.8 (/opt/ros/humble/share/ament_lint_auto/cmake)
[1.376s] -- Added test 'lint_cmake' to check CMake code style
[1.377s] -- Added test 'xmllint' to check XML markup files
[1.378s] -- Configuring done
[1.422s] -- Generating done
[1.425s] -- Build files have been written to: /home/killian/Bureau/Projet_Voiture/TrailerMate/raspberryPI3/ros2_ws/build/interfaces
[1.453s] [  1%] [34m[1mGenerating C code for ROS interfaces[0m
[1.466s] [  1%] [34m[1mGenerating C++ code for ROS interfaces[0m
[1.477s] [  1%] Built target ament_cmake_python_copy_interfaces
[1.647s] running egg_info
[1.648s] writing interfaces.egg-info/PKG-INFO
[1.648s] writing dependency_links to interfaces.egg-info/dependency_links.txt
[1.648s] writing top-level names to interfaces.egg-info/top_level.txt
[1.650s] reading manifest file 'interfaces.egg-info/SOURCES.txt'
[1.650s] writing manifest file 'interfaces.egg-info/SOURCES.txt'
[1.668s] [  1%] Built target ament_cmake_python_build_interfaces_egg
[2.175s] [  1%] Built target interfaces__cpp
[2.188s] [  2%] [34m[1mGenerating C++ type support dispatch for ROS interfaces[0m
[2.192s] [  3%] [34m[1mGenerating C++ type support for eProsima Fast-RTPS[0m
[2.192s] [  4%] [34m[1mGenerating C++ introspection for ROS interfaces[0m
[2.215s] [35m[1mConsolidate compiler generated dependencies of target interfaces__rosidl_generator_c[0m
[2.227s] [  6%] [32mBuilding C object CMakeFiles/interfaces__rosidl_generator_c.dir/rosidl_generator_c/interfaces/msg/detail/joystick_order__functions.c.o[0m
[2.227s] [  6%] [32mBuilding C object CMakeFiles/interfaces__rosidl_generator_c.dir/rosidl_generator_c/interfaces/msg/detail/motors_order__functions.c.o[0m
[2.230s] [  8%] [32mBuilding C object CMakeFiles/interfaces__rosidl_generator_c.dir/rosidl_generator_c/interfaces/msg/detail/motors_feedback__functions.c.o[0m
[2.230s] [  8%] [32mBuilding C object CMakeFiles/interfaces__rosidl_generator_c.dir/rosidl_generator_c/interfaces/msg/detail/general_data__functions.c.o[0m
[2.230s] [  9%] [32mBuilding C object CMakeFiles/interfaces__rosidl_generator_c.dir/rosidl_generator_c/interfaces/msg/detail/steering_calibration__functions.c.o[0m
[2.231s] [ 10%] [32mBuilding C object CMakeFiles/interfaces__rosidl_generator_c.dir/rosidl_generator_c/interfaces/msg/detail/ultrasonic__functions.c.o[0m
[2.231s] [ 11%] [32mBuilding C object CMakeFiles/interfaces__rosidl_generator_c.dir/rosidl_generator_c/interfaces/msg/detail/trailer_angle__functions.c.o[0m
[2.231s] [ 12%] [32mBuilding C object CMakeFiles/interfaces__rosidl_generator_c.dir/rosidl_generator_c/interfaces/msg/detail/gnss__functions.c.o[0m
[2.232s] [ 14%] [32mBuilding C object CMakeFiles/interfaces__rosidl_generator_c.dir/rosidl_generator_c/interfaces/msg/detail/system_check__functions.c.o[0m
[2.232s] [ 14%] [32mBuilding C object CMakeFiles/interfaces__rosidl_generator_c.dir/rosidl_generator_c/interfaces/msg/detail/stop_car__functions.c.o[0m
[2.297s] [ 15%] [32m[1mLinking C shared library libinterfaces__rosidl_generator_c.so[0m
[2.325s] [ 15%] Built target interfaces__rosidl_generator_c
[2.333s] [ 16%] [34m[1mGenerating C type support for eProsima Fast-RTPS[0m
[2.335s] [ 18%] [34m[1mGenerating C type support dispatch for ROS interfaces[0m
[2.335s] [ 18%] [34m[1mGenerating C introspection for ROS interfaces[0m
[2.933s] [35m[1mConsolidate compiler generated dependencies of target interfaces__rosidl_typesupport_cpp[0m
[2.949s] [ 19%] [32mBuilding CXX object CMakeFiles/interfaces__rosidl_typesupport_cpp.dir/rosidl_typesupport_cpp/interfaces/msg/steering_calibration__type_support.cpp.o[0m
[2.950s] [ 22%] [32mBuilding CXX object CMakeFiles/interfaces__rosidl_typesupport_cpp.dir/rosidl_typesupport_cpp/interfaces/msg/joystick_order__type_support.cpp.o[0m
[2.950s] [ 22%] [32mBuilding CXX object CMakeFiles/interfaces__rosidl_typesupport_cpp.dir/rosidl_typesupport_cpp/interfaces/msg/motors_order__type_support.cpp.o[0m
[2.950s] [ 22%] [32mBuilding CXX object CMakeFiles/interfaces__rosidl_typesupport_cpp.dir/rosidl_typesupport_cpp/interfaces/msg/motors_feedback__type_support.cpp.o[0m
[2.950s] [ 23%] [32mBuilding CXX object CMakeFiles/interfaces__rosidl_typesupport_cpp.dir/rosidl_typesupport_cpp/interfaces/msg/general_data__type_support.cpp.o[0m
[2.951s] [ 24%] [32mBuilding CXX object CMakeFiles/interfaces__rosidl_typesupport_cpp.dir/rosidl_typesupport_cpp/interfaces/msg/gnss__type_support.cpp.o[0m
[2.951s] [ 25%] [32mBuilding CXX object CMakeFiles/interfaces__rosidl_typesupport_cpp.dir/rosidl_typesupport_cpp/interfaces/msg/ultrasonic__type_support.cpp.o[0m
[2.952s] [ 26%] [32mBuilding CXX object CMakeFiles/interfaces__rosidl_typesupport_cpp.dir/rosidl_typesupport_cpp/interfaces/msg/system_check__type_support.cpp.o[0m
[2.952s] [ 27%] [32mBuilding CXX object CMakeFiles/interfaces__rosidl_typesupport_cpp.dir/rosidl_typesupport_cpp/interfaces/msg/stop_car__type_support.cpp.o[0m
[2.953s] [ 28%] [32mBuilding CXX object CMakeFiles/interfaces__rosidl_typesupport_cpp.dir/rosidl_typesupport_cpp/interfaces/msg/trailer_angle__type_support.cpp.o[0m
[3.189s] [35m[1mConsolidate compiler generated dependencies of target interfaces__rosidl_typesupport_introspection_cpp[0m
[3.217s] [ 29%] [32mBuilding CXX object CMakeFiles/interfaces__rosidl_typesupport_introspection_cpp.dir/rosidl_typesupport_introspection_cpp/interfaces/msg/detail/joystick_order__type_support.cpp.o[0m
[3.324s] [ 30%] [32mBuilding CXX object CMakeFiles/interfaces__rosidl_typesupport_introspection_cpp.dir/rosidl_typesupport_introspection_cpp/interfaces/msg/detail/motors_order__type_support.cpp.o[0m
[3.330s] [35m[1mConsolidate compiler generated dependencies of target interfaces__rosidl_typesupport_fastrtps_cpp[0m
[3.331s] [ 31%] [32mBuilding CXX object CMakeFiles/interfaces__rosidl_typesupport_introspection_cpp.dir/rosidl_typesupport_introspection_cpp/interfaces/msg/detail/motors_feedback__type_support.cpp.o[0m
[3.334s] [ 32%] [32mBuilding CXX object CMakeFiles/interfaces__rosidl_typesupport_introspection_cpp.dir/rosidl_typesupport_introspection_cpp/interfaces/msg/detail/general_data__type_support.cpp.o[0m
[3.355s] [ 33%] [32mBuilding CXX object CMakeFiles/interfaces__rosidl_typesupport_fastrtps_cpp.dir/rosidl_typesupport_fastrtps_cpp/interfaces/msg/detail/dds_fastrtps/motors_order__type_support.cpp.o[0m
[3.360s] [ 33%] [32mBuilding CXX object CMakeFiles/interfaces__rosidl_typesupport_fastrtps_cpp.dir/rosidl_typesupport_fastrtps_cpp/interfaces/msg/detail/dds_fastrtps/motors_feedback__type_support.cpp.o[0m
[3.363s] [35m[1mConsolidate compiler generated dependencies of target interfaces__rosidl_typesupport_fastrtps_c[0m
[3.371s] [ 34%] [32mBuilding CXX object CMakeFiles/interfaces__rosidl_typesupport_fastrtps_cpp.dir/rosidl_typesupport_fastrtps_cpp/interfaces/msg/detail/dds_fastrtps/joystick_order__type_support.cpp.o[0m
[3.388s] [ 35%] [32mBuilding CXX object CMakeFiles/interfaces__rosidl_typesupport_introspection_cpp.dir/rosidl_typesupport_introspection_cpp/interfaces/msg/detail/steering_calibration__type_support.cpp.o[0m
[3.389s] [ 36%] [32mBuilding CXX object CMakeFiles/interfaces__rosidl_typesupport_fastrtps_c.dir/rosidl_typesupport_fastrtps_c/interfaces/msg/detail/joystick_order__type_support_c.cpp.o[0m
[3.397s] [ 38%] [32mBuilding CXX object CMakeFiles/interfaces__rosidl_typesupport_introspection_cpp.dir/rosidl_typesupport_introspection_cpp/interfaces/msg/detail/ultrasonic__type_support.cpp.o[0m
[3.398s] [ 38%] [32mBuilding CXX object CMakeFiles/interfaces__rosidl_typesupport_fastrtps_c.dir/rosidl_typesupport_fastrtps_c/interfaces/msg/detail/motors_order__type_support_c.cpp.o[0m
[3.402s] [ 39%] [32mBuilding CXX object CMakeFiles/interfaces__rosidl_typesupport_fastrtps_cpp.dir/rosidl_typesupport_fastrtps_cpp/interfaces/msg/detail/dds_fastrtps/general_data__type_support.cpp.o[0m
[3.412s] [ 41%] [32m[1mLinking CXX shared library libinterfaces__rosidl_typesupport_cpp.so[0m
[3.412s] [ 41%] [32mBuilding CXX object CMakeFiles/interfaces__rosidl_typesupport_fastrtps_cpp.dir/rosidl_typesupport_fastrtps_cpp/interfaces/msg/detail/dds_fastrtps/steering_calibration__type_support.cpp.o[0m
[3.487s] [ 41%] Built target interfaces__rosidl_typesupport_cpp
[3.499s] [ 42%] [32mBuilding CXX object CMakeFiles/interfaces__rosidl_typesupport_fastrtps_cpp.dir/rosidl_typesupport_fastrtps_cpp/interfaces/msg/detail/dds_fastrtps/ultrasonic__type_support.cpp.o[0m
[3.748s] [ 43%] [32mBuilding CXX object CMakeFiles/interfaces__rosidl_typesupport_introspection_cpp.dir/rosidl_typesupport_introspection_cpp/interfaces/msg/detail/gnss__type_support.cpp.o[0m
[3.837s] [35m[1mConsolidate compiler generated dependencies of target interfaces__rosidl_typesupport_c[0m
[3.853s] [ 44%] [32mBuilding CXX object CMakeFiles/interfaces__rosidl_typesupport_c.dir/rosidl_typesupport_c/interfaces/msg/joystick_order__type_support.cpp.o[0m
[3.855s] [ 45%] [32mBuilding CXX object CMakeFiles/interfaces__rosidl_typesupport_introspection_cpp.dir/rosidl_typesupport_introspection_cpp/interfaces/msg/detail/system_check__type_support.cpp.o[0m
[3.880s] [ 46%] [32mBuilding CXX object CMakeFiles/interfaces__rosidl_typesupport_introspection_cpp.dir/rosidl_typesupport_introspection_cpp/interfaces/msg/detail/stop_car__type_support.cpp.o[0m
[3.881s] [ 47%] [32mBuilding CXX object CMakeFiles/interfaces__rosidl_typesupport_fastrtps_c.dir/rosidl_typesupport_fastrtps_c/interfaces/msg/detail/motors_feedback__type_support_c.cpp.o[0m
[3.894s] [ 48%] [32mBuilding CXX object CMakeFiles/interfaces__rosidl_typesupport_c.dir/rosidl_typesupport_c/interfaces/msg/motors_order__type_support.cpp.o[0m
[3.936s] [ 49%] [32mBuilding CXX object CMakeFiles/interfaces__rosidl_typesupport_c.dir/rosidl_typesupport_c/interfaces/msg/motors_feedback__type_support.cpp.o[0m
[3.978s] [ 50%] [32mBuilding CXX object CMakeFiles/interfaces__rosidl_typesupport_introspection_cpp.dir/rosidl_typesupport_introspection_cpp/interfaces/msg/detail/trailer_angle__type_support.cpp.o[0m
[3.984s] [ 51%] [32mBuilding CXX object CMakeFiles/interfaces__rosidl_typesupport_c.dir/rosidl_typesupport_c/interfaces/msg/general_data__type_support.cpp.o[0m
[3.986s] [ 52%] [32mBuilding CXX object CMakeFiles/interfaces__rosidl_typesupport_fastrtps_cpp.dir/rosidl_typesupport_fastrtps_cpp/interfaces/msg/detail/dds_fastrtps/gnss__type_support.cpp.o[0m
[4.026s] [ 53%] [32mBuilding CXX object CMakeFiles/interfaces__rosidl_typesupport_c.dir/rosidl_typesupport_c/interfaces/msg/steering_calibration__type_support.cpp.o[0m
[4.039s] [ 54%] [32mBuilding CXX object CMakeFiles/interfaces__rosidl_typesupport_fastrtps_c.dir/rosidl_typesupport_fastrtps_c/interfaces/msg/detail/general_data__type_support_c.cpp.o[0m
[4.060s] [ 55%] [32mBuilding CXX object CMakeFiles/interfaces__rosidl_typesupport_fastrtps_cpp.dir/rosidl_typesupport_fastrtps_cpp/interfaces/msg/detail/dds_fastrtps/system_check__type_support.cpp.o[0m
[4.060s] [ 56%] [32mBuilding CXX object CMakeFiles/interfaces__rosidl_typesupport_fastrtps_cpp.dir/rosidl_typesupport_fastrtps_cpp/interfaces/msg/detail/dds_fastrtps/stop_car__type_support.cpp.o[0m
[4.064s] [ 57%] [32mBuilding CXX object CMakeFiles/interfaces__rosidl_typesupport_fastrtps_c.dir/rosidl_typesupport_fastrtps_c/interfaces/msg/detail/steering_calibration__type_support_c.cpp.o[0m
[4.067s] [ 58%] [32mBuilding CXX object CMakeFiles/interfaces__rosidl_typesupport_c.dir/rosidl_typesupport_c/interfaces/msg/ultrasonic__type_support.cpp.o[0m
[4.071s] [ 59%] [32mBuilding CXX object CMakeFiles/interfaces__rosidl_typesupport_fastrtps_cpp.dir/rosidl_typesupport_fastrtps_cpp/interfaces/msg/detail/dds_fastrtps/trailer_angle__type_support.cpp.o[0m
[4.072s] [35m[1mConsolidate compiler generated dependencies of target interfaces__rosidl_typesupport_introspection_c[0m
[4.078s] [ 60%] [32mBuilding CXX object CMakeFiles/interfaces__rosidl_typesupport_fastrtps_c.dir/rosidl_typesupport_fastrtps_c/interfaces/msg/detail/ultrasonic__type_support_c.cpp.o[0m
[4.078s] [ 61%] [32mBuilding CXX object CMakeFiles/interfaces__rosidl_typesupport_fastrtps_c.dir/rosidl_typesupport_fastrtps_c/interfaces/msg/detail/gnss__type_support_c.cpp.o[0m
[4.090s] [ 62%] [32mBuilding C object CMakeFiles/interfaces__rosidl_typesupport_introspection_c.dir/rosidl_typesupport_introspection_c/interfaces/msg/detail/joystick_order__type_support.c.o[0m
[4.135s] [ 63%] [32mBuilding CXX object CMakeFiles/interfaces__rosidl_typesupport_fastrtps_c.dir/rosidl_typesupport_fastrtps_c/interfaces/msg/detail/system_check__type_support_c.cpp.o[0m
[4.137s] [ 64%] [32mBuilding C object CMakeFiles/interfaces__rosidl_typesupport_introspection_c.dir/rosidl_typesupport_introspection_c/interfaces/msg/detail/motors_order__type_support.c.o[0m
[4.152s] [ 65%] [32mBuilding CXX object CMakeFiles/interfaces__rosidl_typesupport_c.dir/rosidl_typesupport_c/interfaces/msg/gnss__type_support.cpp.o[0m
[4.188s] [ 66%] [32mBuilding C object CMakeFiles/interfaces__rosidl_typesupport_introspection_c.dir/rosidl_typesupport_introspection_c/interfaces/msg/detail/motors_feedback__type_support.c.o[0m
[4.193s] [ 67%] [32mBuilding CXX object CMakeFiles/interfaces__rosidl_typesupport_c.dir/rosidl_typesupport_c/interfaces/msg/system_check__type_support.cpp.o[0m
[4.239s] [ 68%] [32mBuilding C object CMakeFiles/interfaces__rosidl_typesupport_introspection_c.dir/rosidl_typesupport_introspection_c/interfaces/msg/detail/general_data__type_support.c.o[0m
[4.249s] [ 68%] [32mBuilding CXX object CMakeFiles/interfaces__rosidl_typesupport_c.dir/rosidl_typesupport_c/interfaces/msg/stop_car__type_support.cpp.o[0m
[4.287s] [ 69%] [32mBuilding CXX object CMakeFiles/interfaces__rosidl_typesupport_c.dir/rosidl_typesupport_c/interfaces/msg/trailer_angle__type_support.cpp.o[0m
[4.288s] [ 70%] [32mBuilding C object CMakeFiles/interfaces__rosidl_typesupport_introspection_c.dir/rosidl_typesupport_introspection_c/interfaces/msg/detail/steering_calibration__type_support.c.o[0m
[4.290s] [ 71%] [32mBuilding C object CMakeFiles/interfaces__rosidl_typesupport_introspection_c.dir/rosidl_typesupport_introspection_c/interfaces/msg/detail/ultrasonic__type_support.c.o[0m
[4.327s] [ 72%] [32m[1mLinking CXX shared library libinterfaces__rosidl_typesupport_c.so[0m
[4.332s] [ 73%] [32mBuilding C object CMakeFiles/interfaces__rosidl_typesupport_introspection_c.dir/rosidl_typesupport_introspection_c/interfaces/msg/detail/gnss__type_support.c.o[0m
[4.345s] [ 74%] [32mBuilding C object CMakeFiles/interfaces__rosidl_typesupport_introspection_c.dir/rosidl_typesupport_introspection_c/interfaces/msg/detail/system_check__type_support.c.o[0m
[4.375s] [ 75%] [32mBuilding C object CMakeFiles/interfaces__rosidl_typesupport_introspection_c.dir/rosidl_typesupport_introspection_c/interfaces/msg/detail/stop_car__type_support.c.o[0m
[4.386s] [ 75%] Built target interfaces__rosidl_typesupport_c
[4.398s] [ 76%] [32mBuilding C object CMakeFiles/interfaces__rosidl_typesupport_introspection_c.dir/rosidl_typesupport_introspection_c/interfaces/msg/detail/trailer_angle__type_support.c.o[0m
[4.402s] [ 77%] [32mBuilding CXX object CMakeFiles/interfaces__rosidl_typesupport_fastrtps_c.dir/rosidl_typesupport_fastrtps_c/interfaces/msg/detail/trailer_angle__type_support_c.cpp.o[0m
[4.402s] [ 78%] [32mBuilding CXX object CMakeFiles/interfaces__rosidl_typesupport_fastrtps_c.dir/rosidl_typesupport_fastrtps_c/interfaces/msg/detail/stop_car__type_support_c.cpp.o[0m
[4.441s] [ 79%] [32m[1mLinking C shared library libinterfaces__rosidl_typesupport_introspection_c.so[0m
[4.485s] [ 79%] Built target interfaces__rosidl_typesupport_introspection_c
[4.575s] [ 80%] [32m[1mLinking CXX shared library libinterfaces__rosidl_typesupport_introspection_cpp.so[0m
[4.651s] [ 80%] Built target interfaces__rosidl_typesupport_introspection_cpp
[4.697s] [ 81%] [32m[1mLinking CXX shared library libinterfaces__rosidl_typesupport_fastrtps_c.so[0m
[4.713s] [ 82%] [32m[1mLinking CXX shared library libinterfaces__rosidl_typesupport_fastrtps_cpp.so[0m
[4.745s] [ 82%] Built target interfaces__rosidl_typesupport_fastrtps_c
[4.764s] [ 82%] Built target interfaces__rosidl_typesupport_fastrtps_cpp
[4.784s] [ 82%] Built target interfaces
[4.802s] [ 83%] [34m[1mGenerating Python code for ROS interfaces[0m
[5.963s] [ 83%] Built target interfaces__py
[5.972s] [35m[1mConsolidate compiler generated dependencies of target interfaces__rosidl_generator_py[0m
[5.994s] [ 85%] [32mBuilding C object CMakeFiles/interfaces__rosidl_generator_py.dir/rosidl_generator_py/interfaces/msg/_joystick_order_s.c.o[0m
[5.995s] [ 85%] [32mBuilding C object CMakeFiles/interfaces__rosidl_generator_py.dir/rosidl_generator_py/interfaces/msg/_motors_order_s.c.o[0m
[5.995s] [ 86%] [32mBuilding C object CMakeFiles/interfaces__rosidl_generator_py.dir/rosidl_generator_py/interfaces/msg/_motors_feedback_s.c.o[0m
[5.995s] [ 87%] [32mBuilding C object CMakeFiles/interfaces__rosidl_generator_py.dir/rosidl_generator_py/interfaces/msg/_general_data_s.c.o[0m
[6.000s] [ 88%] [32mBuilding C object CMakeFiles/interfaces__rosidl_generator_py.dir/rosidl_generator_py/interfaces/msg/_steering_calibration_s.c.o[0m
[6.000s] [ 89%] [32mBuilding C object CMakeFiles/interfaces__rosidl_generator_py.dir/rosidl_generator_py/interfaces/msg/_ultrasonic_s.c.o[0m
[6.001s] [ 90%] [32mBuilding C object CMakeFiles/interfaces__rosidl_generator_py.dir/rosidl_generator_py/interfaces/msg/_gnss_s.c.o[0m
[6.002s] [ 93%] [32mBuilding C object CMakeFiles/interfaces__rosidl_generator_py.dir/rosidl_generator_py/interfaces/msg/_trailer_angle_s.c.o[0m
[6.002s] [ 93%] [32mBuilding C object CMakeFiles/interfaces__rosidl_generator_py.dir/rosidl_generator_py/interfaces/msg/_stop_car_s.c.o[0m
[6.002s] [ 93%] [32mBuilding C object CMakeFiles/interfaces__rosidl_generator_py.dir/rosidl_generator_py/interfaces/msg/_system_check_s.c.o[0m
[6.150s] [ 94%] [32m[1mLinking C shared library rosidl_generator_py/interfaces/libinterfaces__rosidl_generator_py.so[0m
[6.195s] [ 94%] Built target interfaces__rosidl_generator_py
[6.206s] [35m[1mConsolidate compiler generated dependencies of target interfaces__rosidl_typesupport_fastrtps_c__pyext[0m
[6.206s] [35m[1mConsolidate compiler generated dependencies of target interfaces__rosidl_typesupport_introspection_c__pyext[0m
[6.206s] [35m[1mConsolidate compiler generated dependencies of target interfaces__rosidl_typesupport_c__pyext[0m
[6.222s] [ 96%] [32mBuilding C object CMakeFiles/interfaces__rosidl_typesupport_introspection_c__pyext.dir/rosidl_generator_py/interfaces/_interfaces_s.ep.rosidl_typesupport_introspection_c.c.o[0m
[6.222s] [ 95%] [32mBuilding C object CMakeFiles/interfaces__rosidl_typesupport_fastrtps_c__pyext.dir/rosidl_generator_py/interfaces/_interfaces_s.ep.rosidl_typesupport_fastrtps_c.c.o[0m
[6.222s] [ 97%] [32mBuilding C object CMakeFiles/interfaces__rosidl_typesupport_c__pyext.dir/rosidl_generator_py/interfaces/_interfaces_s.ep.rosidl_typesupport_c.c.o[0m
[6.338s] [ 98%] [32m[1mLinking C shared library rosidl_generator_py/interfaces/interfaces_s__rosidl_typesupport_c.cpython-310-x86_64-linux-gnu.so[0m
[6.338s] [ 99%] [32m[1mLinking C shared library rosidl_generator_py/interfaces/interfaces_s__rosidl_typesupport_introspection_c.cpython-310-x86_64-linux-gnu.so[0m
[6.339s] [100%] [32m[1mLinking C shared library rosidl_generator_py/interfaces/interfaces_s__rosidl_typesupport_fastrtps_c.cpython-310-x86_64-linux-gnu.so[0m
[6.360s] [100%] Built target interfaces__rosidl_typesupport_introspection_c__pyext
[6.360s] [100%] Built target interfaces__rosidl_typesupport_c__pyext
[6.360s] [100%] Built target interfaces__rosidl_typesupport_fastrtps_c__pyext
[6.371s] Invoked command in '/home/killian/Bureau/Projet_Voiture/TrailerMate/raspberryPI3/ros2_ws/build/interfaces' returned '0': CMAKE_PREFIX_PATH=${CMAKE_PREFIX_PATH}:/home/killian/Bureau/Projet_Voiture/TrailerMate/raspberryPI3/ros2_ws/install/trailer_angle_package:/opt/ros/humble /usr/bin/cmake --build /home/killian/Bureau/Projet_Voiture/TrailerMate/raspberryPI3/ros2_ws/build/interfaces -- -j16 -l16
[6.590s] Invoking command in '/home/killian/Bureau/Projet_Voiture/TrailerMate/raspberryPI3/ros2_ws/build/interfaces': CMAKE_PREFIX_PATH=${CMAKE_PREFIX_PATH}:/home/killian/Bureau/Projet_Voiture/TrailerMate/raspberryPI3/ros2_ws/install/trailer_angle_package:/opt/ros/humble /usr/bin/cmake --install /home/killian/Bureau/Projet_Voiture/TrailerMate/raspberryPI3/ros2_ws/build/interfaces
[6.598s] -- Install configuration: ""
[6.598s] -- Installing: /home/killian/Bureau/Projet_Voiture/TrailerMate/raspberryPI3/ros2_ws/install/interfaces/share/ament_index/resource_index/rosidl_interfaces/interfaces
[6.598s] -- Up-to-date: /home/killian/Bureau/Projet_Voiture/TrailerMate/raspberryPI3/ros2_ws/install/interfaces/include/interfaces/interfaces
[6.598s] -- Up-to-date: /home/killian/Bureau/Projet_Voiture/TrailerMate/raspberryPI3/ros2_ws/install/interfaces/include/interfaces/interfaces/msg
[6.598s] -- Up-to-date: /home/killian/Bureau/Projet_Voiture/TrailerMate/raspberryPI3/ros2_ws/install/interfaces/include/interfaces/interfaces/msg/detail
[6.598s] -- Installing: /home/killian/Bureau/Projet_Voiture/TrailerMate/raspberryPI3/ros2_ws/install/interfaces/include/interfaces/interfaces/msg/detail/ultrasonic__struct.h
[6.599s] -- Installing: /home/killian/Bureau/Projet_Voiture/TrailerMate/raspberryPI3/ros2_ws/install/interfaces/include/interfaces/interfaces/msg/detail/gnss__functions.c
[6.599s] -- Installing: /home/killian/Bureau/Projet_Voiture/TrailerMate/raspberryPI3/ros2_ws/install/interfaces/include/interfaces/interfaces/msg/detail/steering_calibration__functions.h
[6.599s] -- Installing: /home/killian/Bureau/Projet_Voiture/TrailerMate/raspberryPI3/ros2_ws/install/interfaces/include/interfaces/interfaces/msg/detail/general_data__functions.h
[6.599s] -- Installing: /home/killian/Bureau/Projet_Voiture/TrailerMate/raspberryPI3/ros2_ws/install/interfaces/include/interfaces/interfaces/msg/detail/motors_feedback__functions.c
[6.599s] -- Installing: /home/killian/Bureau/Projet_Voiture/TrailerMate/raspberryPI3/ros2_ws/install/interfaces/include/interfaces/interfaces/msg/detail/motors_order__functions.c
[6.599s] -- Installing: /home/killian/Bureau/Projet_Voiture/TrailerMate/raspberryPI3/ros2_ws/install/interfaces/include/interfaces/interfaces/msg/detail/general_data__type_support.h
[6.599s] -- Installing: /home/killian/Bureau/Projet_Voiture/TrailerMate/raspberryPI3/ros2_ws/install/interfaces/include/interfaces/interfaces/msg/detail/stop_car__functions.c
[6.599s] -- Installing: /home/killian/Bureau/Projet_Voiture/TrailerMate/raspberryPI3/ros2_ws/install/interfaces/include/interfaces/interfaces/msg/detail/steering_calibration__functions.c
[6.599s] -- Installing: /home/killian/Bureau/Projet_Voiture/TrailerMate/raspberryPI3/ros2_ws/install/interfaces/include/interfaces/interfaces/msg/detail/motors_feedback__functions.h
[6.600s] -- Installing: /home/killian/Bureau/Projet_Voiture/TrailerMate/raspberryPI3/ros2_ws/install/interfaces/include/interfaces/interfaces/msg/detail/steering_calibration__type_support.h
[6.600s] -- Installing: /home/killian/Bureau/Projet_Voiture/TrailerMate/raspberryPI3/ros2_ws/install/interfaces/include/interfaces/interfaces/msg/detail/motors_feedback__type_support.h
[6.600s] -- Installing: /home/killian/Bureau/Projet_Voiture/TrailerMate/raspberryPI3/ros2_ws/install/interfaces/include/interfaces/interfaces/msg/detail/joystick_order__functions.c
[6.600s] -- Installing: /home/killian/Bureau/Projet_Voiture/TrailerMate/raspberryPI3/ros2_ws/install/interfaces/include/interfaces/interfaces/msg/detail/trailer_angle__functions.c
[6.600s] -- Installing: /home/killian/Bureau/Projet_Voiture/TrailerMate/raspberryPI3/ros2_ws/install/interfaces/include/interfaces/interfaces/msg/detail/stop_car__functions.h
[6.600s] -- Installing: /home/killian/Bureau/Projet_Voiture/TrailerMate/raspberryPI3/ros2_ws/install/interfaces/include/interfaces/interfaces/msg/detail/system_check__functions.h
[6.600s] -- Installing: /home/killian/Bureau/Projet_Voiture/TrailerMate/raspberryPI3/ros2_ws/install/interfaces/include/interfaces/interfaces/msg/detail/motors_order__functions.h
[6.600s] -- Installing: /home/killian/Bureau/Projet_Voiture/TrailerMate/raspberryPI3/ros2_ws/install/interfaces/include/interfaces/interfaces/msg/detail/general_data__functions.c
[6.601s] -- Installing: /home/killian/Bureau/Projet_Voiture/TrailerMate/raspberryPI3/ros2_ws/install/interfaces/include/interfaces/interfaces/msg/detail/stop_car__type_support.h
[6.601s] -- Installing: /home/killian/Bureau/Projet_Voiture/TrailerMate/raspberryPI3/ros2_ws/install/interfaces/include/interfaces/interfaces/msg/detail/system_check__functions.c
[6.601s] -- Installing: /home/killian/Bureau/Projet_Voiture/TrailerMate/raspberryPI3/ros2_ws/install/interfaces/include/interfaces/interfaces/msg/detail/motors_order__struct.h
[6.601s] -- Installing: /home/killian/Bureau/Projet_Voiture/TrailerMate/raspberryPI3/ros2_ws/install/interfaces/include/interfaces/interfaces/msg/detail/ultrasonic__functions.h
[6.601s] -- Installing: /home/killian/Bureau/Projet_Voiture/TrailerMate/raspberryPI3/ros2_ws/install/interfaces/include/interfaces/interfaces/msg/detail/stop_car__struct.h
[6.601s] -- Installing: /home/killian/Bureau/Projet_Voiture/TrailerMate/raspberryPI3/ros2_ws/install/interfaces/include/interfaces/interfaces/msg/detail/system_check__struct.h
[6.601s] -- Installing: /home/killian/Bureau/Projet_Voiture/TrailerMate/raspberryPI3/ros2_ws/install/interfaces/include/interfaces/interfaces/msg/detail/joystick_order__struct.h
[6.601s] -- Installing: /home/killian/Bureau/Projet_Voiture/TrailerMate/raspberryPI3/ros2_ws/install/interfaces/include/interfaces/interfaces/msg/detail/joystick_order__type_support.h
[6.601s] -- Installing: /home/killian/Bureau/Projet_Voiture/TrailerMate/raspberryPI3/ros2_ws/install/interfaces/include/interfaces/interfaces/msg/detail/motors_feedback__struct.h
[6.602s] -- Installing: /home/killian/Bureau/Projet_Voiture/TrailerMate/raspberryPI3/ros2_ws/install/interfaces/include/interfaces/interfaces/msg/detail/ultrasonic__type_support.h
[6.602s] -- Installing: /home/killian/Bureau/Projet_Voiture/TrailerMate/raspberryPI3/ros2_ws/install/interfaces/include/interfaces/interfaces/msg/detail/gnss__struct.h
[6.602s] -- Installing: /home/killian/Bureau/Projet_Voiture/TrailerMate/raspberryPI3/ros2_ws/install/interfaces/include/interfaces/interfaces/msg/detail/motors_order__type_support.h
[6.602s] -- Installing: /home/killian/Bureau/Projet_Voiture/TrailerMate/raspberryPI3/ros2_ws/install/interfaces/include/interfaces/interfaces/msg/detail/gnss__type_support.h
[6.602s] -- Installing: /home/killian/Bureau/Projet_Voiture/TrailerMate/raspberryPI3/ros2_ws/install/interfaces/include/interfaces/interfaces/msg/detail/trailer_angle__type_support.h
[6.602s] -- Installing: /home/killian/Bureau/Projet_Voiture/TrailerMate/raspberryPI3/ros2_ws/install/interfaces/include/interfaces/interfaces/msg/detail/joystick_order__functions.h
[6.602s] -- Installing: /home/killian/Bureau/Projet_Voiture/TrailerMate/raspberryPI3/ros2_ws/install/interfaces/include/interfaces/interfaces/msg/detail/ultrasonic__functions.c
[6.602s] -- Installing: /home/killian/Bureau/Projet_Voiture/TrailerMate/raspberryPI3/ros2_ws/install/interfaces/include/interfaces/interfaces/msg/detail/steering_calibration__struct.h
[6.602s] -- Installing: /home/killian/Bureau/Projet_Voiture/TrailerMate/raspberryPI3/ros2_ws/install/interfaces/include/interfaces/interfaces/msg/detail/system_check__type_support.h
[6.603s] -- Installing: /home/killian/Bureau/Projet_Voiture/TrailerMate/raspberryPI3/ros2_ws/install/interfaces/include/interfaces/interfaces/msg/detail/trailer_angle__struct.h
[6.603s] -- Installing: /home/killian/Bureau/Projet_Voiture/TrailerMate/raspberryPI3/ros2_ws/install/interfaces/include/interfaces/interfaces/msg/detail/general_data__struct.h
[6.603s] -- Installing: /home/killian/Bureau/Projet_Voiture/TrailerMate/raspberryPI3/ros2_ws/install/interfaces/include/interfaces/interfaces/msg/detail/trailer_angle__functions.h
[6.603s] -- Installing: /home/killian/Bureau/Projet_Voiture/TrailerMate/raspberryPI3/ros2_ws/install/interfaces/include/interfaces/interfaces/msg/detail/gnss__functions.h
[6.603s] -- Installing: /home/killian/Bureau/Projet_Voiture/TrailerMate/raspberryPI3/ros2_ws/install/interfaces/include/interfaces/interfaces/msg/trailer_angle.h
[6.603s] -- Installing: /home/killian/Bureau/Projet_Voiture/TrailerMate/raspberryPI3/ros2_ws/install/interfaces/include/interfaces/interfaces/msg/ultrasonic.h
[6.603s] -- Installing: /home/killian/Bureau/Projet_Voiture/TrailerMate/raspberryPI3/ros2_ws/install/interfaces/include/interfaces/interfaces/msg/motors_order.h
[6.603s] -- Installing: /home/killian/Bureau/Projet_Voiture/TrailerMate/raspberryPI3/ros2_ws/install/interfaces/include/interfaces/interfaces/msg/general_data.h
[6.604s] -- Installing: /home/killian/Bureau/Projet_Voiture/TrailerMate/raspberryPI3/ros2_ws/install/interfaces/include/interfaces/interfaces/msg/motors_feedback.h
[6.604s] -- Installing: /home/killian/Bureau/Projet_Voiture/TrailerMate/raspberryPI3/ros2_ws/install/interfaces/include/interfaces/interfaces/msg/system_check.h
[6.604s] -- Installing: /home/killian/Bureau/Projet_Voiture/TrailerMate/raspberryPI3/ros2_ws/install/interfaces/include/interfaces/interfaces/msg/steering_calibration.h
[6.604s] -- Installing: /home/killian/Bureau/Projet_Voiture/TrailerMate/raspberryPI3/ros2_ws/install/interfaces/include/interfaces/interfaces/msg/stop_car.h
[6.604s] -- Up-to-date: /home/killian/Bureau/Projet_Voiture/TrailerMate/raspberryPI3/ros2_ws/install/interfaces/include/interfaces/interfaces/msg/rosidl_generator_c__visibility_control.h
[6.604s] -- Installing: /home/killian/Bureau/Projet_Voiture/TrailerMate/raspberryPI3/ros2_ws/install/interfaces/include/interfaces/interfaces/msg/gnss.h
[6.604s] -- Installing: /home/killian/Bureau/Projet_Voiture/TrailerMate/raspberryPI3/ros2_ws/install/interfaces/include/interfaces/interfaces/msg/joystick_order.h
[6.604s] -- Up-to-date: /home/killian/Bureau/Projet_Voiture/TrailerMate/raspberryPI3/ros2_ws/install/interfaces/share/interfaces/environment/library_path.sh
[6.604s] -- Installing: /home/killian/Bureau/Projet_Voiture/TrailerMate/raspberryPI3/ros2_ws/install/interfaces/share/interfaces/environment/library_path.dsv
[6.604s] -- Installing: /home/killian/Bureau/Projet_Voiture/TrailerMate/raspberryPI3/ros2_ws/install/interfaces/lib/libinterfaces__rosidl_generator_c.so
[6.605s] -- Set runtime path of "/home/killian/Bureau/Projet_Voiture/TrailerMate/raspberryPI3/ros2_ws/install/interfaces/lib/libinterfaces__rosidl_generator_c.so" to ""
[6.605s] -- Up-to-date: /home/killian/Bureau/Projet_Voiture/TrailerMate/raspberryPI3/ros2_ws/install/interfaces/include/interfaces/interfaces
[6.605s] -- Up-to-date: /home/killian/Bureau/Projet_Voiture/TrailerMate/raspberryPI3/ros2_ws/install/interfaces/include/interfaces/interfaces/msg
[6.605s] -- Up-to-date: /home/killian/Bureau/Projet_Voiture/TrailerMate/raspberryPI3/ros2_ws/install/interfaces/include/interfaces/interfaces/msg/rosidl_typesupport_fastrtps_c__visibility_control.h
[6.605s] -- Up-to-date: /home/killian/Bureau/Projet_Voiture/TrailerMate/raspberryPI3/ros2_ws/install/interfaces/include/interfaces/interfaces/msg/detail
[6.605s] -- Installing: /home/killian/Bureau/Projet_Voiture/TrailerMate/raspberryPI3/ros2_ws/install/interfaces/include/interfaces/interfaces/msg/detail/motors_feedback__rosidl_typesupport_fastrtps_c.h
[6.605s] -- Installing: /home/killian/Bureau/Projet_Voiture/TrailerMate/raspberryPI3/ros2_ws/install/interfaces/include/interfaces/interfaces/msg/detail/steering_calibration__rosidl_typesupport_fastrtps_c.h
[6.605s] -- Installing: /home/killian/Bureau/Projet_Voiture/TrailerMate/raspberryPI3/ros2_ws/install/interfaces/include/interfaces/interfaces/msg/detail/general_data__rosidl_typesupport_fastrtps_c.h
[6.605s] -- Installing: /home/killian/Bureau/Projet_Voiture/TrailerMate/raspberryPI3/ros2_ws/install/interfaces/include/interfaces/interfaces/msg/detail/gnss__rosidl_typesupport_fastrtps_c.h
[6.605s] -- Installing: /home/killian/Bureau/Projet_Voiture/TrailerMate/raspberryPI3/ros2_ws/install/interfaces/include/interfaces/interfaces/msg/detail/trailer_angle__rosidl_typesupport_fastrtps_c.h
[6.605s] -- Installing: /home/killian/Bureau/Projet_Voiture/TrailerMate/raspberryPI3/ros2_ws/install/interfaces/include/interfaces/interfaces/msg/detail/system_check__rosidl_typesupport_fastrtps_c.h
[6.605s] -- Installing: /home/killian/Bureau/Projet_Voiture/TrailerMate/raspberryPI3/ros2_ws/install/interfaces/include/interfaces/interfaces/msg/detail/joystick_order__rosidl_typesupport_fastrtps_c.h
[6.605s] -- Installing: /home/killian/Bureau/Projet_Voiture/TrailerMate/raspberryPI3/ros2_ws/install/interfaces/include/interfaces/interfaces/msg/detail/motors_order__rosidl_typesupport_fastrtps_c.h
[6.605s] -- Installing: /home/killian/Bureau/Projet_Voiture/TrailerMate/raspberryPI3/ros2_ws/install/interfaces/include/interfaces/interfaces/msg/detail/ultrasonic__rosidl_typesupport_fastrtps_c.h
[6.605s] -- Installing: /home/killian/Bureau/Projet_Voiture/TrailerMate/raspberryPI3/ros2_ws/install/interfaces/include/interfaces/interfaces/msg/detail/stop_car__rosidl_typesupport_fastrtps_c.h
[6.605s] -- Installing: /home/killian/Bureau/Projet_Voiture/TrailerMate/raspberryPI3/ros2_ws/install/interfaces/lib/libinterfaces__rosidl_typesupport_fastrtps_c.so
[6.605s] -- Set runtime path of "/home/killian/Bureau/Projet_Voiture/TrailerMate/raspberryPI3/ros2_ws/install/interfaces/lib/libinterfaces__rosidl_typesupport_fastrtps_c.so" to ""
[6.606s] -- Up-to-date: /home/killian/Bureau/Projet_Voiture/TrailerMate/raspberryPI3/ros2_ws/install/interfaces/include/interfaces/interfaces
[6.606s] -- Up-to-date: /home/killian/Bureau/Projet_Voiture/TrailerMate/raspberryPI3/ros2_ws/install/interfaces/include/interfaces/interfaces/msg
[6.606s] -- Installing: /home/killian/Bureau/Projet_Voiture/TrailerMate/raspberryPI3/ros2_ws/install/interfaces/include/interfaces/interfaces/msg/steering_calibration.hpp
[6.606s] -- Installing: /home/killian/Bureau/Projet_Voiture/TrailerMate/raspberryPI3/ros2_ws/install/interfaces/include/interfaces/interfaces/msg/motors_order.hpp
[6.606s] -- Up-to-date: /home/killian/Bureau/Projet_Voiture/TrailerMate/raspberryPI3/ros2_ws/install/interfaces/include/interfaces/interfaces/msg/detail
[6.606s] -- Installing: /home/killian/Bureau/Projet_Voiture/TrailerMate/raspberryPI3/ros2_ws/install/interfaces/include/interfaces/interfaces/msg/detail/gnss__struct.hpp
[6.606s] -- Installing: /home/killian/Bureau/Projet_Voiture/TrailerMate/raspberryPI3/ros2_ws/install/interfaces/include/interfaces/interfaces/msg/detail/motors_feedback__traits.hpp
[6.606s] -- Installing: /home/killian/Bureau/Projet_Voiture/TrailerMate/raspberryPI3/ros2_ws/install/interfaces/include/interfaces/interfaces/msg/detail/ultrasonic__struct.hpp
[6.606s] -- Installing: /home/killian/Bureau/Projet_Voiture/TrailerMate/raspberryPI3/ros2_ws/install/interfaces/include/interfaces/interfaces/msg/detail/motors_feedback__struct.hpp
[6.606s] -- Installing: /home/killian/Bureau/Projet_Voiture/TrailerMate/raspberryPI3/ros2_ws/install/interfaces/include/interfaces/interfaces/msg/detail/joystick_order__builder.hpp
[6.606s] -- Installing: /home/killian/Bureau/Projet_Voiture/TrailerMate/raspberryPI3/ros2_ws/install/interfaces/include/interfaces/interfaces/msg/detail/joystick_order__struct.hpp
[6.606s] -- Installing: /home/killian/Bureau/Projet_Voiture/TrailerMate/raspberryPI3/ros2_ws/install/interfaces/include/interfaces/interfaces/msg/detail/trailer_angle__builder.hpp
[6.606s] -- Installing: /home/killian/Bureau/Projet_Voiture/TrailerMate/raspberryPI3/ros2_ws/install/interfaces/include/interfaces/interfaces/msg/detail/stop_car__builder.hpp
[6.606s] -- Installing: /home/killian/Bureau/Projet_Voiture/TrailerMate/raspberryPI3/ros2_ws/install/interfaces/include/interfaces/interfaces/msg/detail/steering_calibration__traits.hpp
[6.606s] -- Installing: /home/killian/Bureau/Projet_Voiture/TrailerMate/raspberryPI3/ros2_ws/install/interfaces/include/interfaces/interfaces/msg/detail/steering_calibration__builder.hpp
[6.607s] -- Installing: /home/killian/Bureau/Projet_Voiture/TrailerMate/raspberryPI3/ros2_ws/install/interfaces/include/interfaces/interfaces/msg/detail/motors_order__builder.hpp
[6.607s] -- Installing: /home/killian/Bureau/Projet_Voiture/TrailerMate/raspberryPI3/ros2_ws/install/interfaces/include/interfaces/interfaces/msg/detail/ultrasonic__traits.hpp
[6.607s] -- Installing: /home/killian/Bureau/Projet_Voiture/TrailerMate/raspberryPI3/ros2_ws/install/interfaces/include/interfaces/interfaces/msg/detail/motors_order__traits.hpp
[6.607s] -- Installing: /home/killian/Bureau/Projet_Voiture/TrailerMate/raspberryPI3/ros2_ws/install/interfaces/include/interfaces/interfaces/msg/detail/gnss__builder.hpp
[6.607s] -- Installing: /home/killian/Bureau/Projet_Voiture/TrailerMate/raspberryPI3/ros2_ws/install/interfaces/include/interfaces/interfaces/msg/detail/motors_order__struct.hpp
[6.607s] -- Installing: /home/killian/Bureau/Projet_Voiture/TrailerMate/raspberryPI3/ros2_ws/install/interfaces/include/interfaces/interfaces/msg/detail/trailer_angle__traits.hpp
[6.607s] -- Installing: /home/killian/Bureau/Projet_Voiture/TrailerMate/raspberryPI3/ros2_ws/install/interfaces/include/interfaces/interfaces/msg/detail/system_check__traits.hpp
[6.607s] -- Installing: /home/killian/Bureau/Projet_Voiture/TrailerMate/raspberryPI3/ros2_ws/install/interfaces/include/interfaces/interfaces/msg/detail/trailer_angle__struct.hpp
[6.607s] -- Installing: /home/killian/Bureau/Projet_Voiture/TrailerMate/raspberryPI3/ros2_ws/install/interfaces/include/interfaces/interfaces/msg/detail/general_data__traits.hpp
[6.607s] -- Installing: /home/killian/Bureau/Projet_Voiture/TrailerMate/raspberryPI3/ros2_ws/install/interfaces/include/interfaces/interfaces/msg/detail/ultrasonic__builder.hpp
[6.607s] -- Installing: /home/killian/Bureau/Projet_Voiture/TrailerMate/raspberryPI3/ros2_ws/install/interfaces/include/interfaces/interfaces/msg/detail/system_check__builder.hpp
[6.607s] -- Installing: /home/killian/Bureau/Projet_Voiture/TrailerMate/raspberryPI3/ros2_ws/install/interfaces/include/interfaces/interfaces/msg/detail/stop_car__struct.hpp
[6.607s] -- Installing: /home/killian/Bureau/Projet_Voiture/TrailerMate/raspberryPI3/ros2_ws/install/interfaces/include/interfaces/interfaces/msg/detail/general_data__struct.hpp
[6.607s] -- Installing: /home/killian/Bureau/Projet_Voiture/TrailerMate/raspberryPI3/ros2_ws/install/interfaces/include/interfaces/interfaces/msg/detail/system_check__struct.hpp
[6.607s] -- Installing: /home/killian/Bureau/Projet_Voiture/TrailerMate/raspberryPI3/ros2_ws/install/interfaces/include/interfaces/interfaces/msg/detail/steering_calibration__struct.hpp
[6.607s] -- Installing: /home/killian/Bureau/Projet_Voiture/TrailerMate/raspberryPI3/ros2_ws/install/interfaces/include/interfaces/interfaces/msg/detail/motors_feedback__builder.hpp
[6.608s] -- Installing: /home/killian/Bureau/Projet_Voiture/TrailerMate/raspberryPI3/ros2_ws/install/interfaces/include/interfaces/interfaces/msg/detail/gnss__traits.hpp
[6.608s] -- Installing: /home/killian/Bureau/Projet_Voiture/TrailerMate/raspberryPI3/ros2_ws/install/interfaces/include/interfaces/interfaces/msg/detail/joystick_order__traits.hpp
[6.608s] -- Installing: /home/killian/Bureau/Projet_Voiture/TrailerMate/raspberryPI3/ros2_ws/install/interfaces/include/interfaces/interfaces/msg/detail/stop_car__traits.hpp
[6.608s] -- Installing: /home/killian/Bureau/Projet_Voiture/TrailerMate/raspberryPI3/ros2_ws/install/interfaces/include/interfaces/interfaces/msg/detail/general_data__builder.hpp
[6.608s] -- Installing: /home/killian/Bureau/Projet_Voiture/TrailerMate/raspberryPI3/ros2_ws/install/interfaces/include/interfaces/interfaces/msg/stop_car.hpp
[6.608s] -- Installing: /home/killian/Bureau/Projet_Voiture/TrailerMate/raspberryPI3/ros2_ws/install/interfaces/include/interfaces/interfaces/msg/trailer_angle.hpp
[6.608s] -- Installing: /home/killian/Bureau/Projet_Voiture/TrailerMate/raspberryPI3/ros2_ws/install/interfaces/include/interfaces/interfaces/msg/gnss.hpp
[6.608s] -- Installing: /home/killian/Bureau/Projet_Voiture/TrailerMate/raspberryPI3/ros2_ws/install/interfaces/include/interfaces/interfaces/msg/joystick_order.hpp
[6.608s] -- Installing: /home/killian/Bureau/Projet_Voiture/TrailerMate/raspberryPI3/ros2_ws/install/interfaces/include/interfaces/interfaces/msg/general_data.hpp
[6.608s] -- Installing: /home/killian/Bureau/Projet_Voiture/TrailerMate/raspberryPI3/ros2_ws/install/interfaces/include/interfaces/interfaces/msg/motors_feedback.hpp
[6.608s] -- Installing: /home/killian/Bureau/Projet_Voiture/TrailerMate/raspberryPI3/ros2_ws/install/interfaces/include/interfaces/interfaces/msg/system_check.hpp
[6.608s] -- Installing: /home/killian/Bureau/Projet_Voiture/TrailerMate/raspberryPI3/ros2_ws/install/interfaces/include/interfaces/interfaces/msg/ultrasonic.hpp
[6.608s] -- Up-to-date: /home/killian/Bureau/Projet_Voiture/TrailerMate/raspberryPI3/ros2_ws/install/interfaces/include/interfaces/interfaces
[6.608s] -- Up-to-date: /home/killian/Bureau/Projet_Voiture/TrailerMate/raspberryPI3/ros2_ws/install/interfaces/include/interfaces/interfaces/msg
[6.608s] -- Up-to-date: /home/killian/Bureau/Projet_Voiture/TrailerMate/raspberryPI3/ros2_ws/install/interfaces/include/interfaces/interfaces/msg/detail
[6.608s] -- Installing: /home/killian/Bureau/Projet_Voiture/TrailerMate/raspberryPI3/ros2_ws/install/interfaces/include/interfaces/interfaces/msg/detail/stop_car__rosidl_typesupport_fastrtps_cpp.hpp
[6.608s] -- Installing: /home/killian/Bureau/Projet_Voiture/TrailerMate/raspberryPI3/ros2_ws/install/interfaces/include/interfaces/interfaces/msg/detail/steering_calibration__rosidl_typesupport_fastrtps_cpp.hpp
[6.609s] -- Installing: /home/killian/Bureau/Projet_Voiture/TrailerMate/raspberryPI3/ros2_ws/install/interfaces/include/interfaces/interfaces/msg/detail/system_check__rosidl_typesupport_fastrtps_cpp.hpp
[6.609s] -- Up-to-date: /home/killian/Bureau/Projet_Voiture/TrailerMate/raspberryPI3/ros2_ws/install/interfaces/include/interfaces/interfaces/msg/detail/dds_fastrtps
[6.609s] -- Installing: /home/killian/Bureau/Projet_Voiture/TrailerMate/raspberryPI3/ros2_ws/install/interfaces/include/interfaces/interfaces/msg/detail/general_data__rosidl_typesupport_fastrtps_cpp.hpp
[6.609s] -- Installing: /home/killian/Bureau/Projet_Voiture/TrailerMate/raspberryPI3/ros2_ws/install/interfaces/include/interfaces/interfaces/msg/detail/motors_order__rosidl_typesupport_fastrtps_cpp.hpp
[6.609s] -- Installing: /home/killian/Bureau/Projet_Voiture/TrailerMate/raspberryPI3/ros2_ws/install/interfaces/include/interfaces/interfaces/msg/detail/gnss__rosidl_typesupport_fastrtps_cpp.hpp
[6.609s] -- Installing: /home/killian/Bureau/Projet_Voiture/TrailerMate/raspberryPI3/ros2_ws/install/interfaces/include/interfaces/interfaces/msg/detail/trailer_angle__rosidl_typesupport_fastrtps_cpp.hpp
[6.609s] -- Installing: /home/killian/Bureau/Projet_Voiture/TrailerMate/raspberryPI3/ros2_ws/install/interfaces/include/interfaces/interfaces/msg/detail/joystick_order__rosidl_typesupport_fastrtps_cpp.hpp
[6.609s] -- Installing: /home/killian/Bureau/Projet_Voiture/TrailerMate/raspberryPI3/ros2_ws/install/interfaces/include/interfaces/interfaces/msg/detail/ultrasonic__rosidl_typesupport_fastrtps_cpp.hpp
[6.609s] -- Installing: /home/killian/Bureau/Projet_Voiture/TrailerMate/raspberryPI3/ros2_ws/install/interfaces/include/interfaces/interfaces/msg/detail/motors_feedback__rosidl_typesupport_fastrtps_cpp.hpp
[6.609s] -- Up-to-date: /home/killian/Bureau/Projet_Voiture/TrailerMate/raspberryPI3/ros2_ws/install/interfaces/include/interfaces/interfaces/msg/rosidl_typesupport_fastrtps_cpp__visibility_control.h
[6.609s] -- Installing: /home/killian/Bureau/Projet_Voiture/TrailerMate/raspberryPI3/ros2_ws/install/interfaces/lib/libinterfaces__rosidl_typesupport_fastrtps_cpp.so
[6.609s] -- Set runtime path of "/home/killian/Bureau/Projet_Voiture/TrailerMate/raspberryPI3/ros2_ws/install/interfaces/lib/libinterfaces__rosidl_typesupport_fastrtps_cpp.so" to ""
[6.609s] -- Up-to-date: /home/killian/Bureau/Projet_Voiture/TrailerMate/raspberryPI3/ros2_ws/install/interfaces/include/interfaces/interfaces
[6.609s] -- Up-to-date: /home/killian/Bureau/Projet_Voiture/TrailerMate/raspberryPI3/ros2_ws/install/interfaces/include/interfaces/interfaces/msg
[6.609s] -- Up-to-date: /home/killian/Bureau/Projet_Voiture/TrailerMate/raspberryPI3/ros2_ws/install/interfaces/include/interfaces/interfaces/msg/detail
[6.609s] -- Installing: /home/killian/Bureau/Projet_Voiture/TrailerMate/raspberryPI3/ros2_ws/install/interfaces/include/interfaces/interfaces/msg/detail/motors_feedback__type_support.c
[6.609s] -- Installing: /home/killian/Bureau/Projet_Voiture/TrailerMate/raspberryPI3/ros2_ws/install/interfaces/include/interfaces/interfaces/msg/detail/system_check__rosidl_typesupport_introspection_c.h
[6.610s] -- Installing: /home/killian/Bureau/Projet_Voiture/TrailerMate/raspberryPI3/ros2_ws/install/interfaces/include/interfaces/interfaces/msg/detail/motors_feedback__rosidl_typesupport_introspection_c.h
[6.610s] -- Installing: /home/killian/Bureau/Projet_Voiture/TrailerMate/raspberryPI3/ros2_ws/install/interfaces/include/interfaces/interfaces/msg/detail/motors_order__rosidl_typesupport_introspection_c.h
[6.610s] -- Installing: /home/killian/Bureau/Projet_Voiture/TrailerMate/raspberryPI3/ros2_ws/install/interfaces/include/interfaces/interfaces/msg/detail/steering_calibration__rosidl_typesupport_introspection_c.h
[6.610s] -- Installing: /home/killian/Bureau/Projet_Voiture/TrailerMate/raspberryPI3/ros2_ws/install/interfaces/include/interfaces/interfaces/msg/detail/steering_calibration__type_support.c
[6.610s] -- Installing: /home/killian/Bureau/Projet_Voiture/TrailerMate/raspberryPI3/ros2_ws/install/interfaces/include/interfaces/interfaces/msg/detail/trailer_angle__type_support.c
[6.610s] -- Installing: /home/killian/Bureau/Projet_Voiture/TrailerMate/raspberryPI3/ros2_ws/install/interfaces/include/interfaces/interfaces/msg/detail/trailer_angle__rosidl_typesupport_introspection_c.h
[6.610s] -- Installing: /home/killian/Bureau/Projet_Voiture/TrailerMate/raspberryPI3/ros2_ws/install/interfaces/include/interfaces/interfaces/msg/detail/gnss__type_support.c
[6.610s] -- Installing: /home/killian/Bureau/Projet_Voiture/TrailerMate/raspberryPI3/ros2_ws/install/interfaces/include/interfaces/interfaces/msg/detail/stop_car__rosidl_typesupport_introspection_c.h
[6.610s] -- Installing: /home/killian/Bureau/Projet_Voiture/TrailerMate/raspberryPI3/ros2_ws/install/interfaces/include/interfaces/interfaces/msg/detail/joystick_order__type_support.c
[6.610s] -- Installing: /home/killian/Bureau/Projet_Voiture/TrailerMate/raspberryPI3/ros2_ws/install/interfaces/include/interfaces/interfaces/msg/detail/general_data__type_support.c
[6.610s] -- Installing: /home/killian/Bureau/Projet_Voiture/TrailerMate/raspberryPI3/ros2_ws/install/interfaces/include/interfaces/interfaces/msg/detail/motors_order__type_support.c
[6.610s] -- Installing: /home/killian/Bureau/Projet_Voiture/TrailerMate/raspberryPI3/ros2_ws/install/interfaces/include/interfaces/interfaces/msg/detail/general_data__rosidl_typesupport_introspection_c.h
[6.610s] -- Installing: /home/killian/Bureau/Projet_Voiture/TrailerMate/raspberryPI3/ros2_ws/install/interfaces/include/interfaces/interfaces/msg/detail/system_check__type_support.c
[6.610s] -- Installing: /home/killian/Bureau/Projet_Voiture/TrailerMate/raspberryPI3/ros2_ws/install/interfaces/include/interfaces/interfaces/msg/detail/ultrasonic__type_support.c
[6.610s] -- Installing: /home/killian/Bureau/Projet_Voiture/TrailerMate/raspberryPI3/ros2_ws/install/interfaces/include/interfaces/interfaces/msg/detail/ultrasonic__rosidl_typesupport_introspection_c.h
[6.611s] -- Installing: /home/killian/Bureau/Projet_Voiture/TrailerMate/raspberryPI3/ros2_ws/install/interfaces/include/interfaces/interfaces/msg/detail/joystick_order__rosidl_typesupport_introspection_c.h
[6.611s] -- Installing: /home/killian/Bureau/Projet_Voiture/TrailerMate/raspberryPI3/ros2_ws/install/interfaces/include/interfaces/interfaces/msg/detail/stop_car__type_support.c
[6.611s] -- Installing: /home/killian/Bureau/Projet_Voiture/TrailerMate/raspberryPI3/ros2_ws/install/interfaces/include/interfaces/interfaces/msg/detail/gnss__rosidl_typesupport_introspection_c.h
[6.611s] -- Up-to-date: /home/killian/Bureau/Projet_Voiture/TrailerMate/raspberryPI3/ros2_ws/install/interfaces/include/interfaces/interfaces/msg/rosidl_typesupport_introspection_c__visibility_control.h
[6.611s] -- Installing: /home/killian/Bureau/Projet_Voiture/TrailerMate/raspberryPI3/ros2_ws/install/interfaces/lib/libinterfaces__rosidl_typesupport_introspection_c.so
[6.611s] -- Set runtime path of "/home/killian/Bureau/Projet_Voiture/TrailerMate/raspberryPI3/ros2_ws/install/interfaces/lib/libinterfaces__rosidl_typesupport_introspection_c.so" to ""
[6.611s] -- Installing: /home/killian/Bureau/Projet_Voiture/TrailerMate/raspberryPI3/ros2_ws/install/interfaces/lib/libinterfaces__rosidl_typesupport_c.so
[6.611s] -- Set runtime path of "/home/killian/Bureau/Projet_Voiture/TrailerMate/raspberryPI3/ros2_ws/install/interfaces/lib/libinterfaces__rosidl_typesupport_c.so" to ""
[6.611s] -- Up-to-date: /home/killian/Bureau/Projet_Voiture/TrailerMate/raspberryPI3/ros2_ws/install/interfaces/include/interfaces/interfaces
[6.612s] -- Up-to-date: /home/killian/Bureau/Projet_Voiture/TrailerMate/raspberryPI3/ros2_ws/install/interfaces/include/interfaces/interfaces/msg
[6.612s] -- Up-to-date: /home/killian/Bureau/Projet_Voiture/TrailerMate/raspberryPI3/ros2_ws/install/interfaces/include/interfaces/interfaces/msg/detail
[6.612s] -- Installing: /home/killian/Bureau/Projet_Voiture/TrailerMate/raspberryPI3/ros2_ws/install/interfaces/include/interfaces/interfaces/msg/detail/general_data__type_support.cpp
[6.612s] -- Installing: /home/killian/Bureau/Projet_Voiture/TrailerMate/raspberryPI3/ros2_ws/install/interfaces/include/interfaces/interfaces/msg/detail/joystick_order__type_support.cpp
[6.612s] -- Installing: /home/killian/Bureau/Projet_Voiture/TrailerMate/raspberryPI3/ros2_ws/install/interfaces/include/interfaces/interfaces/msg/detail/general_data__rosidl_typesupport_introspection_cpp.hpp
[6.612s] -- Installing: /home/killian/Bureau/Projet_Voiture/TrailerMate/raspberryPI3/ros2_ws/install/interfaces/include/interfaces/interfaces/msg/detail/motors_order__type_support.cpp
[6.612s] -- Installing: /home/killian/Bureau/Projet_Voiture/TrailerMate/raspberryPI3/ros2_ws/install/interfaces/include/interfaces/interfaces/msg/detail/trailer_angle__rosidl_typesupport_introspection_cpp.hpp
[6.612s] -- Installing: /home/killian/Bureau/Projet_Voiture/TrailerMate/raspberryPI3/ros2_ws/install/interfaces/include/interfaces/interfaces/msg/detail/steering_calibration__rosidl_typesupport_introspection_cpp.hpp
[6.612s] -- Installing: /home/killian/Bureau/Projet_Voiture/TrailerMate/raspberryPI3/ros2_ws/install/interfaces/include/interfaces/interfaces/msg/detail/gnss__type_support.cpp
[6.612s] -- Installing: /home/killian/Bureau/Projet_Voiture/TrailerMate/raspberryPI3/ros2_ws/install/interfaces/include/interfaces/interfaces/msg/detail/motors_order__rosidl_typesupport_introspection_cpp.hpp
[6.612s] -- Installing: /home/killian/Bureau/Projet_Voiture/TrailerMate/raspberryPI3/ros2_ws/install/interfaces/include/interfaces/interfaces/msg/detail/ultrasonic__rosidl_typesupport_introspection_cpp.hpp
[6.612s] -- Installing: /home/killian/Bureau/Projet_Voiture/TrailerMate/raspberryPI3/ros2_ws/install/interfaces/include/interfaces/interfaces/msg/detail/joystick_order__rosidl_typesupport_introspection_cpp.hpp
[6.612s] -- Installing: /home/killian/Bureau/Projet_Voiture/TrailerMate/raspberryPI3/ros2_ws/install/interfaces/include/interfaces/interfaces/msg/detail/ultrasonic__type_support.cpp
[6.612s] -- Installing: /home/killian/Bureau/Projet_Voiture/TrailerMate/raspberryPI3/ros2_ws/install/interfaces/include/interfaces/interfaces/msg/detail/system_check__type_support.cpp
[6.612s] -- Installing: /home/killian/Bureau/Projet_Voiture/TrailerMate/raspberryPI3/ros2_ws/install/interfaces/include/interfaces/interfaces/msg/detail/trailer_angle__type_support.cpp
[6.613s] -- Installing: /home/killian/Bureau/Projet_Voiture/TrailerMate/raspberryPI3/ros2_ws/install/interfaces/include/interfaces/interfaces/msg/detail/gnss__rosidl_typesupport_introspection_cpp.hpp
[6.613s] -- Installing: /home/killian/Bureau/Projet_Voiture/TrailerMate/raspberryPI3/ros2_ws/install/interfaces/include/interfaces/interfaces/msg/detail/stop_car__type_support.cpp
[6.613s] -- Installing: /home/killian/Bureau/Projet_Voiture/TrailerMate/raspberryPI3/ros2_ws/install/interfaces/include/interfaces/interfaces/msg/detail/steering_calibration__type_support.cpp
[6.613s] -- Installing: /home/killian/Bureau/Projet_Voiture/TrailerMate/raspberryPI3/ros2_ws/install/interfaces/include/interfaces/interfaces/msg/detail/system_check__rosidl_typesupport_introspection_cpp.hpp
[6.613s] -- Installing: /home/killian/Bureau/Projet_Voiture/TrailerMate/raspberryPI3/ros2_ws/install/interfaces/include/interfaces/interfaces/msg/detail/motors_feedback__rosidl_typesupport_introspection_cpp.hpp
[6.613s] -- Installing: /home/killian/Bureau/Projet_Voiture/TrailerMate/raspberryPI3/ros2_ws/install/interfaces/include/interfaces/interfaces/msg/detail/motors_feedback__type_support.cpp
[6.613s] -- Installing: /home/killian/Bureau/Projet_Voiture/TrailerMate/raspberryPI3/ros2_ws/install/interfaces/include/interfaces/interfaces/msg/detail/stop_car__rosidl_typesupport_introspection_cpp.hpp
[6.613s] -- Installing: /home/killian/Bureau/Projet_Voiture/TrailerMate/raspberryPI3/ros2_ws/install/interfaces/lib/libinterfaces__rosidl_typesupport_introspection_cpp.so
[6.614s] -- Set runtime path of "/home/killian/Bureau/Projet_Voiture/TrailerMate/raspberryPI3/ros2_ws/install/interfaces/lib/libinterfaces__rosidl_typesupport_introspection_cpp.so" to ""
[6.614s] -- Installing: /home/killian/Bureau/Projet_Voiture/TrailerMate/raspberryPI3/ros2_ws/install/interfaces/lib/libinterfaces__rosidl_typesupport_cpp.so
[6.614s] -- Set runtime path of "/home/killian/Bureau/Projet_Voiture/TrailerMate/raspberryPI3/ros2_ws/install/interfaces/lib/libinterfaces__rosidl_typesupport_cpp.so" to ""
[6.614s] -- Up-to-date: /home/killian/Bureau/Projet_Voiture/TrailerMate/raspberryPI3/ros2_ws/install/interfaces/share/interfaces/environment/pythonpath.sh
[6.614s] -- Installing: /home/killian/Bureau/Projet_Voiture/TrailerMate/raspberryPI3/ros2_ws/install/interfaces/share/interfaces/environment/pythonpath.dsv
[6.614s] -- Up-to-date: /home/killian/Bureau/Projet_Voiture/TrailerMate/raspberryPI3/ros2_ws/install/interfaces/local/lib/python3.10/dist-packages/interfaces-0.0.0-py3.10.egg-info
[6.615s] -- Installing: /home/killian/Bureau/Projet_Voiture/TrailerMate/raspberryPI3/ros2_ws/install/interfaces/local/lib/python3.10/dist-packages/interfaces-0.0.0-py3.10.egg-info/PKG-INFO
[6.615s] -- Installing: /home/killian/Bureau/Projet_Voiture/TrailerMate/raspberryPI3/ros2_ws/install/interfaces/local/lib/python3.10/dist-packages/interfaces-0.0.0-py3.10.egg-info/top_level.txt
[6.615s] -- Installing: /home/killian/Bureau/Projet_Voiture/TrailerMate/raspberryPI3/ros2_ws/install/interfaces/local/lib/python3.10/dist-packages/interfaces-0.0.0-py3.10.egg-info/SOURCES.txt
[6.615s] -- Installing: /home/killian/Bureau/Projet_Voiture/TrailerMate/raspberryPI3/ros2_ws/install/interfaces/local/lib/python3.10/dist-packages/interfaces-0.0.0-py3.10.egg-info/dependency_links.txt
[6.615s] -- Up-to-date: /home/killian/Bureau/Projet_Voiture/TrailerMate/raspberryPI3/ros2_ws/install/interfaces/local/lib/python3.10/dist-packages/interfaces
[6.615s] -- Installing: /home/killian/Bureau/Projet_Voiture/TrailerMate/raspberryPI3/ros2_ws/install/interfaces/local/lib/python3.10/dist-packages/interfaces/__init__.py
[6.615s] -- Up-to-date: /home/killian/Bureau/Projet_Voiture/TrailerMate/raspberryPI3/ros2_ws/install/interfaces/local/lib/python3.10/dist-packages/interfaces/msg
[6.615s] -- Installing: /home/killian/Bureau/Projet_Voiture/TrailerMate/raspberryPI3/ros2_ws/install/interfaces/local/lib/python3.10/dist-packages/interfaces/msg/_gnss_s.c
[6.615s] -- Installing: /home/killian/Bureau/Projet_Voiture/TrailerMate/raspberryPI3/ros2_ws/install/interfaces/local/lib/python3.10/dist-packages/interfaces/msg/_trailer_angle.py
[6.615s] -- Installing: /home/killian/Bureau/Projet_Voiture/TrailerMate/raspberryPI3/ros2_ws/install/interfaces/local/lib/python3.10/dist-packages/interfaces/msg/_general_data_s.c
[6.615s] -- Installing: /home/killian/Bureau/Projet_Voiture/TrailerMate/raspberryPI3/ros2_ws/install/interfaces/local/lib/python3.10/dist-packages/interfaces/msg/_system_check_s.c
[6.615s] -- Installing: /home/killian/Bureau/Projet_Voiture/TrailerMate/raspberryPI3/ros2_ws/install/interfaces/local/lib/python3.10/dist-packages/interfaces/msg/__init__.py
[6.615s] -- Installing: /home/killian/Bureau/Projet_Voiture/TrailerMate/raspberryPI3/ros2_ws/install/interfaces/local/lib/python3.10/dist-packages/interfaces/msg/_motors_feedback_s.c
[6.616s] -- Installing: /home/killian/Bureau/Projet_Voiture/TrailerMate/raspberryPI3/ros2_ws/install/interfaces/local/lib/python3.10/dist-packages/interfaces/msg/_stop_car_s.c
[6.616s] -- Installing: /home/killian/Bureau/Projet_Voiture/TrailerMate/raspberryPI3/ros2_ws/install/interfaces/local/lib/python3.10/dist-packages/interfaces/msg/_trailer_angle_s.c
[6.616s] -- Installing: /home/killian/Bureau/Projet_Voiture/TrailerMate/raspberryPI3/ros2_ws/install/interfaces/local/lib/python3.10/dist-packages/interfaces/msg/_joystick_order_s.c
[6.616s] -- Installing: /home/killian/Bureau/Projet_Voiture/TrailerMate/raspberryPI3/ros2_ws/install/interfaces/local/lib/python3.10/dist-packages/interfaces/msg/_motors_order_s.c
[6.616s] -- Installing: /home/killian/Bureau/Projet_Voiture/TrailerMate/raspberryPI3/ros2_ws/install/interfaces/local/lib/python3.10/dist-packages/interfaces/msg/_gnss.py
[6.616s] -- Installing: /home/killian/Bureau/Projet_Voiture/TrailerMate/raspberryPI3/ros2_ws/install/interfaces/local/lib/python3.10/dist-packages/interfaces/msg/_ultrasonic_s.c
[6.616s] -- Installing: /home/killian/Bureau/Projet_Voiture/TrailerMate/raspberryPI3/ros2_ws/install/interfaces/local/lib/python3.10/dist-packages/interfaces/msg/_ultrasonic.py
[6.616s] -- Installing: /home/killian/Bureau/Projet_Voiture/TrailerMate/raspberryPI3/ros2_ws/install/interfaces/local/lib/python3.10/dist-packages/interfaces/msg/_stop_car.py
[6.616s] -- Installing: /home/killian/Bureau/Projet_Voiture/TrailerMate/raspberryPI3/ros2_ws/install/interfaces/local/lib/python3.10/dist-packages/interfaces/msg/_steering_calibration.py
[6.616s] -- Installing: /home/killian/Bureau/Projet_Voiture/TrailerMate/raspberryPI3/ros2_ws/install/interfaces/local/lib/python3.10/dist-packages/interfaces/msg/_steering_calibration_s.c
[6.616s] -- Installing: /home/killian/Bureau/Projet_Voiture/TrailerMate/raspberryPI3/ros2_ws/install/interfaces/local/lib/python3.10/dist-packages/interfaces/msg/_motors_feedback.py
[6.617s] -- Installing: /home/killian/Bureau/Projet_Voiture/TrailerMate/raspberryPI3/ros2_ws/install/interfaces/local/lib/python3.10/dist-packages/interfaces/msg/_general_data.py
[6.617s] -- Installing: /home/killian/Bureau/Projet_Voiture/TrailerMate/raspberryPI3/ros2_ws/install/interfaces/local/lib/python3.10/dist-packages/interfaces/msg/_joystick_order.py
[6.617s] -- Installing: /home/killian/Bureau/Projet_Voiture/TrailerMate/raspberryPI3/ros2_ws/install/interfaces/local/lib/python3.10/dist-packages/interfaces/msg/_motors_order.py
[6.617s] -- Installing: /home/killian/Bureau/Projet_Voiture/TrailerMate/raspberryPI3/ros2_ws/install/interfaces/local/lib/python3.10/dist-packages/interfaces/msg/_system_check.py
[6.617s] -- Installing: /home/killian/Bureau/Projet_Voiture/TrailerMate/raspberryPI3/ros2_ws/install/interfaces/local/lib/python3.10/dist-packages/interfaces/_interfaces_s.ep.rosidl_typesupport_c.c
[6.617s] -- Installing: /home/killian/Bureau/Projet_Voiture/TrailerMate/raspberryPI3/ros2_ws/install/interfaces/local/lib/python3.10/dist-packages/interfaces/interfaces_s__rosidl_typesupport_introspection_c.cpython-310-x86_64-linux-gnu.so
[6.617s] -- Installing: /home/killian/Bureau/Projet_Voiture/TrailerMate/raspberryPI3/ros2_ws/install/interfaces/local/lib/python3.10/dist-packages/interfaces/libinterfaces__rosidl_generator_py.so
[6.617s] -- Installing: /home/killian/Bureau/Projet_Voiture/TrailerMate/raspberryPI3/ros2_ws/install/interfaces/local/lib/python3.10/dist-packages/interfaces/_interfaces_s.ep.rosidl_typesupport_introspection_c.c
[6.617s] -- Installing: /home/killian/Bureau/Projet_Voiture/TrailerMate/raspberryPI3/ros2_ws/install/interfaces/local/lib/python3.10/dist-packages/interfaces/interfaces_s__rosidl_typesupport_fastrtps_c.cpython-310-x86_64-linux-gnu.so
[6.618s] -- Installing: /home/killian/Bureau/Projet_Voiture/TrailerMate/raspberryPI3/ros2_ws/install/interfaces/local/lib/python3.10/dist-packages/interfaces/_interfaces_s.ep.rosidl_typesupport_fastrtps_c.c
[6.618s] -- Installing: /home/killian/Bureau/Projet_Voiture/TrailerMate/raspberryPI3/ros2_ws/install/interfaces/local/lib/python3.10/dist-packages/interfaces/interfaces_s__rosidl_typesupport_c.cpython-310-x86_64-linux-gnu.so
[6.669s] Listing '/home/killian/Bureau/Projet_Voiture/TrailerMate/raspberryPI3/ros2_ws/install/interfaces/local/lib/python3.10/dist-packages/interfaces'...
[6.669s] Compiling '/home/killian/Bureau/Projet_Voiture/TrailerMate/raspberryPI3/ros2_ws/install/interfaces/local/lib/python3.10/dist-packages/interfaces/__init__.py'...
[6.669s] Listing '/home/killian/Bureau/Projet_Voiture/TrailerMate/raspberryPI3/ros2_ws/install/interfaces/local/lib/python3.10/dist-packages/interfaces/msg'...
[6.669s] Compiling '/home/killian/Bureau/Projet_Voiture/TrailerMate/raspberryPI3/ros2_ws/install/interfaces/local/lib/python3.10/dist-packages/interfaces/msg/__init__.py'...
[6.669s] Compiling '/home/killian/Bureau/Projet_Voiture/TrailerMate/raspberryPI3/ros2_ws/install/interfaces/local/lib/python3.10/dist-packages/interfaces/msg/_general_data.py'...
[6.669s] Compiling '/home/killian/Bureau/Projet_Voiture/TrailerMate/raspberryPI3/ros2_ws/install/interfaces/local/lib/python3.10/dist-packages/interfaces/msg/_gnss.py'...
[6.669s] Compiling '/home/killian/Bureau/Projet_Voiture/TrailerMate/raspberryPI3/ros2_ws/install/interfaces/local/lib/python3.10/dist-packages/interfaces/msg/_joystick_order.py'...
[6.669s] Compiling '/home/killian/Bureau/Projet_Voiture/TrailerMate/raspberryPI3/ros2_ws/install/interfaces/local/lib/python3.10/dist-packages/interfaces/msg/_motors_feedback.py'...
[6.669s] Compiling '/home/killian/Bureau/Projet_Voiture/TrailerMate/raspberryPI3/ros2_ws/install/interfaces/local/lib/python3.10/dist-packages/interfaces/msg/_motors_order.py'...
[6.669s] Compiling '/home/killian/Bureau/Projet_Voiture/TrailerMate/raspberryPI3/ros2_ws/install/interfaces/local/lib/python3.10/dist-packages/interfaces/msg/_steering_calibration.py'...
[6.669s] Compiling '/home/killian/Bureau/Projet_Voiture/TrailerMate/raspberryPI3/ros2_ws/install/interfaces/local/lib/python3.10/dist-packages/interfaces/msg/_stop_car.py'...
[6.669s] Compiling '/home/killian/Bureau/Projet_Voiture/TrailerMate/raspberryPI3/ros2_ws/install/interfaces/local/lib/python3.10/dist-packages/interfaces/msg/_system_check.py'...
[6.669s] Compiling '/home/killian/Bureau/Projet_Voiture/TrailerMate/raspberryPI3/ros2_ws/install/interfaces/local/lib/python3.10/dist-packages/interfaces/msg/_trailer_angle.py'...
[6.670s] Compiling '/home/killian/Bureau/Projet_Voiture/TrailerMate/raspberryPI3/ros2_ws/install/interfaces/local/lib/python3.10/dist-packages/interfaces/msg/_ultrasonic.py'...
[6.674s] -- Installing: /home/killian/Bureau/Projet_Voiture/TrailerMate/raspberryPI3/ros2_ws/install/interfaces/local/lib/python3.10/dist-packages/interfaces/interfaces_s__rosidl_typesupport_fastrtps_c.cpython-310-x86_64-linux-gnu.so
[6.675s] -- Set runtime path of "/home/killian/Bureau/Projet_Voiture/TrailerMate/raspberryPI3/ros2_ws/install/interfaces/local/lib/python3.10/dist-packages/interfaces/interfaces_s__rosidl_typesupport_fastrtps_c.cpython-310-x86_64-linux-gnu.so" to ""
[6.675s] -- Installing: /home/killian/Bureau/Projet_Voiture/TrailerMate/raspberryPI3/ros2_ws/install/interfaces/local/lib/python3.10/dist-packages/interfaces/interfaces_s__rosidl_typesupport_introspection_c.cpython-310-x86_64-linux-gnu.so
[6.675s] -- Set runtime path of "/home/killian/Bureau/Projet_Voiture/TrailerMate/raspberryPI3/ros2_ws/install/interfaces/local/lib/python3.10/dist-packages/interfaces/interfaces_s__rosidl_typesupport_introspection_c.cpython-310-x86_64-linux-gnu.so" to ""
[6.675s] -- Installing: /home/killian/Bureau/Projet_Voiture/TrailerMate/raspberryPI3/ros2_ws/install/interfaces/local/lib/python3.10/dist-packages/interfaces/interfaces_s__rosidl_typesupport_c.cpython-310-x86_64-linux-gnu.so
[6.675s] -- Set runtime path of "/home/killian/Bureau/Projet_Voiture/TrailerMate/raspberryPI3/ros2_ws/install/interfaces/local/lib/python3.10/dist-packages/interfaces/interfaces_s__rosidl_typesupport_c.cpython-310-x86_64-linux-gnu.so" to ""
[6.676s] -- Installing: /home/killian/Bureau/Projet_Voiture/TrailerMate/raspberryPI3/ros2_ws/install/interfaces/lib/libinterfaces__rosidl_generator_py.so
[6.676s] -- Set runtime path of "/home/killian/Bureau/Projet_Voiture/TrailerMate/raspberryPI3/ros2_ws/install/interfaces/lib/libinterfaces__rosidl_generator_py.so" to ""
[6.676s] -- Up-to-date: /home/killian/Bureau/Projet_Voiture/TrailerMate/raspberryPI3/ros2_ws/install/interfaces/share/interfaces/msg/JoystickOrder.idl
[6.676s] -- Up-to-date: /home/killian/Bureau/Projet_Voiture/TrailerMate/raspberryPI3/ros2_ws/install/interfaces/share/interfaces/msg/MotorsOrder.idl
[6.676s] -- Up-to-date: /home/killian/Bureau/Projet_Voiture/TrailerMate/raspberryPI3/ros2_ws/install/interfaces/share/interfaces/msg/MotorsFeedback.idl
[6.676s] -- Up-to-date: /home/killian/Bureau/Projet_Voiture/TrailerMate/raspberryPI3/ros2_ws/install/interfaces/share/interfaces/msg/GeneralData.idl
[6.676s] -- Up-to-date: /home/killian/Bureau/Projet_Voiture/TrailerMate/raspberryPI3/ros2_ws/install/interfaces/share/interfaces/msg/SteeringCalibration.idl
[6.676s] -- Up-to-date: /home/killian/Bureau/Projet_Voiture/TrailerMate/raspberryPI3/ros2_ws/install/interfaces/share/interfaces/msg/Ultrasonic.idl
[6.676s] -- Up-to-date: /home/killian/Bureau/Projet_Voiture/TrailerMate/raspberryPI3/ros2_ws/install/interfaces/share/interfaces/msg/Gnss.idl
[6.676s] -- Up-to-date: /home/killian/Bureau/Projet_Voiture/TrailerMate/raspberryPI3/ros2_ws/install/interfaces/share/interfaces/msg/SystemCheck.idl
[6.676s] -- Up-to-date: /home/killian/Bureau/Projet_Voiture/TrailerMate/raspberryPI3/ros2_ws/install/interfaces/share/interfaces/msg/StopCar.idl
[6.676s] -- Installing: /home/killian/Bureau/Projet_Voiture/TrailerMate/raspberryPI3/ros2_ws/install/interfaces/share/interfaces/msg/TrailerAngle.idl
[6.676s] -- Up-to-date: /home/killian/Bureau/Projet_Voiture/TrailerMate/raspberryPI3/ros2_ws/install/interfaces/share/interfaces/msg/JoystickOrder.msg
[6.676s] -- Up-to-date: /home/killian/Bureau/Projet_Voiture/TrailerMate/raspberryPI3/ros2_ws/install/interfaces/share/interfaces/msg/MotorsOrder.msg
[6.676s] -- Up-to-date: /home/killian/Bureau/Projet_Voiture/TrailerMate/raspberryPI3/ros2_ws/install/interfaces/share/interfaces/msg/MotorsFeedback.msg
[6.677s] -- Up-to-date: /home/killian/Bureau/Projet_Voiture/TrailerMate/raspberryPI3/ros2_ws/install/interfaces/share/interfaces/msg/GeneralData.msg
[6.677s] -- Up-to-date: /home/killian/Bureau/Projet_Voiture/TrailerMate/raspberryPI3/ros2_ws/install/interfaces/share/interfaces/msg/SteeringCalibration.msg
[6.677s] -- Up-to-date: /home/killian/Bureau/Projet_Voiture/TrailerMate/raspberryPI3/ros2_ws/install/interfaces/share/interfaces/msg/Ultrasonic.msg
[6.677s] -- Up-to-date: /home/killian/Bureau/Projet_Voiture/TrailerMate/raspberryPI3/ros2_ws/install/interfaces/share/interfaces/msg/Gnss.msg
[6.677s] -- Up-to-date: /home/killian/Bureau/Projet_Voiture/TrailerMate/raspberryPI3/ros2_ws/install/interfaces/share/interfaces/msg/SystemCheck.msg
[6.677s] -- Up-to-date: /home/killian/Bureau/Projet_Voiture/TrailerMate/raspberryPI3/ros2_ws/install/interfaces/share/interfaces/msg/StopCar.msg
[6.677s] -- Installing: /home/killian/Bureau/Projet_Voiture/TrailerMate/raspberryPI3/ros2_ws/install/interfaces/share/interfaces/msg/TrailerAngle.msg
[6.677s] -- Up-to-date: /home/killian/Bureau/Projet_Voiture/TrailerMate/raspberryPI3/ros2_ws/install/interfaces/share/ament_index/resource_index/package_run_dependencies/interfaces
[6.677s] -- Up-to-date: /home/killian/Bureau/Projet_Voiture/TrailerMate/raspberryPI3/ros2_ws/install/interfaces/share/ament_index/resource_index/parent_prefix_path/interfaces
[6.677s] -- Up-to-date: /home/killian/Bureau/Projet_Voiture/TrailerMate/raspberryPI3/ros2_ws/install/interfaces/share/interfaces/environment/ament_prefix_path.sh
[6.677s] -- Installing: /home/killian/Bureau/Projet_Voiture/TrailerMate/raspberryPI3/ros2_ws/install/interfaces/share/interfaces/environment/ament_prefix_path.dsv
[6.677s] -- Up-to-date: /home/killian/Bureau/Projet_Voiture/TrailerMate/raspberryPI3/ros2_ws/install/interfaces/share/interfaces/environment/path.sh
[6.677s] -- Installing: /home/killian/Bureau/Projet_Voiture/TrailerMate/raspberryPI3/ros2_ws/install/interfaces/share/interfaces/environment/path.dsv
[6.677s] -- Up-to-date: /home/killian/Bureau/Projet_Voiture/TrailerMate/raspberryPI3/ros2_ws/install/interfaces/share/interfaces/local_setup.bash
[6.677s] -- Up-to-date: /home/killian/Bureau/Projet_Voiture/TrailerMate/raspberryPI3/ros2_ws/install/interfaces/share/interfaces/local_setup.sh
[6.677s] -- Up-to-date: /home/killian/Bureau/Projet_Voiture/TrailerMate/raspberryPI3/ros2_ws/install/interfaces/share/interfaces/local_setup.zsh
[6.677s] -- Installing: /home/killian/Bureau/Projet_Voiture/TrailerMate/raspberryPI3/ros2_ws/install/interfaces/share/interfaces/local_setup.dsv
[6.678s] -- Installing: /home/killian/Bureau/Projet_Voiture/TrailerMate/raspberryPI3/ros2_ws/install/interfaces/share/interfaces/package.dsv
[6.678s] -- Up-to-date: /home/killian/Bureau/Projet_Voiture/TrailerMate/raspberryPI3/ros2_ws/install/interfaces/share/ament_index/resource_index/packages/interfaces
[6.678s] -- Up-to-date: /home/killian/Bureau/Projet_Voiture/TrailerMate/raspberryPI3/ros2_ws/install/interfaces/share/interfaces/cmake/export_interfaces__rosidl_generator_cExport.cmake
[6.678s] -- Up-to-date: /home/killian/Bureau/Projet_Voiture/TrailerMate/raspberryPI3/ros2_ws/install/interfaces/share/interfaces/cmake/export_interfaces__rosidl_generator_cExport-noconfig.cmake
[6.678s] -- Up-to-date: /home/killian/Bureau/Projet_Voiture/TrailerMate/raspberryPI3/ros2_ws/install/interfaces/share/interfaces/cmake/export_interfaces__rosidl_typesupport_fastrtps_cExport.cmake
[6.678s] -- Up-to-date: /home/killian/Bureau/Projet_Voiture/TrailerMate/raspberryPI3/ros2_ws/install/interfaces/share/interfaces/cmake/export_interfaces__rosidl_typesupport_fastrtps_cExport-noconfig.cmake
[6.678s] -- Up-to-date: /home/killian/Bureau/Projet_Voiture/TrailerMate/raspberryPI3/ros2_ws/install/interfaces/share/interfaces/cmake/export_interfaces__rosidl_generator_cppExport.cmake
[6.678s] -- Up-to-date: /home/killian/Bureau/Projet_Voiture/TrailerMate/raspberryPI3/ros2_ws/install/interfaces/share/interfaces/cmake/export_interfaces__rosidl_typesupport_fastrtps_cppExport.cmake
[6.678s] -- Up-to-date: /home/killian/Bureau/Projet_Voiture/TrailerMate/raspberryPI3/ros2_ws/install/interfaces/share/interfaces/cmake/export_interfaces__rosidl_typesupport_fastrtps_cppExport-noconfig.cmake
[6.678s] -- Up-to-date: /home/killian/Bureau/Projet_Voiture/TrailerMate/raspberryPI3/ros2_ws/install/interfaces/share/interfaces/cmake/interfaces__rosidl_typesupport_introspection_cExport.cmake
[6.678s] -- Up-to-date: /home/killian/Bureau/Projet_Voiture/TrailerMate/raspberryPI3/ros2_ws/install/interfaces/share/interfaces/cmake/interfaces__rosidl_typesupport_introspection_cExport-noconfig.cmake
[6.678s] -- Up-to-date: /home/killian/Bureau/Projet_Voiture/TrailerMate/raspberryPI3/ros2_ws/install/interfaces/share/interfaces/cmake/interfaces__rosidl_typesupport_cExport.cmake
[6.678s] -- Up-to-date: /home/killian/Bureau/Projet_Voiture/TrailerMate/raspberryPI3/ros2_ws/install/interfaces/share/interfaces/cmake/interfaces__rosidl_typesupport_cExport-noconfig.cmake
[6.678s] -- Up-to-date: /home/killian/Bureau/Projet_Voiture/TrailerMate/raspberryPI3/ros2_ws/install/interfaces/share/interfaces/cmake/interfaces__rosidl_typesupport_introspection_cppExport.cmake
[6.678s] -- Up-to-date: /home/killian/Bureau/Projet_Voiture/TrailerMate/raspberryPI3/ros2_ws/install/interfaces/share/interfaces/cmake/interfaces__rosidl_typesupport_introspection_cppExport-noconfig.cmake
[6.678s] -- Up-to-date: /home/killian/Bureau/Projet_Voiture/TrailerMate/raspberryPI3/ros2_ws/install/interfaces/share/interfaces/cmake/interfaces__rosidl_typesupport_cppExport.cmake
[6.679s] -- Up-to-date: /home/killian/Bureau/Projet_Voiture/TrailerMate/raspberryPI3/ros2_ws/install/interfaces/share/interfaces/cmake/interfaces__rosidl_typesupport_cppExport-noconfig.cmake
[6.679s] -- Up-to-date: /home/killian/Bureau/Projet_Voiture/TrailerMate/raspberryPI3/ros2_ws/install/interfaces/share/interfaces/cmake/export_interfaces__rosidl_generator_pyExport.cmake
[6.679s] -- Up-to-date: /home/killian/Bureau/Projet_Voiture/TrailerMate/raspberryPI3/ros2_ws/install/interfaces/share/interfaces/cmake/export_interfaces__rosidl_generator_pyExport-noconfig.cmake
[6.679s] -- Installing: /home/killian/Bureau/Projet_Voiture/TrailerMate/raspberryPI3/ros2_ws/install/interfaces/share/interfaces/cmake/rosidl_cmake-extras.cmake
[6.679s] -- Up-to-date: /home/killian/Bureau/Projet_Voiture/TrailerMate/raspberryPI3/ros2_ws/install/interfaces/share/interfaces/cmake/ament_cmake_export_include_directories-extras.cmake
[6.679s] -- Up-to-date: /home/killian/Bureau/Projet_Voiture/TrailerMate/raspberryPI3/ros2_ws/install/interfaces/share/interfaces/cmake/ament_cmake_export_libraries-extras.cmake
[6.679s] -- Up-to-date: /home/killian/Bureau/Projet_Voiture/TrailerMate/raspberryPI3/ros2_ws/install/interfaces/share/interfaces/cmake/ament_cmake_export_targets-extras.cmake
[6.679s] -- Up-to-date: /home/killian/Bureau/Projet_Voiture/TrailerMate/raspberryPI3/ros2_ws/install/interfaces/share/interfaces/cmake/rosidl_cmake_export_typesupport_targets-extras.cmake
[6.679s] -- Up-to-date: /home/killian/Bureau/Projet_Voiture/TrailerMate/raspberryPI3/ros2_ws/install/interfaces/share/interfaces/cmake/ament_cmake_export_dependencies-extras.cmake
[6.679s] -- Up-to-date: /home/killian/Bureau/Projet_Voiture/TrailerMate/raspberryPI3/ros2_ws/install/interfaces/share/interfaces/cmake/rosidl_cmake_export_typesupport_libraries-extras.cmake
[6.679s] -- Up-to-date: /home/killian/Bureau/Projet_Voiture/TrailerMate/raspberryPI3/ros2_ws/install/interfaces/share/interfaces/cmake/interfacesConfig.cmake
[6.679s] -- Up-to-date: /home/killian/Bureau/Projet_Voiture/TrailerMate/raspberryPI3/ros2_ws/install/interfaces/share/interfaces/cmake/interfacesConfig-version.cmake
[6.679s] -- Up-to-date: /home/killian/Bureau/Projet_Voiture/TrailerMate/raspberryPI3/ros2_ws/install/interfaces/share/interfaces/package.xml
[6.681s] Invoked command in '/home/killian/Bureau/Projet_Voiture/TrailerMate/raspberryPI3/ros2_ws/build/interfaces' returned '0': CMAKE_PREFIX_PATH=${CMAKE_PREFIX_PATH}:/home/killian/Bureau/Projet_Voiture/TrailerMate/raspberryPI3/ros2_ws/install/trailer_angle_package:/opt/ros/humble /usr/bin/cmake --install /home/killian/Bureau/Projet_Voiture/TrailerMate/raspberryPI3/ros2_ws/build/interfaces
