-- Found ament_cmake: 1.3.5 (/opt/ros/humble/share/ament_cmake/cmake)
-- Found rclcpp: 16.0.6 (/opt/ros/humble/share/rclcpp/cmake)
-- Found rosidl_generator_c: 3.1.5 (/opt/ros/humble/share/rosidl_generator_c/cmake)
-- Found rosidl_adapter: 3.1.5 (/opt/ros/humble/share/rosidl_adapter/cmake)
-- Found rosidl_generator_cpp: 3.1.5 (/opt/ros/humble/share/rosidl_generator_cpp/cmake)
-- Using all available rosidl_typesupport_c: rosidl_typesupport_fastrtps_c;rosidl_typesupport_introspection_c
-- Using all available rosidl_typesupport_cpp: rosidl_typesupport_fastrtps_cpp;rosidl_typesupport_introspection_cpp
-- Found rmw_implementation_cmake: 6.1.1 (/opt/ros/humble/share/rmw_implementation_cmake/cmake)
-- Found rmw_fastrtps_cpp: 6.2.4 (/opt/ros/humble/share/rmw_fastrtps_cpp/cmake)
-- Using RMW implementation 'rmw_fastrtps_cpp' as default
-- Found rosidl_default_generators: 1.2.0 (/opt/ros/humble/share/rosidl_default_generators/cmake)
-- Found ament_cmake_ros: 0.10.0 (/opt/ros/humble/share/ament_cmake_ros/cmake)
-- Using all available rosidl_typesupport_c: rosidl_typesupport_fastrtps_c;rosidl_typesupport_introspection_c
-- Using all available rosidl_typesupport_cpp: rosidl_typesupport_fastrtps_cpp;rosidl_typesupport_introspection_cpp
-- Found python_cmake_module: 0.10.0 (/opt/ros/humble/share/python_cmake_module/cmake)
-- Using PYTHON_EXECUTABLE: /usr/bin/python3
-- Using PYTHON_INCLUDE_DIRS: /usr/include/python3.10
-- Using PYTHON_LIBRARIES: /usr/lib/x86_64-linux-gnu/libpython3.10.so
-- Found ament_lint_auto: 0.12.8 (/opt/ros/humble/share/ament_lint_auto/cmake)
-- Added test 'lint_cmake' to check CMake code style
-- Added test 'xmllint' to check XML markup files
-- Configuring done
-- Generating done
-- Build files have been written to: /home/killian/Bureau/Projet_Voiture/TrailerMate/raspberryPI3/ros2_ws/build/interfaces
[  1%] [34m[1mGenerating C code for ROS interfaces[0m
[  1%] [34m[1mGenerating C++ code for ROS interfaces[0m
[  1%] Built target ament_cmake_python_copy_interfaces
running egg_info
writing interfaces.egg-info/PKG-INFO
writing dependency_links to interfaces.egg-info/dependency_links.txt
writing top-level names to interfaces.egg-info/top_level.txt
reading manifest file 'interfaces.egg-info/SOURCES.txt'
writing manifest file 'interfaces.egg-info/SOURCES.txt'
[  1%] Built target ament_cmake_python_build_interfaces_egg
[  1%] Built target interfaces__cpp
[  2%] [34m[1mGenerating C++ introspection for ROS interfaces[0m
[  3%] [34m[1mGenerating C++ type support dispatch for ROS interfaces[0m
[  4%] [34m[1mGenerating C++ type support for eProsima Fast-RTPS[0m
[35m[1mConsolidate compiler generated dependencies of target interfaces__rosidl_generator_c[0m
[  5%] [32mBuilding C object CMakeFiles/interfaces__rosidl_generator_c.dir/rosidl_generator_c/interfaces/msg/detail/joystick_order__functions.c.o[0m
[  8%] [32mBuilding C object CMakeFiles/interfaces__rosidl_generator_c.dir/rosidl_generator_c/interfaces/msg/detail/steering_calibration__functions.c.o[0m
[  8%] [32mBuilding C object CMakeFiles/interfaces__rosidl_generator_c.dir/rosidl_generator_c/interfaces/msg/detail/motors_feedback__functions.c.o[0m
[  8%] [32mBuilding C object CMakeFiles/interfaces__rosidl_generator_c.dir/rosidl_generator_c/interfaces/msg/detail/general_data__functions.c.o[0m
[  9%] [32mBuilding C object CMakeFiles/interfaces__rosidl_generator_c.dir/rosidl_generator_c/interfaces/msg/detail/gnss__functions.c.o[0m
[ 10%] [32mBuilding C object CMakeFiles/interfaces__rosidl_generator_c.dir/rosidl_generator_c/interfaces/msg/detail/motors_order__functions.c.o[0m
[ 11%] [32mBuilding C object CMakeFiles/interfaces__rosidl_generator_c.dir/rosidl_generator_c/interfaces/msg/detail/ultrasonic__functions.c.o[0m
[ 12%] [32mBuilding C object CMakeFiles/interfaces__rosidl_generator_c.dir/rosidl_generator_c/interfaces/msg/detail/system_check__functions.c.o[0m
[ 13%] [32mBuilding C object CMakeFiles/interfaces__rosidl_generator_c.dir/rosidl_generator_c/interfaces/msg/detail/stop_car__functions.c.o[0m
[ 14%] [32mBuilding C object CMakeFiles/interfaces__rosidl_generator_c.dir/rosidl_generator_c/interfaces/msg/detail/angle_trailer__functions.c.o[0m
[ 15%] [32m[1mLinking C shared library libinterfaces__rosidl_generator_c.so[0m
[ 15%] Built target interfaces__rosidl_generator_c
[ 16%] [34m[1mGenerating C type support for eProsima Fast-RTPS[0m
[ 18%] [34m[1mGenerating C introspection for ROS interfaces[0m
[ 18%] [34m[1mGenerating C type support dispatch for ROS interfaces[0m
[35m[1mConsolidate compiler generated dependencies of target interfaces__rosidl_typesupport_cpp[0m
[ 21%] [32mBuilding CXX object CMakeFiles/interfaces__rosidl_typesupport_cpp.dir/rosidl_typesupport_cpp/interfaces/msg/motors_order__type_support.cpp.o[0m
[ 21%] [32mBuilding CXX object CMakeFiles/interfaces__rosidl_typesupport_cpp.dir/rosidl_typesupport_cpp/interfaces/msg/joystick_order__type_support.cpp.o[0m
[ 21%] [32mBuilding CXX object CMakeFiles/interfaces__rosidl_typesupport_cpp.dir/rosidl_typesupport_cpp/interfaces/msg/motors_feedback__type_support.cpp.o[0m
[ 22%] [32mBuilding CXX object CMakeFiles/interfaces__rosidl_typesupport_cpp.dir/rosidl_typesupport_cpp/interfaces/msg/steering_calibration__type_support.cpp.o[0m
[ 23%] [32mBuilding CXX object CMakeFiles/interfaces__rosidl_typesupport_cpp.dir/rosidl_typesupport_cpp/interfaces/msg/general_data__type_support.cpp.o[0m
[ 24%] [32mBuilding CXX object CMakeFiles/interfaces__rosidl_typesupport_cpp.dir/rosidl_typesupport_cpp/interfaces/msg/gnss__type_support.cpp.o[0m
[ 25%] [32mBuilding CXX object CMakeFiles/interfaces__rosidl_typesupport_cpp.dir/rosidl_typesupport_cpp/interfaces/msg/ultrasonic__type_support.cpp.o[0m
[ 27%] [32mBuilding CXX object CMakeFiles/interfaces__rosidl_typesupport_cpp.dir/rosidl_typesupport_cpp/interfaces/msg/system_check__type_support.cpp.o[0m
[ 27%] [32mBuilding CXX object CMakeFiles/interfaces__rosidl_typesupport_cpp.dir/rosidl_typesupport_cpp/interfaces/msg/stop_car__type_support.cpp.o[0m
[ 28%] [32mBuilding CXX object CMakeFiles/interfaces__rosidl_typesupport_cpp.dir/rosidl_typesupport_cpp/interfaces/msg/angle_trailer__type_support.cpp.o[0m
[35m[1mConsolidate compiler generated dependencies of target interfaces__rosidl_typesupport_introspection_cpp[0m
[ 29%] [32mBuilding CXX object CMakeFiles/interfaces__rosidl_typesupport_introspection_cpp.dir/rosidl_typesupport_introspection_cpp/interfaces/msg/detail/joystick_order__type_support.cpp.o[0m
[ 30%] [32mBuilding CXX object CMakeFiles/interfaces__rosidl_typesupport_introspection_cpp.dir/rosidl_typesupport_introspection_cpp/interfaces/msg/detail/motors_order__type_support.cpp.o[0m
[ 31%] [32mBuilding CXX object CMakeFiles/interfaces__rosidl_typesupport_introspection_cpp.dir/rosidl_typesupport_introspection_cpp/interfaces/msg/detail/motors_feedback__type_support.cpp.o[0m
[ 33%] [32mBuilding CXX object CMakeFiles/interfaces__rosidl_typesupport_introspection_cpp.dir/rosidl_typesupport_introspection_cpp/interfaces/msg/detail/steering_calibration__type_support.cpp.o[0m
[ 33%] [32mBuilding CXX object CMakeFiles/interfaces__rosidl_typesupport_introspection_cpp.dir/rosidl_typesupport_introspection_cpp/interfaces/msg/detail/ultrasonic__type_support.cpp.o[0m
[ 34%] [32mBuilding CXX object CMakeFiles/interfaces__rosidl_typesupport_introspection_cpp.dir/rosidl_typesupport_introspection_cpp/interfaces/msg/detail/general_data__type_support.cpp.o[0m
[ 35%] [32mBuilding CXX object CMakeFiles/interfaces__rosidl_typesupport_introspection_cpp.dir/rosidl_typesupport_introspection_cpp/interfaces/msg/detail/gnss__type_support.cpp.o[0m
[ 37%] [32mBuilding CXX object CMakeFiles/interfaces__rosidl_typesupport_introspection_cpp.dir/rosidl_typesupport_introspection_cpp/interfaces/msg/detail/stop_car__type_support.cpp.o[0m
[ 36%] [32mBuilding CXX object CMakeFiles/interfaces__rosidl_typesupport_introspection_cpp.dir/rosidl_typesupport_introspection_cpp/interfaces/msg/detail/system_check__type_support.cpp.o[0m
[ 38%] [32mBuilding CXX object CMakeFiles/interfaces__rosidl_typesupport_introspection_cpp.dir/rosidl_typesupport_introspection_cpp/interfaces/msg/detail/angle_trailer__type_support.cpp.o[0m
[ 39%] [32m[1mLinking CXX shared library libinterfaces__rosidl_typesupport_cpp.so[0m
[ 39%] Built target interfaces__rosidl_typesupport_cpp
[35m[1mConsolidate compiler generated dependencies of target interfaces__rosidl_typesupport_fastrtps_c[0m
[ 40%] [32mBuilding CXX object CMakeFiles/interfaces__rosidl_typesupport_fastrtps_c.dir/rosidl_typesupport_fastrtps_c/interfaces/msg/detail/joystick_order__type_support_c.cpp.o[0m
[ 41%] [32mBuilding CXX object CMakeFiles/interfaces__rosidl_typesupport_fastrtps_c.dir/rosidl_typesupport_fastrtps_c/interfaces/msg/detail/motors_order__type_support_c.cpp.o[0m
[ 42%] [32mBuilding CXX object CMakeFiles/interfaces__rosidl_typesupport_fastrtps_c.dir/rosidl_typesupport_fastrtps_c/interfaces/msg/detail/motors_feedback__type_support_c.cpp.o[0m
[35m[1mConsolidate compiler generated dependencies of target interfaces__rosidl_typesupport_c[0m
[ 43%] [32mBuilding CXX object CMakeFiles/interfaces__rosidl_typesupport_c.dir/rosidl_typesupport_c/interfaces/msg/joystick_order__type_support.cpp.o[0m
[ 44%] [32mBuilding CXX object CMakeFiles/interfaces__rosidl_typesupport_fastrtps_c.dir/rosidl_typesupport_fastrtps_c/interfaces/msg/detail/general_data__type_support_c.cpp.o[0m
[ 45%] [32mBuilding CXX object CMakeFiles/interfaces__rosidl_typesupport_c.dir/rosidl_typesupport_c/interfaces/msg/motors_order__type_support.cpp.o[0m
[35m[1mConsolidate compiler generated dependencies of target interfaces__rosidl_typesupport_fastrtps_cpp[0m
[ 46%] [32mBuilding CXX object CMakeFiles/interfaces__rosidl_typesupport_c.dir/rosidl_typesupport_c/interfaces/msg/motors_feedback__type_support.cpp.o[0m
[ 47%] [32mBuilding CXX object CMakeFiles/interfaces__rosidl_typesupport_fastrtps_c.dir/rosidl_typesupport_fastrtps_c/interfaces/msg/detail/steering_calibration__type_support_c.cpp.o[0m
[ 48%] [32mBuilding CXX object CMakeFiles/interfaces__rosidl_typesupport_c.dir/rosidl_typesupport_c/interfaces/msg/general_data__type_support.cpp.o[0m
[ 49%] [32mBuilding CXX object CMakeFiles/interfaces__rosidl_typesupport_fastrtps_cpp.dir/rosidl_typesupport_fastrtps_cpp/interfaces/msg/detail/dds_fastrtps/joystick_order__type_support.cpp.o[0m
[ 50%] [32mBuilding CXX object CMakeFiles/interfaces__rosidl_typesupport_fastrtps_cpp.dir/rosidl_typesupport_fastrtps_cpp/interfaces/msg/detail/dds_fastrtps/motors_order__type_support.cpp.o[0m
[ 51%] [32mBuilding CXX object CMakeFiles/interfaces__rosidl_typesupport_fastrtps_c.dir/rosidl_typesupport_fastrtps_c/interfaces/msg/detail/ultrasonic__type_support_c.cpp.o[0m
[ 52%] [32mBuilding CXX object CMakeFiles/interfaces__rosidl_typesupport_c.dir/rosidl_typesupport_c/interfaces/msg/steering_calibration__type_support.cpp.o[0m
[35m[1mConsolidate compiler generated dependencies of target interfaces__rosidl_typesupport_introspection_c[0m
[ 53%] [32mBuilding CXX object CMakeFiles/interfaces__rosidl_typesupport_c.dir/rosidl_typesupport_c/interfaces/msg/ultrasonic__type_support.cpp.o[0m
[ 54%] [32mBuilding CXX object CMakeFiles/interfaces__rosidl_typesupport_c.dir/rosidl_typesupport_c/interfaces/msg/gnss__type_support.cpp.o[0m
[ 55%] [32mBuilding CXX object CMakeFiles/interfaces__rosidl_typesupport_fastrtps_c.dir/rosidl_typesupport_fastrtps_c/interfaces/msg/detail/gnss__type_support_c.cpp.o[0m
[ 56%] [32mBuilding C object CMakeFiles/interfaces__rosidl_typesupport_introspection_c.dir/rosidl_typesupport_introspection_c/interfaces/msg/detail/joystick_order__type_support.c.o[0m
[ 57%] [32mBuilding CXX object CMakeFiles/interfaces__rosidl_typesupport_c.dir/rosidl_typesupport_c/interfaces/msg/system_check__type_support.cpp.o[0m
[ 57%] [32mBuilding CXX object CMakeFiles/interfaces__rosidl_typesupport_c.dir/rosidl_typesupport_c/interfaces/msg/stop_car__type_support.cpp.o[0m
[ 58%] [32mBuilding C object CMakeFiles/interfaces__rosidl_typesupport_introspection_c.dir/rosidl_typesupport_introspection_c/interfaces/msg/detail/motors_order__type_support.c.o[0m
[ 59%] [32mBuilding CXX object CMakeFiles/interfaces__rosidl_typesupport_c.dir/rosidl_typesupport_c/interfaces/msg/angle_trailer__type_support.cpp.o[0m
[ 60%] [32mBuilding C object CMakeFiles/interfaces__rosidl_typesupport_introspection_c.dir/rosidl_typesupport_introspection_c/interfaces/msg/detail/motors_feedback__type_support.c.o[0m
[ 61%] [32mBuilding C object CMakeFiles/interfaces__rosidl_typesupport_introspection_c.dir/rosidl_typesupport_introspection_c/interfaces/msg/detail/general_data__type_support.c.o[0m
[ 62%] [32mBuilding CXX object CMakeFiles/interfaces__rosidl_typesupport_fastrtps_c.dir/rosidl_typesupport_fastrtps_c/interfaces/msg/detail/system_check__type_support_c.cpp.o[0m
[ 63%] [32mBuilding C object CMakeFiles/interfaces__rosidl_typesupport_introspection_c.dir/rosidl_typesupport_introspection_c/interfaces/msg/detail/steering_calibration__type_support.c.o[0m
[ 64%] [32mBuilding C object CMakeFiles/interfaces__rosidl_typesupport_introspection_c.dir/rosidl_typesupport_introspection_c/interfaces/msg/detail/ultrasonic__type_support.c.o[0m
[ 66%] [32m[1mLinking CXX shared library libinterfaces__rosidl_typesupport_c.so[0m
[ 66%] [32mBuilding C object CMakeFiles/interfaces__rosidl_typesupport_introspection_c.dir/rosidl_typesupport_introspection_c/interfaces/msg/detail/gnss__type_support.c.o[0m
[ 67%] [32mBuilding C object CMakeFiles/interfaces__rosidl_typesupport_introspection_c.dir/rosidl_typesupport_introspection_c/interfaces/msg/detail/system_check__type_support.c.o[0m
[ 68%] [32mBuilding C object CMakeFiles/interfaces__rosidl_typesupport_introspection_c.dir/rosidl_typesupport_introspection_c/interfaces/msg/detail/stop_car__type_support.c.o[0m
[ 70%] [32m[1mLinking CXX shared library libinterfaces__rosidl_typesupport_introspection_cpp.so[0m
[ 70%] [32mBuilding CXX object CMakeFiles/interfaces__rosidl_typesupport_fastrtps_c.dir/rosidl_typesupport_fastrtps_c/interfaces/msg/detail/stop_car__type_support_c.cpp.o[0m
[ 71%] [32mBuilding C object CMakeFiles/interfaces__rosidl_typesupport_introspection_c.dir/rosidl_typesupport_introspection_c/interfaces/msg/detail/angle_trailer__type_support.c.o[0m
[ 72%] [32mBuilding CXX object CMakeFiles/interfaces__rosidl_typesupport_fastrtps_c.dir/rosidl_typesupport_fastrtps_c/interfaces/msg/detail/angle_trailer__type_support_c.cpp.o[0m
[ 72%] [32mBuilding CXX object CMakeFiles/interfaces__rosidl_typesupport_fastrtps_cpp.dir/rosidl_typesupport_fastrtps_cpp/interfaces/msg/detail/dds_fastrtps/motors_feedback__type_support.cpp.o[0m
[ 73%] [32mBuilding CXX object CMakeFiles/interfaces__rosidl_typesupport_fastrtps_cpp.dir/rosidl_typesupport_fastrtps_cpp/interfaces/msg/detail/dds_fastrtps/general_data__type_support.cpp.o[0m
[ 73%] Built target interfaces__rosidl_typesupport_c
[ 74%] [32mBuilding CXX object CMakeFiles/interfaces__rosidl_typesupport_fastrtps_cpp.dir/rosidl_typesupport_fastrtps_cpp/interfaces/msg/detail/dds_fastrtps/ultrasonic__type_support.cpp.o[0m
[ 75%] [32m[1mLinking C shared library libinterfaces__rosidl_typesupport_introspection_c.so[0m
[ 76%] [32mBuilding CXX object CMakeFiles/interfaces__rosidl_typesupport_fastrtps_cpp.dir/rosidl_typesupport_fastrtps_cpp/interfaces/msg/detail/dds_fastrtps/steering_calibration__type_support.cpp.o[0m
[ 76%] Built target interfaces__rosidl_typesupport_introspection_c
[ 77%] [32mBuilding CXX object CMakeFiles/interfaces__rosidl_typesupport_fastrtps_cpp.dir/rosidl_typesupport_fastrtps_cpp/interfaces/msg/detail/dds_fastrtps/gnss__type_support.cpp.o[0m
[ 77%] Built target interfaces__rosidl_typesupport_introspection_cpp
[ 78%] [32mBuilding CXX object CMakeFiles/interfaces__rosidl_typesupport_fastrtps_cpp.dir/rosidl_typesupport_fastrtps_cpp/interfaces/msg/detail/dds_fastrtps/system_check__type_support.cpp.o[0m
[ 79%] [32mBuilding CXX object CMakeFiles/interfaces__rosidl_typesupport_fastrtps_cpp.dir/rosidl_typesupport_fastrtps_cpp/interfaces/msg/detail/dds_fastrtps/stop_car__type_support.cpp.o[0m
[ 80%] [32mBuilding CXX object CMakeFiles/interfaces__rosidl_typesupport_fastrtps_cpp.dir/rosidl_typesupport_fastrtps_cpp/interfaces/msg/detail/dds_fastrtps/angle_trailer__type_support.cpp.o[0m
[ 81%] [32m[1mLinking CXX shared library libinterfaces__rosidl_typesupport_fastrtps_c.so[0m
[ 81%] Built target interfaces__rosidl_typesupport_fastrtps_c
[ 82%] [32m[1mLinking CXX shared library libinterfaces__rosidl_typesupport_fastrtps_cpp.so[0m
[ 82%] Built target interfaces__rosidl_typesupport_fastrtps_cpp
[ 82%] Built target interfaces
[ 83%] [34m[1mGenerating Python code for ROS interfaces[0m
[ 83%] Built target interfaces__py
[35m[1mConsolidate compiler generated dependencies of target interfaces__rosidl_generator_py[0m
[ 84%] [32mBuilding C object CMakeFiles/interfaces__rosidl_generator_py.dir/rosidl_generator_py/interfaces/msg/_joystick_order_s.c.o[0m
[ 85%] [32mBuilding C object CMakeFiles/interfaces__rosidl_generator_py.dir/rosidl_generator_py/interfaces/msg/_motors_feedback_s.c.o[0m
[ 86%] [32mBuilding C object CMakeFiles/interfaces__rosidl_generator_py.dir/rosidl_generator_py/interfaces/msg/_motors_order_s.c.o[0m
[ 87%] [32mBuilding C object CMakeFiles/interfaces__rosidl_generator_py.dir/rosidl_generator_py/interfaces/msg/_general_data_s.c.o[0m
[ 88%] [32mBuilding C object CMakeFiles/interfaces__rosidl_generator_py.dir/rosidl_generator_py/interfaces/msg/_steering_calibration_s.c.o[0m
[ 89%] [32mBuilding C object CMakeFiles/interfaces__rosidl_generator_py.dir/rosidl_generator_py/interfaces/msg/_stop_car_s.c.o[0m
[ 90%] [32mBuilding C object CMakeFiles/interfaces__rosidl_generator_py.dir/rosidl_generator_py/interfaces/msg/_ultrasonic_s.c.o[0m
[ 91%] [32mBuilding C object CMakeFiles/interfaces__rosidl_generator_py.dir/rosidl_generator_py/interfaces/msg/_gnss_s.c.o[0m
[ 92%] [32mBuilding C object CMakeFiles/interfaces__rosidl_generator_py.dir/rosidl_generator_py/interfaces/msg/_system_check_s.c.o[0m
[ 93%] [32mBuilding C object CMakeFiles/interfaces__rosidl_generator_py.dir/rosidl_generator_py/interfaces/msg/_angle_trailer_s.c.o[0m
[ 94%] [32m[1mLinking C shared library rosidl_generator_py/interfaces/libinterfaces__rosidl_generator_py.so[0m
[ 94%] Built target interfaces__rosidl_generator_py
[35m[1mConsolidate compiler generated dependencies of target interfaces__rosidl_typesupport_fastrtps_c__pyext[0m
[35m[1mConsolidate compiler generated dependencies of target interfaces__rosidl_typesupport_introspection_c__pyext[0m
[35m[1mConsolidate compiler generated dependencies of target interfaces__rosidl_typesupport_c__pyext[0m
[ 97%] [32mBuilding C object CMakeFiles/interfaces__rosidl_typesupport_introspection_c__pyext.dir/rosidl_generator_py/interfaces/_interfaces_s.ep.rosidl_typesupport_introspection_c.c.o[0m
[ 97%] [32mBuilding C object CMakeFiles/interfaces__rosidl_typesupport_fastrtps_c__pyext.dir/rosidl_generator_py/interfaces/_interfaces_s.ep.rosidl_typesupport_fastrtps_c.c.o[0m
[ 97%] [32mBuilding C object CMakeFiles/interfaces__rosidl_typesupport_c__pyext.dir/rosidl_generator_py/interfaces/_interfaces_s.ep.rosidl_typesupport_c.c.o[0m
[ 99%] [32m[1mLinking C shared library rosidl_generator_py/interfaces/interfaces_s__rosidl_typesupport_c.cpython-310-x86_64-linux-gnu.so[0m
[ 99%] [32m[1mLinking C shared library rosidl_generator_py/interfaces/interfaces_s__rosidl_typesupport_introspection_c.cpython-310-x86_64-linux-gnu.so[0m
[100%] [32m[1mLinking C shared library rosidl_generator_py/interfaces/interfaces_s__rosidl_typesupport_fastrtps_c.cpython-310-x86_64-linux-gnu.so[0m
[100%] Built target interfaces__rosidl_typesupport_introspection_c__pyext
[100%] Built target interfaces__rosidl_typesupport_fastrtps_c__pyext
[100%] Built target interfaces__rosidl_typesupport_c__pyext
-- Install configuration: ""
-- Installing: /home/killian/Bureau/Projet_Voiture/TrailerMate/raspberryPI3/ros2_ws/install/interfaces/share/ament_index/resource_index/rosidl_interfaces/interfaces
-- Up-to-date: /home/killian/Bureau/Projet_Voiture/TrailerMate/raspberryPI3/ros2_ws/install/interfaces/include/interfaces/interfaces
-- Up-to-date: /home/killian/Bureau/Projet_Voiture/TrailerMate/raspberryPI3/ros2_ws/install/interfaces/include/interfaces/interfaces/msg
-- Installing: /home/killian/Bureau/Projet_Voiture/TrailerMate/raspberryPI3/ros2_ws/install/interfaces/include/interfaces/interfaces/msg/angle_trailer.h
-- Up-to-date: /home/killian/Bureau/Projet_Voiture/TrailerMate/raspberryPI3/ros2_ws/install/interfaces/include/interfaces/interfaces/msg/detail
-- Installing: /home/killian/Bureau/Projet_Voiture/TrailerMate/raspberryPI3/ros2_ws/install/interfaces/include/interfaces/interfaces/msg/detail/ultrasonic__struct.h
-- Installing: /home/killian/Bureau/Projet_Voiture/TrailerMate/raspberryPI3/ros2_ws/install/interfaces/include/interfaces/interfaces/msg/detail/gnss__functions.c
-- Installing: /home/killian/Bureau/Projet_Voiture/TrailerMate/raspberryPI3/ros2_ws/install/interfaces/include/interfaces/interfaces/msg/detail/steering_calibration__functions.h
-- Installing: /home/killian/Bureau/Projet_Voiture/TrailerMate/raspberryPI3/ros2_ws/install/interfaces/include/interfaces/interfaces/msg/detail/general_data__functions.h
-- Installing: /home/killian/Bureau/Projet_Voiture/TrailerMate/raspberryPI3/ros2_ws/install/interfaces/include/interfaces/interfaces/msg/detail/motors_feedback__functions.c
-- Installing: /home/killian/Bureau/Projet_Voiture/TrailerMate/raspberryPI3/ros2_ws/install/interfaces/include/interfaces/interfaces/msg/detail/motors_order__functions.c
-- Installing: /home/killian/Bureau/Projet_Voiture/TrailerMate/raspberryPI3/ros2_ws/install/interfaces/include/interfaces/interfaces/msg/detail/general_data__type_support.h
-- Installing: /home/killian/Bureau/Projet_Voiture/TrailerMate/raspberryPI3/ros2_ws/install/interfaces/include/interfaces/interfaces/msg/detail/stop_car__functions.c
-- Installing: /home/killian/Bureau/Projet_Voiture/TrailerMate/raspberryPI3/ros2_ws/install/interfaces/include/interfaces/interfaces/msg/detail/steering_calibration__functions.c
-- Installing: /home/killian/Bureau/Projet_Voiture/TrailerMate/raspberryPI3/ros2_ws/install/interfaces/include/interfaces/interfaces/msg/detail/motors_feedback__functions.h
-- Installing: /home/killian/Bureau/Projet_Voiture/TrailerMate/raspberryPI3/ros2_ws/install/interfaces/include/interfaces/interfaces/msg/detail/steering_calibration__type_support.h
-- Installing: /home/killian/Bureau/Projet_Voiture/TrailerMate/raspberryPI3/ros2_ws/install/interfaces/include/interfaces/interfaces/msg/detail/motors_feedback__type_support.h
-- Installing: /home/killian/Bureau/Projet_Voiture/TrailerMate/raspberryPI3/ros2_ws/install/interfaces/include/interfaces/interfaces/msg/detail/joystick_order__functions.c
-- Up-to-date: /home/killian/Bureau/Projet_Voiture/TrailerMate/raspberryPI3/ros2_ws/install/interfaces/include/interfaces/interfaces/msg/detail/trailer_angle__functions.c
-- Installing: /home/killian/Bureau/Projet_Voiture/TrailerMate/raspberryPI3/ros2_ws/install/interfaces/include/interfaces/interfaces/msg/detail/stop_car__functions.h
-- Installing: /home/killian/Bureau/Projet_Voiture/TrailerMate/raspberryPI3/ros2_ws/install/interfaces/include/interfaces/interfaces/msg/detail/system_check__functions.h
-- Installing: /home/killian/Bureau/Projet_Voiture/TrailerMate/raspberryPI3/ros2_ws/install/interfaces/include/interfaces/interfaces/msg/detail/motors_order__functions.h
-- Installing: /home/killian/Bureau/Projet_Voiture/TrailerMate/raspberryPI3/ros2_ws/install/interfaces/include/interfaces/interfaces/msg/detail/general_data__functions.c
-- Installing: /home/killian/Bureau/Projet_Voiture/TrailerMate/raspberryPI3/ros2_ws/install/interfaces/include/interfaces/interfaces/msg/detail/stop_car__type_support.h
-- Installing: /home/killian/Bureau/Projet_Voiture/TrailerMate/raspberryPI3/ros2_ws/install/interfaces/include/interfaces/interfaces/msg/detail/system_check__functions.c
-- Installing: /home/killian/Bureau/Projet_Voiture/TrailerMate/raspberryPI3/ros2_ws/install/interfaces/include/interfaces/interfaces/msg/detail/motors_order__struct.h
-- Installing: /home/killian/Bureau/Projet_Voiture/TrailerMate/raspberryPI3/ros2_ws/install/interfaces/include/interfaces/interfaces/msg/detail/ultrasonic__functions.h
-- Installing: /home/killian/Bureau/Projet_Voiture/TrailerMate/raspberryPI3/ros2_ws/install/interfaces/include/interfaces/interfaces/msg/detail/stop_car__struct.h
-- Installing: /home/killian/Bureau/Projet_Voiture/TrailerMate/raspberryPI3/ros2_ws/install/interfaces/include/interfaces/interfaces/msg/detail/angle_trailer__type_support.h
-- Installing: /home/killian/Bureau/Projet_Voiture/TrailerMate/raspberryPI3/ros2_ws/install/interfaces/include/interfaces/interfaces/msg/detail/system_check__struct.h
-- Installing: /home/killian/Bureau/Projet_Voiture/TrailerMate/raspberryPI3/ros2_ws/install/interfaces/include/interfaces/interfaces/msg/detail/joystick_order__struct.h
-- Installing: /home/killian/Bureau/Projet_Voiture/TrailerMate/raspberryPI3/ros2_ws/install/interfaces/include/interfaces/interfaces/msg/detail/joystick_order__type_support.h
-- Installing: /home/killian/Bureau/Projet_Voiture/TrailerMate/raspberryPI3/ros2_ws/install/interfaces/include/interfaces/interfaces/msg/detail/angle_trailer__functions.h
-- Installing: /home/killian/Bureau/Projet_Voiture/TrailerMate/raspberryPI3/ros2_ws/install/interfaces/include/interfaces/interfaces/msg/detail/motors_feedback__struct.h
-- Installing: /home/killian/Bureau/Projet_Voiture/TrailerMate/raspberryPI3/ros2_ws/install/interfaces/include/interfaces/interfaces/msg/detail/ultrasonic__type_support.h
-- Installing: /home/killian/Bureau/Projet_Voiture/TrailerMate/raspberryPI3/ros2_ws/install/interfaces/include/interfaces/interfaces/msg/detail/gnss__struct.h
-- Installing: /home/killian/Bureau/Projet_Voiture/TrailerMate/raspberryPI3/ros2_ws/install/interfaces/include/interfaces/interfaces/msg/detail/motors_order__type_support.h
-- Installing: /home/killian/Bureau/Projet_Voiture/TrailerMate/raspberryPI3/ros2_ws/install/interfaces/include/interfaces/interfaces/msg/detail/gnss__type_support.h
-- Up-to-date: /home/killian/Bureau/Projet_Voiture/TrailerMate/raspberryPI3/ros2_ws/install/interfaces/include/interfaces/interfaces/msg/detail/trailer_angle__type_support.h
-- Installing: /home/killian/Bureau/Projet_Voiture/TrailerMate/raspberryPI3/ros2_ws/install/interfaces/include/interfaces/interfaces/msg/detail/joystick_order__functions.h
-- Installing: /home/killian/Bureau/Projet_Voiture/TrailerMate/raspberryPI3/ros2_ws/install/interfaces/include/interfaces/interfaces/msg/detail/ultrasonic__functions.c
-- Installing: /home/killian/Bureau/Projet_Voiture/TrailerMate/raspberryPI3/ros2_ws/install/interfaces/include/interfaces/interfaces/msg/detail/steering_calibration__struct.h
-- Installing: /home/killian/Bureau/Projet_Voiture/TrailerMate/raspberryPI3/ros2_ws/install/interfaces/include/interfaces/interfaces/msg/detail/system_check__type_support.h
-- Up-to-date: /home/killian/Bureau/Projet_Voiture/TrailerMate/raspberryPI3/ros2_ws/install/interfaces/include/interfaces/interfaces/msg/detail/trailer_angle__struct.h
-- Installing: /home/killian/Bureau/Projet_Voiture/TrailerMate/raspberryPI3/ros2_ws/install/interfaces/include/interfaces/interfaces/msg/detail/general_data__struct.h
-- Up-to-date: /home/killian/Bureau/Projet_Voiture/TrailerMate/raspberryPI3/ros2_ws/install/interfaces/include/interfaces/interfaces/msg/detail/trailer_angle__functions.h
-- Installing: /home/killian/Bureau/Projet_Voiture/TrailerMate/raspberryPI3/ros2_ws/install/interfaces/include/interfaces/interfaces/msg/detail/gnss__functions.h
-- Installing: /home/killian/Bureau/Projet_Voiture/TrailerMate/raspberryPI3/ros2_ws/install/interfaces/include/interfaces/interfaces/msg/detail/angle_trailer__functions.c
-- Installing: /home/killian/Bureau/Projet_Voiture/TrailerMate/raspberryPI3/ros2_ws/install/interfaces/include/interfaces/interfaces/msg/detail/angle_trailer__struct.h
-- Up-to-date: /home/killian/Bureau/Projet_Voiture/TrailerMate/raspberryPI3/ros2_ws/install/interfaces/include/interfaces/interfaces/msg/trailer_angle.h
-- Installing: /home/killian/Bureau/Projet_Voiture/TrailerMate/raspberryPI3/ros2_ws/install/interfaces/include/interfaces/interfaces/msg/ultrasonic.h
-- Installing: /home/killian/Bureau/Projet_Voiture/TrailerMate/raspberryPI3/ros2_ws/install/interfaces/include/interfaces/interfaces/msg/motors_order.h
-- Installing: /home/killian/Bureau/Projet_Voiture/TrailerMate/raspberryPI3/ros2_ws/install/interfaces/include/interfaces/interfaces/msg/general_data.h
-- Installing: /home/killian/Bureau/Projet_Voiture/TrailerMate/raspberryPI3/ros2_ws/install/interfaces/include/interfaces/interfaces/msg/motors_feedback.h
-- Installing: /home/killian/Bureau/Projet_Voiture/TrailerMate/raspberryPI3/ros2_ws/install/interfaces/include/interfaces/interfaces/msg/system_check.h
-- Installing: /home/killian/Bureau/Projet_Voiture/TrailerMate/raspberryPI3/ros2_ws/install/interfaces/include/interfaces/interfaces/msg/steering_calibration.h
-- Installing: /home/killian/Bureau/Projet_Voiture/TrailerMate/raspberryPI3/ros2_ws/install/interfaces/include/interfaces/interfaces/msg/stop_car.h
-- Up-to-date: /home/killian/Bureau/Projet_Voiture/TrailerMate/raspberryPI3/ros2_ws/install/interfaces/include/interfaces/interfaces/msg/rosidl_generator_c__visibility_control.h
-- Installing: /home/killian/Bureau/Projet_Voiture/TrailerMate/raspberryPI3/ros2_ws/install/interfaces/include/interfaces/interfaces/msg/gnss.h
-- Installing: /home/killian/Bureau/Projet_Voiture/TrailerMate/raspberryPI3/ros2_ws/install/interfaces/include/interfaces/interfaces/msg/joystick_order.h
-- Up-to-date: /home/killian/Bureau/Projet_Voiture/TrailerMate/raspberryPI3/ros2_ws/install/interfaces/share/interfaces/environment/library_path.sh
-- Installing: /home/killian/Bureau/Projet_Voiture/TrailerMate/raspberryPI3/ros2_ws/install/interfaces/share/interfaces/environment/library_path.dsv
-- Installing: /home/killian/Bureau/Projet_Voiture/TrailerMate/raspberryPI3/ros2_ws/install/interfaces/lib/libinterfaces__rosidl_generator_c.so
-- Set runtime path of "/home/killian/Bureau/Projet_Voiture/TrailerMate/raspberryPI3/ros2_ws/install/interfaces/lib/libinterfaces__rosidl_generator_c.so" to ""
-- Up-to-date: /home/killian/Bureau/Projet_Voiture/TrailerMate/raspberryPI3/ros2_ws/install/interfaces/include/interfaces/interfaces
-- Up-to-date: /home/killian/Bureau/Projet_Voiture/TrailerMate/raspberryPI3/ros2_ws/install/interfaces/include/interfaces/interfaces/msg
-- Up-to-date: /home/killian/Bureau/Projet_Voiture/TrailerMate/raspberryPI3/ros2_ws/install/interfaces/include/interfaces/interfaces/msg/rosidl_typesupport_fastrtps_c__visibility_control.h
-- Up-to-date: /home/killian/Bureau/Projet_Voiture/TrailerMate/raspberryPI3/ros2_ws/install/interfaces/include/interfaces/interfaces/msg/detail
-- Installing: /home/killian/Bureau/Projet_Voiture/TrailerMate/raspberryPI3/ros2_ws/install/interfaces/include/interfaces/interfaces/msg/detail/motors_feedback__rosidl_typesupport_fastrtps_c.h
-- Installing: /home/killian/Bureau/Projet_Voiture/TrailerMate/raspberryPI3/ros2_ws/install/interfaces/include/interfaces/interfaces/msg/detail/steering_calibration__rosidl_typesupport_fastrtps_c.h
-- Installing: /home/killian/Bureau/Projet_Voiture/TrailerMate/raspberryPI3/ros2_ws/install/interfaces/include/interfaces/interfaces/msg/detail/general_data__rosidl_typesupport_fastrtps_c.h
-- Installing: /home/killian/Bureau/Projet_Voiture/TrailerMate/raspberryPI3/ros2_ws/install/interfaces/include/interfaces/interfaces/msg/detail/gnss__rosidl_typesupport_fastrtps_c.h
-- Up-to-date: /home/killian/Bureau/Projet_Voiture/TrailerMate/raspberryPI3/ros2_ws/install/interfaces/include/interfaces/interfaces/msg/detail/trailer_angle__rosidl_typesupport_fastrtps_c.h
-- Installing: /home/killian/Bureau/Projet_Voiture/TrailerMate/raspberryPI3/ros2_ws/install/interfaces/include/interfaces/interfaces/msg/detail/angle_trailer__rosidl_typesupport_fastrtps_c.h
-- Installing: /home/killian/Bureau/Projet_Voiture/TrailerMate/raspberryPI3/ros2_ws/install/interfaces/include/interfaces/interfaces/msg/detail/system_check__rosidl_typesupport_fastrtps_c.h
-- Installing: /home/killian/Bureau/Projet_Voiture/TrailerMate/raspberryPI3/ros2_ws/install/interfaces/include/interfaces/interfaces/msg/detail/joystick_order__rosidl_typesupport_fastrtps_c.h
-- Installing: /home/killian/Bureau/Projet_Voiture/TrailerMate/raspberryPI3/ros2_ws/install/interfaces/include/interfaces/interfaces/msg/detail/motors_order__rosidl_typesupport_fastrtps_c.h
-- Installing: /home/killian/Bureau/Projet_Voiture/TrailerMate/raspberryPI3/ros2_ws/install/interfaces/include/interfaces/interfaces/msg/detail/ultrasonic__rosidl_typesupport_fastrtps_c.h
-- Installing: /home/killian/Bureau/Projet_Voiture/TrailerMate/raspberryPI3/ros2_ws/install/interfaces/include/interfaces/interfaces/msg/detail/stop_car__rosidl_typesupport_fastrtps_c.h
-- Installing: /home/killian/Bureau/Projet_Voiture/TrailerMate/raspberryPI3/ros2_ws/install/interfaces/lib/libinterfaces__rosidl_typesupport_fastrtps_c.so
-- Set runtime path of "/home/killian/Bureau/Projet_Voiture/TrailerMate/raspberryPI3/ros2_ws/install/interfaces/lib/libinterfaces__rosidl_typesupport_fastrtps_c.so" to ""
-- Up-to-date: /home/killian/Bureau/Projet_Voiture/TrailerMate/raspberryPI3/ros2_ws/install/interfaces/include/interfaces/interfaces
-- Up-to-date: /home/killian/Bureau/Projet_Voiture/TrailerMate/raspberryPI3/ros2_ws/install/interfaces/include/interfaces/interfaces/msg
-- Installing: /home/killian/Bureau/Projet_Voiture/TrailerMate/raspberryPI3/ros2_ws/install/interfaces/include/interfaces/interfaces/msg/steering_calibration.hpp
-- Installing: /home/killian/Bureau/Projet_Voiture/TrailerMate/raspberryPI3/ros2_ws/install/interfaces/include/interfaces/interfaces/msg/motors_order.hpp
-- Installing: /home/killian/Bureau/Projet_Voiture/TrailerMate/raspberryPI3/ros2_ws/install/interfaces/include/interfaces/interfaces/msg/angle_trailer.hpp
-- Up-to-date: /home/killian/Bureau/Projet_Voiture/TrailerMate/raspberryPI3/ros2_ws/install/interfaces/include/interfaces/interfaces/msg/detail
-- Installing: /home/killian/Bureau/Projet_Voiture/TrailerMate/raspberryPI3/ros2_ws/install/interfaces/include/interfaces/interfaces/msg/detail/gnss__struct.hpp
-- Installing: /home/killian/Bureau/Projet_Voiture/TrailerMate/raspberryPI3/ros2_ws/install/interfaces/include/interfaces/interfaces/msg/detail/motors_feedback__traits.hpp
-- Installing: /home/killian/Bureau/Projet_Voiture/TrailerMate/raspberryPI3/ros2_ws/install/interfaces/include/interfaces/interfaces/msg/detail/ultrasonic__struct.hpp
-- Installing: /home/killian/Bureau/Projet_Voiture/TrailerMate/raspberryPI3/ros2_ws/install/interfaces/include/interfaces/interfaces/msg/detail/motors_feedback__struct.hpp
-- Installing: /home/killian/Bureau/Projet_Voiture/TrailerMate/raspberryPI3/ros2_ws/install/interfaces/include/interfaces/interfaces/msg/detail/joystick_order__builder.hpp
-- Installing: /home/killian/Bureau/Projet_Voiture/TrailerMate/raspberryPI3/ros2_ws/install/interfaces/include/interfaces/interfaces/msg/detail/joystick_order__struct.hpp
-- Up-to-date: /home/killian/Bureau/Projet_Voiture/TrailerMate/raspberryPI3/ros2_ws/install/interfaces/include/interfaces/interfaces/msg/detail/trailer_angle__builder.hpp
-- Installing: /home/killian/Bureau/Projet_Voiture/TrailerMate/raspberryPI3/ros2_ws/install/interfaces/include/interfaces/interfaces/msg/detail/angle_trailer__builder.hpp
-- Installing: /home/killian/Bureau/Projet_Voiture/TrailerMate/raspberryPI3/ros2_ws/install/interfaces/include/interfaces/interfaces/msg/detail/stop_car__builder.hpp
-- Installing: /home/killian/Bureau/Projet_Voiture/TrailerMate/raspberryPI3/ros2_ws/install/interfaces/include/interfaces/interfaces/msg/detail/steering_calibration__traits.hpp
-- Installing: /home/killian/Bureau/Projet_Voiture/TrailerMate/raspberryPI3/ros2_ws/install/interfaces/include/interfaces/interfaces/msg/detail/steering_calibration__builder.hpp
-- Installing: /home/killian/Bureau/Projet_Voiture/TrailerMate/raspberryPI3/ros2_ws/install/interfaces/include/interfaces/interfaces/msg/detail/motors_order__builder.hpp
-- Installing: /home/killian/Bureau/Projet_Voiture/TrailerMate/raspberryPI3/ros2_ws/install/interfaces/include/interfaces/interfaces/msg/detail/ultrasonic__traits.hpp
-- Installing: /home/killian/Bureau/Projet_Voiture/TrailerMate/raspberryPI3/ros2_ws/install/interfaces/include/interfaces/interfaces/msg/detail/motors_order__traits.hpp
-- Installing: /home/killian/Bureau/Projet_Voiture/TrailerMate/raspberryPI3/ros2_ws/install/interfaces/include/interfaces/interfaces/msg/detail/gnss__builder.hpp
-- Installing: /home/killian/Bureau/Projet_Voiture/TrailerMate/raspberryPI3/ros2_ws/install/interfaces/include/interfaces/interfaces/msg/detail/motors_order__struct.hpp
-- Up-to-date: /home/killian/Bureau/Projet_Voiture/TrailerMate/raspberryPI3/ros2_ws/install/interfaces/include/interfaces/interfaces/msg/detail/trailer_angle__traits.hpp
-- Installing: /home/killian/Bureau/Projet_Voiture/TrailerMate/raspberryPI3/ros2_ws/install/interfaces/include/interfaces/interfaces/msg/detail/system_check__traits.hpp
-- Installing: /home/killian/Bureau/Projet_Voiture/TrailerMate/raspberryPI3/ros2_ws/install/interfaces/include/interfaces/interfaces/msg/detail/angle_trailer__struct.hpp
-- Installing: /home/killian/Bureau/Projet_Voiture/TrailerMate/raspberryPI3/ros2_ws/install/interfaces/include/interfaces/interfaces/msg/detail/angle_trailer__traits.hpp
-- Up-to-date: /home/killian/Bureau/Projet_Voiture/TrailerMate/raspberryPI3/ros2_ws/install/interfaces/include/interfaces/interfaces/msg/detail/trailer_angle__struct.hpp
-- Installing: /home/killian/Bureau/Projet_Voiture/TrailerMate/raspberryPI3/ros2_ws/install/interfaces/include/interfaces/interfaces/msg/detail/general_data__traits.hpp
-- Installing: /home/killian/Bureau/Projet_Voiture/TrailerMate/raspberryPI3/ros2_ws/install/interfaces/include/interfaces/interfaces/msg/detail/ultrasonic__builder.hpp
-- Installing: /home/killian/Bureau/Projet_Voiture/TrailerMate/raspberryPI3/ros2_ws/install/interfaces/include/interfaces/interfaces/msg/detail/system_check__builder.hpp
-- Installing: /home/killian/Bureau/Projet_Voiture/TrailerMate/raspberryPI3/ros2_ws/install/interfaces/include/interfaces/interfaces/msg/detail/stop_car__struct.hpp
-- Installing: /home/killian/Bureau/Projet_Voiture/TrailerMate/raspberryPI3/ros2_ws/install/interfaces/include/interfaces/interfaces/msg/detail/general_data__struct.hpp
-- Installing: /home/killian/Bureau/Projet_Voiture/TrailerMate/raspberryPI3/ros2_ws/install/interfaces/include/interfaces/interfaces/msg/detail/system_check__struct.hpp
-- Installing: /home/killian/Bureau/Projet_Voiture/TrailerMate/raspberryPI3/ros2_ws/install/interfaces/include/interfaces/interfaces/msg/detail/steering_calibration__struct.hpp
-- Installing: /home/killian/Bureau/Projet_Voiture/TrailerMate/raspberryPI3/ros2_ws/install/interfaces/include/interfaces/interfaces/msg/detail/motors_feedback__builder.hpp
-- Installing: /home/killian/Bureau/Projet_Voiture/TrailerMate/raspberryPI3/ros2_ws/install/interfaces/include/interfaces/interfaces/msg/detail/gnss__traits.hpp
-- Installing: /home/killian/Bureau/Projet_Voiture/TrailerMate/raspberryPI3/ros2_ws/install/interfaces/include/interfaces/interfaces/msg/detail/joystick_order__traits.hpp
-- Installing: /home/killian/Bureau/Projet_Voiture/TrailerMate/raspberryPI3/ros2_ws/install/interfaces/include/interfaces/interfaces/msg/detail/stop_car__traits.hpp
-- Installing: /home/killian/Bureau/Projet_Voiture/TrailerMate/raspberryPI3/ros2_ws/install/interfaces/include/interfaces/interfaces/msg/detail/general_data__builder.hpp
-- Installing: /home/killian/Bureau/Projet_Voiture/TrailerMate/raspberryPI3/ros2_ws/install/interfaces/include/interfaces/interfaces/msg/stop_car.hpp
-- Up-to-date: /home/killian/Bureau/Projet_Voiture/TrailerMate/raspberryPI3/ros2_ws/install/interfaces/include/interfaces/interfaces/msg/trailer_angle.hpp
-- Installing: /home/killian/Bureau/Projet_Voiture/TrailerMate/raspberryPI3/ros2_ws/install/interfaces/include/interfaces/interfaces/msg/gnss.hpp
-- Installing: /home/killian/Bureau/Projet_Voiture/TrailerMate/raspberryPI3/ros2_ws/install/interfaces/include/interfaces/interfaces/msg/joystick_order.hpp
-- Installing: /home/killian/Bureau/Projet_Voiture/TrailerMate/raspberryPI3/ros2_ws/install/interfaces/include/interfaces/interfaces/msg/general_data.hpp
-- Installing: /home/killian/Bureau/Projet_Voiture/TrailerMate/raspberryPI3/ros2_ws/install/interfaces/include/interfaces/interfaces/msg/motors_feedback.hpp
-- Installing: /home/killian/Bureau/Projet_Voiture/TrailerMate/raspberryPI3/ros2_ws/install/interfaces/include/interfaces/interfaces/msg/system_check.hpp
-- Installing: /home/killian/Bureau/Projet_Voiture/TrailerMate/raspberryPI3/ros2_ws/install/interfaces/include/interfaces/interfaces/msg/ultrasonic.hpp
-- Up-to-date: /home/killian/Bureau/Projet_Voiture/TrailerMate/raspberryPI3/ros2_ws/install/interfaces/include/interfaces/interfaces
-- Up-to-date: /home/killian/Bureau/Projet_Voiture/TrailerMate/raspberryPI3/ros2_ws/install/interfaces/include/interfaces/interfaces/msg
-- Up-to-date: /home/killian/Bureau/Projet_Voiture/TrailerMate/raspberryPI3/ros2_ws/install/interfaces/include/interfaces/interfaces/msg/detail
-- Installing: /home/killian/Bureau/Projet_Voiture/TrailerMate/raspberryPI3/ros2_ws/install/interfaces/include/interfaces/interfaces/msg/detail/angle_trailer__rosidl_typesupport_fastrtps_cpp.hpp
-- Installing: /home/killian/Bureau/Projet_Voiture/TrailerMate/raspberryPI3/ros2_ws/install/interfaces/include/interfaces/interfaces/msg/detail/stop_car__rosidl_typesupport_fastrtps_cpp.hpp
-- Installing: /home/killian/Bureau/Projet_Voiture/TrailerMate/raspberryPI3/ros2_ws/install/interfaces/include/interfaces/interfaces/msg/detail/steering_calibration__rosidl_typesupport_fastrtps_cpp.hpp
-- Installing: /home/killian/Bureau/Projet_Voiture/TrailerMate/raspberryPI3/ros2_ws/install/interfaces/include/interfaces/interfaces/msg/detail/system_check__rosidl_typesupport_fastrtps_cpp.hpp
-- Up-to-date: /home/killian/Bureau/Projet_Voiture/TrailerMate/raspberryPI3/ros2_ws/install/interfaces/include/interfaces/interfaces/msg/detail/dds_fastrtps
-- Installing: /home/killian/Bureau/Projet_Voiture/TrailerMate/raspberryPI3/ros2_ws/install/interfaces/include/interfaces/interfaces/msg/detail/general_data__rosidl_typesupport_fastrtps_cpp.hpp
-- Installing: /home/killian/Bureau/Projet_Voiture/TrailerMate/raspberryPI3/ros2_ws/install/interfaces/include/interfaces/interfaces/msg/detail/motors_order__rosidl_typesupport_fastrtps_cpp.hpp
-- Installing: /home/killian/Bureau/Projet_Voiture/TrailerMate/raspberryPI3/ros2_ws/install/interfaces/include/interfaces/interfaces/msg/detail/gnss__rosidl_typesupport_fastrtps_cpp.hpp
-- Up-to-date: /home/killian/Bureau/Projet_Voiture/TrailerMate/raspberryPI3/ros2_ws/install/interfaces/include/interfaces/interfaces/msg/detail/trailer_angle__rosidl_typesupport_fastrtps_cpp.hpp
-- Installing: /home/killian/Bureau/Projet_Voiture/TrailerMate/raspberryPI3/ros2_ws/install/interfaces/include/interfaces/interfaces/msg/detail/joystick_order__rosidl_typesupport_fastrtps_cpp.hpp
-- Installing: /home/killian/Bureau/Projet_Voiture/TrailerMate/raspberryPI3/ros2_ws/install/interfaces/include/interfaces/interfaces/msg/detail/ultrasonic__rosidl_typesupport_fastrtps_cpp.hpp
-- Installing: /home/killian/Bureau/Projet_Voiture/TrailerMate/raspberryPI3/ros2_ws/install/interfaces/include/interfaces/interfaces/msg/detail/motors_feedback__rosidl_typesupport_fastrtps_cpp.hpp
-- Up-to-date: /home/killian/Bureau/Projet_Voiture/TrailerMate/raspberryPI3/ros2_ws/install/interfaces/include/interfaces/interfaces/msg/rosidl_typesupport_fastrtps_cpp__visibility_control.h
-- Installing: /home/killian/Bureau/Projet_Voiture/TrailerMate/raspberryPI3/ros2_ws/install/interfaces/lib/libinterfaces__rosidl_typesupport_fastrtps_cpp.so
-- Set runtime path of "/home/killian/Bureau/Projet_Voiture/TrailerMate/raspberryPI3/ros2_ws/install/interfaces/lib/libinterfaces__rosidl_typesupport_fastrtps_cpp.so" to ""
-- Up-to-date: /home/killian/Bureau/Projet_Voiture/TrailerMate/raspberryPI3/ros2_ws/install/interfaces/include/interfaces/interfaces
-- Up-to-date: /home/killian/Bureau/Projet_Voiture/TrailerMate/raspberryPI3/ros2_ws/install/interfaces/include/interfaces/interfaces/msg
-- Up-to-date: /home/killian/Bureau/Projet_Voiture/TrailerMate/raspberryPI3/ros2_ws/install/interfaces/include/interfaces/interfaces/msg/detail
-- Installing: /home/killian/Bureau/Projet_Voiture/TrailerMate/raspberryPI3/ros2_ws/install/interfaces/include/interfaces/interfaces/msg/detail/motors_feedback__type_support.c
-- Installing: /home/killian/Bureau/Projet_Voiture/TrailerMate/raspberryPI3/ros2_ws/install/interfaces/include/interfaces/interfaces/msg/detail/system_check__rosidl_typesupport_introspection_c.h
-- Installing: /home/killian/Bureau/Projet_Voiture/TrailerMate/raspberryPI3/ros2_ws/install/interfaces/include/interfaces/interfaces/msg/detail/motors_feedback__rosidl_typesupport_introspection_c.h
-- Installing: /home/killian/Bureau/Projet_Voiture/TrailerMate/raspberryPI3/ros2_ws/install/interfaces/include/interfaces/interfaces/msg/detail/motors_order__rosidl_typesupport_introspection_c.h
-- Installing: /home/killian/Bureau/Projet_Voiture/TrailerMate/raspberryPI3/ros2_ws/install/interfaces/include/interfaces/interfaces/msg/detail/steering_calibration__rosidl_typesupport_introspection_c.h
-- Installing: /home/killian/Bureau/Projet_Voiture/TrailerMate/raspberryPI3/ros2_ws/install/interfaces/include/interfaces/interfaces/msg/detail/angle_trailer__rosidl_typesupport_introspection_c.h
-- Installing: /home/killian/Bureau/Projet_Voiture/TrailerMate/raspberryPI3/ros2_ws/install/interfaces/include/interfaces/interfaces/msg/detail/steering_calibration__type_support.c
-- Up-to-date: /home/killian/Bureau/Projet_Voiture/TrailerMate/raspberryPI3/ros2_ws/install/interfaces/include/interfaces/interfaces/msg/detail/trailer_angle__type_support.c
-- Up-to-date: /home/killian/Bureau/Projet_Voiture/TrailerMate/raspberryPI3/ros2_ws/install/interfaces/include/interfaces/interfaces/msg/detail/trailer_angle__rosidl_typesupport_introspection_c.h
-- Installing: /home/killian/Bureau/Projet_Voiture/TrailerMate/raspberryPI3/ros2_ws/install/interfaces/include/interfaces/interfaces/msg/detail/angle_trailer__type_support.c
-- Installing: /home/killian/Bureau/Projet_Voiture/TrailerMate/raspberryPI3/ros2_ws/install/interfaces/include/interfaces/interfaces/msg/detail/gnss__type_support.c
-- Installing: /home/killian/Bureau/Projet_Voiture/TrailerMate/raspberryPI3/ros2_ws/install/interfaces/include/interfaces/interfaces/msg/detail/stop_car__rosidl_typesupport_introspection_c.h
-- Installing: /home/killian/Bureau/Projet_Voiture/TrailerMate/raspberryPI3/ros2_ws/install/interfaces/include/interfaces/interfaces/msg/detail/joystick_order__type_support.c
-- Installing: /home/killian/Bureau/Projet_Voiture/TrailerMate/raspberryPI3/ros2_ws/install/interfaces/include/interfaces/interfaces/msg/detail/general_data__type_support.c
-- Installing: /home/killian/Bureau/Projet_Voiture/TrailerMate/raspberryPI3/ros2_ws/install/interfaces/include/interfaces/interfaces/msg/detail/motors_order__type_support.c
-- Installing: /home/killian/Bureau/Projet_Voiture/TrailerMate/raspberryPI3/ros2_ws/install/interfaces/include/interfaces/interfaces/msg/detail/general_data__rosidl_typesupport_introspection_c.h
-- Installing: /home/killian/Bureau/Projet_Voiture/TrailerMate/raspberryPI3/ros2_ws/install/interfaces/include/interfaces/interfaces/msg/detail/system_check__type_support.c
-- Installing: /home/killian/Bureau/Projet_Voiture/TrailerMate/raspberryPI3/ros2_ws/install/interfaces/include/interfaces/interfaces/msg/detail/ultrasonic__type_support.c
-- Installing: /home/killian/Bureau/Projet_Voiture/TrailerMate/raspberryPI3/ros2_ws/install/interfaces/include/interfaces/interfaces/msg/detail/ultrasonic__rosidl_typesupport_introspection_c.h
-- Installing: /home/killian/Bureau/Projet_Voiture/TrailerMate/raspberryPI3/ros2_ws/install/interfaces/include/interfaces/interfaces/msg/detail/joystick_order__rosidl_typesupport_introspection_c.h
-- Installing: /home/killian/Bureau/Projet_Voiture/TrailerMate/raspberryPI3/ros2_ws/install/interfaces/include/interfaces/interfaces/msg/detail/stop_car__type_support.c
-- Installing: /home/killian/Bureau/Projet_Voiture/TrailerMate/raspberryPI3/ros2_ws/install/interfaces/include/interfaces/interfaces/msg/detail/gnss__rosidl_typesupport_introspection_c.h
-- Up-to-date: /home/killian/Bureau/Projet_Voiture/TrailerMate/raspberryPI3/ros2_ws/install/interfaces/include/interfaces/interfaces/msg/rosidl_typesupport_introspection_c__visibility_control.h
-- Installing: /home/killian/Bureau/Projet_Voiture/TrailerMate/raspberryPI3/ros2_ws/install/interfaces/lib/libinterfaces__rosidl_typesupport_introspection_c.so
-- Set runtime path of "/home/killian/Bureau/Projet_Voiture/TrailerMate/raspberryPI3/ros2_ws/install/interfaces/lib/libinterfaces__rosidl_typesupport_introspection_c.so" to ""
-- Installing: /home/killian/Bureau/Projet_Voiture/TrailerMate/raspberryPI3/ros2_ws/install/interfaces/lib/libinterfaces__rosidl_typesupport_c.so
-- Set runtime path of "/home/killian/Bureau/Projet_Voiture/TrailerMate/raspberryPI3/ros2_ws/install/interfaces/lib/libinterfaces__rosidl_typesupport_c.so" to ""
-- Up-to-date: /home/killian/Bureau/Projet_Voiture/TrailerMate/raspberryPI3/ros2_ws/install/interfaces/include/interfaces/interfaces
-- Up-to-date: /home/killian/Bureau/Projet_Voiture/TrailerMate/raspberryPI3/ros2_ws/install/interfaces/include/interfaces/interfaces/msg
-- Up-to-date: /home/killian/Bureau/Projet_Voiture/TrailerMate/raspberryPI3/ros2_ws/install/interfaces/include/interfaces/interfaces/msg/detail
-- Installing: /home/killian/Bureau/Projet_Voiture/TrailerMate/raspberryPI3/ros2_ws/install/interfaces/include/interfaces/interfaces/msg/detail/general_data__type_support.cpp
-- Installing: /home/killian/Bureau/Projet_Voiture/TrailerMate/raspberryPI3/ros2_ws/install/interfaces/include/interfaces/interfaces/msg/detail/joystick_order__type_support.cpp
-- Installing: /home/killian/Bureau/Projet_Voiture/TrailerMate/raspberryPI3/ros2_ws/install/interfaces/include/interfaces/interfaces/msg/detail/general_data__rosidl_typesupport_introspection_cpp.hpp
-- Installing: /home/killian/Bureau/Projet_Voiture/TrailerMate/raspberryPI3/ros2_ws/install/interfaces/include/interfaces/interfaces/msg/detail/motors_order__type_support.cpp
-- Up-to-date: /home/killian/Bureau/Projet_Voiture/TrailerMate/raspberryPI3/ros2_ws/install/interfaces/include/interfaces/interfaces/msg/detail/trailer_angle__rosidl_typesupport_introspection_cpp.hpp
-- Installing: /home/killian/Bureau/Projet_Voiture/TrailerMate/raspberryPI3/ros2_ws/install/interfaces/include/interfaces/interfaces/msg/detail/steering_calibration__rosidl_typesupport_introspection_cpp.hpp
-- Installing: /home/killian/Bureau/Projet_Voiture/TrailerMate/raspberryPI3/ros2_ws/install/interfaces/include/interfaces/interfaces/msg/detail/gnss__type_support.cpp
-- Installing: /home/killian/Bureau/Projet_Voiture/TrailerMate/raspberryPI3/ros2_ws/install/interfaces/include/interfaces/interfaces/msg/detail/motors_order__rosidl_typesupport_introspection_cpp.hpp
-- Installing: /home/killian/Bureau/Projet_Voiture/TrailerMate/raspberryPI3/ros2_ws/install/interfaces/include/interfaces/interfaces/msg/detail/ultrasonic__rosidl_typesupport_introspection_cpp.hpp
-- Installing: /home/killian/Bureau/Projet_Voiture/TrailerMate/raspberryPI3/ros2_ws/install/interfaces/include/interfaces/interfaces/msg/detail/joystick_order__rosidl_typesupport_introspection_cpp.hpp
-- Installing: /home/killian/Bureau/Projet_Voiture/TrailerMate/raspberryPI3/ros2_ws/install/interfaces/include/interfaces/interfaces/msg/detail/ultrasonic__type_support.cpp
-- Installing: /home/killian/Bureau/Projet_Voiture/TrailerMate/raspberryPI3/ros2_ws/install/interfaces/include/interfaces/interfaces/msg/detail/system_check__type_support.cpp
-- Up-to-date: /home/killian/Bureau/Projet_Voiture/TrailerMate/raspberryPI3/ros2_ws/install/interfaces/include/interfaces/interfaces/msg/detail/trailer_angle__type_support.cpp
-- Installing: /home/killian/Bureau/Projet_Voiture/TrailerMate/raspberryPI3/ros2_ws/install/interfaces/include/interfaces/interfaces/msg/detail/gnss__rosidl_typesupport_introspection_cpp.hpp
-- Installing: /home/killian/Bureau/Projet_Voiture/TrailerMate/raspberryPI3/ros2_ws/install/interfaces/include/interfaces/interfaces/msg/detail/stop_car__type_support.cpp
-- Installing: /home/killian/Bureau/Projet_Voiture/TrailerMate/raspberryPI3/ros2_ws/install/interfaces/include/interfaces/interfaces/msg/detail/angle_trailer__rosidl_typesupport_introspection_cpp.hpp
-- Installing: /home/killian/Bureau/Projet_Voiture/TrailerMate/raspberryPI3/ros2_ws/install/interfaces/include/interfaces/interfaces/msg/detail/steering_calibration__type_support.cpp
-- Installing: /home/killian/Bureau/Projet_Voiture/TrailerMate/raspberryPI3/ros2_ws/install/interfaces/include/interfaces/interfaces/msg/detail/system_check__rosidl_typesupport_introspection_cpp.hpp
-- Installing: /home/killian/Bureau/Projet_Voiture/TrailerMate/raspberryPI3/ros2_ws/install/interfaces/include/interfaces/interfaces/msg/detail/motors_feedback__rosidl_typesupport_introspection_cpp.hpp
-- Installing: /home/killian/Bureau/Projet_Voiture/TrailerMate/raspberryPI3/ros2_ws/install/interfaces/include/interfaces/interfaces/msg/detail/motors_feedback__type_support.cpp
-- Installing: /home/killian/Bureau/Projet_Voiture/TrailerMate/raspberryPI3/ros2_ws/install/interfaces/include/interfaces/interfaces/msg/detail/stop_car__rosidl_typesupport_introspection_cpp.hpp
-- Installing: /home/killian/Bureau/Projet_Voiture/TrailerMate/raspberryPI3/ros2_ws/install/interfaces/include/interfaces/interfaces/msg/detail/angle_trailer__type_support.cpp
-- Installing: /home/killian/Bureau/Projet_Voiture/TrailerMate/raspberryPI3/ros2_ws/install/interfaces/lib/libinterfaces__rosidl_typesupport_introspection_cpp.so
-- Set runtime path of "/home/killian/Bureau/Projet_Voiture/TrailerMate/raspberryPI3/ros2_ws/install/interfaces/lib/libinterfaces__rosidl_typesupport_introspection_cpp.so" to ""
-- Installing: /home/killian/Bureau/Projet_Voiture/TrailerMate/raspberryPI3/ros2_ws/install/interfaces/lib/libinterfaces__rosidl_typesupport_cpp.so
-- Set runtime path of "/home/killian/Bureau/Projet_Voiture/TrailerMate/raspberryPI3/ros2_ws/install/interfaces/lib/libinterfaces__rosidl_typesupport_cpp.so" to ""
-- Up-to-date: /home/killian/Bureau/Projet_Voiture/TrailerMate/raspberryPI3/ros2_ws/install/interfaces/share/interfaces/environment/pythonpath.sh
-- Installing: /home/killian/Bureau/Projet_Voiture/TrailerMate/raspberryPI3/ros2_ws/install/interfaces/share/interfaces/environment/pythonpath.dsv
-- Up-to-date: /home/killian/Bureau/Projet_Voiture/TrailerMate/raspberryPI3/ros2_ws/install/interfaces/local/lib/python3.10/dist-packages/interfaces-0.0.0-py3.10.egg-info
-- Installing: /home/killian/Bureau/Projet_Voiture/TrailerMate/raspberryPI3/ros2_ws/install/interfaces/local/lib/python3.10/dist-packages/interfaces-0.0.0-py3.10.egg-info/PKG-INFO
-- Installing: /home/killian/Bureau/Projet_Voiture/TrailerMate/raspberryPI3/ros2_ws/install/interfaces/local/lib/python3.10/dist-packages/interfaces-0.0.0-py3.10.egg-info/top_level.txt
-- Installing: /home/killian/Bureau/Projet_Voiture/TrailerMate/raspberryPI3/ros2_ws/install/interfaces/local/lib/python3.10/dist-packages/interfaces-0.0.0-py3.10.egg-info/SOURCES.txt
-- Installing: /home/killian/Bureau/Projet_Voiture/TrailerMate/raspberryPI3/ros2_ws/install/interfaces/local/lib/python3.10/dist-packages/interfaces-0.0.0-py3.10.egg-info/dependency_links.txt
-- Up-to-date: /home/killian/Bureau/Projet_Voiture/TrailerMate/raspberryPI3/ros2_ws/install/interfaces/local/lib/python3.10/dist-packages/interfaces
-- Installing: /home/killian/Bureau/Projet_Voiture/TrailerMate/raspberryPI3/ros2_ws/install/interfaces/local/lib/python3.10/dist-packages/interfaces/__init__.py
-- Up-to-date: /home/killian/Bureau/Projet_Voiture/TrailerMate/raspberryPI3/ros2_ws/install/interfaces/local/lib/python3.10/dist-packages/interfaces/msg
-- Installing: /home/killian/Bureau/Projet_Voiture/TrailerMate/raspberryPI3/ros2_ws/install/interfaces/local/lib/python3.10/dist-packages/interfaces/msg/_gnss_s.c
-- Installing: /home/killian/Bureau/Projet_Voiture/TrailerMate/raspberryPI3/ros2_ws/install/interfaces/local/lib/python3.10/dist-packages/interfaces/msg/_angle_trailer_s.c
-- Up-to-date: /home/killian/Bureau/Projet_Voiture/TrailerMate/raspberryPI3/ros2_ws/install/interfaces/local/lib/python3.10/dist-packages/interfaces/msg/_trailer_angle.py
-- Installing: /home/killian/Bureau/Projet_Voiture/TrailerMate/raspberryPI3/ros2_ws/install/interfaces/local/lib/python3.10/dist-packages/interfaces/msg/_general_data_s.c
-- Installing: /home/killian/Bureau/Projet_Voiture/TrailerMate/raspberryPI3/ros2_ws/install/interfaces/local/lib/python3.10/dist-packages/interfaces/msg/_system_check_s.c
-- Installing: /home/killian/Bureau/Projet_Voiture/TrailerMate/raspberryPI3/ros2_ws/install/interfaces/local/lib/python3.10/dist-packages/interfaces/msg/__init__.py
-- Installing: /home/killian/Bureau/Projet_Voiture/TrailerMate/raspberryPI3/ros2_ws/install/interfaces/local/lib/python3.10/dist-packages/interfaces/msg/_motors_feedback_s.c
-- Installing: /home/killian/Bureau/Projet_Voiture/TrailerMate/raspberryPI3/ros2_ws/install/interfaces/local/lib/python3.10/dist-packages/interfaces/msg/_stop_car_s.c
-- Up-to-date: /home/killian/Bureau/Projet_Voiture/TrailerMate/raspberryPI3/ros2_ws/install/interfaces/local/lib/python3.10/dist-packages/interfaces/msg/_trailer_angle_s.c
-- Installing: /home/killian/Bureau/Projet_Voiture/TrailerMate/raspberryPI3/ros2_ws/install/interfaces/local/lib/python3.10/dist-packages/interfaces/msg/_joystick_order_s.c
-- Installing: /home/killian/Bureau/Projet_Voiture/TrailerMate/raspberryPI3/ros2_ws/install/interfaces/local/lib/python3.10/dist-packages/interfaces/msg/_angle_trailer.py
-- Installing: /home/killian/Bureau/Projet_Voiture/TrailerMate/raspberryPI3/ros2_ws/install/interfaces/local/lib/python3.10/dist-packages/interfaces/msg/_motors_order_s.c
-- Installing: /home/killian/Bureau/Projet_Voiture/TrailerMate/raspberryPI3/ros2_ws/install/interfaces/local/lib/python3.10/dist-packages/interfaces/msg/_gnss.py
-- Installing: /home/killian/Bureau/Projet_Voiture/TrailerMate/raspberryPI3/ros2_ws/install/interfaces/local/lib/python3.10/dist-packages/interfaces/msg/_ultrasonic_s.c
-- Installing: /home/killian/Bureau/Projet_Voiture/TrailerMate/raspberryPI3/ros2_ws/install/interfaces/local/lib/python3.10/dist-packages/interfaces/msg/_ultrasonic.py
-- Installing: /home/killian/Bureau/Projet_Voiture/TrailerMate/raspberryPI3/ros2_ws/install/interfaces/local/lib/python3.10/dist-packages/interfaces/msg/_stop_car.py
-- Installing: /home/killian/Bureau/Projet_Voiture/TrailerMate/raspberryPI3/ros2_ws/install/interfaces/local/lib/python3.10/dist-packages/interfaces/msg/_steering_calibration.py
-- Installing: /home/killian/Bureau/Projet_Voiture/TrailerMate/raspberryPI3/ros2_ws/install/interfaces/local/lib/python3.10/dist-packages/interfaces/msg/_steering_calibration_s.c
-- Installing: /home/killian/Bureau/Projet_Voiture/TrailerMate/raspberryPI3/ros2_ws/install/interfaces/local/lib/python3.10/dist-packages/interfaces/msg/_motors_feedback.py
-- Installing: /home/killian/Bureau/Projet_Voiture/TrailerMate/raspberryPI3/ros2_ws/install/interfaces/local/lib/python3.10/dist-packages/interfaces/msg/_general_data.py
-- Installing: /home/killian/Bureau/Projet_Voiture/TrailerMate/raspberryPI3/ros2_ws/install/interfaces/local/lib/python3.10/dist-packages/interfaces/msg/_joystick_order.py
-- Installing: /home/killian/Bureau/Projet_Voiture/TrailerMate/raspberryPI3/ros2_ws/install/interfaces/local/lib/python3.10/dist-packages/interfaces/msg/_motors_order.py
-- Installing: /home/killian/Bureau/Projet_Voiture/TrailerMate/raspberryPI3/ros2_ws/install/interfaces/local/lib/python3.10/dist-packages/interfaces/msg/_system_check.py
-- Installing: /home/killian/Bureau/Projet_Voiture/TrailerMate/raspberryPI3/ros2_ws/install/interfaces/local/lib/python3.10/dist-packages/interfaces/_interfaces_s.ep.rosidl_typesupport_c.c
-- Installing: /home/killian/Bureau/Projet_Voiture/TrailerMate/raspberryPI3/ros2_ws/install/interfaces/local/lib/python3.10/dist-packages/interfaces/interfaces_s__rosidl_typesupport_introspection_c.cpython-310-x86_64-linux-gnu.so
-- Installing: /home/killian/Bureau/Projet_Voiture/TrailerMate/raspberryPI3/ros2_ws/install/interfaces/local/lib/python3.10/dist-packages/interfaces/libinterfaces__rosidl_generator_py.so
-- Installing: /home/killian/Bureau/Projet_Voiture/TrailerMate/raspberryPI3/ros2_ws/install/interfaces/local/lib/python3.10/dist-packages/interfaces/_interfaces_s.ep.rosidl_typesupport_introspection_c.c
-- Installing: /home/killian/Bureau/Projet_Voiture/TrailerMate/raspberryPI3/ros2_ws/install/interfaces/local/lib/python3.10/dist-packages/interfaces/interfaces_s__rosidl_typesupport_fastrtps_c.cpython-310-x86_64-linux-gnu.so
-- Installing: /home/killian/Bureau/Projet_Voiture/TrailerMate/raspberryPI3/ros2_ws/install/interfaces/local/lib/python3.10/dist-packages/interfaces/_interfaces_s.ep.rosidl_typesupport_fastrtps_c.c
-- Installing: /home/killian/Bureau/Projet_Voiture/TrailerMate/raspberryPI3/ros2_ws/install/interfaces/local/lib/python3.10/dist-packages/interfaces/interfaces_s__rosidl_typesupport_c.cpython-310-x86_64-linux-gnu.so
Listing '/home/killian/Bureau/Projet_Voiture/TrailerMate/raspberryPI3/ros2_ws/install/interfaces/local/lib/python3.10/dist-packages/interfaces'...
Compiling '/home/killian/Bureau/Projet_Voiture/TrailerMate/raspberryPI3/ros2_ws/install/interfaces/local/lib/python3.10/dist-packages/interfaces/__init__.py'...
Listing '/home/killian/Bureau/Projet_Voiture/TrailerMate/raspberryPI3/ros2_ws/install/interfaces/local/lib/python3.10/dist-packages/interfaces/msg'...
Compiling '/home/killian/Bureau/Projet_Voiture/TrailerMate/raspberryPI3/ros2_ws/install/interfaces/local/lib/python3.10/dist-packages/interfaces/msg/__init__.py'...
Compiling '/home/killian/Bureau/Projet_Voiture/TrailerMate/raspberryPI3/ros2_ws/install/interfaces/local/lib/python3.10/dist-packages/interfaces/msg/_angle_trailer.py'...
Compiling '/home/killian/Bureau/Projet_Voiture/TrailerMate/raspberryPI3/ros2_ws/install/interfaces/local/lib/python3.10/dist-packages/interfaces/msg/_general_data.py'...
Compiling '/home/killian/Bureau/Projet_Voiture/TrailerMate/raspberryPI3/ros2_ws/install/interfaces/local/lib/python3.10/dist-packages/interfaces/msg/_gnss.py'...
Compiling '/home/killian/Bureau/Projet_Voiture/TrailerMate/raspberryPI3/ros2_ws/install/interfaces/local/lib/python3.10/dist-packages/interfaces/msg/_joystick_order.py'...
Compiling '/home/killian/Bureau/Projet_Voiture/TrailerMate/raspberryPI3/ros2_ws/install/interfaces/local/lib/python3.10/dist-packages/interfaces/msg/_motors_feedback.py'...
Compiling '/home/killian/Bureau/Projet_Voiture/TrailerMate/raspberryPI3/ros2_ws/install/interfaces/local/lib/python3.10/dist-packages/interfaces/msg/_motors_order.py'...
Compiling '/home/killian/Bureau/Projet_Voiture/TrailerMate/raspberryPI3/ros2_ws/install/interfaces/local/lib/python3.10/dist-packages/interfaces/msg/_steering_calibration.py'...
Compiling '/home/killian/Bureau/Projet_Voiture/TrailerMate/raspberryPI3/ros2_ws/install/interfaces/local/lib/python3.10/dist-packages/interfaces/msg/_stop_car.py'...
Compiling '/home/killian/Bureau/Projet_Voiture/TrailerMate/raspberryPI3/ros2_ws/install/interfaces/local/lib/python3.10/dist-packages/interfaces/msg/_system_check.py'...
Compiling '/home/killian/Bureau/Projet_Voiture/TrailerMate/raspberryPI3/ros2_ws/install/interfaces/local/lib/python3.10/dist-packages/interfaces/msg/_ultrasonic.py'...
-- Installing: /home/killian/Bureau/Projet_Voiture/TrailerMate/raspberryPI3/ros2_ws/install/interfaces/local/lib/python3.10/dist-packages/interfaces/interfaces_s__rosidl_typesupport_fastrtps_c.cpython-310-x86_64-linux-gnu.so
-- Set runtime path of "/home/killian/Bureau/Projet_Voiture/TrailerMate/raspberryPI3/ros2_ws/install/interfaces/local/lib/python3.10/dist-packages/interfaces/interfaces_s__rosidl_typesupport_fastrtps_c.cpython-310-x86_64-linux-gnu.so" to ""
-- Installing: /home/killian/Bureau/Projet_Voiture/TrailerMate/raspberryPI3/ros2_ws/install/interfaces/local/lib/python3.10/dist-packages/interfaces/interfaces_s__rosidl_typesupport_introspection_c.cpython-310-x86_64-linux-gnu.so
-- Set runtime path of "/home/killian/Bureau/Projet_Voiture/TrailerMate/raspberryPI3/ros2_ws/install/interfaces/local/lib/python3.10/dist-packages/interfaces/interfaces_s__rosidl_typesupport_introspection_c.cpython-310-x86_64-linux-gnu.so" to ""
-- Installing: /home/killian/Bureau/Projet_Voiture/TrailerMate/raspberryPI3/ros2_ws/install/interfaces/local/lib/python3.10/dist-packages/interfaces/interfaces_s__rosidl_typesupport_c.cpython-310-x86_64-linux-gnu.so
-- Set runtime path of "/home/killian/Bureau/Projet_Voiture/TrailerMate/raspberryPI3/ros2_ws/install/interfaces/local/lib/python3.10/dist-packages/interfaces/interfaces_s__rosidl_typesupport_c.cpython-310-x86_64-linux-gnu.so" to ""
-- Installing: /home/killian/Bureau/Projet_Voiture/TrailerMate/raspberryPI3/ros2_ws/install/interfaces/lib/libinterfaces__rosidl_generator_py.so
-- Set runtime path of "/home/killian/Bureau/Projet_Voiture/TrailerMate/raspberryPI3/ros2_ws/install/interfaces/lib/libinterfaces__rosidl_generator_py.so" to ""
-- Up-to-date: /home/killian/Bureau/Projet_Voiture/TrailerMate/raspberryPI3/ros2_ws/install/interfaces/share/interfaces/msg/JoystickOrder.idl
-- Up-to-date: /home/killian/Bureau/Projet_Voiture/TrailerMate/raspberryPI3/ros2_ws/install/interfaces/share/interfaces/msg/MotorsOrder.idl
-- Up-to-date: /home/killian/Bureau/Projet_Voiture/TrailerMate/raspberryPI3/ros2_ws/install/interfaces/share/interfaces/msg/MotorsFeedback.idl
-- Up-to-date: /home/killian/Bureau/Projet_Voiture/TrailerMate/raspberryPI3/ros2_ws/install/interfaces/share/interfaces/msg/GeneralData.idl
-- Up-to-date: /home/killian/Bureau/Projet_Voiture/TrailerMate/raspberryPI3/ros2_ws/install/interfaces/share/interfaces/msg/SteeringCalibration.idl
-- Up-to-date: /home/killian/Bureau/Projet_Voiture/TrailerMate/raspberryPI3/ros2_ws/install/interfaces/share/interfaces/msg/Ultrasonic.idl
-- Up-to-date: /home/killian/Bureau/Projet_Voiture/TrailerMate/raspberryPI3/ros2_ws/install/interfaces/share/interfaces/msg/Gnss.idl
-- Up-to-date: /home/killian/Bureau/Projet_Voiture/TrailerMate/raspberryPI3/ros2_ws/install/interfaces/share/interfaces/msg/SystemCheck.idl
-- Up-to-date: /home/killian/Bureau/Projet_Voiture/TrailerMate/raspberryPI3/ros2_ws/install/interfaces/share/interfaces/msg/StopCar.idl
-- Installing: /home/killian/Bureau/Projet_Voiture/TrailerMate/raspberryPI3/ros2_ws/install/interfaces/share/interfaces/msg/AngleTrailer.idl
-- Up-to-date: /home/killian/Bureau/Projet_Voiture/TrailerMate/raspberryPI3/ros2_ws/install/interfaces/share/interfaces/msg/JoystickOrder.msg
-- Up-to-date: /home/killian/Bureau/Projet_Voiture/TrailerMate/raspberryPI3/ros2_ws/install/interfaces/share/interfaces/msg/MotorsOrder.msg
-- Up-to-date: /home/killian/Bureau/Projet_Voiture/TrailerMate/raspberryPI3/ros2_ws/install/interfaces/share/interfaces/msg/MotorsFeedback.msg
-- Up-to-date: /home/killian/Bureau/Projet_Voiture/TrailerMate/raspberryPI3/ros2_ws/install/interfaces/share/interfaces/msg/GeneralData.msg
-- Up-to-date: /home/killian/Bureau/Projet_Voiture/TrailerMate/raspberryPI3/ros2_ws/install/interfaces/share/interfaces/msg/SteeringCalibration.msg
-- Up-to-date: /home/killian/Bureau/Projet_Voiture/TrailerMate/raspberryPI3/ros2_ws/install/interfaces/share/interfaces/msg/Ultrasonic.msg
-- Up-to-date: /home/killian/Bureau/Projet_Voiture/TrailerMate/raspberryPI3/ros2_ws/install/interfaces/share/interfaces/msg/Gnss.msg
-- Up-to-date: /home/killian/Bureau/Projet_Voiture/TrailerMate/raspberryPI3/ros2_ws/install/interfaces/share/interfaces/msg/SystemCheck.msg
-- Up-to-date: /home/killian/Bureau/Projet_Voiture/TrailerMate/raspberryPI3/ros2_ws/install/interfaces/share/interfaces/msg/StopCar.msg
-- Installing: /home/killian/Bureau/Projet_Voiture/TrailerMate/raspberryPI3/ros2_ws/install/interfaces/share/interfaces/msg/AngleTrailer.msg
-- Up-to-date: /home/killian/Bureau/Projet_Voiture/TrailerMate/raspberryPI3/ros2_ws/install/interfaces/share/ament_index/resource_index/package_run_dependencies/interfaces
-- Up-to-date: /home/killian/Bureau/Projet_Voiture/TrailerMate/raspberryPI3/ros2_ws/install/interfaces/share/ament_index/resource_index/parent_prefix_path/interfaces
-- Up-to-date: /home/killian/Bureau/Projet_Voiture/TrailerMate/raspberryPI3/ros2_ws/install/interfaces/share/interfaces/environment/ament_prefix_path.sh
-- Installing: /home/killian/Bureau/Projet_Voiture/TrailerMate/raspberryPI3/ros2_ws/install/interfaces/share/interfaces/environment/ament_prefix_path.dsv
-- Up-to-date: /home/killian/Bureau/Projet_Voiture/TrailerMate/raspberryPI3/ros2_ws/install/interfaces/share/interfaces/environment/path.sh
-- Installing: /home/killian/Bureau/Projet_Voiture/TrailerMate/raspberryPI3/ros2_ws/install/interfaces/share/interfaces/environment/path.dsv
-- Up-to-date: /home/killian/Bureau/Projet_Voiture/TrailerMate/raspberryPI3/ros2_ws/install/interfaces/share/interfaces/local_setup.bash
-- Up-to-date: /home/killian/Bureau/Projet_Voiture/TrailerMate/raspberryPI3/ros2_ws/install/interfaces/share/interfaces/local_setup.sh
-- Up-to-date: /home/killian/Bureau/Projet_Voiture/TrailerMate/raspberryPI3/ros2_ws/install/interfaces/share/interfaces/local_setup.zsh
-- Installing: /home/killian/Bureau/Projet_Voiture/TrailerMate/raspberryPI3/ros2_ws/install/interfaces/share/interfaces/local_setup.dsv
-- Installing: /home/killian/Bureau/Projet_Voiture/TrailerMate/raspberryPI3/ros2_ws/install/interfaces/share/interfaces/package.dsv
-- Up-to-date: /home/killian/Bureau/Projet_Voiture/TrailerMate/raspberryPI3/ros2_ws/install/interfaces/share/ament_index/resource_index/packages/interfaces
-- Up-to-date: /home/killian/Bureau/Projet_Voiture/TrailerMate/raspberryPI3/ros2_ws/install/interfaces/share/interfaces/cmake/export_interfaces__rosidl_generator_cExport.cmake
-- Up-to-date: /home/killian/Bureau/Projet_Voiture/TrailerMate/raspberryPI3/ros2_ws/install/interfaces/share/interfaces/cmake/export_interfaces__rosidl_generator_cExport-noconfig.cmake
-- Up-to-date: /home/killian/Bureau/Projet_Voiture/TrailerMate/raspberryPI3/ros2_ws/install/interfaces/share/interfaces/cmake/export_interfaces__rosidl_typesupport_fastrtps_cExport.cmake
-- Up-to-date: /home/killian/Bureau/Projet_Voiture/TrailerMate/raspberryPI3/ros2_ws/install/interfaces/share/interfaces/cmake/export_interfaces__rosidl_typesupport_fastrtps_cExport-noconfig.cmake
-- Up-to-date: /home/killian/Bureau/Projet_Voiture/TrailerMate/raspberryPI3/ros2_ws/install/interfaces/share/interfaces/cmake/export_interfaces__rosidl_generator_cppExport.cmake
-- Up-to-date: /home/killian/Bureau/Projet_Voiture/TrailerMate/raspberryPI3/ros2_ws/install/interfaces/share/interfaces/cmake/export_interfaces__rosidl_typesupport_fastrtps_cppExport.cmake
-- Up-to-date: /home/killian/Bureau/Projet_Voiture/TrailerMate/raspberryPI3/ros2_ws/install/interfaces/share/interfaces/cmake/export_interfaces__rosidl_typesupport_fastrtps_cppExport-noconfig.cmake
-- Up-to-date: /home/killian/Bureau/Projet_Voiture/TrailerMate/raspberryPI3/ros2_ws/install/interfaces/share/interfaces/cmake/interfaces__rosidl_typesupport_introspection_cExport.cmake
-- Up-to-date: /home/killian/Bureau/Projet_Voiture/TrailerMate/raspberryPI3/ros2_ws/install/interfaces/share/interfaces/cmake/interfaces__rosidl_typesupport_introspection_cExport-noconfig.cmake
-- Up-to-date: /home/killian/Bureau/Projet_Voiture/TrailerMate/raspberryPI3/ros2_ws/install/interfaces/share/interfaces/cmake/interfaces__rosidl_typesupport_cExport.cmake
-- Up-to-date: /home/killian/Bureau/Projet_Voiture/TrailerMate/raspberryPI3/ros2_ws/install/interfaces/share/interfaces/cmake/interfaces__rosidl_typesupport_cExport-noconfig.cmake
-- Up-to-date: /home/killian/Bureau/Projet_Voiture/TrailerMate/raspberryPI3/ros2_ws/install/interfaces/share/interfaces/cmake/interfaces__rosidl_typesupport_introspection_cppExport.cmake
-- Up-to-date: /home/killian/Bureau/Projet_Voiture/TrailerMate/raspberryPI3/ros2_ws/install/interfaces/share/interfaces/cmake/interfaces__rosidl_typesupport_introspection_cppExport-noconfig.cmake
-- Up-to-date: /home/killian/Bureau/Projet_Voiture/TrailerMate/raspberryPI3/ros2_ws/install/interfaces/share/interfaces/cmake/interfaces__rosidl_typesupport_cppExport.cmake
-- Up-to-date: /home/killian/Bureau/Projet_Voiture/TrailerMate/raspberryPI3/ros2_ws/install/interfaces/share/interfaces/cmake/interfaces__rosidl_typesupport_cppExport-noconfig.cmake
-- Up-to-date: /home/killian/Bureau/Projet_Voiture/TrailerMate/raspberryPI3/ros2_ws/install/interfaces/share/interfaces/cmake/export_interfaces__rosidl_generator_pyExport.cmake
-- Up-to-date: /home/killian/Bureau/Projet_Voiture/TrailerMate/raspberryPI3/ros2_ws/install/interfaces/share/interfaces/cmake/export_interfaces__rosidl_generator_pyExport-noconfig.cmake
-- Installing: /home/killian/Bureau/Projet_Voiture/TrailerMate/raspberryPI3/ros2_ws/install/interfaces/share/interfaces/cmake/rosidl_cmake-extras.cmake
-- Up-to-date: /home/killian/Bureau/Projet_Voiture/TrailerMate/raspberryPI3/ros2_ws/install/interfaces/share/interfaces/cmake/ament_cmake_export_include_directories-extras.cmake
-- Up-to-date: /home/killian/Bureau/Projet_Voiture/TrailerMate/raspberryPI3/ros2_ws/install/interfaces/share/interfaces/cmake/ament_cmake_export_libraries-extras.cmake
-- Up-to-date: /home/killian/Bureau/Projet_Voiture/TrailerMate/raspberryPI3/ros2_ws/install/interfaces/share/interfaces/cmake/ament_cmake_export_targets-extras.cmake
-- Up-to-date: /home/killian/Bureau/Projet_Voiture/TrailerMate/raspberryPI3/ros2_ws/install/interfaces/share/interfaces/cmake/rosidl_cmake_export_typesupport_targets-extras.cmake
-- Up-to-date: /home/killian/Bureau/Projet_Voiture/TrailerMate/raspberryPI3/ros2_ws/install/interfaces/share/interfaces/cmake/ament_cmake_export_dependencies-extras.cmake
-- Up-to-date: /home/killian/Bureau/Projet_Voiture/TrailerMate/raspberryPI3/ros2_ws/install/interfaces/share/interfaces/cmake/rosidl_cmake_export_typesupport_libraries-extras.cmake
-- Up-to-date: /home/killian/Bureau/Projet_Voiture/TrailerMate/raspberryPI3/ros2_ws/install/interfaces/share/interfaces/cmake/interfacesConfig.cmake
-- Up-to-date: /home/killian/Bureau/Projet_Voiture/TrailerMate/raspberryPI3/ros2_ws/install/interfaces/share/interfaces/cmake/interfacesConfig-version.cmake
-- Up-to-date: /home/killian/Bureau/Projet_Voiture/TrailerMate/raspberryPI3/ros2_ws/install/interfaces/share/interfaces/package.xml
