[8.821s] Invoking command in '/home/pi/TrailerMate/raspberryPI3/ros2_ws/src/trailer_angle_package': PYTHONPATH=/home/pi/TrailerMate/raspberryPI3/ros2_ws/install/trailer_angle_package/lib/python3.10/site-packages:${PYTHONPATH} /usr/bin/python3 setup.py egg_info --egg-base ../../build/trailer_angle_package build --build-base /home/pi/TrailerMate/raspberryPI3/ros2_ws/build/trailer_angle_package/build install --prefix /home/pi/TrailerMate/raspberryPI3/ros2_ws/install/trailer_angle_package --record /home/pi/TrailerMate/raspberryPI3/ros2_ws/build/trailer_angle_package/install.log --single-version-externally-managed
[12.388s] running egg_info
[12.395s] creating ../../build/trailer_angle_package/trailer_angle_package.egg-info
[12.397s] writing ../../build/trailer_angle_package/trailer_angle_package.egg-info/PKG-INFO
[12.400s] writing dependency_links to ../../build/trailer_angle_package/trailer_angle_package.egg-info/dependency_links.txt
[12.401s] writing entry points to ../../build/trailer_angle_package/trailer_angle_package.egg-info/entry_points.txt
[12.404s] writing requirements to ../../build/trailer_angle_package/trailer_angle_package.egg-info/requires.txt
[12.405s] writing top-level names to ../../build/trailer_angle_package/trailer_angle_package.egg-info/top_level.txt
[12.407s] writing manifest file '../../build/trailer_angle_package/trailer_angle_package.egg-info/SOURCES.txt'
[12.428s] reading manifest file '../../build/trailer_angle_package/trailer_angle_package.egg-info/SOURCES.txt'
[12.442s] writing manifest file '../../build/trailer_angle_package/trailer_angle_package.egg-info/SOURCES.txt'
[12.445s] running build
[12.446s] running build_py
[12.451s] creating /home/pi/TrailerMate/raspberryPI3/ros2_ws/build/trailer_angle_package/build
[12.454s] creating /home/pi/TrailerMate/raspberryPI3/ros2_ws/build/trailer_angle_package/build/lib
[12.456s] creating /home/pi/TrailerMate/raspberryPI3/ros2_ws/build/trailer_angle_package/build/lib/trailer_angle_package
[12.457s] copying trailer_angle_package/trailer_angle_node.py -> /home/pi/TrailerMate/raspberryPI3/ros2_ws/build/trailer_angle_package/build/lib/trailer_angle_package
[12.460s] copying trailer_angle_package/__init__.py -> /home/pi/TrailerMate/raspberryPI3/ros2_ws/build/trailer_angle_package/build/lib/trailer_angle_package
[12.463s] running install
[12.468s] /usr/lib/python3/dist-packages/setuptools/command/install.py:34: SetuptoolsDeprecationWarning: setup.py install is deprecated. Use build and pip and other standards-based tools.
[12.472s]   warnings.warn(
[12.477s] running install_lib
[12.478s] creating /home/pi/TrailerMate/raspberryPI3/ros2_ws/install/trailer_angle_package/lib/python3.10/site-packages/trailer_angle_package
[12.481s] copying /home/pi/TrailerMate/raspberryPI3/ros2_ws/build/trailer_angle_package/build/lib/trailer_angle_package/trailer_angle_node.py -> /home/pi/TrailerMate/raspberryPI3/ros2_ws/install/trailer_angle_package/lib/python3.10/site-packages/trailer_angle_package
[12.482s] copying /home/pi/TrailerMate/raspberryPI3/ros2_ws/build/trailer_angle_package/build/lib/trailer_angle_package/__init__.py -> /home/pi/TrailerMate/raspberryPI3/ros2_ws/install/trailer_angle_package/lib/python3.10/site-packages/trailer_angle_package
[12.488s] byte-compiling /home/pi/TrailerMate/raspberryPI3/ros2_ws/install/trailer_angle_package/lib/python3.10/site-packages/trailer_angle_package/trailer_angle_node.py to trailer_angle_node.cpython-310.pyc
[12.492s] byte-compiling /home/pi/TrailerMate/raspberryPI3/ros2_ws/install/trailer_angle_package/lib/python3.10/site-packages/trailer_angle_package/__init__.py to __init__.cpython-310.pyc
[12.495s] running install_data
[12.504s] creating /home/pi/TrailerMate/raspberryPI3/ros2_ws/install/trailer_angle_package/share/ament_index
[12.507s] creating /home/pi/TrailerMate/raspberryPI3/ros2_ws/install/trailer_angle_package/share/ament_index/resource_index
[12.511s] creating /home/pi/TrailerMate/raspberryPI3/ros2_ws/install/trailer_angle_package/share/ament_index/resource_index/packages
[12.513s] copying resource/trailer_angle_package -> /home/pi/TrailerMate/raspberryPI3/ros2_ws/install/trailer_angle_package/share/ament_index/resource_index/packages
[12.514s] copying package.xml -> /home/pi/TrailerMate/raspberryPI3/ros2_ws/install/trailer_angle_package/share/trailer_angle_package
[12.515s] running install_egg_info
[12.530s] Copying ../../build/trailer_angle_package/trailer_angle_package.egg-info to /home/pi/TrailerMate/raspberryPI3/ros2_ws/install/trailer_angle_package/lib/python3.10/site-packages/trailer_angle_package-0.0.0-py3.10.egg-info
[12.551s] running install_scripts
[12.674s] Installing trailer_angle_node script to /home/pi/TrailerMate/raspberryPI3/ros2_ws/install/trailer_angle_package/lib/trailer_angle_package
[12.676s] writing list of installed files to '/home/pi/TrailerMate/raspberryPI3/ros2_ws/build/trailer_angle_package/install.log'
[12.813s] Invoked command in '/home/pi/TrailerMate/raspberryPI3/ros2_ws/src/trailer_angle_package' returned '0': PYTHONPATH=/home/pi/TrailerMate/raspberryPI3/ros2_ws/install/trailer_angle_package/lib/python3.10/site-packages:${PYTHONPATH} /usr/bin/python3 setup.py egg_info --egg-base ../../build/trailer_angle_package build --build-base /home/pi/TrailerMate/raspberryPI3/ros2_ws/build/trailer_angle_package/build install --prefix /home/pi/TrailerMate/raspberryPI3/ros2_ws/install/trailer_angle_package --record /home/pi/TrailerMate/raspberryPI3/ros2_ws/build/trailer_angle_package/install.log --single-version-externally-managed
