running egg_info
creating ../../build/trailer_angle_package/trailer_angle_package.egg-info
writing ../../build/trailer_angle_package/trailer_angle_package.egg-info/PKG-INFO
writing dependency_links to ../../build/trailer_angle_package/trailer_angle_package.egg-info/dependency_links.txt
writing entry points to ../../build/trailer_angle_package/trailer_angle_package.egg-info/entry_points.txt
writing requirements to ../../build/trailer_angle_package/trailer_angle_package.egg-info/requires.txt
writing top-level names to ../../build/trailer_angle_package/trailer_angle_package.egg-info/top_level.txt
writing manifest file '../../build/trailer_angle_package/trailer_angle_package.egg-info/SOURCES.txt'
reading manifest file '../../build/trailer_angle_package/trailer_angle_package.egg-info/SOURCES.txt'
writing manifest file '../../build/trailer_angle_package/trailer_angle_package.egg-info/SOURCES.txt'
running build
running build_py
creating /home/pi/TrailerMate/raspberryPI3/ros2_ws/build/trailer_angle_package/build
creating /home/pi/TrailerMate/raspberryPI3/ros2_ws/build/trailer_angle_package/build/lib
creating /home/pi/TrailerMate/raspberryPI3/ros2_ws/build/trailer_angle_package/build/lib/trailer_angle_package
copying trailer_angle_package/trailer_angle_node.py -> /home/pi/TrailerMate/raspberryPI3/ros2_ws/build/trailer_angle_package/build/lib/trailer_angle_package
copying trailer_angle_package/__init__.py -> /home/pi/TrailerMate/raspberryPI3/ros2_ws/build/trailer_angle_package/build/lib/trailer_angle_package
running install
running install_lib
/usr/lib/python3/dist-packages/setuptools/command/install.py:34: SetuptoolsDeprecationWarning: setup.py install is deprecated. Use build and pip and other standards-based tools.
  warnings.warn(
creating /home/pi/TrailerMate/raspberryPI3/ros2_ws/install/trailer_angle_package/lib/python3.10/site-packages/trailer_angle_package
copying /home/pi/TrailerMate/raspberryPI3/ros2_ws/build/trailer_angle_package/build/lib/trailer_angle_package/trailer_angle_node.py -> /home/pi/TrailerMate/raspberryPI3/ros2_ws/install/trailer_angle_package/lib/python3.10/site-packages/trailer_angle_package
copying /home/pi/TrailerMate/raspberryPI3/ros2_ws/build/trailer_angle_package/build/lib/trailer_angle_package/__init__.py -> /home/pi/TrailerMate/raspberryPI3/ros2_ws/install/trailer_angle_package/lib/python3.10/site-packages/trailer_angle_package
byte-compiling /home/pi/TrailerMate/raspberryPI3/ros2_ws/install/trailer_angle_package/lib/python3.10/site-packages/trailer_angle_package/trailer_angle_node.py to trailer_angle_node.cpython-310.pyc
byte-compiling /home/pi/TrailerMate/raspberryPI3/ros2_ws/install/trailer_angle_package/lib/python3.10/site-packages/trailer_angle_package/__init__.py to __init__.cpython-310.pyc
running install_data
creating /home/pi/TrailerMate/raspberryPI3/ros2_ws/install/trailer_angle_package/share/ament_index
creating /home/pi/TrailerMate/raspberryPI3/ros2_ws/install/trailer_angle_package/share/ament_index/resource_index
creating /home/pi/TrailerMate/raspberryPI3/ros2_ws/install/trailer_angle_package/share/ament_index/resource_index/packages
copying resource/trailer_angle_package -> /home/pi/TrailerMate/raspberryPI3/ros2_ws/install/trailer_angle_package/share/ament_index/resource_index/packages
copying package.xml -> /home/pi/TrailerMate/raspberryPI3/ros2_ws/install/trailer_angle_package/share/trailer_angle_package
running install_egg_info
Copying ../../build/trailer_angle_package/trailer_angle_package.egg-info to /home/pi/TrailerMate/raspberryPI3/ros2_ws/install/trailer_angle_package/lib/python3.10/site-packages/trailer_angle_package-0.0.0-py3.10.egg-info
running install_scripts
Installing trailer_angle_node script to /home/pi/TrailerMate/raspberryPI3/ros2_ws/install/trailer_angle_package/lib/trailer_angle_package
writing list of installed files to '/home/pi/TrailerMate/raspberryPI3/ros2_ws/build/trailer_angle_package/install.log'
