[5.671s] Invoking command in '/home/pi/TrailerMate/raspberryPI3/ros2_ws/src/trailer_angle_package': PYTHONPATH=/home/pi/TrailerMate/raspberryPI3/ros2_ws/install/trailer_angle_package/lib/python3.10/site-packages:${PYTHONPATH} /usr/bin/python3 setup.py egg_info --egg-base ../../build/trailer_angle_package build --build-base /home/pi/TrailerMate/raspberryPI3/ros2_ws/build/trailer_angle_package/build install --prefix /home/pi/TrailerMate/raspberryPI3/ros2_ws/install/trailer_angle_package --record /home/pi/TrailerMate/raspberryPI3/ros2_ws/build/trailer_angle_package/install.log --single-version-externally-managed
[9.398s] running egg_info
[9.400s] creating ../../build/trailer_angle_package/trailer_angle_package.egg-info
[9.401s] writing ../../build/trailer_angle_package/trailer_angle_package.egg-info/PKG-INFO
[9.403s] writing dependency_links to ../../build/trailer_angle_package/trailer_angle_package.egg-info/dependency_links.txt
[9.403s] writing entry points to ../../build/trailer_angle_package/trailer_angle_package.egg-info/entry_points.txt
[9.404s] writing requirements to ../../build/trailer_angle_package/trailer_angle_package.egg-info/requires.txt
[9.405s] writing top-level names to ../../build/trailer_angle_package/trailer_angle_package.egg-info/top_level.txt
[9.406s] writing manifest file '../../build/trailer_angle_package/trailer_angle_package.egg-info/SOURCES.txt'
[9.414s] reading manifest file '../../build/trailer_angle_package/trailer_angle_package.egg-info/SOURCES.txt'
[9.418s] writing manifest file '../../build/trailer_angle_package/trailer_angle_package.egg-info/SOURCES.txt'
[9.419s] running build
[9.422s] running build_py
[9.422s] creating /home/pi/TrailerMate/raspberryPI3/ros2_ws/build/trailer_angle_package/build
[9.427s] creating /home/pi/TrailerMate/raspberryPI3/ros2_ws/build/trailer_angle_package/build/lib
[9.428s] creating /home/pi/TrailerMate/raspberryPI3/ros2_ws/build/trailer_angle_package/build/lib/trailer_angle_package
[9.428s] copying trailer_angle_package/trailer_angle_node.py -> /home/pi/TrailerMate/raspberryPI3/ros2_ws/build/trailer_angle_package/build/lib/trailer_angle_package
[9.429s] copying trailer_angle_package/__init__.py -> /home/pi/TrailerMate/raspberryPI3/ros2_ws/build/trailer_angle_package/build/lib/trailer_angle_package
[9.430s] running install
[9.431s] running install_lib
[9.432s] /usr/lib/python3/dist-packages/setuptools/command/install.py:34: SetuptoolsDeprecationWarning: setup.py install is deprecated. Use build and pip and other standards-based tools.
[9.433s]   warnings.warn(
[9.433s] creating /home/pi/TrailerMate/raspberryPI3/ros2_ws/install/trailer_angle_package/lib/python3.10/site-packages/trailer_angle_package
[9.434s] copying /home/pi/TrailerMate/raspberryPI3/ros2_ws/build/trailer_angle_package/build/lib/trailer_angle_package/trailer_angle_node.py -> /home/pi/TrailerMate/raspberryPI3/ros2_ws/install/trailer_angle_package/lib/python3.10/site-packages/trailer_angle_package
[9.435s] copying /home/pi/TrailerMate/raspberryPI3/ros2_ws/build/trailer_angle_package/build/lib/trailer_angle_package/__init__.py -> /home/pi/TrailerMate/raspberryPI3/ros2_ws/install/trailer_angle_package/lib/python3.10/site-packages/trailer_angle_package
[9.435s] byte-compiling /home/pi/TrailerMate/raspberryPI3/ros2_ws/install/trailer_angle_package/lib/python3.10/site-packages/trailer_angle_package/trailer_angle_node.py to trailer_angle_node.cpython-310.pyc
[9.437s] byte-compiling /home/pi/TrailerMate/raspberryPI3/ros2_ws/install/trailer_angle_package/lib/python3.10/site-packages/trailer_angle_package/__init__.py to __init__.cpython-310.pyc
[9.438s] running install_data
[9.442s] creating /home/pi/TrailerMate/raspberryPI3/ros2_ws/install/trailer_angle_package/share/ament_index
[9.443s] creating /home/pi/TrailerMate/raspberryPI3/ros2_ws/install/trailer_angle_package/share/ament_index/resource_index
[9.444s] creating /home/pi/TrailerMate/raspberryPI3/ros2_ws/install/trailer_angle_package/share/ament_index/resource_index/packages
[9.446s] copying resource/trailer_angle_package -> /home/pi/TrailerMate/raspberryPI3/ros2_ws/install/trailer_angle_package/share/ament_index/resource_index/packages
[9.446s] copying package.xml -> /home/pi/TrailerMate/raspberryPI3/ros2_ws/install/trailer_angle_package/share/trailer_angle_package
[9.447s] running install_egg_info
[9.454s] Copying ../../build/trailer_angle_package/trailer_angle_package.egg-info to /home/pi/TrailerMate/raspberryPI3/ros2_ws/install/trailer_angle_package/lib/python3.10/site-packages/trailer_angle_package-0.0.0-py3.10.egg-info
[9.462s] running install_scripts
[9.565s] Installing trailer_angle_node script to /home/pi/TrailerMate/raspberryPI3/ros2_ws/install/trailer_angle_package/lib/trailer_angle_package
[9.566s] writing list of installed files to '/home/pi/TrailerMate/raspberryPI3/ros2_ws/build/trailer_angle_package/install.log'
[9.701s] Invoked command in '/home/pi/TrailerMate/raspberryPI3/ros2_ws/src/trailer_angle_package' returned '0': PYTHONPATH=/home/pi/TrailerMate/raspberryPI3/ros2_ws/install/trailer_angle_package/lib/python3.10/site-packages:${PYTHONPATH} /usr/bin/python3 setup.py egg_info --egg-base ../../build/trailer_angle_package build --build-base /home/pi/TrailerMate/raspberryPI3/ros2_ws/build/trailer_angle_package/build install --prefix /home/pi/TrailerMate/raspberryPI3/ros2_ws/install/trailer_angle_package --record /home/pi/TrailerMate/raspberryPI3/ros2_ws/build/trailer_angle_package/install.log --single-version-externally-managed
