[0.417s] Invoking command in '/home/killian/Bureau/Projet_Voiture/TrailerMate/raspberryPI3/ros2_ws/src/trailer_angle_package': PYTHONPATH=/home/killian/Bureau/Projet_Voiture/TrailerMate/raspberryPI3/ros2_ws/build/trailer_angle_package/prefix_override:/home/killian/Bureau/Projet_Voiture/TrailerMate/raspberryPI3/ros2_ws/install/trailer_angle_package/lib/python3.10/site-packages:${PYTHONPATH} /usr/bin/python3 setup.py egg_info --egg-base ../../build/trailer_angle_package build --build-base /home/killian/Bureau/Projet_Voiture/TrailerMate/raspberryPI3/ros2_ws/build/trailer_angle_package/build install --record /home/killian/Bureau/Projet_Voiture/TrailerMate/raspberryPI3/ros2_ws/build/trailer_angle_package/install.log --single-version-externally-managed
[0.555s] running egg_info
[0.555s] writing ../../build/trailer_angle_package/trailer_angle_package.egg-info/PKG-INFO
[0.555s] writing dependency_links to ../../build/trailer_angle_package/trailer_angle_package.egg-info/dependency_links.txt
[0.556s] writing entry points to ../../build/trailer_angle_package/trailer_angle_package.egg-info/entry_points.txt
[0.556s] writing requirements to ../../build/trailer_angle_package/trailer_angle_package.egg-info/requires.txt
[0.556s] writing top-level names to ../../build/trailer_angle_package/trailer_angle_package.egg-info/top_level.txt
[0.557s] reading manifest file '../../build/trailer_angle_package/trailer_angle_package.egg-info/SOURCES.txt'
[0.558s] writing manifest file '../../build/trailer_angle_package/trailer_angle_package.egg-info/SOURCES.txt'
[0.558s] running build
[0.558s] running build_py
[0.558s] /usr/lib/python3/dist-packages/setuptools/command/install.py:34: SetuptoolsDeprecationWarning: setup.py install is deprecated. Use build and pip and other standards-based tools.
[0.558s]   warnings.warn(
[0.558s] running install
[0.558s] running install_lib
[0.559s] running install_data
[0.559s] running install_egg_info
[0.561s] removing '/home/killian/Bureau/Projet_Voiture/TrailerMate/raspberryPI3/ros2_ws/install/trailer_angle_package/lib/python3.10/site-packages/trailer_angle_package-0.0.0-py3.10.egg-info' (and everything under it)
[0.561s] Copying ../../build/trailer_angle_package/trailer_angle_package.egg-info to /home/killian/Bureau/Projet_Voiture/TrailerMate/raspberryPI3/ros2_ws/install/trailer_angle_package/lib/python3.10/site-packages/trailer_angle_package-0.0.0-py3.10.egg-info
[0.561s] running install_scripts
[0.576s] Installing trailer_angle_node script to /home/killian/Bureau/Projet_Voiture/TrailerMate/raspberryPI3/ros2_ws/install/trailer_angle_package/lib/trailer_angle_package
[0.576s] writing list of installed files to '/home/killian/Bureau/Projet_Voiture/TrailerMate/raspberryPI3/ros2_ws/build/trailer_angle_package/install.log'
[0.592s] Invoked command in '/home/killian/Bureau/Projet_Voiture/TrailerMate/raspberryPI3/ros2_ws/src/trailer_angle_package' returned '0': PYTHONPATH=/home/killian/Bureau/Projet_Voiture/TrailerMate/raspberryPI3/ros2_ws/build/trailer_angle_package/prefix_override:/home/killian/Bureau/Projet_Voiture/TrailerMate/raspberryPI3/ros2_ws/install/trailer_angle_package/lib/python3.10/site-packages:${PYTHONPATH} /usr/bin/python3 setup.py egg_info --egg-base ../../build/trailer_angle_package build --build-base /home/killian/Bureau/Projet_Voiture/TrailerMate/raspberryPI3/ros2_ws/build/trailer_angle_package/build install --record /home/killian/Bureau/Projet_Voiture/TrailerMate/raspberryPI3/ros2_ws/build/trailer_angle_package/install.log --single-version-externally-managed
