[0.241s] Invoking command in '/home/killian/Bureau/Projet_Voiture/TrailerMate/raspberryPI3/ros2_ws/build/imu_filter_madgwick': CMAKE_PREFIX_PATH=${CMAKE_PREFIX_PATH}:/home/killian/Bureau/Projet_Voiture/TrailerMate/raspberryPI3/ros2_ws/install/trailer_angle_package:/opt/ros/humble /usr/bin/cmake --build /home/killian/Bureau/Projet_Voiture/TrailerMate/raspberryPI3/ros2_ws/build/imu_filter_madgwick -- -j16 -l16
[0.521s] -- Found ament_cmake: 1.3.5 (/opt/ros/humble/share/ament_cmake/cmake)
[0.521s] -- Found rclcpp: 16.0.6 (/opt/ros/humble/share/rclcpp/cmake)
[0.522s] -- Found rosidl_generator_c: 3.1.5 (/opt/ros/humble/share/rosidl_generator_c/cmake)
[0.523s] -- Found rosidl_adapter: 3.1.5 (/opt/ros/humble/share/rosidl_adapter/cmake)
[0.527s] -- Found rosidl_generator_cpp: 3.1.5 (/opt/ros/humble/share/rosidl_generator_cpp/cmake)
[0.538s] -- Using all available rosidl_typesupport_c: rosidl_typesupport_fastrtps_c;rosidl_typesupport_introspection_c
[0.552s] -- Using all available rosidl_typesupport_cpp: rosidl_typesupport_fastrtps_cpp;rosidl_typesupport_introspection_cpp
[0.602s] -- Found rmw_implementation_cmake: 6.1.1 (/opt/ros/humble/share/rmw_implementation_cmake/cmake)
[0.604s] -- Found rmw_fastrtps_cpp: 6.2.4 (/opt/ros/humble/share/rmw_fastrtps_cpp/cmake)
[0.734s] -- Using RMW implementation 'rmw_fastrtps_cpp' as default
[0.971s] -- Found rclcpp_components: 16.0.6 (/opt/ros/humble/share/rclcpp_components/cmake)
[1.072s] -- Found geometry_msgs: 4.2.3 (/opt/ros/humble/share/geometry_msgs/cmake)
[1.140s] -- Found tf2_geometry_msgs: 0.25.4 (/opt/ros/humble/share/tf2_geometry_msgs/cmake)
[1.146s] -- Found eigen3_cmake_module: 0.1.1 (/opt/ros/humble/share/eigen3_cmake_module/cmake)
[1.148s] -- Ensuring Eigen3 include directory is part of orocos-kdl CMake target
[1.472s] -- Found sensor_msgs: 4.2.3 (/opt/ros/humble/share/sensor_msgs/cmake)
[1.559s] -- Found ament_cmake_gtest: 1.3.5 (/opt/ros/humble/share/ament_cmake_gtest/cmake)
[1.561s] -- Found gtest sources under '/opt/ros/humble/src/gtest_vendor': C++ tests using 'Google Test' will be built
[1.637s] -- Configuring done
[1.676s] -- Generating done
[1.679s] -- Build files have been written to: /home/killian/Bureau/Projet_Voiture/TrailerMate/raspberryPI3/ros2_ws/build/imu_filter_madgwick
[1.704s] [35m[1mConsolidate compiler generated dependencies of target gtest[0m
[1.708s] [35m[1mConsolidate compiler generated dependencies of target gtest_main[0m
[1.708s] [35m[1mConsolidate compiler generated dependencies of target imu_filter_madgwick[0m
[1.717s] [  7%] [32mBuilding CXX object gtest/CMakeFiles/gtest_main.dir/src/gtest_main.cc.o[0m
[1.718s] [ 14%] [32mBuilding CXX object gtest/CMakeFiles/gtest.dir/src/gtest-all.cc.o[0m
[1.729s] [ 21%] [32mBuilding CXX object CMakeFiles/imu_filter_madgwick.dir/src/imu_filter.cpp.o[0m
[1.735s] [ 28%] [32mBuilding CXX object CMakeFiles/imu_filter_madgwick.dir/src/imu_filter_ros.cpp.o[0m
[1.738s] [ 35%] [32mBuilding CXX object CMakeFiles/imu_filter_madgwick.dir/src/stateless_orientation.cpp.o[0m
[2.908s] [ 42%] [32m[1mLinking CXX static library libgtest_main.a[0m
[3.043s] [ 42%] Built target gtest_main
[8.240s] [ 50%] [32m[1mLinking CXX static library libgtest.a[0m
[8.366s] [ 50%] Built target gtest
[31.278s] [ 57%] [32m[1mLinking CXX shared library libimu_filter_madgwick.so[0m
[32.011s] [ 57%] Built target imu_filter_madgwick
[32.023s] [35m[1mConsolidate compiler generated dependencies of target stateless_orientation_test[0m
[32.024s] [35m[1mConsolidate compiler generated dependencies of target madgwick_test[0m
[32.025s] [35m[1mConsolidate compiler generated dependencies of target imu_filter_madgwick_node[0m
[32.039s] [ 64%] [32mBuilding CXX object test/CMakeFiles/stateless_orientation_test.dir/stateless_orientation_test.cpp.o[0m
[32.040s] [ 71%] [32mBuilding CXX object CMakeFiles/imu_filter_madgwick_node.dir/src/imu_filter_node.cpp.o[0m
[32.041s] [ 78%] [32mBuilding CXX object test/CMakeFiles/madgwick_test.dir/madgwick_test.cpp.o[0m
[33.195s] [ 85%] [32m[1mLinking CXX executable madgwick_test[0m
[33.260s] [ 92%] [32m[1mLinking CXX executable stateless_orientation_test[0m
[33.704s] [ 92%] Built target stateless_orientation_test
[33.806s] [ 92%] Built target madgwick_test
[34.497s] [100%] [32m[1mLinking CXX executable imu_filter_madgwick_node[0m
[34.785s] [100%] Built target imu_filter_madgwick_node
