[0.444s] Invoking command in '/home/killian/Bureau/Projet_Voiture/TrailerMate/raspberryPI3/ros2_ws/src/trailer_angle_package': PYTHONPATH=/home/killian/Bureau/Projet_Voiture/TrailerMate/raspberryPI3/ros2_ws/build/trailer_angle_package/prefix_override:/home/killian/Bureau/Projet_Voiture/TrailerMate/raspberryPI3/ros2_ws/install/trailer_angle_package/lib/python3.10/site-packages:${PYTHONPATH} /usr/bin/python3 setup.py egg_info --egg-base ../../build/trailer_angle_package build --build-base /home/killian/Bureau/Projet_Voiture/TrailerMate/raspberryPI3/ros2_ws/build/trailer_angle_package/build install --record /home/killian/Bureau/Projet_Voiture/TrailerMate/raspberryPI3/ros2_ws/build/trailer_angle_package/install.log --single-version-externally-managed
[0.578s] running egg_info
[0.579s] creating ../../build/trailer_angle_package/trailer_angle_package.egg-info
[0.579s] writing ../../build/trailer_angle_package/trailer_angle_package.egg-info/PKG-INFO
[0.579s] writing dependency_links to ../../build/trailer_angle_package/trailer_angle_package.egg-info/dependency_links.txt
[0.579s] writing entry points to ../../build/trailer_angle_package/trailer_angle_package.egg-info/entry_points.txt
[0.579s] writing requirements to ../../build/trailer_angle_package/trailer_angle_package.egg-info/requires.txt
[0.579s] writing top-level names to ../../build/trailer_angle_package/trailer_angle_package.egg-info/top_level.txt
[0.579s] writing manifest file '../../build/trailer_angle_package/trailer_angle_package.egg-info/SOURCES.txt'
[0.581s] reading manifest file '../../build/trailer_angle_package/trailer_angle_package.egg-info/SOURCES.txt'
[0.581s] writing manifest file '../../build/trailer_angle_package/trailer_angle_package.egg-info/SOURCES.txt'
[0.581s] running build
[0.582s] running build_py
[0.582s] creating /home/killian/Bureau/Projet_Voiture/TrailerMate/raspberryPI3/ros2_ws/build/trailer_angle_package/build
[0.582s] creating /home/killian/Bureau/Projet_Voiture/TrailerMate/raspberryPI3/ros2_ws/build/trailer_angle_package/build/lib
[0.582s] creating /home/killian/Bureau/Projet_Voiture/TrailerMate/raspberryPI3/ros2_ws/build/trailer_angle_package/build/lib/trailer_angle_package
[0.582s] copying trailer_angle_package/__init__.py -> /home/killian/Bureau/Projet_Voiture/TrailerMate/raspberryPI3/ros2_ws/build/trailer_angle_package/build/lib/trailer_angle_package
[0.582s] copying trailer_angle_package/trailer_angle_node.py -> /home/killian/Bureau/Projet_Voiture/TrailerMate/raspberryPI3/ros2_ws/build/trailer_angle_package/build/lib/trailer_angle_package
[0.582s] /usr/lib/python3/dist-packages/setuptools/command/install.py:34: SetuptoolsDeprecationWarning: setup.py install is deprecated. Use build and pip and other standards-based tools.
[0.582s]   warnings.warn(
[0.582s] running install
[0.582s] running install_lib
[0.582s] creating /home/killian/Bureau/Projet_Voiture/TrailerMate/raspberryPI3/ros2_ws/install/trailer_angle_package/lib/python3.10/site-packages/trailer_angle_package
[0.582s] copying /home/killian/Bureau/Projet_Voiture/TrailerMate/raspberryPI3/ros2_ws/build/trailer_angle_package/build/lib/trailer_angle_package/__init__.py -> /home/killian/Bureau/Projet_Voiture/TrailerMate/raspberryPI3/ros2_ws/install/trailer_angle_package/lib/python3.10/site-packages/trailer_angle_package
[0.583s] copying /home/killian/Bureau/Projet_Voiture/TrailerMate/raspberryPI3/ros2_ws/build/trailer_angle_package/build/lib/trailer_angle_package/trailer_angle_node.py -> /home/killian/Bureau/Projet_Voiture/TrailerMate/raspberryPI3/ros2_ws/install/trailer_angle_package/lib/python3.10/site-packages/trailer_angle_package
[0.583s] byte-compiling /home/killian/Bureau/Projet_Voiture/TrailerMate/raspberryPI3/ros2_ws/install/trailer_angle_package/lib/python3.10/site-packages/trailer_angle_package/__init__.py to __init__.cpython-310.pyc
[0.583s] byte-compiling /home/killian/Bureau/Projet_Voiture/TrailerMate/raspberryPI3/ros2_ws/install/trailer_angle_package/lib/python3.10/site-packages/trailer_angle_package/trailer_angle_node.py to trailer_angle_node.cpython-310.pyc
[0.583s] running install_data
[0.583s] creating /home/killian/Bureau/Projet_Voiture/TrailerMate/raspberryPI3/ros2_ws/install/trailer_angle_package/share/ament_index
[0.583s] creating /home/killian/Bureau/Projet_Voiture/TrailerMate/raspberryPI3/ros2_ws/install/trailer_angle_package/share/ament_index/resource_index
[0.583s] creating /home/killian/Bureau/Projet_Voiture/TrailerMate/raspberryPI3/ros2_ws/install/trailer_angle_package/share/ament_index/resource_index/packages
[0.584s] copying resource/trailer_angle_package -> /home/killian/Bureau/Projet_Voiture/TrailerMate/raspberryPI3/ros2_ws/install/trailer_angle_package/share/ament_index/resource_index/packages
[0.584s] copying package.xml -> /home/killian/Bureau/Projet_Voiture/TrailerMate/raspberryPI3/ros2_ws/install/trailer_angle_package/share/trailer_angle_package
[0.584s] running install_egg_info
[0.585s] Copying ../../build/trailer_angle_package/trailer_angle_package.egg-info to /home/killian/Bureau/Projet_Voiture/TrailerMate/raspberryPI3/ros2_ws/install/trailer_angle_package/lib/python3.10/site-packages/trailer_angle_package-0.0.0-py3.10.egg-info
[0.585s] running install_scripts
[0.601s] Installing trailer_angle_node script to /home/killian/Bureau/Projet_Voiture/TrailerMate/raspberryPI3/ros2_ws/install/trailer_angle_package/lib/trailer_angle_package
[0.601s] writing list of installed files to '/home/killian/Bureau/Projet_Voiture/TrailerMate/raspberryPI3/ros2_ws/build/trailer_angle_package/install.log'
[0.619s] Invoked command in '/home/killian/Bureau/Projet_Voiture/TrailerMate/raspberryPI3/ros2_ws/src/trailer_angle_package' returned '0': PYTHONPATH=/home/killian/Bureau/Projet_Voiture/TrailerMate/raspberryPI3/ros2_ws/build/trailer_angle_package/prefix_override:/home/killian/Bureau/Projet_Voiture/TrailerMate/raspberryPI3/ros2_ws/install/trailer_angle_package/lib/python3.10/site-packages:${PYTHONPATH} /usr/bin/python3 setup.py egg_info --egg-base ../../build/trailer_angle_package build --build-base /home/killian/Bureau/Projet_Voiture/TrailerMate/raspberryPI3/ros2_ws/build/trailer_angle_package/build install --record /home/killian/Bureau/Projet_Voiture/TrailerMate/raspberryPI3/ros2_ws/build/trailer_angle_package/install.log --single-version-externally-managed
