<<<<<<< HEAD
/home/killian/Bureau/Projet_Voiture/TrailerMate/raspberryPI3/ros2_ws/install/trailer_angle_package/lib/python3.10/site-packages/trailer_angle_package/__init__.py
/home/killian/Bureau/Projet_Voiture/TrailerMate/raspberryPI3/ros2_ws/install/trailer_angle_package/lib/python3.10/site-packages/trailer_angle_package/trailer_angle_node.py
/home/killian/Bureau/Projet_Voiture/TrailerMate/raspberryPI3/ros2_ws/install/trailer_angle_package/lib/python3.10/site-packages/trailer_angle_package/__pycache__/__init__.cpython-310.pyc
/home/killian/Bureau/Projet_Voiture/TrailerMate/raspberryPI3/ros2_ws/install/trailer_angle_package/lib/python3.10/site-packages/trailer_angle_package/__pycache__/trailer_angle_node.cpython-310.pyc
/home/killian/Bureau/Projet_Voiture/TrailerMate/raspberryPI3/ros2_ws/install/trailer_angle_package/share/ament_index/resource_index/packages/trailer_angle_package
/home/killian/Bureau/Projet_Voiture/TrailerMate/raspberryPI3/ros2_ws/install/trailer_angle_package/share/trailer_angle_package/package.xml
/home/killian/Bureau/Projet_Voiture/TrailerMate/raspberryPI3/ros2_ws/install/trailer_angle_package/lib/python3.10/site-packages/trailer_angle_package-0.0.0-py3.10.egg-info/PKG-INFO
/home/killian/Bureau/Projet_Voiture/TrailerMate/raspberryPI3/ros2_ws/install/trailer_angle_package/lib/python3.10/site-packages/trailer_angle_package-0.0.0-py3.10.egg-info/top_level.txt
/home/killian/Bureau/Projet_Voiture/TrailerMate/raspberryPI3/ros2_ws/install/trailer_angle_package/lib/python3.10/site-packages/trailer_angle_package-0.0.0-py3.10.egg-info/SOURCES.txt
/home/killian/Bureau/Projet_Voiture/TrailerMate/raspberryPI3/ros2_ws/install/trailer_angle_package/lib/python3.10/site-packages/trailer_angle_package-0.0.0-py3.10.egg-info/zip-safe
/home/killian/Bureau/Projet_Voiture/TrailerMate/raspberryPI3/ros2_ws/install/trailer_angle_package/lib/python3.10/site-packages/trailer_angle_package-0.0.0-py3.10.egg-info/entry_points.txt
/home/killian/Bureau/Projet_Voiture/TrailerMate/raspberryPI3/ros2_ws/install/trailer_angle_package/lib/python3.10/site-packages/trailer_angle_package-0.0.0-py3.10.egg-info/requires.txt
/home/killian/Bureau/Projet_Voiture/TrailerMate/raspberryPI3/ros2_ws/install/trailer_angle_package/lib/python3.10/site-packages/trailer_angle_package-0.0.0-py3.10.egg-info/dependency_links.txt
/home/killian/Bureau/Projet_Voiture/TrailerMate/raspberryPI3/ros2_ws/install/trailer_angle_package/lib/trailer_angle_package/trailer_angle_node
=======
/home/pi/TrailerMate/raspberryPI3/ros2_ws/install/trailer_angle_package/lib/python3.10/site-packages/trailer_angle_package/trailer_angle_node.py
/home/pi/TrailerMate/raspberryPI3/ros2_ws/install/trailer_angle_package/lib/python3.10/site-packages/trailer_angle_package/__init__.py
/home/pi/TrailerMate/raspberryPI3/ros2_ws/install/trailer_angle_package/lib/python3.10/site-packages/trailer_angle_package/__pycache__/trailer_angle_node.cpython-310.pyc
/home/pi/TrailerMate/raspberryPI3/ros2_ws/install/trailer_angle_package/lib/python3.10/site-packages/trailer_angle_package/__pycache__/__init__.cpython-310.pyc
/home/pi/TrailerMate/raspberryPI3/ros2_ws/install/trailer_angle_package/share/ament_index/resource_index/packages/trailer_angle_package
/home/pi/TrailerMate/raspberryPI3/ros2_ws/install/trailer_angle_package/share/trailer_angle_package/package.xml
/home/pi/TrailerMate/raspberryPI3/ros2_ws/install/trailer_angle_package/lib/python3.10/site-packages/trailer_angle_package-0.0.0-py3.10.egg-info/requires.txt
/home/pi/TrailerMate/raspberryPI3/ros2_ws/install/trailer_angle_package/lib/python3.10/site-packages/trailer_angle_package-0.0.0-py3.10.egg-info/zip-safe
/home/pi/TrailerMate/raspberryPI3/ros2_ws/install/trailer_angle_package/lib/python3.10/site-packages/trailer_angle_package-0.0.0-py3.10.egg-info/dependency_links.txt
/home/pi/TrailerMate/raspberryPI3/ros2_ws/install/trailer_angle_package/lib/python3.10/site-packages/trailer_angle_package-0.0.0-py3.10.egg-info/PKG-INFO
/home/pi/TrailerMate/raspberryPI3/ros2_ws/install/trailer_angle_package/lib/python3.10/site-packages/trailer_angle_package-0.0.0-py3.10.egg-info/entry_points.txt
/home/pi/TrailerMate/raspberryPI3/ros2_ws/install/trailer_angle_package/lib/python3.10/site-packages/trailer_angle_package-0.0.0-py3.10.egg-info/top_level.txt
/home/pi/TrailerMate/raspberryPI3/ros2_ws/install/trailer_angle_package/lib/python3.10/site-packages/trailer_angle_package-0.0.0-py3.10.egg-info/SOURCES.txt
/home/pi/TrailerMate/raspberryPI3/ros2_ws/install/trailer_angle_package/lib/trailer_angle_package/trailer_angle_node
>>>>>>> develop
