[0.158s] Invoking command in '/home/killian/Bureau/Projet_Voiture/TrailerMate/raspberryPI3/ros2_ws/build/joystick': AMENT_PREFIX_PATH=/home/killian/Bureau/Projet_Voiture/TrailerMate/raspberryPI3/ros2_ws/install/interfaces:${AMENT_PREFIX_PATH} CMAKE_PREFIX_PATH=/home/killian/Bureau/Projet_Voiture/TrailerMate/raspberryPI3/ros2_ws/install/interfaces:/opt/ros/humble LD_LIBRARY_PATH=/home/killian/Bureau/Projet_Voiture/TrailerMate/raspberryPI3/ros2_ws/install/interfaces/lib:${LD_LIBRARY_PATH} PYTHONPATH=/home/killian/Bureau/Projet_Voiture/TrailerMate/raspberryPI3/ros2_ws/install/interfaces/local/lib/python3.10/dist-packages:${PYTHONPATH} /usr/bin/cmake /home/killian/Bureau/Projet_Voiture/TrailerMate/raspberryPI3/ros2_ws/src/joystick -DCMAKE_INSTALL_PREFIX=/home/killian/Bureau/Projet_Voiture/TrailerMate/raspberryPI3/ros2_ws/install/joystick
[0.230s] -- The C compiler identification is GNU 11.4.0
[0.309s] -- The CXX compiler identification is GNU 11.4.0
[0.317s] -- Detecting C compiler ABI info
[0.395s] -- Detecting C compiler ABI info - done
[0.407s] -- Check for working C compiler: /usr/bin/cc - skipped
[0.408s] -- Detecting C compile features
[0.408s] -- Detecting C compile features - done
[0.413s] -- Detecting CXX compiler ABI info
[0.520s] -- Detecting CXX compiler ABI info - done
[0.533s] -- Check for working CXX compiler: /usr/bin/c++ - skipped
[0.533s] -- Detecting CXX compile features
[0.534s] -- Detecting CXX compile features - done
[0.537s] -- Found ament_cmake: 1.3.5 (/opt/ros/humble/share/ament_cmake/cmake)
[0.800s] -- Found Python3: /usr/bin/python3.10 (found version "3.10.12") found components: Interpreter 
[0.931s] -- Found rclcpp: 16.0.6 (/opt/ros/humble/share/rclcpp/cmake)
[0.991s] -- Found rosidl_generator_c: 3.1.5 (/opt/ros/humble/share/rosidl_generator_c/cmake)
[0.997s] -- Found rosidl_adapter: 3.1.5 (/opt/ros/humble/share/rosidl_adapter/cmake)
[1.009s] -- Found rosidl_generator_cpp: 3.1.5 (/opt/ros/humble/share/rosidl_generator_cpp/cmake)
[1.030s] -- Using all available rosidl_typesupport_c: rosidl_typesupport_fastrtps_c;rosidl_typesupport_introspection_c
[1.060s] -- Using all available rosidl_typesupport_cpp: rosidl_typesupport_fastrtps_cpp;rosidl_typesupport_introspection_cpp
[1.134s] -- Found rmw_implementation_cmake: 6.1.1 (/opt/ros/humble/share/rmw_implementation_cmake/cmake)
[1.136s] -- Found rmw_fastrtps_cpp: 6.2.4 (/opt/ros/humble/share/rmw_fastrtps_cpp/cmake)
[1.233s] -- Found OpenSSL: /usr/lib/x86_64-linux-gnu/libcrypto.so (found version "3.0.2")  
[1.279s] -- Found FastRTPS: /opt/ros/humble/include  
[1.353s] -- Using RMW implementation 'rmw_fastrtps_cpp' as default
[1.366s] -- Looking for pthread.h
[1.461s] -- Looking for pthread.h - found
[1.461s] -- Performing Test CMAKE_HAVE_LIBC_PTHREAD
[1.561s] -- Performing Test CMAKE_HAVE_LIBC_PTHREAD - Success
[1.563s] -- Found Threads: TRUE  
[1.838s] -- Found rclpy: 3.3.10 (/opt/ros/humble/share/rclpy/cmake)
[1.838s] -- Found interfaces: 0.0.0 (/home/killian/Bureau/Projet_Voiture/TrailerMate/raspberryPI3/ros2_ws/install/interfaces/share/interfaces/cmake)
[1.865s] -- Found sensor_msgs: 4.2.3 (/opt/ros/humble/share/sensor_msgs/cmake)
[2.209s] -- Found ament_lint_auto: 0.12.8 (/opt/ros/humble/share/ament_lint_auto/cmake)
[2.332s] -- Added test 'copyright' to check source files copyright and LICENSE
[2.334s] -- Added test 'cppcheck' to perform static code analysis on C / C++ code
[2.334s] -- Configured cppcheck include dirs: /home/killian/Bureau/Projet_Voiture/TrailerMate/raspberryPI3/ros2_ws/src/joystick/include
[2.334s] -- Configured cppcheck exclude dirs and/or files: 
[2.336s] -- Added test 'cpplint' to check C / C++ code against the Google style
[2.336s] -- Configured cpplint exclude dirs and/or files: 
[2.337s] -- Added test 'flake8' to check Python code syntax and style conventions
[2.338s] -- Added test 'lint_cmake' to check CMake code style
[2.338s] -- Added test 'pep257' to check Python code against some of the docstring style conventions in PEP 257
[2.340s] -- Added test 'uncrustify' to check C / C++ code style
[2.340s] -- Configured uncrustify additional arguments: 
[2.341s] -- Added test 'xmllint' to check XML markup files
[2.342s] -- Configuring done
[2.358s] -- Generating done
[2.360s] -- Build files have been written to: /home/killian/Bureau/Projet_Voiture/TrailerMate/raspberryPI3/ros2_ws/build/joystick
[2.373s] Invoked command in '/home/killian/Bureau/Projet_Voiture/TrailerMate/raspberryPI3/ros2_ws/build/joystick' returned '0': AMENT_PREFIX_PATH=/home/killian/Bureau/Projet_Voiture/TrailerMate/raspberryPI3/ros2_ws/install/interfaces:${AMENT_PREFIX_PATH} CMAKE_PREFIX_PATH=/home/killian/Bureau/Projet_Voiture/TrailerMate/raspberryPI3/ros2_ws/install/interfaces:/opt/ros/humble LD_LIBRARY_PATH=/home/killian/Bureau/Projet_Voiture/TrailerMate/raspberryPI3/ros2_ws/install/interfaces/lib:${LD_LIBRARY_PATH} PYTHONPATH=/home/killian/Bureau/Projet_Voiture/TrailerMate/raspberryPI3/ros2_ws/install/interfaces/local/lib/python3.10/dist-packages:${PYTHONPATH} /usr/bin/cmake /home/killian/Bureau/Projet_Voiture/TrailerMate/raspberryPI3/ros2_ws/src/joystick -DCMAKE_INSTALL_PREFIX=/home/killian/Bureau/Projet_Voiture/TrailerMate/raspberryPI3/ros2_ws/install/joystick
[2.376s] Invoking command in '/home/killian/Bureau/Projet_Voiture/TrailerMate/raspberryPI3/ros2_ws/build/joystick': AMENT_PREFIX_PATH=/home/killian/Bureau/Projet_Voiture/TrailerMate/raspberryPI3/ros2_ws/install/interfaces:${AMENT_PREFIX_PATH} CMAKE_PREFIX_PATH=/home/killian/Bureau/Projet_Voiture/TrailerMate/raspberryPI3/ros2_ws/install/interfaces:/opt/ros/humble LD_LIBRARY_PATH=/home/killian/Bureau/Projet_Voiture/TrailerMate/raspberryPI3/ros2_ws/install/interfaces/lib:${LD_LIBRARY_PATH} PYTHONPATH=/home/killian/Bureau/Projet_Voiture/TrailerMate/raspberryPI3/ros2_ws/install/interfaces/local/lib/python3.10/dist-packages:${PYTHONPATH} /usr/bin/cmake --build /home/killian/Bureau/Projet_Voiture/TrailerMate/raspberryPI3/ros2_ws/build/joystick -- -j16 -l16
[2.437s] [ 50%] [32mBuilding CXX object CMakeFiles/joystick_to_cmd.dir/src/joystick_to_cmd_node.cpp.o[0m
[2.448s] [ 50%] Built target ament_cmake_python_copy_joystick
[2.768s] running egg_info
[2.768s] creating joystick.egg-info
[2.769s] writing joystick.egg-info/PKG-INFO
[2.769s] writing dependency_links to joystick.egg-info/dependency_links.txt
[2.769s] writing top-level names to joystick.egg-info/top_level.txt
[2.769s] writing manifest file 'joystick.egg-info/SOURCES.txt'
[2.771s] reading manifest file 'joystick.egg-info/SOURCES.txt'
[2.772s] writing manifest file 'joystick.egg-info/SOURCES.txt'
[2.802s] [ 50%] Built target ament_cmake_python_build_joystick_egg
[15.054s] [100%] [32m[1mLinking CXX executable joystick_to_cmd[0m
[15.408s] [100%] Built target joystick_to_cmd
[15.417s] Invoked command in '/home/killian/Bureau/Projet_Voiture/TrailerMate/raspberryPI3/ros2_ws/build/joystick' returned '0': AMENT_PREFIX_PATH=/home/killian/Bureau/Projet_Voiture/TrailerMate/raspberryPI3/ros2_ws/install/interfaces:${AMENT_PREFIX_PATH} CMAKE_PREFIX_PATH=/home/killian/Bureau/Projet_Voiture/TrailerMate/raspberryPI3/ros2_ws/install/interfaces:/opt/ros/humble LD_LIBRARY_PATH=/home/killian/Bureau/Projet_Voiture/TrailerMate/raspberryPI3/ros2_ws/install/interfaces/lib:${LD_LIBRARY_PATH} PYTHONPATH=/home/killian/Bureau/Projet_Voiture/TrailerMate/raspberryPI3/ros2_ws/install/interfaces/local/lib/python3.10/dist-packages:${PYTHONPATH} /usr/bin/cmake --build /home/killian/Bureau/Projet_Voiture/TrailerMate/raspberryPI3/ros2_ws/build/joystick -- -j16 -l16
[15.437s] Invoking command in '/home/killian/Bureau/Projet_Voiture/TrailerMate/raspberryPI3/ros2_ws/build/joystick': AMENT_PREFIX_PATH=/home/killian/Bureau/Projet_Voiture/TrailerMate/raspberryPI3/ros2_ws/install/interfaces:${AMENT_PREFIX_PATH} CMAKE_PREFIX_PATH=/home/killian/Bureau/Projet_Voiture/TrailerMate/raspberryPI3/ros2_ws/install/interfaces:/opt/ros/humble LD_LIBRARY_PATH=/home/killian/Bureau/Projet_Voiture/TrailerMate/raspberryPI3/ros2_ws/install/interfaces/lib:${LD_LIBRARY_PATH} PYTHONPATH=/home/killian/Bureau/Projet_Voiture/TrailerMate/raspberryPI3/ros2_ws/install/interfaces/local/lib/python3.10/dist-packages:${PYTHONPATH} /usr/bin/cmake --install /home/killian/Bureau/Projet_Voiture/TrailerMate/raspberryPI3/ros2_ws/build/joystick
[15.442s] -- Install configuration: ""
[15.442s] -- Installing: /home/killian/Bureau/Projet_Voiture/TrailerMate/raspberryPI3/ros2_ws/install/joystick/lib/joystick/joystick_to_cmd
[15.445s] -- Set runtime path of "/home/killian/Bureau/Projet_Voiture/TrailerMate/raspberryPI3/ros2_ws/install/joystick/lib/joystick/joystick_to_cmd" to ""
[15.446s] -- Installing: /home/killian/Bureau/Projet_Voiture/TrailerMate/raspberryPI3/ros2_ws/install/joystick/share/joystick/environment/pythonpath.sh
[15.446s] -- Installing: /home/killian/Bureau/Projet_Voiture/TrailerMate/raspberryPI3/ros2_ws/install/joystick/share/joystick/environment/pythonpath.dsv
[15.446s] -- Installing: /home/killian/Bureau/Projet_Voiture/TrailerMate/raspberryPI3/ros2_ws/install/joystick/local/lib/python3.10/dist-packages/joystick-0.0.0-py3.10.egg-info
[15.446s] -- Installing: /home/killian/Bureau/Projet_Voiture/TrailerMate/raspberryPI3/ros2_ws/install/joystick/local/lib/python3.10/dist-packages/joystick-0.0.0-py3.10.egg-info/PKG-INFO
[15.446s] -- Installing: /home/killian/Bureau/Projet_Voiture/TrailerMate/raspberryPI3/ros2_ws/install/joystick/local/lib/python3.10/dist-packages/joystick-0.0.0-py3.10.egg-info/top_level.txt
[15.446s] -- Installing: /home/killian/Bureau/Projet_Voiture/TrailerMate/raspberryPI3/ros2_ws/install/joystick/local/lib/python3.10/dist-packages/joystick-0.0.0-py3.10.egg-info/SOURCES.txt
[15.446s] -- Installing: /home/killian/Bureau/Projet_Voiture/TrailerMate/raspberryPI3/ros2_ws/install/joystick/local/lib/python3.10/dist-packages/joystick-0.0.0-py3.10.egg-info/dependency_links.txt
[15.447s] -- Installing: /home/killian/Bureau/Projet_Voiture/TrailerMate/raspberryPI3/ros2_ws/install/joystick/local/lib/python3.10/dist-packages/joystick
[15.447s] -- Installing: /home/killian/Bureau/Projet_Voiture/TrailerMate/raspberryPI3/ros2_ws/install/joystick/local/lib/python3.10/dist-packages/joystick/__init__.py
[15.447s] -- Installing: /home/killian/Bureau/Projet_Voiture/TrailerMate/raspberryPI3/ros2_ws/install/joystick/local/lib/python3.10/dist-packages/joystick/input_example.py
[15.447s] -- Installing: /home/killian/Bureau/Projet_Voiture/TrailerMate/raspberryPI3/ros2_ws/install/joystick/local/lib/python3.10/dist-packages/joystick/inputs.py
[15.447s] -- Installing: /home/killian/Bureau/Projet_Voiture/TrailerMate/raspberryPI3/ros2_ws/install/joystick/local/lib/python3.10/dist-packages/joystick/CONTRIBUTING.md
[15.447s] -- Installing: /home/killian/Bureau/Projet_Voiture/TrailerMate/raspberryPI3/ros2_ws/install/joystick/local/lib/python3.10/dist-packages/joystick/joystick_ros2.py
[15.447s] -- Installing: /home/killian/Bureau/Projet_Voiture/TrailerMate/raspberryPI3/ros2_ws/install/joystick/local/lib/python3.10/dist-packages/joystick/resource
[15.447s] -- Installing: /home/killian/Bureau/Projet_Voiture/TrailerMate/raspberryPI3/ros2_ws/install/joystick/local/lib/python3.10/dist-packages/joystick/resource/joystick_ros2
[15.447s] -- Installing: /home/killian/Bureau/Projet_Voiture/TrailerMate/raspberryPI3/ros2_ws/install/joystick/local/lib/python3.10/dist-packages/joystick/package.xml
[15.447s] -- Installing: /home/killian/Bureau/Projet_Voiture/TrailerMate/raspberryPI3/ros2_ws/install/joystick/local/lib/python3.10/dist-packages/joystick/README.md
[15.447s] -- Installing: /home/killian/Bureau/Projet_Voiture/TrailerMate/raspberryPI3/ros2_ws/install/joystick/local/lib/python3.10/dist-packages/joystick/images
[15.448s] -- Installing: /home/killian/Bureau/Projet_Voiture/TrailerMate/raspberryPI3/ros2_ws/install/joystick/local/lib/python3.10/dist-packages/joystick/images/mac_settings.png
[15.448s] -- Installing: /home/killian/Bureau/Projet_Voiture/TrailerMate/raspberryPI3/ros2_ws/install/joystick/local/lib/python3.10/dist-packages/joystick/LICENSE
[15.487s] Listing '/home/killian/Bureau/Projet_Voiture/TrailerMate/raspberryPI3/ros2_ws/install/joystick/local/lib/python3.10/dist-packages/joystick'...
[15.487s] Compiling '/home/killian/Bureau/Projet_Voiture/TrailerMate/raspberryPI3/ros2_ws/install/joystick/local/lib/python3.10/dist-packages/joystick/__init__.py'...
[15.488s] Listing '/home/killian/Bureau/Projet_Voiture/TrailerMate/raspberryPI3/ros2_ws/install/joystick/local/lib/python3.10/dist-packages/joystick/images'...
[15.488s] Compiling '/home/killian/Bureau/Projet_Voiture/TrailerMate/raspberryPI3/ros2_ws/install/joystick/local/lib/python3.10/dist-packages/joystick/input_example.py'...
[15.488s] Compiling '/home/killian/Bureau/Projet_Voiture/TrailerMate/raspberryPI3/ros2_ws/install/joystick/local/lib/python3.10/dist-packages/joystick/inputs.py'...
[15.488s] Compiling '/home/killian/Bureau/Projet_Voiture/TrailerMate/raspberryPI3/ros2_ws/install/joystick/local/lib/python3.10/dist-packages/joystick/joystick_ros2.py'...
[15.488s] Listing '/home/killian/Bureau/Projet_Voiture/TrailerMate/raspberryPI3/ros2_ws/install/joystick/local/lib/python3.10/dist-packages/joystick/resource'...
[15.492s] -- Installing: /home/killian/Bureau/Projet_Voiture/TrailerMate/raspberryPI3/ros2_ws/install/joystick/lib/joystick/joystick_ros2.py
[15.492s] -- Installing: /home/killian/Bureau/Projet_Voiture/TrailerMate/raspberryPI3/ros2_ws/install/joystick/share/ament_index/resource_index/package_run_dependencies/joystick
[15.493s] -- Installing: /home/killian/Bureau/Projet_Voiture/TrailerMate/raspberryPI3/ros2_ws/install/joystick/share/ament_index/resource_index/parent_prefix_path/joystick
[15.493s] -- Installing: /home/killian/Bureau/Projet_Voiture/TrailerMate/raspberryPI3/ros2_ws/install/joystick/share/joystick/environment/ament_prefix_path.sh
[15.493s] -- Installing: /home/killian/Bureau/Projet_Voiture/TrailerMate/raspberryPI3/ros2_ws/install/joystick/share/joystick/environment/ament_prefix_path.dsv
[15.493s] -- Installing: /home/killian/Bureau/Projet_Voiture/TrailerMate/raspberryPI3/ros2_ws/install/joystick/share/joystick/environment/path.sh
[15.494s] -- Installing: /home/killian/Bureau/Projet_Voiture/TrailerMate/raspberryPI3/ros2_ws/install/joystick/share/joystick/environment/path.dsv
[15.494s] -- Installing: /home/killian/Bureau/Projet_Voiture/TrailerMate/raspberryPI3/ros2_ws/install/joystick/share/joystick/local_setup.bash
[15.494s] -- Installing: /home/killian/Bureau/Projet_Voiture/TrailerMate/raspberryPI3/ros2_ws/install/joystick/share/joystick/local_setup.sh
[15.494s] -- Installing: /home/killian/Bureau/Projet_Voiture/TrailerMate/raspberryPI3/ros2_ws/install/joystick/share/joystick/local_setup.zsh
[15.494s] -- Installing: /home/killian/Bureau/Projet_Voiture/TrailerMate/raspberryPI3/ros2_ws/install/joystick/share/joystick/local_setup.dsv
[15.494s] -- Installing: /home/killian/Bureau/Projet_Voiture/TrailerMate/raspberryPI3/ros2_ws/install/joystick/share/joystick/package.dsv
[15.494s] -- Installing: /home/killian/Bureau/Projet_Voiture/TrailerMate/raspberryPI3/ros2_ws/install/joystick/share/ament_index/resource_index/packages/joystick
[15.495s] -- Installing: /home/killian/Bureau/Projet_Voiture/TrailerMate/raspberryPI3/ros2_ws/install/joystick/share/joystick/cmake/joystickConfig.cmake
[15.495s] -- Installing: /home/killian/Bureau/Projet_Voiture/TrailerMate/raspberryPI3/ros2_ws/install/joystick/share/joystick/cmake/joystickConfig-version.cmake
[15.495s] -- Installing: /home/killian/Bureau/Projet_Voiture/TrailerMate/raspberryPI3/ros2_ws/install/joystick/share/joystick/package.xml
[15.497s] Invoked command in '/home/killian/Bureau/Projet_Voiture/TrailerMate/raspberryPI3/ros2_ws/build/joystick' returned '0': AMENT_PREFIX_PATH=/home/killian/Bureau/Projet_Voiture/TrailerMate/raspberryPI3/ros2_ws/install/interfaces:${AMENT_PREFIX_PATH} CMAKE_PREFIX_PATH=/home/killian/Bureau/Projet_Voiture/TrailerMate/raspberryPI3/ros2_ws/install/interfaces:/opt/ros/humble LD_LIBRARY_PATH=/home/killian/Bureau/Projet_Voiture/TrailerMate/raspberryPI3/ros2_ws/install/interfaces/lib:${LD_LIBRARY_PATH} PYTHONPATH=/home/killian/Bureau/Projet_Voiture/TrailerMate/raspberryPI3/ros2_ws/install/interfaces/local/lib/python3.10/dist-packages:${PYTHONPATH} /usr/bin/cmake --install /home/killian/Bureau/Projet_Voiture/TrailerMate/raspberryPI3/ros2_ws/build/joystick
