[2.183s] DEBUG:colcon:Command line arguments: ['/usr/bin/colcon', 'build', '--packages-select', 'trailer_angle_package']
[2.184s] DEBUG:colcon:Parsed command line arguments: Namespace(log_base=None, log_level=None, verb_name='build', build_base='build', install_base='install', merge_install=False, symlink_install=False, test_result_base=None, continue_on_error=False, executor='parallel', parallel_workers=4, event_handlers=None, ignore_user_meta=False, metas=['./colcon.meta'], base_paths=['.'], packages_ignore=None, packages_ignore_regex=None, paths=None, packages_up_to=None, packages_up_to_regex=None, packages_above=None, packages_above_and_dependencies=None, packages_above_depth=None, packages_select_by_dep=None, packages_skip_by_dep=None, packages_skip_up_to=None, packages_select_build_failed=False, packages_skip_build_finished=False, packages_select_test_failures=False, packages_skip_test_passed=False, packages_select=['trailer_angle_package'], packages_skip=None, packages_select_regex=None, packages_skip_regex=None, packages_start=None, packages_end=None, allow_overriding=[], cmake_args=None, cmake_target=None, cmake_target_skip_unavailable=False, cmake_clean_cache=False, cmake_clean_first=False, cmake_force_configure=False, ament_cmake_args=None, catkin_cmake_args=None, catkin_skip_building_tests=False, verb_parser=<colcon_defaults.argument_parser.defaults.DefaultArgumentsDecorator object at 0xffffb7bb1090>, verb_extension=<colcon_core.verb.build.BuildVerb object at 0xffffb85f4f70>, main=<bound method BuildVerb.main of <colcon_core.verb.build.BuildVerb object at 0xffffb85f4f70>>)
[2.607s] Level 1:colcon.colcon_core.package_discovery:discover_packages(colcon_meta) check parameters
[2.609s] Level 1:colcon.colcon_core.package_discovery:discover_packages(recursive) check parameters
[2.610s] Level 1:colcon.colcon_core.package_discovery:discover_packages(ignore) check parameters
[2.610s] Level 1:colcon.colcon_core.package_discovery:discover_packages(path) check parameters
[2.611s] Level 1:colcon.colcon_core.package_discovery:discover_packages(colcon_meta) discover
[2.612s] Level 1:colcon.colcon_core.package_discovery:discover_packages(recursive) discover
[2.612s] INFO:colcon.colcon_core.package_discovery:Crawling recursively for packages in '/home/pi/TrailerMate/raspberryPI3/ros2_ws'
[2.614s] Level 1:colcon.colcon_core.package_identification:_identify(.) by extensions ['ignore', 'ignore_ament_install']
[2.616s] Level 1:colcon.colcon_core.package_identification:_identify(.) by extension 'ignore'
[2.617s] Level 1:colcon.colcon_core.package_identification:_identify(.) by extension 'ignore_ament_install'
[2.618s] Level 1:colcon.colcon_core.package_identification:_identify(.) by extensions ['colcon_pkg']
[2.619s] Level 1:colcon.colcon_core.package_identification:_identify(.) by extension 'colcon_pkg'
[2.620s] Level 1:colcon.colcon_core.package_identification:_identify(.) by extensions ['colcon_meta']
[2.621s] Level 1:colcon.colcon_core.package_identification:_identify(.) by extension 'colcon_meta'
[2.622s] Level 1:colcon.colcon_core.package_identification:_identify(.) by extensions ['ros']
[2.623s] Level 1:colcon.colcon_core.package_identification:_identify(.) by extension 'ros'
[2.794s] Level 1:colcon.colcon_core.package_identification:_identify(.) by extensions ['cmake', 'python']
[2.795s] Level 1:colcon.colcon_core.package_identification:_identify(.) by extension 'cmake'
[2.795s] Level 1:colcon.colcon_core.package_identification:_identify(.) by extension 'python'
[2.796s] Level 1:colcon.colcon_core.package_identification:_identify(.) by extensions ['python_setup_py']
[2.797s] Level 1:colcon.colcon_core.package_identification:_identify(.) by extension 'python_setup_py'
[2.799s] Level 1:colcon.colcon_core.package_identification:_identify(build) by extensions ['ignore', 'ignore_ament_install']
[2.800s] Level 1:colcon.colcon_core.package_identification:_identify(build) by extension 'ignore'
[2.801s] Level 1:colcon.colcon_core.package_identification:_identify(build) ignored
[2.803s] Level 1:colcon.colcon_core.package_identification:_identify(install) by extensions ['ignore', 'ignore_ament_install']
[2.805s] Level 1:colcon.colcon_core.package_identification:_identify(install) by extension 'ignore'
[2.806s] Level 1:colcon.colcon_core.package_identification:_identify(install) ignored
[2.807s] Level 1:colcon.colcon_core.package_identification:_identify(log) by extensions ['ignore', 'ignore_ament_install']
[2.809s] Level 1:colcon.colcon_core.package_identification:_identify(log) by extension 'ignore'
[2.809s] Level 1:colcon.colcon_core.package_identification:_identify(log) ignored
[2.811s] Level 1:colcon.colcon_core.package_identification:_identify(src) by extensions ['ignore', 'ignore_ament_install']
[2.812s] Level 1:colcon.colcon_core.package_identification:_identify(src) by extension 'ignore'
[2.813s] Level 1:colcon.colcon_core.package_identification:_identify(src) by extension 'ignore_ament_install'
[2.814s] Level 1:colcon.colcon_core.package_identification:_identify(src) by extensions ['colcon_pkg']
[2.815s] Level 1:colcon.colcon_core.package_identification:_identify(src) by extension 'colcon_pkg'
[2.815s] Level 1:colcon.colcon_core.package_identification:_identify(src) by extensions ['colcon_meta']
[2.816s] Level 1:colcon.colcon_core.package_identification:_identify(src) by extension 'colcon_meta'
[2.817s] Level 1:colcon.colcon_core.package_identification:_identify(src) by extensions ['ros']
[2.817s] Level 1:colcon.colcon_core.package_identification:_identify(src) by extension 'ros'
[2.819s] Level 1:colcon.colcon_core.package_identification:_identify(src) by extensions ['cmake', 'python']
[2.819s] Level 1:colcon.colcon_core.package_identification:_identify(src) by extension 'cmake'
[2.820s] Level 1:colcon.colcon_core.package_identification:_identify(src) by extension 'python'
[2.821s] Level 1:colcon.colcon_core.package_identification:_identify(src) by extensions ['python_setup_py']
[2.822s] Level 1:colcon.colcon_core.package_identification:_identify(src) by extension 'python_setup_py'
[2.823s] Level 1:colcon.colcon_core.package_identification:_identify(src/can) by extensions ['ignore', 'ignore_ament_install']
[2.825s] Level 1:colcon.colcon_core.package_identification:_identify(src/can) by extension 'ignore'
[2.826s] Level 1:colcon.colcon_core.package_identification:_identify(src/can) by extension 'ignore_ament_install'
[2.827s] Level 1:colcon.colcon_core.package_identification:_identify(src/can) by extensions ['colcon_pkg']
[2.827s] Level 1:colcon.colcon_core.package_identification:_identify(src/can) by extension 'colcon_pkg'
[2.828s] Level 1:colcon.colcon_core.package_identification:_identify(src/can) by extensions ['colcon_meta']
[2.829s] Level 1:colcon.colcon_core.package_identification:_identify(src/can) by extension 'colcon_meta'
[2.830s] Level 1:colcon.colcon_core.package_identification:_identify(src/can) by extensions ['ros']
[2.830s] Level 1:colcon.colcon_core.package_identification:_identify(src/can) by extension 'ros'
[2.936s] DEBUG:colcon.colcon_core.package_identification:Package 'src/can' with type 'ros.ament_cmake' and name 'can'
[2.938s] Level 1:colcon.colcon_core.package_identification:_identify(src/car_control) by extensions ['ignore', 'ignore_ament_install']
[2.939s] Level 1:colcon.colcon_core.package_identification:_identify(src/car_control) by extension 'ignore'
[2.941s] Level 1:colcon.colcon_core.package_identification:_identify(src/car_control) by extension 'ignore_ament_install'
[2.942s] Level 1:colcon.colcon_core.package_identification:_identify(src/car_control) by extensions ['colcon_pkg']
[2.942s] Level 1:colcon.colcon_core.package_identification:_identify(src/car_control) by extension 'colcon_pkg'
[2.943s] Level 1:colcon.colcon_core.package_identification:_identify(src/car_control) by extensions ['colcon_meta']
[2.944s] Level 1:colcon.colcon_core.package_identification:_identify(src/car_control) by extension 'colcon_meta'
[2.945s] Level 1:colcon.colcon_core.package_identification:_identify(src/car_control) by extensions ['ros']
[2.945s] Level 1:colcon.colcon_core.package_identification:_identify(src/car_control) by extension 'ros'
[2.955s] DEBUG:colcon.colcon_core.package_identification:Package 'src/car_control' with type 'ros.ament_cmake' and name 'car_control'
[2.956s] Level 1:colcon.colcon_core.package_identification:_identify(src/carla_msgs) by extensions ['ignore', 'ignore_ament_install']
[2.958s] Level 1:colcon.colcon_core.package_identification:_identify(src/carla_msgs) by extension 'ignore'
[2.958s] Level 1:colcon.colcon_core.package_identification:_identify(src/carla_msgs) by extension 'ignore_ament_install'
[2.959s] Level 1:colcon.colcon_core.package_identification:_identify(src/carla_msgs) by extensions ['colcon_pkg']
[2.960s] Level 1:colcon.colcon_core.package_identification:_identify(src/carla_msgs) by extension 'colcon_pkg'
[2.961s] Level 1:colcon.colcon_core.package_identification:_identify(src/carla_msgs) by extensions ['colcon_meta']
[2.962s] Level 1:colcon.colcon_core.package_identification:_identify(src/carla_msgs) by extension 'colcon_meta'
[2.963s] Level 1:colcon.colcon_core.package_identification:_identify(src/carla_msgs) by extensions ['ros']
[2.963s] Level 1:colcon.colcon_core.package_identification:_identify(src/carla_msgs) by extension 'ros'
[2.972s] DEBUG:colcon.colcon_core.package_identification:Package 'src/carla_msgs' with type 'ros.ament_cmake' and name 'carla_msgs'
[2.974s] Level 1:colcon.colcon_core.package_identification:_identify(src/geicar_start) by extensions ['ignore', 'ignore_ament_install']
[2.975s] Level 1:colcon.colcon_core.package_identification:_identify(src/geicar_start) by extension 'ignore'
[2.976s] Level 1:colcon.colcon_core.package_identification:_identify(src/geicar_start) by extension 'ignore_ament_install'
[2.977s] Level 1:colcon.colcon_core.package_identification:_identify(src/geicar_start) by extensions ['colcon_pkg']
[2.977s] Level 1:colcon.colcon_core.package_identification:_identify(src/geicar_start) by extension 'colcon_pkg'
[2.978s] Level 1:colcon.colcon_core.package_identification:_identify(src/geicar_start) by extensions ['colcon_meta']
[2.979s] Level 1:colcon.colcon_core.package_identification:_identify(src/geicar_start) by extension 'colcon_meta'
[2.980s] Level 1:colcon.colcon_core.package_identification:_identify(src/geicar_start) by extensions ['ros']
[2.981s] Level 1:colcon.colcon_core.package_identification:_identify(src/geicar_start) by extension 'ros'
[2.987s] DEBUG:colcon.colcon_core.package_identification:Package 'src/geicar_start' with type 'ros.ament_cmake' and name 'geicar_start'
[2.989s] Level 1:colcon.colcon_core.package_identification:_identify(src/imu_tools) by extensions ['ignore', 'ignore_ament_install']
[2.991s] Level 1:colcon.colcon_core.package_identification:_identify(src/imu_tools) by extension 'ignore'
[2.991s] Level 1:colcon.colcon_core.package_identification:_identify(src/imu_tools) by extension 'ignore_ament_install'
[2.993s] Level 1:colcon.colcon_core.package_identification:_identify(src/imu_tools) by extensions ['colcon_pkg']
[2.993s] Level 1:colcon.colcon_core.package_identification:_identify(src/imu_tools) by extension 'colcon_pkg'
[2.994s] Level 1:colcon.colcon_core.package_identification:_identify(src/imu_tools) by extensions ['colcon_meta']
[2.995s] Level 1:colcon.colcon_core.package_identification:_identify(src/imu_tools) by extension 'colcon_meta'
[2.996s] Level 1:colcon.colcon_core.package_identification:_identify(src/imu_tools) by extensions ['ros']
[2.996s] Level 1:colcon.colcon_core.package_identification:_identify(src/imu_tools) by extension 'ros'
[2.998s] Level 1:colcon.colcon_core.package_identification:_identify(src/imu_tools) by extensions ['cmake', 'python']
[2.998s] Level 1:colcon.colcon_core.package_identification:_identify(src/imu_tools) by extension 'cmake'
[2.999s] Level 1:colcon.colcon_core.package_identification:_identify(src/imu_tools) by extension 'python'
[3.000s] Level 1:colcon.colcon_core.package_identification:_identify(src/imu_tools) by extensions ['python_setup_py']
[3.000s] Level 1:colcon.colcon_core.package_identification:_identify(src/imu_tools) by extension 'python_setup_py'
[3.002s] Level 1:colcon.colcon_core.package_identification:_identify(src/imu_tools/imu_complementary_filter) by extensions ['ignore', 'ignore_ament_install']
[3.004s] Level 1:colcon.colcon_core.package_identification:_identify(src/imu_tools/imu_complementary_filter) by extension 'ignore'
[3.005s] Level 1:colcon.colcon_core.package_identification:_identify(src/imu_tools/imu_complementary_filter) by extension 'ignore_ament_install'
[3.006s] Level 1:colcon.colcon_core.package_identification:_identify(src/imu_tools/imu_complementary_filter) by extensions ['colcon_pkg']
[3.006s] Level 1:colcon.colcon_core.package_identification:_identify(src/imu_tools/imu_complementary_filter) by extension 'colcon_pkg'
[3.007s] Level 1:colcon.colcon_core.package_identification:_identify(src/imu_tools/imu_complementary_filter) by extensions ['colcon_meta']
[3.008s] Level 1:colcon.colcon_core.package_identification:_identify(src/imu_tools/imu_complementary_filter) by extension 'colcon_meta'
[3.009s] Level 1:colcon.colcon_core.package_identification:_identify(src/imu_tools/imu_complementary_filter) by extensions ['ros']
[3.010s] Level 1:colcon.colcon_core.package_identification:_identify(src/imu_tools/imu_complementary_filter) by extension 'ros'
[3.018s] DEBUG:colcon.colcon_core.package_identification:Package 'src/imu_tools/imu_complementary_filter' with type 'ros.ament_cmake' and name 'imu_complementary_filter'
[3.019s] Level 1:colcon.colcon_core.package_identification:_identify(src/imu_tools/imu_filter_madgwick) by extensions ['ignore', 'ignore_ament_install']
[3.021s] Level 1:colcon.colcon_core.package_identification:_identify(src/imu_tools/imu_filter_madgwick) by extension 'ignore'
[3.022s] Level 1:colcon.colcon_core.package_identification:_identify(src/imu_tools/imu_filter_madgwick) by extension 'ignore_ament_install'
[3.023s] Level 1:colcon.colcon_core.package_identification:_identify(src/imu_tools/imu_filter_madgwick) by extensions ['colcon_pkg']
[3.023s] Level 1:colcon.colcon_core.package_identification:_identify(src/imu_tools/imu_filter_madgwick) by extension 'colcon_pkg'
[3.024s] Level 1:colcon.colcon_core.package_identification:_identify(src/imu_tools/imu_filter_madgwick) by extensions ['colcon_meta']
[3.025s] Level 1:colcon.colcon_core.package_identification:_identify(src/imu_tools/imu_filter_madgwick) by extension 'colcon_meta'
[3.026s] Level 1:colcon.colcon_core.package_identification:_identify(src/imu_tools/imu_filter_madgwick) by extensions ['ros']
[3.026s] Level 1:colcon.colcon_core.package_identification:_identify(src/imu_tools/imu_filter_madgwick) by extension 'ros'
[3.041s] DEBUG:colcon.colcon_core.package_identification:Package 'src/imu_tools/imu_filter_madgwick' with type 'ros.ament_cmake' and name 'imu_filter_madgwick'
[3.043s] Level 1:colcon.colcon_core.package_identification:_identify(src/imu_tools/imu_tools) by extensions ['ignore', 'ignore_ament_install']
[3.044s] Level 1:colcon.colcon_core.package_identification:_identify(src/imu_tools/imu_tools) by extension 'ignore'
[3.046s] Level 1:colcon.colcon_core.package_identification:_identify(src/imu_tools/imu_tools) by extension 'ignore_ament_install'
[3.047s] Level 1:colcon.colcon_core.package_identification:_identify(src/imu_tools/imu_tools) by extensions ['colcon_pkg']
[3.048s] Level 1:colcon.colcon_core.package_identification:_identify(src/imu_tools/imu_tools) by extension 'colcon_pkg'
[3.048s] Level 1:colcon.colcon_core.package_identification:_identify(src/imu_tools/imu_tools) by extensions ['colcon_meta']
[3.049s] Level 1:colcon.colcon_core.package_identification:_identify(src/imu_tools/imu_tools) by extension 'colcon_meta'
[3.050s] Level 1:colcon.colcon_core.package_identification:_identify(src/imu_tools/imu_tools) by extensions ['ros']
[3.051s] Level 1:colcon.colcon_core.package_identification:_identify(src/imu_tools/imu_tools) by extension 'ros'
[3.057s] DEBUG:colcon.colcon_core.package_identification:Package 'src/imu_tools/imu_tools' with type 'ros.ament_cmake' and name 'imu_tools'
[3.058s] Level 1:colcon.colcon_core.package_identification:_identify(src/imu_tools/rviz_imu_plugin) by extensions ['ignore', 'ignore_ament_install']
[3.060s] Level 1:colcon.colcon_core.package_identification:_identify(src/imu_tools/rviz_imu_plugin) by extension 'ignore'
[3.061s] Level 1:colcon.colcon_core.package_identification:_identify(src/imu_tools/rviz_imu_plugin) by extension 'ignore_ament_install'
[3.062s] Level 1:colcon.colcon_core.package_identification:_identify(src/imu_tools/rviz_imu_plugin) by extensions ['colcon_pkg']
[3.062s] Level 1:colcon.colcon_core.package_identification:_identify(src/imu_tools/rviz_imu_plugin) by extension 'colcon_pkg'
[3.063s] Level 1:colcon.colcon_core.package_identification:_identify(src/imu_tools/rviz_imu_plugin) by extensions ['colcon_meta']
[3.064s] Level 1:colcon.colcon_core.package_identification:_identify(src/imu_tools/rviz_imu_plugin) by extension 'colcon_meta'
[3.065s] Level 1:colcon.colcon_core.package_identification:_identify(src/imu_tools/rviz_imu_plugin) by extensions ['ros']
[3.066s] Level 1:colcon.colcon_core.package_identification:_identify(src/imu_tools/rviz_imu_plugin) by extension 'ros'
[3.082s] DEBUG:colcon.colcon_core.package_identification:Package 'src/imu_tools/rviz_imu_plugin' with type 'ros.ament_cmake' and name 'rviz_imu_plugin'
[3.083s] Level 1:colcon.colcon_core.package_identification:_identify(src/interfaces) by extensions ['ignore', 'ignore_ament_install']
[3.085s] Level 1:colcon.colcon_core.package_identification:_identify(src/interfaces) by extension 'ignore'
[3.086s] Level 1:colcon.colcon_core.package_identification:_identify(src/interfaces) by extension 'ignore_ament_install'
[3.087s] Level 1:colcon.colcon_core.package_identification:_identify(src/interfaces) by extensions ['colcon_pkg']
[3.087s] Level 1:colcon.colcon_core.package_identification:_identify(src/interfaces) by extension 'colcon_pkg'
[3.088s] Level 1:colcon.colcon_core.package_identification:_identify(src/interfaces) by extensions ['colcon_meta']
[3.089s] Level 1:colcon.colcon_core.package_identification:_identify(src/interfaces) by extension 'colcon_meta'
[3.090s] Level 1:colcon.colcon_core.package_identification:_identify(src/interfaces) by extensions ['ros']
[3.090s] Level 1:colcon.colcon_core.package_identification:_identify(src/interfaces) by extension 'ros'
[3.098s] DEBUG:colcon.colcon_core.package_identification:Package 'src/interfaces' with type 'ros.ament_cmake' and name 'interfaces'
[3.100s] Level 1:colcon.colcon_core.package_identification:_identify(src/joystick) by extensions ['ignore', 'ignore_ament_install']
[3.101s] Level 1:colcon.colcon_core.package_identification:_identify(src/joystick) by extension 'ignore'
[3.102s] Level 1:colcon.colcon_core.package_identification:_identify(src/joystick) by extension 'ignore_ament_install'
[3.103s] Level 1:colcon.colcon_core.package_identification:_identify(src/joystick) by extensions ['colcon_pkg']
[3.103s] Level 1:colcon.colcon_core.package_identification:_identify(src/joystick) by extension 'colcon_pkg'
[3.104s] Level 1:colcon.colcon_core.package_identification:_identify(src/joystick) by extensions ['colcon_meta']
[3.105s] Level 1:colcon.colcon_core.package_identification:_identify(src/joystick) by extension 'colcon_meta'
[3.108s] Level 1:colcon.colcon_core.package_identification:_identify(src/joystick) by extensions ['ros']
[3.109s] Level 1:colcon.colcon_core.package_identification:_identify(src/joystick) by extension 'ros'
[3.118s] DEBUG:colcon.colcon_core.package_identification:Package 'src/joystick' with type 'ros.ament_cmake' and name 'joystick'
[3.120s] Level 1:colcon.colcon_core.package_identification:_identify(src/obs_detect) by extensions ['ignore', 'ignore_ament_install']
[3.121s] Level 1:colcon.colcon_core.package_identification:_identify(src/obs_detect) by extension 'ignore'
[3.122s] Level 1:colcon.colcon_core.package_identification:_identify(src/obs_detect) by extension 'ignore_ament_install'
[3.123s] Level 1:colcon.colcon_core.package_identification:_identify(src/obs_detect) by extensions ['colcon_pkg']
[3.124s] Level 1:colcon.colcon_core.package_identification:_identify(src/obs_detect) by extension 'colcon_pkg'
[3.124s] Level 1:colcon.colcon_core.package_identification:_identify(src/obs_detect) by extensions ['colcon_meta']
[3.125s] Level 1:colcon.colcon_core.package_identification:_identify(src/obs_detect) by extension 'colcon_meta'
[3.126s] Level 1:colcon.colcon_core.package_identification:_identify(src/obs_detect) by extensions ['ros']
[3.127s] Level 1:colcon.colcon_core.package_identification:_identify(src/obs_detect) by extension 'ros'
[3.132s] DEBUG:colcon.colcon_core.package_identification:Package 'src/obs_detect' with type 'ros.ament_python' and name 'obs_detect'
[3.134s] Level 1:colcon.colcon_core.package_identification:_identify(src/simulation) by extensions ['ignore', 'ignore_ament_install']
[3.135s] Level 1:colcon.colcon_core.package_identification:_identify(src/simulation) by extension 'ignore'
[3.136s] Level 1:colcon.colcon_core.package_identification:_identify(src/simulation) by extension 'ignore_ament_install'
[3.137s] Level 1:colcon.colcon_core.package_identification:_identify(src/simulation) by extensions ['colcon_pkg']
[3.138s] Level 1:colcon.colcon_core.package_identification:_identify(src/simulation) by extension 'colcon_pkg'
[3.139s] Level 1:colcon.colcon_core.package_identification:_identify(src/simulation) by extensions ['colcon_meta']
[3.139s] Level 1:colcon.colcon_core.package_identification:_identify(src/simulation) by extension 'colcon_meta'
[3.140s] Level 1:colcon.colcon_core.package_identification:_identify(src/simulation) by extensions ['ros']
[3.141s] Level 1:colcon.colcon_core.package_identification:_identify(src/simulation) by extension 'ros'
[3.149s] DEBUG:colcon.colcon_core.package_identification:Package 'src/simulation' with type 'ros.ament_cmake' and name 'simulation'
[3.150s] Level 1:colcon.colcon_core.package_identification:_identify(src/system_check) by extensions ['ignore', 'ignore_ament_install']
[3.152s] Level 1:colcon.colcon_core.package_identification:_identify(src/system_check) by extension 'ignore'
[3.153s] Level 1:colcon.colcon_core.package_identification:_identify(src/system_check) by extension 'ignore_ament_install'
[3.154s] Level 1:colcon.colcon_core.package_identification:_identify(src/system_check) by extensions ['colcon_pkg']
[3.154s] Level 1:colcon.colcon_core.package_identification:_identify(src/system_check) by extension 'colcon_pkg'
[3.155s] Level 1:colcon.colcon_core.package_identification:_identify(src/system_check) by extensions ['colcon_meta']
[3.156s] Level 1:colcon.colcon_core.package_identification:_identify(src/system_check) by extension 'colcon_meta'
[3.157s] Level 1:colcon.colcon_core.package_identification:_identify(src/system_check) by extensions ['ros']
[3.157s] Level 1:colcon.colcon_core.package_identification:_identify(src/system_check) by extension 'ros'
[3.166s] DEBUG:colcon.colcon_core.package_identification:Package 'src/system_check' with type 'ros.ament_cmake' and name 'system_check'
[3.168s] Level 1:colcon.colcon_core.package_identification:_identify(src/trailer_angle_package) by extensions ['ignore', 'ignore_ament_install']
[3.169s] Level 1:colcon.colcon_core.package_identification:_identify(src/trailer_angle_package) by extension 'ignore'
[3.170s] Level 1:colcon.colcon_core.package_identification:_identify(src/trailer_angle_package) by extension 'ignore_ament_install'
[3.171s] Level 1:colcon.colcon_core.package_identification:_identify(src/trailer_angle_package) by extensions ['colcon_pkg']
[3.172s] Level 1:colcon.colcon_core.package_identification:_identify(src/trailer_angle_package) by extension 'colcon_pkg'
[3.173s] Level 1:colcon.colcon_core.package_identification:_identify(src/trailer_angle_package) by extensions ['colcon_meta']
[3.174s] Level 1:colcon.colcon_core.package_identification:_identify(src/trailer_angle_package) by extension 'colcon_meta'
[3.175s] Level 1:colcon.colcon_core.package_identification:_identify(src/trailer_angle_package) by extensions ['ros']
[3.175s] Level 1:colcon.colcon_core.package_identification:_identify(src/trailer_angle_package) by extension 'ros'
[3.181s] DEBUG:colcon.colcon_core.package_identification:Package 'src/trailer_angle_package' with type 'ros.ament_python' and name 'trailer_angle_package'
[3.182s] Level 1:colcon.colcon_core.package_discovery:discover_packages(recursive) using defaults
[3.183s] Level 1:colcon.colcon_core.package_discovery:discover_packages(ignore) discover
[3.183s] Level 1:colcon.colcon_core.package_discovery:discover_packages(ignore) using defaults
[3.184s] Level 1:colcon.colcon_core.package_discovery:discover_packages(path) discover
[3.184s] Level 1:colcon.colcon_core.package_discovery:discover_packages(path) using defaults
[3.508s] INFO:colcon.colcon_core.package_selection:Skipping not selected package 'carla_msgs' in 'src/carla_msgs'
[3.509s] INFO:colcon.colcon_core.package_selection:Skipping not selected package 'imu_complementary_filter' in 'src/imu_tools/imu_complementary_filter'
[3.510s] INFO:colcon.colcon_core.package_selection:Skipping not selected package 'imu_filter_madgwick' in 'src/imu_tools/imu_filter_madgwick'
[3.510s] INFO:colcon.colcon_core.package_selection:Skipping not selected package 'interfaces' in 'src/interfaces'
[3.511s] INFO:colcon.colcon_core.package_selection:Skipping not selected package 'obs_detect' in 'src/obs_detect'
[3.512s] INFO:colcon.colcon_core.package_selection:Skipping not selected package 'rviz_imu_plugin' in 'src/imu_tools/rviz_imu_plugin'
[3.513s] INFO:colcon.colcon_core.package_selection:Skipping not selected package 'can' in 'src/can'
[3.513s] INFO:colcon.colcon_core.package_selection:Skipping not selected package 'car_control' in 'src/car_control'
[3.514s] INFO:colcon.colcon_core.package_selection:Skipping not selected package 'imu_tools' in 'src/imu_tools/imu_tools'
[3.514s] INFO:colcon.colcon_core.package_selection:Skipping not selected package 'joystick' in 'src/joystick'
[3.515s] INFO:colcon.colcon_core.package_selection:Skipping not selected package 'simulation' in 'src/simulation'
[3.515s] INFO:colcon.colcon_core.package_selection:Skipping not selected package 'system_check' in 'src/system_check'
[3.516s] INFO:colcon.colcon_core.package_selection:Skipping not selected package 'geicar_start' in 'src/geicar_start'
[3.525s] Level 1:colcon.colcon_core.package_discovery:discover_packages(prefix_path) check parameters
[3.526s] Level 1:colcon.colcon_core.package_discovery:discover_packages(prefix_path) discover
[3.544s] WARNING:colcon.colcon_ros.prefix_path.ament:The path '/home/pi/TrailerMate/raspberryPI3/ros2_ws/install/trailer_angle_package' in the environment variable AMENT_PREFIX_PATH doesn't exist
[3.602s] DEBUG:colcon.colcon_installed_package_information.package_discovery:Found 12 installed packages in /home/pi/TrailerMate/raspberryPI3/ros2_ws/install
[3.625s] DEBUG:colcon.colcon_installed_package_information.package_discovery:Found 14 installed packages in /home/pi/ros2_ws/install
[3.674s] DEBUG:colcon.colcon_installed_package_information.package_discovery:Found 281 installed packages in /opt/ros/humble
[3.710s] Level 1:colcon.colcon_core.package_discovery:discover_packages(prefix_path) using defaults
[4.820s] Level 5:colcon.colcon_core.verb:set package 'trailer_angle_package' build argument 'cmake_args' from command line to 'None'
[4.821s] Level 5:colcon.colcon_core.verb:set package 'trailer_angle_package' build argument 'cmake_target' from command line to 'None'
[4.822s] Level 5:colcon.colcon_core.verb:set package 'trailer_angle_package' build argument 'cmake_target_skip_unavailable' from command line to 'False'
[4.822s] Level 5:colcon.colcon_core.verb:set package 'trailer_angle_package' build argument 'cmake_clean_cache' from command line to 'False'
[4.822s] Level 5:colcon.colcon_core.verb:set package 'trailer_angle_package' build argument 'cmake_clean_first' from command line to 'False'
[4.822s] Level 5:colcon.colcon_core.verb:set package 'trailer_angle_package' build argument 'cmake_force_configure' from command line to 'False'
[4.823s] Level 5:colcon.colcon_core.verb:set package 'trailer_angle_package' build argument 'ament_cmake_args' from command line to 'None'
[4.823s] Level 5:colcon.colcon_core.verb:set package 'trailer_angle_package' build argument 'catkin_cmake_args' from command line to 'None'
[4.823s] Level 5:colcon.colcon_core.verb:set package 'trailer_angle_package' build argument 'catkin_skip_building_tests' from command line to 'False'
[4.823s] DEBUG:colcon.colcon_core.verb:Building package 'trailer_angle_package' with the following arguments: {'ament_cmake_args': None, 'build_base': '/home/pi/TrailerMate/raspberryPI3/ros2_ws/build/trailer_angle_package', 'catkin_cmake_args': None, 'catkin_skip_building_tests': False, 'cmake_args': None, 'cmake_clean_cache': False, 'cmake_clean_first': False, 'cmake_force_configure': False, 'cmake_target': None, 'cmake_target_skip_unavailable': False, 'install_base': '/home/pi/TrailerMate/raspberryPI3/ros2_ws/install/trailer_angle_package', 'merge_install': False, 'path': '/home/pi/TrailerMate/raspberryPI3/ros2_ws/src/trailer_angle_package', 'symlink_install': False, 'test_result_base': None}
[4.827s] INFO:colcon.colcon_core.executor:Executing jobs using 'parallel' executor
[4.850s] DEBUG:colcon.colcon_parallel_executor.executor.parallel:run_until_complete
[4.851s] INFO:colcon.colcon_ros.task.ament_python.build:Building ROS package in '/home/pi/TrailerMate/raspberryPI3/ros2_ws/src/trailer_angle_package' with build type 'ament_python'
[4.852s] Level 1:colcon.colcon_core.shell:create_environment_hook('trailer_angle_package', 'ament_prefix_path')
[4.879s] INFO:colcon.colcon_core.plugin_system:Skipping extension 'colcon_core.shell.bat': Not used on non-Windows systems
[4.881s] INFO:colcon.colcon_core.shell:Creating environment hook '/home/pi/TrailerMate/raspberryPI3/ros2_ws/install/trailer_angle_package/share/trailer_angle_package/hook/ament_prefix_path.ps1'
[4.884s] INFO:colcon.colcon_core.shell:Creating environment descriptor '/home/pi/TrailerMate/raspberryPI3/ros2_ws/install/trailer_angle_package/share/trailer_angle_package/hook/ament_prefix_path.dsv'
[4.887s] INFO:colcon.colcon_core.shell:Creating environment hook '/home/pi/TrailerMate/raspberryPI3/ros2_ws/install/trailer_angle_package/share/trailer_angle_package/hook/ament_prefix_path.sh'
[4.895s] INFO:colcon.colcon_core.shell:Skip shell extension 'powershell' for command environment: Not usable outside of PowerShell
[4.895s] DEBUG:colcon.colcon_core.shell:Skip shell extension 'dsv' for command environment
[6.865s] INFO:colcon.colcon_core.task.python.build:Building Python package in '/home/pi/TrailerMate/raspberryPI3/ros2_ws/src/trailer_angle_package'
[6.884s] INFO:colcon.colcon_core.shell:Skip shell extension 'powershell' for command environment: Not usable outside of PowerShell
[6.886s] DEBUG:colcon.colcon_core.shell:Skip shell extension 'dsv' for command environment
[10.540s] DEBUG:colcon.colcon_core.event_handler.log_command:Invoking command in '/home/pi/TrailerMate/raspberryPI3/ros2_ws/src/trailer_angle_package': PYTHONPATH=/home/pi/TrailerMate/raspberryPI3/ros2_ws/install/trailer_angle_package/lib/python3.10/site-packages:${PYTHONPATH} /usr/bin/python3 setup.py egg_info --egg-base ../../build/trailer_angle_package build --build-base /home/pi/TrailerMate/raspberryPI3/ros2_ws/build/trailer_angle_package/build install --prefix /home/pi/TrailerMate/raspberryPI3/ros2_ws/install/trailer_angle_package --record /home/pi/TrailerMate/raspberryPI3/ros2_ws/build/trailer_angle_package/install.log --single-version-externally-managed
[14.570s] DEBUG:colcon.colcon_core.event_handler.log_command:Invoked command in '/home/pi/TrailerMate/raspberryPI3/ros2_ws/src/trailer_angle_package' returned '0': PYTHONPATH=/home/pi/TrailerMate/raspberryPI3/ros2_ws/install/trailer_angle_package/lib/python3.10/site-packages:${PYTHONPATH} /usr/bin/python3 setup.py egg_info --egg-base ../../build/trailer_angle_package build --build-base /home/pi/TrailerMate/raspberryPI3/ros2_ws/build/trailer_angle_package/build install --prefix /home/pi/TrailerMate/raspberryPI3/ros2_ws/install/trailer_angle_package --record /home/pi/TrailerMate/raspberryPI3/ros2_ws/build/trailer_angle_package/install.log --single-version-externally-managed
[14.597s] Level 1:colcon.colcon_core.environment:checking '/home/pi/TrailerMate/raspberryPI3/ros2_ws/install/trailer_angle_package' for CMake module files
[14.599s] Level 1:colcon.colcon_core.environment:checking '/home/pi/TrailerMate/raspberryPI3/ros2_ws/install/trailer_angle_package' for CMake config files
[14.604s] Level 1:colcon.colcon_core.environment:checking '/home/pi/TrailerMate/raspberryPI3/ros2_ws/install/trailer_angle_package/lib'
[14.605s] Level 1:colcon.colcon_core.environment:checking '/home/pi/TrailerMate/raspberryPI3/ros2_ws/install/trailer_angle_package/bin'
[14.606s] Level 1:colcon.colcon_core.environment:checking '/home/pi/TrailerMate/raspberryPI3/ros2_ws/install/trailer_angle_package/lib/pkgconfig/trailer_angle_package.pc'
[14.607s] Level 1:colcon.colcon_core.environment:checking '/home/pi/TrailerMate/raspberryPI3/ros2_ws/install/trailer_angle_package/lib/python3.10/site-packages'
[14.607s] Level 1:colcon.colcon_core.shell:create_environment_hook('trailer_angle_package', 'pythonpath')
[14.614s] INFO:colcon.colcon_core.shell:Creating environment hook '/home/pi/TrailerMate/raspberryPI3/ros2_ws/install/trailer_angle_package/share/trailer_angle_package/hook/pythonpath.ps1'
[14.616s] INFO:colcon.colcon_core.shell:Creating environment descriptor '/home/pi/TrailerMate/raspberryPI3/ros2_ws/install/trailer_angle_package/share/trailer_angle_package/hook/pythonpath.dsv'
[14.618s] INFO:colcon.colcon_core.shell:Creating environment hook '/home/pi/TrailerMate/raspberryPI3/ros2_ws/install/trailer_angle_package/share/trailer_angle_package/hook/pythonpath.sh'
[14.621s] Level 1:colcon.colcon_core.environment:checking '/home/pi/TrailerMate/raspberryPI3/ros2_ws/install/trailer_angle_package/bin'
[14.622s] Level 1:colcon.colcon_core.environment:create_environment_scripts_only(trailer_angle_package)
[14.629s] INFO:colcon.colcon_core.shell:Creating package script '/home/pi/TrailerMate/raspberryPI3/ros2_ws/install/trailer_angle_package/share/trailer_angle_package/package.ps1'
[14.633s] INFO:colcon.colcon_core.shell:Creating package descriptor '/home/pi/TrailerMate/raspberryPI3/ros2_ws/install/trailer_angle_package/share/trailer_angle_package/package.dsv'
[14.636s] INFO:colcon.colcon_core.shell:Creating package script '/home/pi/TrailerMate/raspberryPI3/ros2_ws/install/trailer_angle_package/share/trailer_angle_package/package.sh'
[14.640s] INFO:colcon.colcon_core.shell:Creating package script '/home/pi/TrailerMate/raspberryPI3/ros2_ws/install/trailer_angle_package/share/trailer_angle_package/package.bash'
[14.644s] INFO:colcon.colcon_core.shell:Creating package script '/home/pi/TrailerMate/raspberryPI3/ros2_ws/install/trailer_angle_package/share/trailer_angle_package/package.zsh'
[14.647s] Level 1:colcon.colcon_core.environment:create_file_with_runtime_dependencies(/home/pi/TrailerMate/raspberryPI3/ros2_ws/install/trailer_angle_package/share/colcon-core/packages/trailer_angle_package)
[14.649s] DEBUG:colcon.colcon_parallel_executor.executor.parallel:closing loop
[14.651s] DEBUG:colcon.colcon_parallel_executor.executor.parallel:loop closed
[14.651s] DEBUG:colcon.colcon_parallel_executor.executor.parallel:run_until_complete finished with '0'
[14.652s] DEBUG:colcon.colcon_core.event_reactor:joining thread
[14.687s] INFO:colcon.colcon_core.plugin_system:Skipping extension 'colcon_notification.desktop_notification.notify_send': Could not find 'notify-send'
[14.688s] INFO:colcon.colcon_core.plugin_system:Skipping extension 'colcon_notification.desktop_notification.terminal_notifier': Not used on non-Darwin systems
[14.688s] INFO:colcon.colcon_core.plugin_system:Skipping extension 'colcon_notification.desktop_notification.win32': Not used on non-Windows systems
[14.689s] INFO:colcon.colcon_notification.desktop_notification:Sending desktop notification using 'notify2'
[14.693s] DEBUG:colcon.colcon_notification.desktop_notification.notify2:Failed to initialize notify2: org.freedesktop.DBus.Error.ServiceUnknown: The name org.freedesktop.Notifications was not provided by any .service files
[14.693s] DEBUG:colcon.colcon_core.event_reactor:joined thread
[14.699s] INFO:colcon.colcon_core.shell:Creating prefix script '/home/pi/TrailerMate/raspberryPI3/ros2_ws/install/local_setup.ps1'
[14.704s] INFO:colcon.colcon_core.shell:Creating prefix util module '/home/pi/TrailerMate/raspberryPI3/ros2_ws/install/_local_setup_util_ps1.py'
[14.710s] INFO:colcon.colcon_core.shell:Creating prefix chain script '/home/pi/TrailerMate/raspberryPI3/ros2_ws/install/setup.ps1'
[14.724s] INFO:colcon.colcon_core.shell:Creating prefix script '/home/pi/TrailerMate/raspberryPI3/ros2_ws/install/local_setup.sh'
[14.728s] INFO:colcon.colcon_core.shell:Creating prefix util module '/home/pi/TrailerMate/raspberryPI3/ros2_ws/install/_local_setup_util_sh.py'
[14.730s] INFO:colcon.colcon_core.shell:Creating prefix chain script '/home/pi/TrailerMate/raspberryPI3/ros2_ws/install/setup.sh'
[14.745s] INFO:colcon.colcon_core.shell:Creating prefix script '/home/pi/TrailerMate/raspberryPI3/ros2_ws/install/local_setup.bash'
[14.748s] INFO:colcon.colcon_core.shell:Creating prefix chain script '/home/pi/TrailerMate/raspberryPI3/ros2_ws/install/setup.bash'
[14.762s] INFO:colcon.colcon_core.shell:Creating prefix script '/home/pi/TrailerMate/raspberryPI3/ros2_ws/install/local_setup.zsh'
[14.764s] INFO:colcon.colcon_core.shell:Creating prefix chain script '/home/pi/TrailerMate/raspberryPI3/ros2_ws/install/setup.zsh'
