[0.167s] Invoking command in '/home/pi/TrailerMate/build/car_control': CMAKE_PREFIX_PATH=${CMAKE_PREFIX_PATH}:/home/pi/ros2_ws/install/obs_detect:/opt/ros/humble /usr/bin/cmake --build /home/pi/TrailerMate/build/car_control -- -j4 -l4
[0.420s] -- Found ament_cmake: 1.3.2 (/opt/ros/humble/share/ament_cmake/cmake)
[2.103s] -- Found rclcpp: 16.0.1 (/opt/ros/humble/share/rclcpp/cmake)
[2.397s] -- Found rosidl_generator_c: 3.1.3 (/opt/ros/humble/share/rosidl_generator_c/cmake)
[2.427s] -- Found rosidl_adapter: 3.1.3 (/opt/ros/humble/share/rosidl_adapter/cmake)
[2.497s] -- Found rosidl_generator_cpp: 3.1.3 (/opt/ros/humble/share/rosidl_generator_cpp/cmake)
[2.628s] -- Using all available rosidl_typesupport_c: rosidl_typesupport_fastrtps_c;rosidl_typesupport_introspection_c
[2.812s] -- Using all available rosidl_typesupport_cpp: rosidl_typesupport_fastrtps_cpp;rosidl_typesupport_introspection_cpp
[3.488s] -- Found rmw_implementation_cmake: 6.1.0 (/opt/ros/humble/share/rmw_implementation_cmake/cmake)
[3.508s] -- Found rmw_fastrtps_cpp: 6.2.1 (/opt/ros/humble/share/rmw_fastrtps_cpp/cmake)
[5.429s] -- Using RMW implementation 'rmw_fastrtps_cpp' as default
[7.068s] -- Found interfaces: 0.0.0 (/home/pi/ros2_ws/install/interfaces/share/interfaces/cmake)
[7.251s] -- Found sensor_msgs: 4.2.2 (/opt/ros/humble/share/sensor_msgs/cmake)
[8.366s] -- Found std_srvs: 4.2.2 (/opt/ros/humble/share/std_srvs/cmake)
[8.576s] -- Found ament_lint_auto: 0.12.4 (/opt/ros/humble/share/ament_lint_auto/cmake)
[9.378s] -- Added test 'cppcheck' to perform static code analysis on C / C++ code
[9.380s] -- Configured cppcheck include dirs: $<BUILD_INTERFACE:/home/pi/TrailerMate/raspberryPI3/ros2_ws/src/car_control/include>
[9.380s] -- Configured cppcheck exclude dirs and/or files: 
[9.391s] -- Added test 'lint_cmake' to check CMake code style
[9.417s] -- Added test 'uncrustify' to check C / C++ code style
[9.418s] -- Configured uncrustify additional arguments: 
[9.423s] -- Added test 'xmllint' to check XML markup files
[9.435s] -- Configuring done
[9.604s] -- Generating done
[9.624s] -- Build files have been written to: /home/pi/TrailerMate/build/car_control
[9.889s] [35m[1mConsolidate compiler generated dependencies of target car_control_node[0m
[10.016s] gmake[2]: Warning: File '/usr/include/stdc-predef.h' has modification time 17888787 s in the future
[10.136s] [ 25%] [32mBuilding CXX object CMakeFiles/car_control_node.dir/src/car_control_node.cpp.o[0m
[10.144s] [ 50%] [32mBuilding CXX object CMakeFiles/car_control_node.dir/src/steeringCmd.cpp.o[0m
[10.151s] [ 75%] [32mBuilding CXX object CMakeFiles/car_control_node.dir/src/propulsionCmd.cpp.o[0m
[142.167s] [100%] [32m[1mLinking CXX executable car_control_node[0m
[151.079s] gmake[2]: warning:  Clock skew detected.  Your build may be incomplete.
[151.170s] [100%] Built target car_control_node
[151.229s] Invoked command in '/home/pi/TrailerMate/build/car_control' returned '0': CMAKE_PREFIX_PATH=${CMAKE_PREFIX_PATH}:/home/pi/ros2_ws/install/obs_detect:/opt/ros/humble /usr/bin/cmake --build /home/pi/TrailerMate/build/car_control -- -j4 -l4
[151.723s] Invoking command in '/home/pi/TrailerMate/build/car_control': CMAKE_PREFIX_PATH=${CMAKE_PREFIX_PATH}:/home/pi/ros2_ws/install/obs_detect:/opt/ros/humble /usr/bin/cmake --install /home/pi/TrailerMate/build/car_control
[151.796s] -- Install configuration: ""
[151.798s] -- Installing: /home/pi/TrailerMate/install/car_control/lib/car_control/car_control_node
[151.893s] -- Set runtime path of "/home/pi/TrailerMate/install/car_control/lib/car_control/car_control_node" to ""
[151.893s] -- Installing: /home/pi/TrailerMate/install/car_control/share/ament_index/resource_index/package_run_dependencies/car_control
[151.895s] -- Installing: /home/pi/TrailerMate/install/car_control/share/ament_index/resource_index/parent_prefix_path/car_control
[151.896s] -- Installing: /home/pi/TrailerMate/install/car_control/share/car_control/environment/ament_prefix_path.sh
[151.897s] -- Installing: /home/pi/TrailerMate/install/car_control/share/car_control/environment/ament_prefix_path.dsv
[151.898s] -- Installing: /home/pi/TrailerMate/install/car_control/share/car_control/environment/path.sh
[151.899s] -- Installing: /home/pi/TrailerMate/install/car_control/share/car_control/environment/path.dsv
[151.900s] -- Installing: /home/pi/TrailerMate/install/car_control/share/car_control/local_setup.bash
[151.901s] -- Installing: /home/pi/TrailerMate/install/car_control/share/car_control/local_setup.sh
[151.902s] -- Installing: /home/pi/TrailerMate/install/car_control/share/car_control/local_setup.zsh
[151.903s] -- Installing: /home/pi/TrailerMate/install/car_control/share/car_control/local_setup.dsv
[151.904s] -- Installing: /home/pi/TrailerMate/install/car_control/share/car_control/package.dsv
[151.906s] -- Installing: /home/pi/TrailerMate/install/car_control/share/ament_index/resource_index/packages/car_control
[151.907s] -- Installing: /home/pi/TrailerMate/install/car_control/share/car_control/cmake/ament_cmake_export_include_directories-extras.cmake
[151.908s] -- Installing: /home/pi/TrailerMate/install/car_control/share/car_control/cmake/car_controlConfig.cmake
[151.909s] -- Installing: /home/pi/TrailerMate/install/car_control/share/car_control/cmake/car_controlConfig-version.cmake
[151.910s] -- Installing: /home/pi/TrailerMate/install/car_control/share/car_control/package.xml
[151.918s] Invoked command in '/home/pi/TrailerMate/build/car_control' returned '0': CMAKE_PREFIX_PATH=${CMAKE_PREFIX_PATH}:/home/pi/ros2_ws/install/obs_detect:/opt/ros/humble /usr/bin/cmake --install /home/pi/TrailerMate/build/car_control
