[0.438s] Invoking command in '/home/killian/Bureau/Projet_Voiture/TrailerMate/raspberryPI3/ros2_ws/src/trailer_angle_package': PYTHONPATH=/home/killian/Bureau/Projet_Voiture/TrailerMate/raspberryPI3/ros2_ws/src/build/trailer_angle_package/prefix_override:/home/killian/Bureau/Projet_Voiture/TrailerMate/raspberryPI3/ros2_ws/src/install/trailer_angle_package/lib/python3.10/site-packages:${PYTHONPATH} /usr/bin/python3 setup.py egg_info --egg-base ../build/trailer_angle_package build --build-base /home/killian/Bureau/Projet_Voiture/TrailerMate/raspberryPI3/ros2_ws/src/build/trailer_angle_package/build install --record /home/killian/Bureau/Projet_Voiture/TrailerMate/raspberryPI3/ros2_ws/src/build/trailer_angle_package/install.log --single-version-externally-managed
[0.623s] running egg_info
[0.623s] creating ../build/trailer_angle_package/trailer_angle_package.egg-info
[0.623s] writing ../build/trailer_angle_package/trailer_angle_package.egg-info/PKG-INFO
[0.623s] writing dependency_links to ../build/trailer_angle_package/trailer_angle_package.egg-info/dependency_links.txt
[0.623s] writing entry points to ../build/trailer_angle_package/trailer_angle_package.egg-info/entry_points.txt
[0.624s] writing requirements to ../build/trailer_angle_package/trailer_angle_package.egg-info/requires.txt
[0.624s] writing top-level names to ../build/trailer_angle_package/trailer_angle_package.egg-info/top_level.txt
[0.624s] writing manifest file '../build/trailer_angle_package/trailer_angle_package.egg-info/SOURCES.txt'
[0.625s] reading manifest file '../build/trailer_angle_package/trailer_angle_package.egg-info/SOURCES.txt'
[0.625s] writing manifest file '../build/trailer_angle_package/trailer_angle_package.egg-info/SOURCES.txt'
[0.626s] running build
[0.626s] running build_py
[0.626s] creating /home/killian/Bureau/Projet_Voiture/TrailerMate/raspberryPI3/ros2_ws/src/build/trailer_angle_package/build
[0.626s] creating /home/killian/Bureau/Projet_Voiture/TrailerMate/raspberryPI3/ros2_ws/src/build/trailer_angle_package/build/lib
[0.626s] creating /home/killian/Bureau/Projet_Voiture/TrailerMate/raspberryPI3/ros2_ws/src/build/trailer_angle_package/build/lib/trailer_angle_package
[0.627s] copying trailer_angle_package/__init__.py -> /home/killian/Bureau/Projet_Voiture/TrailerMate/raspberryPI3/ros2_ws/src/build/trailer_angle_package/build/lib/trailer_angle_package
[0.627s] copying trailer_angle_package/trailer_angle_node.py -> /home/killian/Bureau/Projet_Voiture/TrailerMate/raspberryPI3/ros2_ws/src/build/trailer_angle_package/build/lib/trailer_angle_package
[0.627s] /usr/lib/python3/dist-packages/setuptools/command/install.py:34: SetuptoolsDeprecationWarning: setup.py install is deprecated. Use build and pip and other standards-based tools.
[0.627s]   warnings.warn(
[0.627s] running install
[0.627s] running install_lib
[0.627s] creating /home/killian/Bureau/Projet_Voiture/TrailerMate/raspberryPI3/ros2_ws/src/install/trailer_angle_package/lib/python3.10/site-packages/trailer_angle_package
[0.627s] copying /home/killian/Bureau/Projet_Voiture/TrailerMate/raspberryPI3/ros2_ws/src/build/trailer_angle_package/build/lib/trailer_angle_package/__init__.py -> /home/killian/Bureau/Projet_Voiture/TrailerMate/raspberryPI3/ros2_ws/src/install/trailer_angle_package/lib/python3.10/site-packages/trailer_angle_package
[0.628s] copying /home/killian/Bureau/Projet_Voiture/TrailerMate/raspberryPI3/ros2_ws/src/build/trailer_angle_package/build/lib/trailer_angle_package/trailer_angle_node.py -> /home/killian/Bureau/Projet_Voiture/TrailerMate/raspberryPI3/ros2_ws/src/install/trailer_angle_package/lib/python3.10/site-packages/trailer_angle_package
[0.628s] byte-compiling /home/killian/Bureau/Projet_Voiture/TrailerMate/raspberryPI3/ros2_ws/src/install/trailer_angle_package/lib/python3.10/site-packages/trailer_angle_package/__init__.py to __init__.cpython-310.pyc
[0.628s] byte-compiling /home/killian/Bureau/Projet_Voiture/TrailerMate/raspberryPI3/ros2_ws/src/install/trailer_angle_package/lib/python3.10/site-packages/trailer_angle_package/trailer_angle_node.py to trailer_angle_node.cpython-310.pyc
[0.628s] running install_data
[0.628s] creating /home/killian/Bureau/Projet_Voiture/TrailerMate/raspberryPI3/ros2_ws/src/install/trailer_angle_package/share/ament_index
[0.628s] creating /home/killian/Bureau/Projet_Voiture/TrailerMate/raspberryPI3/ros2_ws/src/install/trailer_angle_package/share/ament_index/resource_index
[0.629s] creating /home/killian/Bureau/Projet_Voiture/TrailerMate/raspberryPI3/ros2_ws/src/install/trailer_angle_package/share/ament_index/resource_index/packages
[0.629s] copying resource/trailer_angle_package -> /home/killian/Bureau/Projet_Voiture/TrailerMate/raspberryPI3/ros2_ws/src/install/trailer_angle_package/share/ament_index/resource_index/packages
[0.629s] copying package.xml -> /home/killian/Bureau/Projet_Voiture/TrailerMate/raspberryPI3/ros2_ws/src/install/trailer_angle_package/share/trailer_angle_package
[0.629s] running install_egg_info
[0.630s] Copying ../build/trailer_angle_package/trailer_angle_package.egg-info to /home/killian/Bureau/Projet_Voiture/TrailerMate/raspberryPI3/ros2_ws/src/install/trailer_angle_package/lib/python3.10/site-packages/trailer_angle_package-0.0.0-py3.10.egg-info
[0.630s] running install_scripts
[0.645s] Installing trailer_angle_node script to /home/killian/Bureau/Projet_Voiture/TrailerMate/raspberryPI3/ros2_ws/src/install/trailer_angle_package/lib/trailer_angle_package
[0.645s] writing list of installed files to '/home/killian/Bureau/Projet_Voiture/TrailerMate/raspberryPI3/ros2_ws/src/build/trailer_angle_package/install.log'
[0.662s] Invoked command in '/home/killian/Bureau/Projet_Voiture/TrailerMate/raspberryPI3/ros2_ws/src/trailer_angle_package' returned '0': PYTHONPATH=/home/killian/Bureau/Projet_Voiture/TrailerMate/raspberryPI3/ros2_ws/src/build/trailer_angle_package/prefix_override:/home/killian/Bureau/Projet_Voiture/TrailerMate/raspberryPI3/ros2_ws/src/install/trailer_angle_package/lib/python3.10/site-packages:${PYTHONPATH} /usr/bin/python3 setup.py egg_info --egg-base ../build/trailer_angle_package build --build-base /home/killian/Bureau/Projet_Voiture/TrailerMate/raspberryPI3/ros2_ws/src/build/trailer_angle_package/build install --record /home/killian/Bureau/Projet_Voiture/TrailerMate/raspberryPI3/ros2_ws/src/build/trailer_angle_package/install.log --single-version-externally-managed
