[0.514s] Invoking command in '/home/killian/Bureau/Projet_Voiture/TrailerMate/raspberryPI3/ros2_ws/src/trailer_angle_package': PYTHONPATH=/home/killian/Bureau/Projet_Voiture/TrailerMate/raspberryPI3/ros2_ws/build/trailer_angle_package/prefix_override:/home/killian/Bureau/Projet_Voiture/TrailerMate/raspberryPI3/ros2_ws/install/trailer_angle_package/lib/python3.10/site-packages:${PYTHONPATH} /usr/bin/python3 setup.py egg_info --egg-base ../../build/trailer_angle_package build --build-base /home/killian/Bureau/Projet_Voiture/TrailerMate/raspberryPI3/ros2_ws/build/trailer_angle_package/build install --record /home/killian/Bureau/Projet_Voiture/TrailerMate/raspberryPI3/ros2_ws/build/trailer_angle_package/install.log --single-version-externally-managed
[0.697s] running egg_info
[0.698s] writing ../../build/trailer_angle_package/trailer_angle_package.egg-info/PKG-INFO
[0.698s] writing dependency_links to ../../build/trailer_angle_package/trailer_angle_package.egg-info/dependency_links.txt
[0.698s] writing entry points to ../../build/trailer_angle_package/trailer_angle_package.egg-info/entry_points.txt
[0.698s] writing requirements to ../../build/trailer_angle_package/trailer_angle_package.egg-info/requires.txt
[0.698s] writing top-level names to ../../build/trailer_angle_package/trailer_angle_package.egg-info/top_level.txt
[0.699s] reading manifest file '../../build/trailer_angle_package/trailer_angle_package.egg-info/SOURCES.txt'
[0.700s] writing manifest file '../../build/trailer_angle_package/trailer_angle_package.egg-info/SOURCES.txt'
[0.700s] running build
[0.700s] running build_py
[0.700s] copying trailer_angle_package/trailer_angle_node.py -> /home/killian/Bureau/Projet_Voiture/TrailerMate/raspberryPI3/ros2_ws/build/trailer_angle_package/build/lib/trailer_angle_package
[0.700s] running install
[0.700s] running install_lib
[0.701s] /usr/lib/python3/dist-packages/setuptools/command/install.py:34: SetuptoolsDeprecationWarning: setup.py install is deprecated. Use build and pip and other standards-based tools.
[0.701s]   warnings.warn(
[0.701s] copying /home/killian/Bureau/Projet_Voiture/TrailerMate/raspberryPI3/ros2_ws/build/trailer_angle_package/build/lib/trailer_angle_package/trailer_angle_node.py -> /home/killian/Bureau/Projet_Voiture/TrailerMate/raspberryPI3/ros2_ws/install/trailer_angle_package/lib/python3.10/site-packages/trailer_angle_package
[0.701s] byte-compiling /home/killian/Bureau/Projet_Voiture/TrailerMate/raspberryPI3/ros2_ws/install/trailer_angle_package/lib/python3.10/site-packages/trailer_angle_package/trailer_angle_node.py to trailer_angle_node.cpython-310.pyc
[0.701s] running install_data
[0.701s]   File "/home/killian/Bureau/Projet_Voiture/TrailerMate/raspberryPI3/ros2_ws/install/trailer_angle_package/lib/python3.10/site-packages/trailer_angle_package/trailer_angle_node.py", line 9
[0.701s]     ANGLE_ZERO = 0 //Value for which zero is set
[0.701s]                            ^^^
[0.701s] SyntaxError: invalid syntax
[0.701s] 
[0.701s] running install_egg_info
[0.702s] removing '/home/killian/Bureau/Projet_Voiture/TrailerMate/raspberryPI3/ros2_ws/install/trailer_angle_package/lib/python3.10/site-packages/trailer_angle_package-0.0.0-py3.10.egg-info' (and everything under it)
[0.702s] Copying ../../build/trailer_angle_package/trailer_angle_package.egg-info to /home/killian/Bureau/Projet_Voiture/TrailerMate/raspberryPI3/ros2_ws/install/trailer_angle_package/lib/python3.10/site-packages/trailer_angle_package-0.0.0-py3.10.egg-info
[0.703s] running install_scripts
[0.715s] Installing trailer_angle_node script to /home/killian/Bureau/Projet_Voiture/TrailerMate/raspberryPI3/ros2_ws/install/trailer_angle_package/lib/trailer_angle_package
[0.715s] writing list of installed files to '/home/killian/Bureau/Projet_Voiture/TrailerMate/raspberryPI3/ros2_ws/build/trailer_angle_package/install.log'
[0.728s] Invoked command in '/home/killian/Bureau/Projet_Voiture/TrailerMate/raspberryPI3/ros2_ws/src/trailer_angle_package' returned '0': PYTHONPATH=/home/killian/Bureau/Projet_Voiture/TrailerMate/raspberryPI3/ros2_ws/build/trailer_angle_package/prefix_override:/home/killian/Bureau/Projet_Voiture/TrailerMate/raspberryPI3/ros2_ws/install/trailer_angle_package/lib/python3.10/site-packages:${PYTHONPATH} /usr/bin/python3 setup.py egg_info --egg-base ../../build/trailer_angle_package build --build-base /home/killian/Bureau/Projet_Voiture/TrailerMate/raspberryPI3/ros2_ws/build/trailer_angle_package/build install --record /home/killian/Bureau/Projet_Voiture/TrailerMate/raspberryPI3/ros2_ws/build/trailer_angle_package/install.log --single-version-externally-managed
